ERROR - 2021-11-25 13:42:20 --> Error connecting to the database: No connection could be made because the target machine actively refused it
ERROR - 2021-11-25 13:42:34 --> Table 'program' already exists
ERROR - 2021-11-25 13:42:50 --> Table 'program' already exists
ERROR - 2021-11-25 13:44:34 --> Table 'sipontren.keuangan' doesn't exist
ERROR - 2021-11-25 13:44:44 --> Table 'program' already exists
CRITICAL - 2021-11-25 13:45:39 --> Cannot declare class App\Database\Migrations\Santri, because the name is already in use
#0 [internal function]: CodeIgniter\Debug\Exceptions->shutdownHandler()
#1 {main}
ERROR - 2021-11-25 13:46:52 --> Table 'santri' already exists
ERROR - 2021-11-25 13:48:25 --> Table 'santri' already exists
ERROR - 2021-11-25 13:49:01 --> Table 'program' already exists
ERROR - 2021-11-25 13:49:25 --> Can't create database 'sipontren'; database exists
CRITICAL - 2021-11-25 13:50:10 --> Cannot declare class App\Database\Migrations\Admin, because the name is already in use
#0 [internal function]: CodeIgniter\Debug\Exceptions->shutdownHandler()
#1 {main}
ERROR - 2021-11-25 13:50:21 --> Table 'admin' already exists
ERROR - 2021-11-25 13:50:31 --> Table 'admin' already exists
ERROR - 2021-11-25 13:53:21 --> Unknown column 'email' in 'field list'
ERROR - 2021-11-25 13:53:28 --> Unknown column 'email' in 'field list'
ERROR - 2021-11-25 13:56:51 --> Unknown column 'email' in 'field list'
ERROR - 2021-11-25 13:58:14 --> Unknown column 'email' in 'field list'
ERROR - 2021-11-25 16:27:42 --> Unknown column 'santri.deleted_at' in 'where clause'
CRITICAL - 2021-11-25 16:27:42 --> Unknown column 'santri.deleted_at' in 'where clause'
#0 E:\Xampp\htdocs\sipontren\vendor\codeigniter4\framework\system\Database\MySQLi\Connection.php(292): mysqli->query('SELECT COUNT(*)...', 0)
#1 E:\Xampp\htdocs\sipontren\vendor\codeigniter4\framework\system\Database\BaseConnection.php(670): CodeIgniter\Database\MySQLi\Connection->execute('SELECT COUNT(*)...')
#2 E:\Xampp\htdocs\sipontren\vendor\codeigniter4\framework\system\Database\BaseConnection.php(598): CodeIgniter\Database\BaseConnection->simpleQuery('SELECT COUNT(*)...')
#3 E:\Xampp\htdocs\sipontren\vendor\codeigniter4\framework\system\Database\BaseBuilder.php(1527): CodeIgniter\Database\BaseConnection->query('SELECT COUNT(*)...', Array, false)
#4 E:\Xampp\htdocs\sipontren\vendor\codeigniter4\framework\system\Model.php(509): CodeIgniter\Database\BaseBuilder->countAllResults(true)
#5 E:\Xampp\htdocs\sipontren\app\Controllers\Dashboard.php(27): CodeIgniter\Model->countAllResults()
#6 E:\Xampp\htdocs\sipontren\vendor\codeigniter4\framework\system\CodeIgniter.php(824): App\Controllers\Dashboard->index()
#7 E:\Xampp\htdocs\sipontren\vendor\codeigniter4\framework\system\CodeIgniter.php(410): CodeIgniter\CodeIgniter->runController(Object(App\Controllers\Dashboard))
#8 E:\Xampp\htdocs\sipontren\vendor\codeigniter4\framework\system\CodeIgniter.php(318): CodeIgniter\CodeIgniter->handleRequest(NULL, Object(Config\Cache), false)
#9 E:\Xampp\htdocs\sipontren\public\index.php(37): CodeIgniter\CodeIgniter->run()
#10 E:\Xampp\htdocs\sipontren\vendor\codeigniter4\framework\system\Commands\Server\rewrite.php(43): require_once('E:\\Xampp\\htdocs...')
#11 {main}
ERROR - 2021-11-25 16:28:03 --> Unknown column 'santri.deleted_at' in 'where clause'
CRITICAL - 2021-11-25 16:28:03 --> Unknown column 'santri.deleted_at' in 'where clause'
#0 E:\Xampp\htdocs\sipontren\vendor\codeigniter4\framework\system\Database\MySQLi\Connection.php(292): mysqli->query('SELECT COUNT(*)...', 0)
#1 E:\Xampp\htdocs\sipontren\vendor\codeigniter4\framework\system\Database\BaseConnection.php(670): CodeIgniter\Database\MySQLi\Connection->execute('SELECT COUNT(*)...')
#2 E:\Xampp\htdocs\sipontren\vendor\codeigniter4\framework\system\Database\BaseConnection.php(598): CodeIgniter\Database\BaseConnection->simpleQuery('SELECT COUNT(*)...')
#3 E:\Xampp\htdocs\sipontren\vendor\codeigniter4\framework\system\Database\BaseBuilder.php(1527): CodeIgniter\Database\BaseConnection->query('SELECT COUNT(*)...', Array, false)
#4 E:\Xampp\htdocs\sipontren\vendor\codeigniter4\framework\system\Model.php(509): CodeIgniter\Database\BaseBuilder->countAllResults(true)
#5 E:\Xampp\htdocs\sipontren\app\Controllers\Dashboard.php(27): CodeIgniter\Model->countAllResults()
#6 E:\Xampp\htdocs\sipontren\vendor\codeigniter4\framework\system\CodeIgniter.php(824): App\Controllers\Dashboard->index()
#7 E:\Xampp\htdocs\sipontren\vendor\codeigniter4\framework\system\CodeIgniter.php(410): CodeIgniter\CodeIgniter->runController(Object(App\Controllers\Dashboard))
#8 E:\Xampp\htdocs\sipontren\vendor\codeigniter4\framework\system\CodeIgniter.php(318): CodeIgniter\CodeIgniter->handleRequest(NULL, Object(Config\Cache), false)
#9 E:\Xampp\htdocs\sipontren\public\index.php(37): CodeIgniter\CodeIgniter->run()
#10 E:\Xampp\htdocs\sipontren\vendor\codeigniter4\framework\system\Commands\Server\rewrite.php(43): require_once('E:\\Xampp\\htdocs...')
#11 {main}
ERROR - 2021-11-25 16:28:10 --> Unknown column 'santri.deleted_at' in 'where clause'
CRITICAL - 2021-11-25 16:28:10 --> Unknown column 'santri.deleted_at' in 'where clause'
#0 E:\Xampp\htdocs\sipontren\vendor\codeigniter4\framework\system\Database\MySQLi\Connection.php(292): mysqli->query('SELECT COUNT(*)...', 0)
#1 E:\Xampp\htdocs\sipontren\vendor\codeigniter4\framework\system\Database\BaseConnection.php(670): CodeIgniter\Database\MySQLi\Connection->execute('SELECT COUNT(*)...')
#2 E:\Xampp\htdocs\sipontren\vendor\codeigniter4\framework\system\Database\BaseConnection.php(598): CodeIgniter\Database\BaseConnection->simpleQuery('SELECT COUNT(*)...')
#3 E:\Xampp\htdocs\sipontren\vendor\codeigniter4\framework\system\Database\BaseBuilder.php(1527): CodeIgniter\Database\BaseConnection->query('SELECT COUNT(*)...', Array, false)
#4 E:\Xampp\htdocs\sipontren\vendor\codeigniter4\framework\system\Model.php(509): CodeIgniter\Database\BaseBuilder->countAllResults(true)
#5 E:\Xampp\htdocs\sipontren\app\Controllers\Dashboard.php(27): CodeIgniter\Model->countAllResults()
#6 E:\Xampp\htdocs\sipontren\vendor\codeigniter4\framework\system\CodeIgniter.php(824): App\Controllers\Dashboard->index()
#7 E:\Xampp\htdocs\sipontren\vendor\codeigniter4\framework\system\CodeIgniter.php(410): CodeIgniter\CodeIgniter->runController(Object(App\Controllers\Dashboard))
#8 E:\Xampp\htdocs\sipontren\vendor\codeigniter4\framework\system\CodeIgniter.php(318): CodeIgniter\CodeIgniter->handleRequest(NULL, Object(Config\Cache), false)
#9 E:\Xampp\htdocs\sipontren\public\index.php(37): CodeIgniter\CodeIgniter->run()
#10 E:\Xampp\htdocs\sipontren\vendor\codeigniter4\framework\system\Commands\Server\rewrite.php(43): require_once('E:\\Xampp\\htdocs...')
#11 {main}
CRITICAL - 2021-11-25 16:28:35 --> Cannot declare class App\Controllers\Program, because the name is already in use
#0 [internal function]: CodeIgniter\Debug\Exceptions->shutdownHandler()
#1 {main}
CRITICAL - 2021-11-25 16:28:56 --> Undefined array key "nama_program"
#0 E:\Xampp\htdocs\sipontren\app\Views\program\index.php(36): CodeIgniter\Debug\Exceptions->errorHandler(2, 'Undefined array...', 'E:\\Xampp\\htdocs...', 36)
#1 E:\Xampp\htdocs\sipontren\vendor\codeigniter4\framework\system\View\View.php(214): include('E:\\Xampp\\htdocs...')
#2 E:\Xampp\htdocs\sipontren\vendor\codeigniter4\framework\system\View\View.php(217): CodeIgniter\View\View->CodeIgniter\View\{closure}()
#3 E:\Xampp\htdocs\sipontren\vendor\codeigniter4\framework\system\Common.php(1097): CodeIgniter\View\View->render('program/index', Array, true)
#4 E:\Xampp\htdocs\sipontren\app\Controllers\Pembayaran.php(22): view('program/index', Array)
#5 E:\Xampp\htdocs\sipontren\vendor\codeigniter4\framework\system\CodeIgniter.php(824): App\Controllers\Pembayaran->index()
#6 E:\Xampp\htdocs\sipontren\vendor\codeigniter4\framework\system\CodeIgniter.php(410): CodeIgniter\CodeIgniter->runController(Object(App\Controllers\Pembayaran))
#7 E:\Xampp\htdocs\sipontren\vendor\codeigniter4\framework\system\CodeIgniter.php(318): CodeIgniter\CodeIgniter->handleRequest(NULL, Object(Config\Cache), false)
#8 E:\Xampp\htdocs\sipontren\public\index.php(37): CodeIgniter\CodeIgniter->run()
#9 E:\Xampp\htdocs\sipontren\vendor\codeigniter4\framework\system\Commands\Server\rewrite.php(43): require_once('E:\\Xampp\\htdocs...')
#10 {main}
CRITICAL - 2021-11-25 16:29:20 --> Invalid file: pembayaran/index.php
#0 E:\Xampp\htdocs\sipontren\vendor\codeigniter4\framework\system\View\View.php(198): CodeIgniter\Exceptions\FrameworkException::forInvalidFile('pembayaran/inde...')
#1 E:\Xampp\htdocs\sipontren\vendor\codeigniter4\framework\system\Common.php(1097): CodeIgniter\View\View->render('pembayaran/inde...', Array, true)
#2 E:\Xampp\htdocs\sipontren\app\Controllers\Pembayaran.php(22): view('pembayaran/inde...', Array)
#3 E:\Xampp\htdocs\sipontren\vendor\codeigniter4\framework\system\CodeIgniter.php(824): App\Controllers\Pembayaran->index()
#4 E:\Xampp\htdocs\sipontren\vendor\codeigniter4\framework\system\CodeIgniter.php(410): CodeIgniter\CodeIgniter->runController(Object(App\Controllers\Pembayaran))
#5 E:\Xampp\htdocs\sipontren\vendor\codeigniter4\framework\system\CodeIgniter.php(318): CodeIgniter\CodeIgniter->handleRequest(NULL, Object(Config\Cache), false)
#6 E:\Xampp\htdocs\sipontren\public\index.php(37): CodeIgniter\CodeIgniter->run()
#7 E:\Xampp\htdocs\sipontren\vendor\codeigniter4\framework\system\Commands\Server\rewrite.php(43): require_once('E:\\Xampp\\htdocs...')
#8 {main}
ERROR - 2021-11-25 16:30:25 --> Unknown column 'santri.deleted_at' in 'where clause'
CRITICAL - 2021-11-25 16:30:25 --> Unknown column 'santri.deleted_at' in 'where clause'
#0 E:\Xampp\htdocs\sipontren\vendor\codeigniter4\framework\system\Database\MySQLi\Connection.php(292): mysqli->query('SELECT COUNT(*)...', 0)
#1 E:\Xampp\htdocs\sipontren\vendor\codeigniter4\framework\system\Database\BaseConnection.php(670): CodeIgniter\Database\MySQLi\Connection->execute('SELECT COUNT(*)...')
#2 E:\Xampp\htdocs\sipontren\vendor\codeigniter4\framework\system\Database\BaseConnection.php(598): CodeIgniter\Database\BaseConnection->simpleQuery('SELECT COUNT(*)...')
#3 E:\Xampp\htdocs\sipontren\vendor\codeigniter4\framework\system\Database\BaseBuilder.php(1527): CodeIgniter\Database\BaseConnection->query('SELECT COUNT(*)...', Array, false)
#4 E:\Xampp\htdocs\sipontren\vendor\codeigniter4\framework\system\Model.php(509): CodeIgniter\Database\BaseBuilder->countAllResults(true)
#5 E:\Xampp\htdocs\sipontren\app\Controllers\Dashboard.php(27): CodeIgniter\Model->countAllResults()
#6 E:\Xampp\htdocs\sipontren\vendor\codeigniter4\framework\system\CodeIgniter.php(824): App\Controllers\Dashboard->index()
#7 E:\Xampp\htdocs\sipontren\vendor\codeigniter4\framework\system\CodeIgniter.php(410): CodeIgniter\CodeIgniter->runController(Object(App\Controllers\Dashboard))
#8 E:\Xampp\htdocs\sipontren\vendor\codeigniter4\framework\system\CodeIgniter.php(318): CodeIgniter\CodeIgniter->handleRequest(NULL, Object(Config\Cache), false)
#9 E:\Xampp\htdocs\sipontren\public\index.php(37): CodeIgniter\CodeIgniter->run()
#10 E:\Xampp\htdocs\sipontren\vendor\codeigniter4\framework\system\Commands\Server\rewrite.php(43): require_once('E:\\Xampp\\htdocs...')
#11 {main}
