ERROR - 2022-04-10 04:04:13 --> Error connecting to the database: No connection could be made because the target machine actively refused it
CRITICAL - 2022-04-10 04:04:13 --> Unable to connect to the database.
Main connection [MySQLi]: No connection could be made because the target machine actively refused it
#0 C:\Users\Lenovo\Desktop\sipontren\vendor\codeigniter4\framework\system\Database\BaseConnection.php(577): CodeIgniter\Database\BaseConnection->initialize()
#1 C:\Users\Lenovo\Desktop\sipontren\vendor\codeigniter4\framework\system\Database\BaseBuilder.php(1576): CodeIgniter\Database\BaseConnection->query('SELECT *\nFROM `...', Array, false)
#2 C:\Users\Lenovo\Desktop\sipontren\app\Models\AdminModel.php(15): CodeIgniter\Database\BaseBuilder->getWhere(Array)
#3 C:\Users\Lenovo\Desktop\sipontren\app\Controllers\Login.php(66): App\Models\AdminModel->getLogin('superadmin')
#4 C:\Users\Lenovo\Desktop\sipontren\vendor\codeigniter4\framework\system\CodeIgniter.php(824): App\Controllers\Login->loginAdmin()
#5 C:\Users\Lenovo\Desktop\sipontren\vendor\codeigniter4\framework\system\CodeIgniter.php(410): CodeIgniter\CodeIgniter->runController(Object(App\Controllers\Login))
#6 C:\Users\Lenovo\Desktop\sipontren\vendor\codeigniter4\framework\system\CodeIgniter.php(318): CodeIgniter\CodeIgniter->handleRequest(NULL, Object(Config\Cache), false)
#7 C:\Users\Lenovo\Desktop\sipontren\public\index.php(37): CodeIgniter\CodeIgniter->run()
#8 C:\Users\Lenovo\Desktop\sipontren\vendor\codeigniter4\framework\system\Commands\Server\rewrite.php(43): require_once('C:\\Users\\Lenovo...')
#9 {main}
ERROR - 2022-04-10 04:04:28 --> Error connecting to the database: No connection could be made because the target machine actively refused it
CRITICAL - 2022-04-10 04:04:28 --> Unable to connect to the database.
Main connection [MySQLi]: No connection could be made because the target machine actively refused it
#0 C:\Users\Lenovo\Desktop\sipontren\vendor\codeigniter4\framework\system\Database\BaseConnection.php(577): CodeIgniter\Database\BaseConnection->initialize()
#1 C:\Users\Lenovo\Desktop\sipontren\vendor\codeigniter4\framework\system\Database\BaseBuilder.php(1576): CodeIgniter\Database\BaseConnection->query('SELECT *\nFROM `...', Array, false)
#2 C:\Users\Lenovo\Desktop\sipontren\app\Models\AdminModel.php(15): CodeIgniter\Database\BaseBuilder->getWhere(Array)
#3 C:\Users\Lenovo\Desktop\sipontren\app\Controllers\Login.php(66): App\Models\AdminModel->getLogin('superadmin')
#4 C:\Users\Lenovo\Desktop\sipontren\vendor\codeigniter4\framework\system\CodeIgniter.php(824): App\Controllers\Login->loginAdmin()
#5 C:\Users\Lenovo\Desktop\sipontren\vendor\codeigniter4\framework\system\CodeIgniter.php(410): CodeIgniter\CodeIgniter->runController(Object(App\Controllers\Login))
#6 C:\Users\Lenovo\Desktop\sipontren\vendor\codeigniter4\framework\system\CodeIgniter.php(318): CodeIgniter\CodeIgniter->handleRequest(NULL, Object(Config\Cache), false)
#7 C:\Users\Lenovo\Desktop\sipontren\public\index.php(37): CodeIgniter\CodeIgniter->run()
#8 C:\Users\Lenovo\Desktop\sipontren\vendor\codeigniter4\framework\system\Commands\Server\rewrite.php(43): require_once('C:\\Users\\Lenovo...')
#9 {main}
ERROR - 2022-04-10 04:05:27 --> Error connecting to the database: No connection could be made because the target machine actively refused it
CRITICAL - 2022-04-10 04:05:27 --> Unable to connect to the database.
Main connection [MySQLi]: No connection could be made because the target machine actively refused it
#0 C:\Users\Lenovo\Desktop\sipontren\vendor\codeigniter4\framework\system\Database\BaseConnection.php(577): CodeIgniter\Database\BaseConnection->initialize()
#1 C:\Users\Lenovo\Desktop\sipontren\vendor\codeigniter4\framework\system\Database\BaseBuilder.php(1576): CodeIgniter\Database\BaseConnection->query('SELECT *\nFROM `...', Array, false)
#2 C:\Users\Lenovo\Desktop\sipontren\app\Models\AdminModel.php(15): CodeIgniter\Database\BaseBuilder->getWhere(Array)
#3 C:\Users\Lenovo\Desktop\sipontren\app\Controllers\Login.php(66): App\Models\AdminModel->getLogin('superadmin')
#4 C:\Users\Lenovo\Desktop\sipontren\vendor\codeigniter4\framework\system\CodeIgniter.php(824): App\Controllers\Login->loginAdmin()
#5 C:\Users\Lenovo\Desktop\sipontren\vendor\codeigniter4\framework\system\CodeIgniter.php(410): CodeIgniter\CodeIgniter->runController(Object(App\Controllers\Login))
#6 C:\Users\Lenovo\Desktop\sipontren\vendor\codeigniter4\framework\system\CodeIgniter.php(318): CodeIgniter\CodeIgniter->handleRequest(NULL, Object(Config\Cache), false)
#7 C:\Users\Lenovo\Desktop\sipontren\public\index.php(37): CodeIgniter\CodeIgniter->run()
#8 C:\Users\Lenovo\Desktop\sipontren\vendor\codeigniter4\framework\system\Commands\Server\rewrite.php(43): require_once('C:\\Users\\Lenovo...')
#9 {main}
CRITICAL - 2022-04-10 04:29:18 --> Call to undefined method App\Models\SantriModel::get_id
#0 C:\Users\Lenovo\Desktop\sipontren\app\Controllers\Santri.php(1458): CodeIgniter\Model->__call('get_id', Array)
#1 C:\Users\Lenovo\Desktop\sipontren\vendor\codeigniter4\framework\system\CodeIgniter.php(824): App\Controllers\Santri->btnDel('1')
#2 C:\Users\Lenovo\Desktop\sipontren\vendor\codeigniter4\framework\system\CodeIgniter.php(410): CodeIgniter\CodeIgniter->runController(Object(App\Controllers\Santri))
#3 C:\Users\Lenovo\Desktop\sipontren\vendor\codeigniter4\framework\system\CodeIgniter.php(318): CodeIgniter\CodeIgniter->handleRequest(NULL, Object(Config\Cache), false)
#4 C:\Users\Lenovo\Desktop\sipontren\public\index.php(37): CodeIgniter\CodeIgniter->run()
#5 C:\Users\Lenovo\Desktop\sipontren\vendor\codeigniter4\framework\system\Commands\Server\rewrite.php(43): require_once('C:\\Users\\Lenovo...')
#6 {main}
CRITICAL - 2022-04-10 04:36:03 --> Undefined property: App\Controllers\Santri::$model
#0 C:\Users\Lenovo\Desktop\sipontren\app\Controllers\Santri.php(1468): CodeIgniter\Debug\Exceptions->errorHandler(2, 'Undefined prope...', 'C:\\Users\\Lenovo...', 1468)
#1 C:\Users\Lenovo\Desktop\sipontren\vendor\codeigniter4\framework\system\CodeIgniter.php(824): App\Controllers\Santri->softDel()
#2 C:\Users\Lenovo\Desktop\sipontren\vendor\codeigniter4\framework\system\CodeIgniter.php(410): CodeIgniter\CodeIgniter->runController(Object(App\Controllers\Santri))
#3 C:\Users\Lenovo\Desktop\sipontren\vendor\codeigniter4\framework\system\CodeIgniter.php(318): CodeIgniter\CodeIgniter->handleRequest(NULL, Object(Config\Cache), false)
#4 C:\Users\Lenovo\Desktop\sipontren\public\index.php(37): CodeIgniter\CodeIgniter->run()
#5 C:\Users\Lenovo\Desktop\sipontren\vendor\codeigniter4\framework\system\Commands\Server\rewrite.php(43): require_once('C:\\Users\\Lenovo...')
#6 {main}
CRITICAL - 2022-04-10 05:12:02 --> syntax error, unexpected token "->"
#0 C:\Users\Lenovo\Desktop\sipontren\vendor\codeigniter4\framework\system\Autoloader\Autoloader.php(241): CodeIgniter\Autoloader\Autoloader->includeFile('C:\\Users\\Lenovo...')
#1 C:\Users\Lenovo\Desktop\sipontren\vendor\codeigniter4\framework\system\Autoloader\Autoloader.php(219): CodeIgniter\Autoloader\Autoloader->loadInNamespace('App\\Models\\Sant...')
#2 C:\Users\Lenovo\Desktop\sipontren\app\Controllers\Santri.php(23): CodeIgniter\Autoloader\Autoloader->loadClass('App\\Models\\Sant...')
#3 C:\Users\Lenovo\Desktop\sipontren\vendor\codeigniter4\framework\system\CodeIgniter.php(801): App\Controllers\Santri->__construct()
#4 C:\Users\Lenovo\Desktop\sipontren\vendor\codeigniter4\framework\system\CodeIgniter.php(401): CodeIgniter\CodeIgniter->createController()
#5 C:\Users\Lenovo\Desktop\sipontren\vendor\codeigniter4\framework\system\CodeIgniter.php(318): CodeIgniter\CodeIgniter->handleRequest(NULL, Object(Config\Cache), false)
#6 C:\Users\Lenovo\Desktop\sipontren\public\index.php(37): CodeIgniter\CodeIgniter->run()
#7 C:\Users\Lenovo\Desktop\sipontren\vendor\codeigniter4\framework\system\Commands\Server\rewrite.php(43): require_once('C:\\Users\\Lenovo...')
#8 {main}
ERROR - 2022-04-10 05:12:10 --> Unknown column 'kelas.id' in 'on clause'
CRITICAL - 2022-04-10 05:12:10 --> Unknown column 'kelas.id' in 'on clause'
#0 C:\Users\Lenovo\Desktop\sipontren\vendor\codeigniter4\framework\system\Database\MySQLi\Connection.php(292): mysqli->query('SELECT *, `prov...', 0)
#1 C:\Users\Lenovo\Desktop\sipontren\vendor\codeigniter4\framework\system\Database\BaseConnection.php(670): CodeIgniter\Database\MySQLi\Connection->execute('SELECT *, `prov...')
#2 C:\Users\Lenovo\Desktop\sipontren\vendor\codeigniter4\framework\system\Database\BaseConnection.php(598): CodeIgniter\Database\BaseConnection->simpleQuery('SELECT *, `prov...')
#3 C:\Users\Lenovo\Desktop\sipontren\vendor\codeigniter4\framework\system\Database\BaseBuilder.php(1443): CodeIgniter\Database\BaseConnection->query('SELECT *, `prov...', Array, false)
#4 C:\Users\Lenovo\Desktop\sipontren\app\Models\SantriModel.php(126): CodeIgniter\Database\BaseBuilder->get()
#5 C:\Users\Lenovo\Desktop\sipontren\app\Controllers\Santri.php(1482): App\Models\SantriModel->get_santri('94')
#6 C:\Users\Lenovo\Desktop\sipontren\vendor\codeigniter4\framework\system\CodeIgniter.php(824): App\Controllers\Santri->detailSantri('94')
#7 C:\Users\Lenovo\Desktop\sipontren\vendor\codeigniter4\framework\system\CodeIgniter.php(410): CodeIgniter\CodeIgniter->runController(Object(App\Controllers\Santri))
#8 C:\Users\Lenovo\Desktop\sipontren\vendor\codeigniter4\framework\system\CodeIgniter.php(318): CodeIgniter\CodeIgniter->handleRequest(NULL, Object(Config\Cache), false)
#9 C:\Users\Lenovo\Desktop\sipontren\public\index.php(37): CodeIgniter\CodeIgniter->run()
#10 C:\Users\Lenovo\Desktop\sipontren\vendor\codeigniter4\framework\system\Commands\Server\rewrite.php(43): require_once('C:\\Users\\Lenovo...')
#11 {main}
ERROR - 2022-04-10 05:12:13 --> Unknown column 'kelas.id' in 'on clause'
CRITICAL - 2022-04-10 05:12:13 --> Unknown column 'kelas.id' in 'on clause'
#0 C:\Users\Lenovo\Desktop\sipontren\vendor\codeigniter4\framework\system\Database\MySQLi\Connection.php(292): mysqli->query('SELECT *, `prov...', 0)
#1 C:\Users\Lenovo\Desktop\sipontren\vendor\codeigniter4\framework\system\Database\BaseConnection.php(670): CodeIgniter\Database\MySQLi\Connection->execute('SELECT *, `prov...')
#2 C:\Users\Lenovo\Desktop\sipontren\vendor\codeigniter4\framework\system\Database\BaseConnection.php(598): CodeIgniter\Database\BaseConnection->simpleQuery('SELECT *, `prov...')
#3 C:\Users\Lenovo\Desktop\sipontren\vendor\codeigniter4\framework\system\Database\BaseBuilder.php(1443): CodeIgniter\Database\BaseConnection->query('SELECT *, `prov...', Array, false)
#4 C:\Users\Lenovo\Desktop\sipontren\app\Models\SantriModel.php(126): CodeIgniter\Database\BaseBuilder->get()
#5 C:\Users\Lenovo\Desktop\sipontren\app\Controllers\Santri.php(1482): App\Models\SantriModel->get_santri('94')
#6 C:\Users\Lenovo\Desktop\sipontren\vendor\codeigniter4\framework\system\CodeIgniter.php(824): App\Controllers\Santri->detailSantri('94')
#7 C:\Users\Lenovo\Desktop\sipontren\vendor\codeigniter4\framework\system\CodeIgniter.php(410): CodeIgniter\CodeIgniter->runController(Object(App\Controllers\Santri))
#8 C:\Users\Lenovo\Desktop\sipontren\vendor\codeigniter4\framework\system\CodeIgniter.php(318): CodeIgniter\CodeIgniter->handleRequest(NULL, Object(Config\Cache), false)
#9 C:\Users\Lenovo\Desktop\sipontren\public\index.php(37): CodeIgniter\CodeIgniter->run()
#10 C:\Users\Lenovo\Desktop\sipontren\vendor\codeigniter4\framework\system\Commands\Server\rewrite.php(43): require_once('C:\\Users\\Lenovo...')
#11 {main}
ERROR - 2022-04-10 05:12:14 --> Unknown column 'kelas.id' in 'on clause'
CRITICAL - 2022-04-10 05:12:14 --> Unknown column 'kelas.id' in 'on clause'
#0 C:\Users\Lenovo\Desktop\sipontren\vendor\codeigniter4\framework\system\Database\MySQLi\Connection.php(292): mysqli->query('SELECT *, `prov...', 0)
#1 C:\Users\Lenovo\Desktop\sipontren\vendor\codeigniter4\framework\system\Database\BaseConnection.php(670): CodeIgniter\Database\MySQLi\Connection->execute('SELECT *, `prov...')
#2 C:\Users\Lenovo\Desktop\sipontren\vendor\codeigniter4\framework\system\Database\BaseConnection.php(598): CodeIgniter\Database\BaseConnection->simpleQuery('SELECT *, `prov...')
#3 C:\Users\Lenovo\Desktop\sipontren\vendor\codeigniter4\framework\system\Database\BaseBuilder.php(1443): CodeIgniter\Database\BaseConnection->query('SELECT *, `prov...', Array, false)
#4 C:\Users\Lenovo\Desktop\sipontren\app\Models\SantriModel.php(126): CodeIgniter\Database\BaseBuilder->get()
#5 C:\Users\Lenovo\Desktop\sipontren\app\Controllers\Santri.php(1482): App\Models\SantriModel->get_santri('13')
#6 C:\Users\Lenovo\Desktop\sipontren\vendor\codeigniter4\framework\system\CodeIgniter.php(824): App\Controllers\Santri->detailSantri('13')
#7 C:\Users\Lenovo\Desktop\sipontren\vendor\codeigniter4\framework\system\CodeIgniter.php(410): CodeIgniter\CodeIgniter->runController(Object(App\Controllers\Santri))
#8 C:\Users\Lenovo\Desktop\sipontren\vendor\codeigniter4\framework\system\CodeIgniter.php(318): CodeIgniter\CodeIgniter->handleRequest(NULL, Object(Config\Cache), false)
#9 C:\Users\Lenovo\Desktop\sipontren\public\index.php(37): CodeIgniter\CodeIgniter->run()
#10 C:\Users\Lenovo\Desktop\sipontren\vendor\codeigniter4\framework\system\Commands\Server\rewrite.php(43): require_once('C:\\Users\\Lenovo...')
#11 {main}
ERROR - 2022-04-10 05:12:27 --> Unknown column 'kelas.id' in 'on clause'
CRITICAL - 2022-04-10 05:12:27 --> Unknown column 'kelas.id' in 'on clause'
#0 C:\Users\Lenovo\Desktop\sipontren\vendor\codeigniter4\framework\system\Database\MySQLi\Connection.php(292): mysqli->query('SELECT *, `prov...', 0)
#1 C:\Users\Lenovo\Desktop\sipontren\vendor\codeigniter4\framework\system\Database\BaseConnection.php(670): CodeIgniter\Database\MySQLi\Connection->execute('SELECT *, `prov...')
#2 C:\Users\Lenovo\Desktop\sipontren\vendor\codeigniter4\framework\system\Database\BaseConnection.php(598): CodeIgniter\Database\BaseConnection->simpleQuery('SELECT *, `prov...')
#3 C:\Users\Lenovo\Desktop\sipontren\vendor\codeigniter4\framework\system\Database\BaseBuilder.php(1443): CodeIgniter\Database\BaseConnection->query('SELECT *, `prov...', Array, false)
#4 C:\Users\Lenovo\Desktop\sipontren\app\Models\SantriModel.php(126): CodeIgniter\Database\BaseBuilder->get()
#5 C:\Users\Lenovo\Desktop\sipontren\app\Controllers\Santri.php(1482): App\Models\SantriModel->get_santri('94')
#6 C:\Users\Lenovo\Desktop\sipontren\vendor\codeigniter4\framework\system\CodeIgniter.php(824): App\Controllers\Santri->detailSantri('94')
#7 C:\Users\Lenovo\Desktop\sipontren\vendor\codeigniter4\framework\system\CodeIgniter.php(410): CodeIgniter\CodeIgniter->runController(Object(App\Controllers\Santri))
#8 C:\Users\Lenovo\Desktop\sipontren\vendor\codeigniter4\framework\system\CodeIgniter.php(318): CodeIgniter\CodeIgniter->handleRequest(NULL, Object(Config\Cache), false)
#9 C:\Users\Lenovo\Desktop\sipontren\public\index.php(37): CodeIgniter\CodeIgniter->run()
#10 C:\Users\Lenovo\Desktop\sipontren\vendor\codeigniter4\framework\system\Commands\Server\rewrite.php(43): require_once('C:\\Users\\Lenovo...')
#11 {main}
CRITICAL - 2022-04-10 10:55:38 --> Undefined variable $wilayah
#0 C:\Users\Lenovo\Desktop\sipontren\app\Views\asatidz\add.php(152): CodeIgniter\Debug\Exceptions->errorHandler(2, 'Undefined varia...', 'C:\\Users\\Lenovo...', 152)
#1 C:\Users\Lenovo\Desktop\sipontren\vendor\codeigniter4\framework\system\View\View.php(214): include('C:\\Users\\Lenovo...')
#2 C:\Users\Lenovo\Desktop\sipontren\vendor\codeigniter4\framework\system\View\View.php(217): CodeIgniter\View\View->CodeIgniter\View\{closure}()
#3 C:\Users\Lenovo\Desktop\sipontren\vendor\codeigniter4\framework\system\Common.php(1097): CodeIgniter\View\View->render('asatidz/add', Array, true)
#4 C:\Users\Lenovo\Desktop\sipontren\app\Controllers\Asatidz.php(136): view('asatidz/add', Array)
#5 C:\Users\Lenovo\Desktop\sipontren\vendor\codeigniter4\framework\system\CodeIgniter.php(824): App\Controllers\Asatidz->create()
#6 C:\Users\Lenovo\Desktop\sipontren\vendor\codeigniter4\framework\system\CodeIgniter.php(410): CodeIgniter\CodeIgniter->runController(Object(App\Controllers\Asatidz))
#7 C:\Users\Lenovo\Desktop\sipontren\vendor\codeigniter4\framework\system\CodeIgniter.php(318): CodeIgniter\CodeIgniter->handleRequest(NULL, Object(Config\Cache), false)
#8 C:\Users\Lenovo\Desktop\sipontren\public\index.php(37): CodeIgniter\CodeIgniter->run()
#9 C:\Users\Lenovo\Desktop\sipontren\vendor\codeigniter4\framework\system\Commands\Server\rewrite.php(43): require_once('C:\\Users\\Lenovo...')
#10 {main}
CRITICAL - 2022-04-10 10:57:38 --> Undefined property: App\Controllers\Asatidz::$provinsi
#0 C:\Users\Lenovo\Desktop\sipontren\app\Controllers\Asatidz.php(134): CodeIgniter\Debug\Exceptions->errorHandler(2, 'Undefined prope...', 'C:\\Users\\Lenovo...', 134)
#1 C:\Users\Lenovo\Desktop\sipontren\vendor\codeigniter4\framework\system\CodeIgniter.php(824): App\Controllers\Asatidz->create()
#2 C:\Users\Lenovo\Desktop\sipontren\vendor\codeigniter4\framework\system\CodeIgniter.php(410): CodeIgniter\CodeIgniter->runController(Object(App\Controllers\Asatidz))
#3 C:\Users\Lenovo\Desktop\sipontren\vendor\codeigniter4\framework\system\CodeIgniter.php(318): CodeIgniter\CodeIgniter->handleRequest(NULL, Object(Config\Cache), false)
#4 C:\Users\Lenovo\Desktop\sipontren\public\index.php(37): CodeIgniter\CodeIgniter->run()
#5 C:\Users\Lenovo\Desktop\sipontren\vendor\codeigniter4\framework\system\Commands\Server\rewrite.php(43): require_once('C:\\Users\\Lenovo...')
#6 {main}
CRITICAL - 2022-04-10 10:58:02 --> Call to undefined method App\Models\ProvinsiModel::get_provinsi
#0 C:\Users\Lenovo\Desktop\sipontren\app\Controllers\Asatidz.php(136): CodeIgniter\Model->__call('get_provinsi', Array)
#1 C:\Users\Lenovo\Desktop\sipontren\vendor\codeigniter4\framework\system\CodeIgniter.php(824): App\Controllers\Asatidz->create()
#2 C:\Users\Lenovo\Desktop\sipontren\vendor\codeigniter4\framework\system\CodeIgniter.php(410): CodeIgniter\CodeIgniter->runController(Object(App\Controllers\Asatidz))
#3 C:\Users\Lenovo\Desktop\sipontren\vendor\codeigniter4\framework\system\CodeIgniter.php(318): CodeIgniter\CodeIgniter->handleRequest(NULL, Object(Config\Cache), false)
#4 C:\Users\Lenovo\Desktop\sipontren\public\index.php(37): CodeIgniter\CodeIgniter->run()
#5 C:\Users\Lenovo\Desktop\sipontren\vendor\codeigniter4\framework\system\Commands\Server\rewrite.php(43): require_once('C:\\Users\\Lenovo...')
#6 {main}
CRITICAL - 2022-04-10 10:58:45 --> Undefined property: App\Controllers\Asatidz::$program
#0 C:\Users\Lenovo\Desktop\sipontren\app\Controllers\Asatidz.php(137): CodeIgniter\Debug\Exceptions->errorHandler(2, 'Undefined prope...', 'C:\\Users\\Lenovo...', 137)
#1 C:\Users\Lenovo\Desktop\sipontren\vendor\codeigniter4\framework\system\CodeIgniter.php(824): App\Controllers\Asatidz->create()
#2 C:\Users\Lenovo\Desktop\sipontren\vendor\codeigniter4\framework\system\CodeIgniter.php(410): CodeIgniter\CodeIgniter->runController(Object(App\Controllers\Asatidz))
#3 C:\Users\Lenovo\Desktop\sipontren\vendor\codeigniter4\framework\system\CodeIgniter.php(318): CodeIgniter\CodeIgniter->handleRequest(NULL, Object(Config\Cache), false)
#4 C:\Users\Lenovo\Desktop\sipontren\public\index.php(37): CodeIgniter\CodeIgniter->run()
#5 C:\Users\Lenovo\Desktop\sipontren\vendor\codeigniter4\framework\system\Commands\Server\rewrite.php(43): require_once('C:\\Users\\Lenovo...')
#6 {main}
CRITICAL - 2022-04-10 11:01:48 --> Cannot declare class Wilayah, because the name is already in use
#0 [internal function]: CodeIgniter\Debug\Exceptions->shutdownHandler()
#1 {main}
CRITICAL - 2022-04-10 11:02:37 --> Cannot declare class Wilayah, because the name is already in use
#0 [internal function]: CodeIgniter\Debug\Exceptions->shutdownHandler()
#1 {main}
CRITICAL - 2022-04-10 11:02:44 --> Cannot declare class Wilayah, because the name is already in use
#0 [internal function]: CodeIgniter\Debug\Exceptions->shutdownHandler()
#1 {main}
CRITICAL - 2022-04-10 11:04:21 --> Cannot declare class Wilayah, because the name is already in use
#0 [internal function]: CodeIgniter\Debug\Exceptions->shutdownHandler()
#1 {main}
CRITICAL - 2022-04-10 11:06:33 --> Cannot declare class Wilayah, because the name is already in use
#0 [internal function]: CodeIgniter\Debug\Exceptions->shutdownHandler()
#1 {main}
CRITICAL - 2022-04-10 11:07:53 --> Cannot declare class Daerah, because the name is already in use
#0 [internal function]: CodeIgniter\Debug\Exceptions->shutdownHandler()
#1 {main}
CRITICAL - 2022-04-10 11:08:20 --> Cannot declare class Daerah, because the name is already in use
#0 [internal function]: CodeIgniter\Debug\Exceptions->shutdownHandler()
#1 {main}
CRITICAL - 2022-04-10 11:08:46 --> Cannot declare class Daerah, because the name is already in use
#0 [internal function]: CodeIgniter\Debug\Exceptions->shutdownHandler()
#1 {main}
CRITICAL - 2022-04-10 11:10:59 --> Cannot declare class Daerah, because the name is already in use
#0 [internal function]: CodeIgniter\Debug\Exceptions->shutdownHandler()
#1 {main}
ERROR - 2022-04-10 11:29:33 --> Unknown column 'asatidz.id_kelas' in 'on clause'
CRITICAL - 2022-04-10 11:29:33 --> Unknown column 'asatidz.id_kelas' in 'on clause'
#0 C:\Users\Lenovo\Desktop\sipontren\vendor\codeigniter4\framework\system\Database\MySQLi\Connection.php(292): mysqli->query('SELECT *\nFROM `...', 0)
#1 C:\Users\Lenovo\Desktop\sipontren\vendor\codeigniter4\framework\system\Database\BaseConnection.php(670): CodeIgniter\Database\MySQLi\Connection->execute('SELECT *\nFROM `...')
#2 C:\Users\Lenovo\Desktop\sipontren\vendor\codeigniter4\framework\system\Database\BaseConnection.php(598): CodeIgniter\Database\BaseConnection->simpleQuery('SELECT *\nFROM `...')
#3 C:\Users\Lenovo\Desktop\sipontren\vendor\codeigniter4\framework\system\Database\BaseBuilder.php(1443): CodeIgniter\Database\BaseConnection->query('SELECT *\nFROM `...', Array, false)
#4 C:\Users\Lenovo\Desktop\sipontren\app\Models\AsatidzModel.php(32): CodeIgniter\Database\BaseBuilder->get()
#5 C:\Users\Lenovo\Desktop\sipontren\app\Controllers\Asatidz.php(318): App\Models\AsatidzModel->edit('2')
#6 C:\Users\Lenovo\Desktop\sipontren\vendor\codeigniter4\framework\system\CodeIgniter.php(824): App\Controllers\Asatidz->edit('2')
#7 C:\Users\Lenovo\Desktop\sipontren\vendor\codeigniter4\framework\system\CodeIgniter.php(410): CodeIgniter\CodeIgniter->runController(Object(App\Controllers\Asatidz))
#8 C:\Users\Lenovo\Desktop\sipontren\vendor\codeigniter4\framework\system\CodeIgniter.php(318): CodeIgniter\CodeIgniter->handleRequest(NULL, Object(Config\Cache), false)
#9 C:\Users\Lenovo\Desktop\sipontren\public\index.php(37): CodeIgniter\CodeIgniter->run()
#10 C:\Users\Lenovo\Desktop\sipontren\vendor\codeigniter4\framework\system\Commands\Server\rewrite.php(43): require_once('C:\\Users\\Lenovo...')
#11 {main}
CRITICAL - 2022-04-10 11:35:44 --> Undefined array key "id_kelas"
#0 C:\Users\Lenovo\Desktop\sipontren\app\Views\asatidz\edit.php(109): CodeIgniter\Debug\Exceptions->errorHandler(2, 'Undefined array...', 'C:\\Users\\Lenovo...', 109)
#1 C:\Users\Lenovo\Desktop\sipontren\vendor\codeigniter4\framework\system\View\View.php(214): include('C:\\Users\\Lenovo...')
#2 C:\Users\Lenovo\Desktop\sipontren\vendor\codeigniter4\framework\system\View\View.php(217): CodeIgniter\View\View->CodeIgniter\View\{closure}()
#3 C:\Users\Lenovo\Desktop\sipontren\vendor\codeigniter4\framework\system\Common.php(1097): CodeIgniter\View\View->render('asatidz/edit', Array, true)
#4 C:\Users\Lenovo\Desktop\sipontren\app\Controllers\Asatidz.php(324): view('asatidz/edit', Array)
#5 C:\Users\Lenovo\Desktop\sipontren\vendor\codeigniter4\framework\system\CodeIgniter.php(824): App\Controllers\Asatidz->edit('2')
#6 C:\Users\Lenovo\Desktop\sipontren\vendor\codeigniter4\framework\system\CodeIgniter.php(410): CodeIgniter\CodeIgniter->runController(Object(App\Controllers\Asatidz))
#7 C:\Users\Lenovo\Desktop\sipontren\vendor\codeigniter4\framework\system\CodeIgniter.php(318): CodeIgniter\CodeIgniter->handleRequest(NULL, Object(Config\Cache), false)
#8 C:\Users\Lenovo\Desktop\sipontren\public\index.php(37): CodeIgniter\CodeIgniter->run()
#9 C:\Users\Lenovo\Desktop\sipontren\vendor\codeigniter4\framework\system\Commands\Server\rewrite.php(43): require_once('C:\\Users\\Lenovo...')
#10 {main}
CRITICAL - 2022-04-10 11:43:59 --> Undefined property: App\Controllers\Asatidz::$santri
#0 C:\Users\Lenovo\Desktop\sipontren\app\Controllers\Asatidz.php(321): CodeIgniter\Debug\Exceptions->errorHandler(2, 'Undefined prope...', 'C:\\Users\\Lenovo...', 321)
#1 C:\Users\Lenovo\Desktop\sipontren\vendor\codeigniter4\framework\system\CodeIgniter.php(824): App\Controllers\Asatidz->edit('2')
#2 C:\Users\Lenovo\Desktop\sipontren\vendor\codeigniter4\framework\system\CodeIgniter.php(410): CodeIgniter\CodeIgniter->runController(Object(App\Controllers\Asatidz))
#3 C:\Users\Lenovo\Desktop\sipontren\vendor\codeigniter4\framework\system\CodeIgniter.php(318): CodeIgniter\CodeIgniter->handleRequest(NULL, Object(Config\Cache), false)
#4 C:\Users\Lenovo\Desktop\sipontren\public\index.php(37): CodeIgniter\CodeIgniter->run()
#5 C:\Users\Lenovo\Desktop\sipontren\vendor\codeigniter4\framework\system\Commands\Server\rewrite.php(43): require_once('C:\\Users\\Lenovo...')
#6 {main}
CRITICAL - 2022-04-10 11:44:11 --> Undefined property: App\Controllers\Asatidz::$asatidz
#0 C:\Users\Lenovo\Desktop\sipontren\app\Controllers\Asatidz.php(321): CodeIgniter\Debug\Exceptions->errorHandler(2, 'Undefined prope...', 'C:\\Users\\Lenovo...', 321)
#1 C:\Users\Lenovo\Desktop\sipontren\vendor\codeigniter4\framework\system\CodeIgniter.php(824): App\Controllers\Asatidz->edit('2')
#2 C:\Users\Lenovo\Desktop\sipontren\vendor\codeigniter4\framework\system\CodeIgniter.php(410): CodeIgniter\CodeIgniter->runController(Object(App\Controllers\Asatidz))
#3 C:\Users\Lenovo\Desktop\sipontren\vendor\codeigniter4\framework\system\CodeIgniter.php(318): CodeIgniter\CodeIgniter->handleRequest(NULL, Object(Config\Cache), false)
#4 C:\Users\Lenovo\Desktop\sipontren\public\index.php(37): CodeIgniter\CodeIgniter->run()
#5 C:\Users\Lenovo\Desktop\sipontren\vendor\codeigniter4\framework\system\Commands\Server\rewrite.php(43): require_once('C:\\Users\\Lenovo...')
#6 {main}
ERROR - 2022-04-10 11:44:23 --> Unknown column 'asatidz.id_asatidz' in 'where clause'
CRITICAL - 2022-04-10 11:44:23 --> Unknown column 'asatidz.id_asatidz' in 'where clause'
#0 C:\Users\Lenovo\Desktop\sipontren\vendor\codeigniter4\framework\system\Database\MySQLi\Connection.php(292): mysqli->query('SELECT *, `prov...', 0)
#1 C:\Users\Lenovo\Desktop\sipontren\vendor\codeigniter4\framework\system\Database\BaseConnection.php(670): CodeIgniter\Database\MySQLi\Connection->execute('SELECT *, `prov...')
#2 C:\Users\Lenovo\Desktop\sipontren\vendor\codeigniter4\framework\system\Database\BaseConnection.php(598): CodeIgniter\Database\BaseConnection->simpleQuery('SELECT *, `prov...')
#3 C:\Users\Lenovo\Desktop\sipontren\vendor\codeigniter4\framework\system\Database\BaseBuilder.php(1443): CodeIgniter\Database\BaseConnection->query('SELECT *, `prov...', Array, false)
#4 C:\Users\Lenovo\Desktop\sipontren\vendor\codeigniter4\framework\system\Model.php(723): CodeIgniter\Database\BaseBuilder->get()
#5 C:\Users\Lenovo\Desktop\sipontren\app\Models\AsatidzModel.php(44): CodeIgniter\Model->__call('get', Array)
#6 C:\Users\Lenovo\Desktop\sipontren\app\Controllers\Asatidz.php(321): App\Models\AsatidzModel->Get_provinsi('2')
#7 C:\Users\Lenovo\Desktop\sipontren\vendor\codeigniter4\framework\system\CodeIgniter.php(824): App\Controllers\Asatidz->edit('2')
#8 C:\Users\Lenovo\Desktop\sipontren\vendor\codeigniter4\framework\system\CodeIgniter.php(410): CodeIgniter\CodeIgniter->runController(Object(App\Controllers\Asatidz))
#9 C:\Users\Lenovo\Desktop\sipontren\vendor\codeigniter4\framework\system\CodeIgniter.php(318): CodeIgniter\CodeIgniter->handleRequest(NULL, Object(Config\Cache), false)
#10 C:\Users\Lenovo\Desktop\sipontren\public\index.php(37): CodeIgniter\CodeIgniter->run()
#11 C:\Users\Lenovo\Desktop\sipontren\vendor\codeigniter4\framework\system\Commands\Server\rewrite.php(43): require_once('C:\\Users\\Lenovo...')
#12 {main}
ERROR - 2022-04-10 12:09:14 --> Column 'id' in where clause is ambiguous
CRITICAL - 2022-04-10 12:09:14 --> Column 'id' in where clause is ambiguous
#0 C:\Users\Lenovo\Desktop\sipontren\vendor\codeigniter4\framework\system\Database\MySQLi\Connection.php(292): mysqli->query('SELECT *, `prov...', 0)
#1 C:\Users\Lenovo\Desktop\sipontren\vendor\codeigniter4\framework\system\Database\BaseConnection.php(670): CodeIgniter\Database\MySQLi\Connection->execute('SELECT *, `prov...')
#2 C:\Users\Lenovo\Desktop\sipontren\vendor\codeigniter4\framework\system\Database\BaseConnection.php(598): CodeIgniter\Database\BaseConnection->simpleQuery('SELECT *, `prov...')
#3 C:\Users\Lenovo\Desktop\sipontren\vendor\codeigniter4\framework\system\Database\BaseBuilder.php(1443): CodeIgniter\Database\BaseConnection->query('SELECT *, `prov...', Array, false)
#4 C:\Users\Lenovo\Desktop\sipontren\vendor\codeigniter4\framework\system\Model.php(723): CodeIgniter\Database\BaseBuilder->get()
#5 C:\Users\Lenovo\Desktop\sipontren\app\Models\AsatidzModel.php(99): CodeIgniter\Model->__call('get', Array)
#6 C:\Users\Lenovo\Desktop\sipontren\app\Controllers\Asatidz.php(475): App\Models\AsatidzModel->get_detail('2')
#7 C:\Users\Lenovo\Desktop\sipontren\vendor\codeigniter4\framework\system\CodeIgniter.php(824): App\Controllers\Asatidz->detailAsatidz('2')
#8 C:\Users\Lenovo\Desktop\sipontren\vendor\codeigniter4\framework\system\CodeIgniter.php(410): CodeIgniter\CodeIgniter->runController(Object(App\Controllers\Asatidz))
#9 C:\Users\Lenovo\Desktop\sipontren\vendor\codeigniter4\framework\system\CodeIgniter.php(318): CodeIgniter\CodeIgniter->handleRequest(NULL, Object(Config\Cache), false)
#10 C:\Users\Lenovo\Desktop\sipontren\public\index.php(37): CodeIgniter\CodeIgniter->run()
#11 C:\Users\Lenovo\Desktop\sipontren\vendor\codeigniter4\framework\system\Commands\Server\rewrite.php(43): require_once('C:\\Users\\Lenovo...')
#12 {main}
ERROR - 2022-04-10 12:09:34 --> Column 'id' in where clause is ambiguous
CRITICAL - 2022-04-10 12:09:34 --> Column 'id' in where clause is ambiguous
#0 C:\Users\Lenovo\Desktop\sipontren\vendor\codeigniter4\framework\system\Database\MySQLi\Connection.php(292): mysqli->query('SELECT *, `prov...', 0)
#1 C:\Users\Lenovo\Desktop\sipontren\vendor\codeigniter4\framework\system\Database\BaseConnection.php(670): CodeIgniter\Database\MySQLi\Connection->execute('SELECT *, `prov...')
#2 C:\Users\Lenovo\Desktop\sipontren\vendor\codeigniter4\framework\system\Database\BaseConnection.php(598): CodeIgniter\Database\BaseConnection->simpleQuery('SELECT *, `prov...')
#3 C:\Users\Lenovo\Desktop\sipontren\vendor\codeigniter4\framework\system\Database\BaseBuilder.php(1443): CodeIgniter\Database\BaseConnection->query('SELECT *, `prov...', Array, false)
#4 C:\Users\Lenovo\Desktop\sipontren\vendor\codeigniter4\framework\system\Model.php(723): CodeIgniter\Database\BaseBuilder->get()
#5 C:\Users\Lenovo\Desktop\sipontren\app\Models\AsatidzModel.php(99): CodeIgniter\Model->__call('get', Array)
#6 C:\Users\Lenovo\Desktop\sipontren\app\Controllers\Asatidz.php(475): App\Models\AsatidzModel->get_detail('2')
#7 C:\Users\Lenovo\Desktop\sipontren\vendor\codeigniter4\framework\system\CodeIgniter.php(824): App\Controllers\Asatidz->detailAsatidz('2')
#8 C:\Users\Lenovo\Desktop\sipontren\vendor\codeigniter4\framework\system\CodeIgniter.php(410): CodeIgniter\CodeIgniter->runController(Object(App\Controllers\Asatidz))
#9 C:\Users\Lenovo\Desktop\sipontren\vendor\codeigniter4\framework\system\CodeIgniter.php(318): CodeIgniter\CodeIgniter->handleRequest(NULL, Object(Config\Cache), false)
#10 C:\Users\Lenovo\Desktop\sipontren\public\index.php(37): CodeIgniter\CodeIgniter->run()
#11 C:\Users\Lenovo\Desktop\sipontren\vendor\codeigniter4\framework\system\Commands\Server\rewrite.php(43): require_once('C:\\Users\\Lenovo...')
#12 {main}
ERROR - 2022-04-10 12:09:54 --> Unknown column 'santri.provinsi' in 'on clause'
CRITICAL - 2022-04-10 12:09:54 --> Unknown column 'santri.provinsi' in 'on clause'
#0 C:\Users\Lenovo\Desktop\sipontren\vendor\codeigniter4\framework\system\Database\MySQLi\Connection.php(292): mysqli->query('SELECT *, `prov...', 0)
#1 C:\Users\Lenovo\Desktop\sipontren\vendor\codeigniter4\framework\system\Database\BaseConnection.php(670): CodeIgniter\Database\MySQLi\Connection->execute('SELECT *, `prov...')
#2 C:\Users\Lenovo\Desktop\sipontren\vendor\codeigniter4\framework\system\Database\BaseConnection.php(598): CodeIgniter\Database\BaseConnection->simpleQuery('SELECT *, `prov...')
#3 C:\Users\Lenovo\Desktop\sipontren\vendor\codeigniter4\framework\system\Database\BaseBuilder.php(1443): CodeIgniter\Database\BaseConnection->query('SELECT *, `prov...', Array, false)
#4 C:\Users\Lenovo\Desktop\sipontren\vendor\codeigniter4\framework\system\Model.php(723): CodeIgniter\Database\BaseBuilder->get()
#5 C:\Users\Lenovo\Desktop\sipontren\app\Models\AsatidzModel.php(99): CodeIgniter\Model->__call('get', Array)
#6 C:\Users\Lenovo\Desktop\sipontren\app\Controllers\Asatidz.php(475): App\Models\AsatidzModel->get_detail('2')
#7 C:\Users\Lenovo\Desktop\sipontren\vendor\codeigniter4\framework\system\CodeIgniter.php(824): App\Controllers\Asatidz->detailAsatidz('2')
#8 C:\Users\Lenovo\Desktop\sipontren\vendor\codeigniter4\framework\system\CodeIgniter.php(410): CodeIgniter\CodeIgniter->runController(Object(App\Controllers\Asatidz))
#9 C:\Users\Lenovo\Desktop\sipontren\vendor\codeigniter4\framework\system\CodeIgniter.php(318): CodeIgniter\CodeIgniter->handleRequest(NULL, Object(Config\Cache), false)
#10 C:\Users\Lenovo\Desktop\sipontren\public\index.php(37): CodeIgniter\CodeIgniter->run()
#11 C:\Users\Lenovo\Desktop\sipontren\vendor\codeigniter4\framework\system\Commands\Server\rewrite.php(43): require_once('C:\\Users\\Lenovo...')
#12 {main}
CRITICAL - 2022-04-10 12:10:09 --> Call to undefined method App\Models\AsatidzModel::getRowArray
#0 C:\Users\Lenovo\Desktop\sipontren\app\Models\AsatidzModel.php(100): CodeIgniter\Model->__call('getRowArray', Array)
#1 C:\Users\Lenovo\Desktop\sipontren\app\Controllers\Asatidz.php(475): App\Models\AsatidzModel->get_detail('2')
#2 C:\Users\Lenovo\Desktop\sipontren\vendor\codeigniter4\framework\system\CodeIgniter.php(824): App\Controllers\Asatidz->detailAsatidz('2')
#3 C:\Users\Lenovo\Desktop\sipontren\vendor\codeigniter4\framework\system\CodeIgniter.php(410): CodeIgniter\CodeIgniter->runController(Object(App\Controllers\Asatidz))
#4 C:\Users\Lenovo\Desktop\sipontren\vendor\codeigniter4\framework\system\CodeIgniter.php(318): CodeIgniter\CodeIgniter->handleRequest(NULL, Object(Config\Cache), false)
#5 C:\Users\Lenovo\Desktop\sipontren\public\index.php(37): CodeIgniter\CodeIgniter->run()
#6 C:\Users\Lenovo\Desktop\sipontren\vendor\codeigniter4\framework\system\Commands\Server\rewrite.php(43): require_once('C:\\Users\\Lenovo...')
#7 {main}
ERROR - 2022-04-10 16:00:51 --> Error connecting to the database: No connection could be made because the target machine actively refused it
CRITICAL - 2022-04-10 16:00:51 --> Unable to connect to the database.
Main connection [MySQLi]: No connection could be made because the target machine actively refused it
#0 C:\Users\Lenovo\Desktop\sipontren\vendor\codeigniter4\framework\system\Database\BaseConnection.php(577): CodeIgniter\Database\BaseConnection->initialize()
#1 C:\Users\Lenovo\Desktop\sipontren\vendor\codeigniter4\framework\system\Database\BaseBuilder.php(1576): CodeIgniter\Database\BaseConnection->query('SELECT *\nFROM `...', Array, false)
#2 C:\Users\Lenovo\Desktop\sipontren\app\Models\AdminModel.php(15): CodeIgniter\Database\BaseBuilder->getWhere(Array)
#3 C:\Users\Lenovo\Desktop\sipontren\app\Controllers\Login.php(66): App\Models\AdminModel->getLogin('superadmin')
#4 C:\Users\Lenovo\Desktop\sipontren\vendor\codeigniter4\framework\system\CodeIgniter.php(824): App\Controllers\Login->loginAdmin()
#5 C:\Users\Lenovo\Desktop\sipontren\vendor\codeigniter4\framework\system\CodeIgniter.php(410): CodeIgniter\CodeIgniter->runController(Object(App\Controllers\Login))
#6 C:\Users\Lenovo\Desktop\sipontren\vendor\codeigniter4\framework\system\CodeIgniter.php(318): CodeIgniter\CodeIgniter->handleRequest(NULL, Object(Config\Cache), false)
#7 C:\Users\Lenovo\Desktop\sipontren\public\index.php(37): CodeIgniter\CodeIgniter->run()
#8 C:\Users\Lenovo\Desktop\sipontren\vendor\codeigniter4\framework\system\Commands\Server\rewrite.php(43): require_once('C:\\Users\\Lenovo...')
#9 {main}
CRITICAL - 2022-04-10 18:55:38 --> Cannot use object of type stdClass as array
#0 C:\Users\Lenovo\Desktop\sipontren\vendor\codeigniter4\framework\system\View\View.php(214): include()
#1 C:\Users\Lenovo\Desktop\sipontren\vendor\codeigniter4\framework\system\View\View.php(217): CodeIgniter\View\View->CodeIgniter\View\{closure}()
#2 C:\Users\Lenovo\Desktop\sipontren\vendor\codeigniter4\framework\system\Common.php(1097): CodeIgniter\View\View->render('santri/edit', Array, true)
#3 C:\Users\Lenovo\Desktop\sipontren\app\Controllers\Santri.php(496): view('santri/edit', Array)
#4 C:\Users\Lenovo\Desktop\sipontren\vendor\codeigniter4\framework\system\CodeIgniter.php(824): App\Controllers\Santri->edit('2')
#5 C:\Users\Lenovo\Desktop\sipontren\vendor\codeigniter4\framework\system\CodeIgniter.php(410): CodeIgniter\CodeIgniter->runController(Object(App\Controllers\Santri))
#6 C:\Users\Lenovo\Desktop\sipontren\vendor\codeigniter4\framework\system\CodeIgniter.php(318): CodeIgniter\CodeIgniter->handleRequest(NULL, Object(Config\Cache), false)
#7 C:\Users\Lenovo\Desktop\sipontren\public\index.php(37): CodeIgniter\CodeIgniter->run()
#8 C:\Users\Lenovo\Desktop\sipontren\vendor\codeigniter4\framework\system\Commands\Server\rewrite.php(43): require_once('C:\\Users\\Lenovo...')
#9 {main}
CRITICAL - 2022-04-10 19:04:13 --> Undefined variable $data
#0 C:\Users\Lenovo\Desktop\sipontren\app\Controllers\Status_pembayaran.php(620): CodeIgniter\Debug\Exceptions->errorHandler(2, 'Undefined varia...', 'C:\\Users\\Lenovo...', 620)
#1 C:\Users\Lenovo\Desktop\sipontren\vendor\codeigniter4\framework\system\CodeIgniter.php(824): App\Controllers\Status_pembayaran->bayar()
#2 C:\Users\Lenovo\Desktop\sipontren\vendor\codeigniter4\framework\system\CodeIgniter.php(410): CodeIgniter\CodeIgniter->runController(Object(App\Controllers\Status_pembayaran))
#3 C:\Users\Lenovo\Desktop\sipontren\vendor\codeigniter4\framework\system\CodeIgniter.php(318): CodeIgniter\CodeIgniter->handleRequest(NULL, Object(Config\Cache), false)
#4 C:\Users\Lenovo\Desktop\sipontren\public\index.php(37): CodeIgniter\CodeIgniter->run()
#5 C:\Users\Lenovo\Desktop\sipontren\vendor\codeigniter4\framework\system\Commands\Server\rewrite.php(43): require_once('C:\\Users\\Lenovo...')
#6 {main}
CRITICAL - 2022-04-10 19:04:19 --> Undefined variable $data
#0 C:\Users\Lenovo\Desktop\sipontren\app\Controllers\Status_pembayaran.php(620): CodeIgniter\Debug\Exceptions->errorHandler(2, 'Undefined varia...', 'C:\\Users\\Lenovo...', 620)
#1 C:\Users\Lenovo\Desktop\sipontren\vendor\codeigniter4\framework\system\CodeIgniter.php(824): App\Controllers\Status_pembayaran->bayar()
#2 C:\Users\Lenovo\Desktop\sipontren\vendor\codeigniter4\framework\system\CodeIgniter.php(410): CodeIgniter\CodeIgniter->runController(Object(App\Controllers\Status_pembayaran))
#3 C:\Users\Lenovo\Desktop\sipontren\vendor\codeigniter4\framework\system\CodeIgniter.php(318): CodeIgniter\CodeIgniter->handleRequest(NULL, Object(Config\Cache), false)
#4 C:\Users\Lenovo\Desktop\sipontren\public\index.php(37): CodeIgniter\CodeIgniter->run()
#5 C:\Users\Lenovo\Desktop\sipontren\vendor\codeigniter4\framework\system\Commands\Server\rewrite.php(43): require_once('C:\\Users\\Lenovo...')
#6 {main}
CRITICAL - 2022-04-10 19:05:45 --> Undefined variable $data
#0 C:\Users\Lenovo\Desktop\sipontren\app\Controllers\Status_pembayaran.php(621): CodeIgniter\Debug\Exceptions->errorHandler(2, 'Undefined varia...', 'C:\\Users\\Lenovo...', 621)
#1 C:\Users\Lenovo\Desktop\sipontren\vendor\codeigniter4\framework\system\CodeIgniter.php(824): App\Controllers\Status_pembayaran->bayar()
#2 C:\Users\Lenovo\Desktop\sipontren\vendor\codeigniter4\framework\system\CodeIgniter.php(410): CodeIgniter\CodeIgniter->runController(Object(App\Controllers\Status_pembayaran))
#3 C:\Users\Lenovo\Desktop\sipontren\vendor\codeigniter4\framework\system\CodeIgniter.php(318): CodeIgniter\CodeIgniter->handleRequest(NULL, Object(Config\Cache), false)
#4 C:\Users\Lenovo\Desktop\sipontren\public\index.php(37): CodeIgniter\CodeIgniter->run()
#5 C:\Users\Lenovo\Desktop\sipontren\vendor\codeigniter4\framework\system\Commands\Server\rewrite.php(43): require_once('C:\\Users\\Lenovo...')
#6 {main}
CRITICAL - 2022-04-10 19:06:05 --> Undefined variable $data
#0 C:\Users\Lenovo\Desktop\sipontren\app\Controllers\Status_pembayaran.php(621): CodeIgniter\Debug\Exceptions->errorHandler(2, 'Undefined varia...', 'C:\\Users\\Lenovo...', 621)
#1 C:\Users\Lenovo\Desktop\sipontren\vendor\codeigniter4\framework\system\CodeIgniter.php(824): App\Controllers\Status_pembayaran->bayar()
#2 C:\Users\Lenovo\Desktop\sipontren\vendor\codeigniter4\framework\system\CodeIgniter.php(410): CodeIgniter\CodeIgniter->runController(Object(App\Controllers\Status_pembayaran))
#3 C:\Users\Lenovo\Desktop\sipontren\vendor\codeigniter4\framework\system\CodeIgniter.php(318): CodeIgniter\CodeIgniter->handleRequest(NULL, Object(Config\Cache), false)
#4 C:\Users\Lenovo\Desktop\sipontren\public\index.php(37): CodeIgniter\CodeIgniter->run()
#5 C:\Users\Lenovo\Desktop\sipontren\vendor\codeigniter4\framework\system\Commands\Server\rewrite.php(43): require_once('C:\\Users\\Lenovo...')
#6 {main}
CRITICAL - 2022-04-10 19:06:33 --> Undefined variable $data
#0 C:\Users\Lenovo\Desktop\sipontren\app\Controllers\Status_pembayaran.php(628): CodeIgniter\Debug\Exceptions->errorHandler(2, 'Undefined varia...', 'C:\\Users\\Lenovo...', 628)
#1 C:\Users\Lenovo\Desktop\sipontren\vendor\codeigniter4\framework\system\CodeIgniter.php(824): App\Controllers\Status_pembayaran->bayar()
#2 C:\Users\Lenovo\Desktop\sipontren\vendor\codeigniter4\framework\system\CodeIgniter.php(410): CodeIgniter\CodeIgniter->runController(Object(App\Controllers\Status_pembayaran))
#3 C:\Users\Lenovo\Desktop\sipontren\vendor\codeigniter4\framework\system\CodeIgniter.php(318): CodeIgniter\CodeIgniter->handleRequest(NULL, Object(Config\Cache), false)
#4 C:\Users\Lenovo\Desktop\sipontren\public\index.php(37): CodeIgniter\CodeIgniter->run()
#5 C:\Users\Lenovo\Desktop\sipontren\vendor\codeigniter4\framework\system\Commands\Server\rewrite.php(43): require_once('C:\\Users\\Lenovo...')
#6 {main}
CRITICAL - 2022-04-10 19:06:43 --> Undefined variable $data
#0 C:\Users\Lenovo\Desktop\sipontren\app\Controllers\Status_pembayaran.php(636): CodeIgniter\Debug\Exceptions->errorHandler(2, 'Undefined varia...', 'C:\\Users\\Lenovo...', 636)
#1 C:\Users\Lenovo\Desktop\sipontren\vendor\codeigniter4\framework\system\CodeIgniter.php(824): App\Controllers\Status_pembayaran->bayar()
#2 C:\Users\Lenovo\Desktop\sipontren\vendor\codeigniter4\framework\system\CodeIgniter.php(410): CodeIgniter\CodeIgniter->runController(Object(App\Controllers\Status_pembayaran))
#3 C:\Users\Lenovo\Desktop\sipontren\vendor\codeigniter4\framework\system\CodeIgniter.php(318): CodeIgniter\CodeIgniter->handleRequest(NULL, Object(Config\Cache), false)
#4 C:\Users\Lenovo\Desktop\sipontren\public\index.php(37): CodeIgniter\CodeIgniter->run()
#5 C:\Users\Lenovo\Desktop\sipontren\vendor\codeigniter4\framework\system\Commands\Server\rewrite.php(43): require_once('C:\\Users\\Lenovo...')
#6 {main}
CRITICAL - 2022-04-10 19:07:33 --> Undefined variable $data
#0 C:\Users\Lenovo\Desktop\sipontren\app\Controllers\Status_pembayaran.php(617): CodeIgniter\Debug\Exceptions->errorHandler(2, 'Undefined varia...', 'C:\\Users\\Lenovo...', 617)
#1 C:\Users\Lenovo\Desktop\sipontren\vendor\codeigniter4\framework\system\CodeIgniter.php(824): App\Controllers\Status_pembayaran->bayar()
#2 C:\Users\Lenovo\Desktop\sipontren\vendor\codeigniter4\framework\system\CodeIgniter.php(410): CodeIgniter\CodeIgniter->runController(Object(App\Controllers\Status_pembayaran))
#3 C:\Users\Lenovo\Desktop\sipontren\vendor\codeigniter4\framework\system\CodeIgniter.php(318): CodeIgniter\CodeIgniter->handleRequest(NULL, Object(Config\Cache), false)
#4 C:\Users\Lenovo\Desktop\sipontren\public\index.php(37): CodeIgniter\CodeIgniter->run()
#5 C:\Users\Lenovo\Desktop\sipontren\vendor\codeigniter4\framework\system\Commands\Server\rewrite.php(43): require_once('C:\\Users\\Lenovo...')
#6 {main}
CRITICAL - 2022-04-10 19:07:41 --> Undefined variable $data
#0 C:\Users\Lenovo\Desktop\sipontren\app\Controllers\Status_pembayaran.php(617): CodeIgniter\Debug\Exceptions->errorHandler(2, 'Undefined varia...', 'C:\\Users\\Lenovo...', 617)
#1 C:\Users\Lenovo\Desktop\sipontren\vendor\codeigniter4\framework\system\CodeIgniter.php(824): App\Controllers\Status_pembayaran->bayar()
#2 C:\Users\Lenovo\Desktop\sipontren\vendor\codeigniter4\framework\system\CodeIgniter.php(410): CodeIgniter\CodeIgniter->runController(Object(App\Controllers\Status_pembayaran))
#3 C:\Users\Lenovo\Desktop\sipontren\vendor\codeigniter4\framework\system\CodeIgniter.php(318): CodeIgniter\CodeIgniter->handleRequest(NULL, Object(Config\Cache), false)
#4 C:\Users\Lenovo\Desktop\sipontren\public\index.php(37): CodeIgniter\CodeIgniter->run()
#5 C:\Users\Lenovo\Desktop\sipontren\vendor\codeigniter4\framework\system\Commands\Server\rewrite.php(43): require_once('C:\\Users\\Lenovo...')
#6 {main}
CRITICAL - 2022-04-10 19:08:28 --> Undefined variable $data
#0 C:\Users\Lenovo\Desktop\sipontren\app\Controllers\Status_pembayaran.php(627): CodeIgniter\Debug\Exceptions->errorHandler(2, 'Undefined varia...', 'C:\\Users\\Lenovo...', 627)
#1 C:\Users\Lenovo\Desktop\sipontren\vendor\codeigniter4\framework\system\CodeIgniter.php(824): App\Controllers\Status_pembayaran->bayar()
#2 C:\Users\Lenovo\Desktop\sipontren\vendor\codeigniter4\framework\system\CodeIgniter.php(410): CodeIgniter\CodeIgniter->runController(Object(App\Controllers\Status_pembayaran))
#3 C:\Users\Lenovo\Desktop\sipontren\vendor\codeigniter4\framework\system\CodeIgniter.php(318): CodeIgniter\CodeIgniter->handleRequest(NULL, Object(Config\Cache), false)
#4 C:\Users\Lenovo\Desktop\sipontren\public\index.php(37): CodeIgniter\CodeIgniter->run()
#5 C:\Users\Lenovo\Desktop\sipontren\vendor\codeigniter4\framework\system\Commands\Server\rewrite.php(43): require_once('C:\\Users\\Lenovo...')
#6 {main}
CRITICAL - 2022-04-10 19:13:58 --> Undefined variable $data
#0 C:\Users\Lenovo\Desktop\sipontren\app\Controllers\Status_pembayaran.php(624): CodeIgniter\Debug\Exceptions->errorHandler(2, 'Undefined varia...', 'C:\\Users\\Lenovo...', 624)
#1 C:\Users\Lenovo\Desktop\sipontren\vendor\codeigniter4\framework\system\CodeIgniter.php(824): App\Controllers\Status_pembayaran->bayar()
#2 C:\Users\Lenovo\Desktop\sipontren\vendor\codeigniter4\framework\system\CodeIgniter.php(410): CodeIgniter\CodeIgniter->runController(Object(App\Controllers\Status_pembayaran))
#3 C:\Users\Lenovo\Desktop\sipontren\vendor\codeigniter4\framework\system\CodeIgniter.php(318): CodeIgniter\CodeIgniter->handleRequest(NULL, Object(Config\Cache), false)
#4 C:\Users\Lenovo\Desktop\sipontren\public\index.php(37): CodeIgniter\CodeIgniter->run()
#5 C:\Users\Lenovo\Desktop\sipontren\vendor\codeigniter4\framework\system\Commands\Server\rewrite.php(43): require_once('C:\\Users\\Lenovo...')
#6 {main}
CRITICAL - 2022-04-10 19:15:50 --> Undefined variable $data
#0 C:\Users\Lenovo\Desktop\sipontren\app\Controllers\Status_pembayaran.php(616): CodeIgniter\Debug\Exceptions->errorHandler(2, 'Undefined varia...', 'C:\\Users\\Lenovo...', 616)
#1 C:\Users\Lenovo\Desktop\sipontren\vendor\codeigniter4\framework\system\CodeIgniter.php(824): App\Controllers\Status_pembayaran->bayar()
#2 C:\Users\Lenovo\Desktop\sipontren\vendor\codeigniter4\framework\system\CodeIgniter.php(410): CodeIgniter\CodeIgniter->runController(Object(App\Controllers\Status_pembayaran))
#3 C:\Users\Lenovo\Desktop\sipontren\vendor\codeigniter4\framework\system\CodeIgniter.php(318): CodeIgniter\CodeIgniter->handleRequest(NULL, Object(Config\Cache), false)
#4 C:\Users\Lenovo\Desktop\sipontren\public\index.php(37): CodeIgniter\CodeIgniter->run()
#5 C:\Users\Lenovo\Desktop\sipontren\vendor\codeigniter4\framework\system\Commands\Server\rewrite.php(43): require_once('C:\\Users\\Lenovo...')
#6 {main}
CRITICAL - 2022-04-10 19:18:31 --> Undefined variable $data
#0 C:\Users\Lenovo\Desktop\sipontren\app\Controllers\Status_pembayaran.php(637): CodeIgniter\Debug\Exceptions->errorHandler(2, 'Undefined varia...', 'C:\\Users\\Lenovo...', 637)
#1 C:\Users\Lenovo\Desktop\sipontren\vendor\codeigniter4\framework\system\CodeIgniter.php(824): App\Controllers\Status_pembayaran->bayar()
#2 C:\Users\Lenovo\Desktop\sipontren\vendor\codeigniter4\framework\system\CodeIgniter.php(410): CodeIgniter\CodeIgniter->runController(Object(App\Controllers\Status_pembayaran))
#3 C:\Users\Lenovo\Desktop\sipontren\vendor\codeigniter4\framework\system\CodeIgniter.php(318): CodeIgniter\CodeIgniter->handleRequest(NULL, Object(Config\Cache), false)
#4 C:\Users\Lenovo\Desktop\sipontren\public\index.php(37): CodeIgniter\CodeIgniter->run()
#5 C:\Users\Lenovo\Desktop\sipontren\vendor\codeigniter4\framework\system\Commands\Server\rewrite.php(43): require_once('C:\\Users\\Lenovo...')
#6 {main}
CRITICAL - 2022-04-10 19:18:51 --> Undefined variable $data
#0 C:\Users\Lenovo\Desktop\sipontren\app\Controllers\Status_pembayaran.php(637): CodeIgniter\Debug\Exceptions->errorHandler(2, 'Undefined varia...', 'C:\\Users\\Lenovo...', 637)
#1 C:\Users\Lenovo\Desktop\sipontren\vendor\codeigniter4\framework\system\CodeIgniter.php(824): App\Controllers\Status_pembayaran->bayar()
#2 C:\Users\Lenovo\Desktop\sipontren\vendor\codeigniter4\framework\system\CodeIgniter.php(410): CodeIgniter\CodeIgniter->runController(Object(App\Controllers\Status_pembayaran))
#3 C:\Users\Lenovo\Desktop\sipontren\vendor\codeigniter4\framework\system\CodeIgniter.php(318): CodeIgniter\CodeIgniter->handleRequest(NULL, Object(Config\Cache), false)
#4 C:\Users\Lenovo\Desktop\sipontren\public\index.php(37): CodeIgniter\CodeIgniter->run()
#5 C:\Users\Lenovo\Desktop\sipontren\vendor\codeigniter4\framework\system\Commands\Server\rewrite.php(43): require_once('C:\\Users\\Lenovo...')
#6 {main}
CRITICAL - 2022-04-10 19:26:04 --> Undefined variable $data
#0 C:\Users\Lenovo\Desktop\sipontren\app\Controllers\Status_pembayaran.php(625): CodeIgniter\Debug\Exceptions->errorHandler(2, 'Undefined varia...', 'C:\\Users\\Lenovo...', 625)
#1 C:\Users\Lenovo\Desktop\sipontren\vendor\codeigniter4\framework\system\CodeIgniter.php(824): App\Controllers\Status_pembayaran->bayar()
#2 C:\Users\Lenovo\Desktop\sipontren\vendor\codeigniter4\framework\system\CodeIgniter.php(410): CodeIgniter\CodeIgniter->runController(Object(App\Controllers\Status_pembayaran))
#3 C:\Users\Lenovo\Desktop\sipontren\vendor\codeigniter4\framework\system\CodeIgniter.php(318): CodeIgniter\CodeIgniter->handleRequest(NULL, Object(Config\Cache), false)
#4 C:\Users\Lenovo\Desktop\sipontren\public\index.php(37): CodeIgniter\CodeIgniter->run()
#5 C:\Users\Lenovo\Desktop\sipontren\vendor\codeigniter4\framework\system\Commands\Server\rewrite.php(43): require_once('C:\\Users\\Lenovo...')
#6 {main}
CRITICAL - 2022-04-10 19:31:19 --> Undefined variable $data
#0 C:\Users\Lenovo\Desktop\sipontren\app\Controllers\Status_pembayaran.php(624): CodeIgniter\Debug\Exceptions->errorHandler(2, 'Undefined varia...', 'C:\\Users\\Lenovo...', 624)
#1 C:\Users\Lenovo\Desktop\sipontren\vendor\codeigniter4\framework\system\CodeIgniter.php(824): App\Controllers\Status_pembayaran->bayar()
#2 C:\Users\Lenovo\Desktop\sipontren\vendor\codeigniter4\framework\system\CodeIgniter.php(410): CodeIgniter\CodeIgniter->runController(Object(App\Controllers\Status_pembayaran))
#3 C:\Users\Lenovo\Desktop\sipontren\vendor\codeigniter4\framework\system\CodeIgniter.php(318): CodeIgniter\CodeIgniter->handleRequest(NULL, Object(Config\Cache), false)
#4 C:\Users\Lenovo\Desktop\sipontren\public\index.php(37): CodeIgniter\CodeIgniter->run()
#5 C:\Users\Lenovo\Desktop\sipontren\vendor\codeigniter4\framework\system\Commands\Server\rewrite.php(43): require_once('C:\\Users\\Lenovo...')
#6 {main}
CRITICAL - 2022-04-10 19:31:36 --> Undefined variable $data
#0 C:\Users\Lenovo\Desktop\sipontren\app\Controllers\Status_pembayaran.php(629): CodeIgniter\Debug\Exceptions->errorHandler(2, 'Undefined varia...', 'C:\\Users\\Lenovo...', 629)
#1 C:\Users\Lenovo\Desktop\sipontren\vendor\codeigniter4\framework\system\CodeIgniter.php(824): App\Controllers\Status_pembayaran->bayar()
#2 C:\Users\Lenovo\Desktop\sipontren\vendor\codeigniter4\framework\system\CodeIgniter.php(410): CodeIgniter\CodeIgniter->runController(Object(App\Controllers\Status_pembayaran))
#3 C:\Users\Lenovo\Desktop\sipontren\vendor\codeigniter4\framework\system\CodeIgniter.php(318): CodeIgniter\CodeIgniter->handleRequest(NULL, Object(Config\Cache), false)
#4 C:\Users\Lenovo\Desktop\sipontren\public\index.php(37): CodeIgniter\CodeIgniter->run()
#5 C:\Users\Lenovo\Desktop\sipontren\vendor\codeigniter4\framework\system\Commands\Server\rewrite.php(43): require_once('C:\\Users\\Lenovo...')
#6 {main}
CRITICAL - 2022-04-10 19:31:47 --> Undefined variable $data
#0 C:\Users\Lenovo\Desktop\sipontren\app\Controllers\Status_pembayaran.php(634): CodeIgniter\Debug\Exceptions->errorHandler(2, 'Undefined varia...', 'C:\\Users\\Lenovo...', 634)
#1 C:\Users\Lenovo\Desktop\sipontren\vendor\codeigniter4\framework\system\CodeIgniter.php(824): App\Controllers\Status_pembayaran->bayar()
#2 C:\Users\Lenovo\Desktop\sipontren\vendor\codeigniter4\framework\system\CodeIgniter.php(410): CodeIgniter\CodeIgniter->runController(Object(App\Controllers\Status_pembayaran))
#3 C:\Users\Lenovo\Desktop\sipontren\vendor\codeigniter4\framework\system\CodeIgniter.php(318): CodeIgniter\CodeIgniter->handleRequest(NULL, Object(Config\Cache), false)
#4 C:\Users\Lenovo\Desktop\sipontren\public\index.php(37): CodeIgniter\CodeIgniter->run()
#5 C:\Users\Lenovo\Desktop\sipontren\vendor\codeigniter4\framework\system\Commands\Server\rewrite.php(43): require_once('C:\\Users\\Lenovo...')
#6 {main}
CRITICAL - 2022-04-10 19:31:56 --> Undefined variable $data
#0 C:\Users\Lenovo\Desktop\sipontren\app\Controllers\Status_pembayaran.php(634): CodeIgniter\Debug\Exceptions->errorHandler(2, 'Undefined varia...', 'C:\\Users\\Lenovo...', 634)
#1 C:\Users\Lenovo\Desktop\sipontren\vendor\codeigniter4\framework\system\CodeIgniter.php(824): App\Controllers\Status_pembayaran->bayar()
#2 C:\Users\Lenovo\Desktop\sipontren\vendor\codeigniter4\framework\system\CodeIgniter.php(410): CodeIgniter\CodeIgniter->runController(Object(App\Controllers\Status_pembayaran))
#3 C:\Users\Lenovo\Desktop\sipontren\vendor\codeigniter4\framework\system\CodeIgniter.php(318): CodeIgniter\CodeIgniter->handleRequest(NULL, Object(Config\Cache), false)
#4 C:\Users\Lenovo\Desktop\sipontren\public\index.php(37): CodeIgniter\CodeIgniter->run()
#5 C:\Users\Lenovo\Desktop\sipontren\vendor\codeigniter4\framework\system\Commands\Server\rewrite.php(43): require_once('C:\\Users\\Lenovo...')
#6 {main}
CRITICAL - 2022-04-10 19:32:35 --> Undefined variable $data
#0 C:\Users\Lenovo\Desktop\sipontren\app\Controllers\Status_pembayaran.php(634): CodeIgniter\Debug\Exceptions->errorHandler(2, 'Undefined varia...', 'C:\\Users\\Lenovo...', 634)
#1 C:\Users\Lenovo\Desktop\sipontren\vendor\codeigniter4\framework\system\CodeIgniter.php(824): App\Controllers\Status_pembayaran->bayar()
#2 C:\Users\Lenovo\Desktop\sipontren\vendor\codeigniter4\framework\system\CodeIgniter.php(410): CodeIgniter\CodeIgniter->runController(Object(App\Controllers\Status_pembayaran))
#3 C:\Users\Lenovo\Desktop\sipontren\vendor\codeigniter4\framework\system\CodeIgniter.php(318): CodeIgniter\CodeIgniter->handleRequest(NULL, Object(Config\Cache), false)
#4 C:\Users\Lenovo\Desktop\sipontren\public\index.php(37): CodeIgniter\CodeIgniter->run()
#5 C:\Users\Lenovo\Desktop\sipontren\vendor\codeigniter4\framework\system\Commands\Server\rewrite.php(43): require_once('C:\\Users\\Lenovo...')
#6 {main}
CRITICAL - 2022-04-10 19:32:45 --> Undefined variable $data
#0 C:\Users\Lenovo\Desktop\sipontren\app\Controllers\Status_pembayaran.php(634): CodeIgniter\Debug\Exceptions->errorHandler(2, 'Undefined varia...', 'C:\\Users\\Lenovo...', 634)
#1 C:\Users\Lenovo\Desktop\sipontren\vendor\codeigniter4\framework\system\CodeIgniter.php(824): App\Controllers\Status_pembayaran->bayar()
#2 C:\Users\Lenovo\Desktop\sipontren\vendor\codeigniter4\framework\system\CodeIgniter.php(410): CodeIgniter\CodeIgniter->runController(Object(App\Controllers\Status_pembayaran))
#3 C:\Users\Lenovo\Desktop\sipontren\vendor\codeigniter4\framework\system\CodeIgniter.php(318): CodeIgniter\CodeIgniter->handleRequest(NULL, Object(Config\Cache), false)
#4 C:\Users\Lenovo\Desktop\sipontren\public\index.php(37): CodeIgniter\CodeIgniter->run()
#5 C:\Users\Lenovo\Desktop\sipontren\vendor\codeigniter4\framework\system\Commands\Server\rewrite.php(43): require_once('C:\\Users\\Lenovo...')
#6 {main}
CRITICAL - 2022-04-10 19:33:23 --> Undefined variable $data
#0 C:\Users\Lenovo\Desktop\sipontren\app\Controllers\Status_pembayaran.php(634): CodeIgniter\Debug\Exceptions->errorHandler(2, 'Undefined varia...', 'C:\\Users\\Lenovo...', 634)
#1 C:\Users\Lenovo\Desktop\sipontren\vendor\codeigniter4\framework\system\CodeIgniter.php(824): App\Controllers\Status_pembayaran->bayar()
#2 C:\Users\Lenovo\Desktop\sipontren\vendor\codeigniter4\framework\system\CodeIgniter.php(410): CodeIgniter\CodeIgniter->runController(Object(App\Controllers\Status_pembayaran))
#3 C:\Users\Lenovo\Desktop\sipontren\vendor\codeigniter4\framework\system\CodeIgniter.php(318): CodeIgniter\CodeIgniter->handleRequest(NULL, Object(Config\Cache), false)
#4 C:\Users\Lenovo\Desktop\sipontren\public\index.php(37): CodeIgniter\CodeIgniter->run()
#5 C:\Users\Lenovo\Desktop\sipontren\vendor\codeigniter4\framework\system\Commands\Server\rewrite.php(43): require_once('C:\\Users\\Lenovo...')
#6 {main}
CRITICAL - 2022-04-10 19:33:32 --> Undefined variable $data
#0 C:\Users\Lenovo\Desktop\sipontren\app\Controllers\Status_pembayaran.php(645): CodeIgniter\Debug\Exceptions->errorHandler(2, 'Undefined varia...', 'C:\\Users\\Lenovo...', 645)
#1 C:\Users\Lenovo\Desktop\sipontren\vendor\codeigniter4\framework\system\CodeIgniter.php(824): App\Controllers\Status_pembayaran->bayar()
#2 C:\Users\Lenovo\Desktop\sipontren\vendor\codeigniter4\framework\system\CodeIgniter.php(410): CodeIgniter\CodeIgniter->runController(Object(App\Controllers\Status_pembayaran))
#3 C:\Users\Lenovo\Desktop\sipontren\vendor\codeigniter4\framework\system\CodeIgniter.php(318): CodeIgniter\CodeIgniter->handleRequest(NULL, Object(Config\Cache), false)
#4 C:\Users\Lenovo\Desktop\sipontren\public\index.php(37): CodeIgniter\CodeIgniter->run()
#5 C:\Users\Lenovo\Desktop\sipontren\vendor\codeigniter4\framework\system\Commands\Server\rewrite.php(43): require_once('C:\\Users\\Lenovo...')
#6 {main}
CRITICAL - 2022-04-10 19:37:47 --> Undefined variable $data
#0 C:\Users\Lenovo\Desktop\sipontren\app\Controllers\Status_pembayaran.php(626): CodeIgniter\Debug\Exceptions->errorHandler(2, 'Undefined varia...', 'C:\\Users\\Lenovo...', 626)
#1 C:\Users\Lenovo\Desktop\sipontren\vendor\codeigniter4\framework\system\CodeIgniter.php(824): App\Controllers\Status_pembayaran->bayar()
#2 C:\Users\Lenovo\Desktop\sipontren\vendor\codeigniter4\framework\system\CodeIgniter.php(410): CodeIgniter\CodeIgniter->runController(Object(App\Controllers\Status_pembayaran))
#3 C:\Users\Lenovo\Desktop\sipontren\vendor\codeigniter4\framework\system\CodeIgniter.php(318): CodeIgniter\CodeIgniter->handleRequest(NULL, Object(Config\Cache), false)
#4 C:\Users\Lenovo\Desktop\sipontren\public\index.php(37): CodeIgniter\CodeIgniter->run()
#5 C:\Users\Lenovo\Desktop\sipontren\vendor\codeigniter4\framework\system\Commands\Server\rewrite.php(43): require_once('C:\\Users\\Lenovo...')
#6 {main}
CRITICAL - 2022-04-10 19:39:13 --> Undefined variable $data
#0 C:\Users\Lenovo\Desktop\sipontren\app\Controllers\Status_pembayaran.php(626): CodeIgniter\Debug\Exceptions->errorHandler(2, 'Undefined varia...', 'C:\\Users\\Lenovo...', 626)
#1 C:\Users\Lenovo\Desktop\sipontren\vendor\codeigniter4\framework\system\CodeIgniter.php(824): App\Controllers\Status_pembayaran->bayar()
#2 C:\Users\Lenovo\Desktop\sipontren\vendor\codeigniter4\framework\system\CodeIgniter.php(410): CodeIgniter\CodeIgniter->runController(Object(App\Controllers\Status_pembayaran))
#3 C:\Users\Lenovo\Desktop\sipontren\vendor\codeigniter4\framework\system\CodeIgniter.php(318): CodeIgniter\CodeIgniter->handleRequest(NULL, Object(Config\Cache), false)
#4 C:\Users\Lenovo\Desktop\sipontren\public\index.php(37): CodeIgniter\CodeIgniter->run()
#5 C:\Users\Lenovo\Desktop\sipontren\vendor\codeigniter4\framework\system\Commands\Server\rewrite.php(43): require_once('C:\\Users\\Lenovo...')
#6 {main}
CRITICAL - 2022-04-10 19:43:53 --> Undefined variable $data
#0 C:\Users\Lenovo\Desktop\sipontren\app\Controllers\Status_pembayaran.php(632): CodeIgniter\Debug\Exceptions->errorHandler(2, 'Undefined varia...', 'C:\\Users\\Lenovo...', 632)
#1 C:\Users\Lenovo\Desktop\sipontren\vendor\codeigniter4\framework\system\CodeIgniter.php(824): App\Controllers\Status_pembayaran->bayar()
#2 C:\Users\Lenovo\Desktop\sipontren\vendor\codeigniter4\framework\system\CodeIgniter.php(410): CodeIgniter\CodeIgniter->runController(Object(App\Controllers\Status_pembayaran))
#3 C:\Users\Lenovo\Desktop\sipontren\vendor\codeigniter4\framework\system\CodeIgniter.php(318): CodeIgniter\CodeIgniter->handleRequest(NULL, Object(Config\Cache), false)
#4 C:\Users\Lenovo\Desktop\sipontren\public\index.php(37): CodeIgniter\CodeIgniter->run()
#5 C:\Users\Lenovo\Desktop\sipontren\vendor\codeigniter4\framework\system\Commands\Server\rewrite.php(43): require_once('C:\\Users\\Lenovo...')
#6 {main}
CRITICAL - 2022-04-10 19:44:12 --> Undefined variable $data
#0 C:\Users\Lenovo\Desktop\sipontren\app\Controllers\Status_pembayaran.php(632): CodeIgniter\Debug\Exceptions->errorHandler(2, 'Undefined varia...', 'C:\\Users\\Lenovo...', 632)
#1 C:\Users\Lenovo\Desktop\sipontren\vendor\codeigniter4\framework\system\CodeIgniter.php(824): App\Controllers\Status_pembayaran->bayar()
#2 C:\Users\Lenovo\Desktop\sipontren\vendor\codeigniter4\framework\system\CodeIgniter.php(410): CodeIgniter\CodeIgniter->runController(Object(App\Controllers\Status_pembayaran))
#3 C:\Users\Lenovo\Desktop\sipontren\vendor\codeigniter4\framework\system\CodeIgniter.php(318): CodeIgniter\CodeIgniter->handleRequest(NULL, Object(Config\Cache), false)
#4 C:\Users\Lenovo\Desktop\sipontren\public\index.php(37): CodeIgniter\CodeIgniter->run()
#5 C:\Users\Lenovo\Desktop\sipontren\vendor\codeigniter4\framework\system\Commands\Server\rewrite.php(43): require_once('C:\\Users\\Lenovo...')
#6 {main}
CRITICAL - 2022-04-10 19:45:57 --> Undefined variable $data
#0 C:\Users\Lenovo\Desktop\sipontren\app\Controllers\Status_pembayaran.php(632): CodeIgniter\Debug\Exceptions->errorHandler(2, 'Undefined varia...', 'C:\\Users\\Lenovo...', 632)
#1 C:\Users\Lenovo\Desktop\sipontren\vendor\codeigniter4\framework\system\CodeIgniter.php(824): App\Controllers\Status_pembayaran->bayar()
#2 C:\Users\Lenovo\Desktop\sipontren\vendor\codeigniter4\framework\system\CodeIgniter.php(410): CodeIgniter\CodeIgniter->runController(Object(App\Controllers\Status_pembayaran))
#3 C:\Users\Lenovo\Desktop\sipontren\vendor\codeigniter4\framework\system\CodeIgniter.php(318): CodeIgniter\CodeIgniter->handleRequest(NULL, Object(Config\Cache), false)
#4 C:\Users\Lenovo\Desktop\sipontren\public\index.php(37): CodeIgniter\CodeIgniter->run()
#5 C:\Users\Lenovo\Desktop\sipontren\vendor\codeigniter4\framework\system\Commands\Server\rewrite.php(43): require_once('C:\\Users\\Lenovo...')
#6 {main}
CRITICAL - 2022-04-10 19:46:04 --> Undefined variable $data
#0 C:\Users\Lenovo\Desktop\sipontren\app\Controllers\Status_pembayaran.php(632): CodeIgniter\Debug\Exceptions->errorHandler(2, 'Undefined varia...', 'C:\\Users\\Lenovo...', 632)
#1 C:\Users\Lenovo\Desktop\sipontren\vendor\codeigniter4\framework\system\CodeIgniter.php(824): App\Controllers\Status_pembayaran->bayar()
#2 C:\Users\Lenovo\Desktop\sipontren\vendor\codeigniter4\framework\system\CodeIgniter.php(410): CodeIgniter\CodeIgniter->runController(Object(App\Controllers\Status_pembayaran))
#3 C:\Users\Lenovo\Desktop\sipontren\vendor\codeigniter4\framework\system\CodeIgniter.php(318): CodeIgniter\CodeIgniter->handleRequest(NULL, Object(Config\Cache), false)
#4 C:\Users\Lenovo\Desktop\sipontren\public\index.php(37): CodeIgniter\CodeIgniter->run()
#5 C:\Users\Lenovo\Desktop\sipontren\vendor\codeigniter4\framework\system\Commands\Server\rewrite.php(43): require_once('C:\\Users\\Lenovo...')
#6 {main}
CRITICAL - 2022-04-10 19:47:29 --> Undefined variable $data
#0 C:\Users\Lenovo\Desktop\sipontren\app\Controllers\Status_pembayaran.php(625): CodeIgniter\Debug\Exceptions->errorHandler(2, 'Undefined varia...', 'C:\\Users\\Lenovo...', 625)
#1 C:\Users\Lenovo\Desktop\sipontren\vendor\codeigniter4\framework\system\CodeIgniter.php(824): App\Controllers\Status_pembayaran->bayar()
#2 C:\Users\Lenovo\Desktop\sipontren\vendor\codeigniter4\framework\system\CodeIgniter.php(410): CodeIgniter\CodeIgniter->runController(Object(App\Controllers\Status_pembayaran))
#3 C:\Users\Lenovo\Desktop\sipontren\vendor\codeigniter4\framework\system\CodeIgniter.php(318): CodeIgniter\CodeIgniter->handleRequest(NULL, Object(Config\Cache), false)
#4 C:\Users\Lenovo\Desktop\sipontren\public\index.php(37): CodeIgniter\CodeIgniter->run()
#5 C:\Users\Lenovo\Desktop\sipontren\vendor\codeigniter4\framework\system\Commands\Server\rewrite.php(43): require_once('C:\\Users\\Lenovo...')
#6 {main}
CRITICAL - 2022-04-10 19:47:37 --> Undefined variable $data
#0 C:\Users\Lenovo\Desktop\sipontren\app\Controllers\Status_pembayaran.php(625): CodeIgniter\Debug\Exceptions->errorHandler(2, 'Undefined varia...', 'C:\\Users\\Lenovo...', 625)
#1 C:\Users\Lenovo\Desktop\sipontren\vendor\codeigniter4\framework\system\CodeIgniter.php(824): App\Controllers\Status_pembayaran->bayar()
#2 C:\Users\Lenovo\Desktop\sipontren\vendor\codeigniter4\framework\system\CodeIgniter.php(410): CodeIgniter\CodeIgniter->runController(Object(App\Controllers\Status_pembayaran))
#3 C:\Users\Lenovo\Desktop\sipontren\vendor\codeigniter4\framework\system\CodeIgniter.php(318): CodeIgniter\CodeIgniter->handleRequest(NULL, Object(Config\Cache), false)
#4 C:\Users\Lenovo\Desktop\sipontren\public\index.php(37): CodeIgniter\CodeIgniter->run()
#5 C:\Users\Lenovo\Desktop\sipontren\vendor\codeigniter4\framework\system\Commands\Server\rewrite.php(43): require_once('C:\\Users\\Lenovo...')
#6 {main}
CRITICAL - 2022-04-10 19:48:33 --> Undefined variable $data
#0 C:\Users\Lenovo\Desktop\sipontren\app\Controllers\Status_pembayaran.php(626): CodeIgniter\Debug\Exceptions->errorHandler(2, 'Undefined varia...', 'C:\\Users\\Lenovo...', 626)
#1 C:\Users\Lenovo\Desktop\sipontren\vendor\codeigniter4\framework\system\CodeIgniter.php(824): App\Controllers\Status_pembayaran->bayar()
#2 C:\Users\Lenovo\Desktop\sipontren\vendor\codeigniter4\framework\system\CodeIgniter.php(410): CodeIgniter\CodeIgniter->runController(Object(App\Controllers\Status_pembayaran))
#3 C:\Users\Lenovo\Desktop\sipontren\vendor\codeigniter4\framework\system\CodeIgniter.php(318): CodeIgniter\CodeIgniter->handleRequest(NULL, Object(Config\Cache), false)
#4 C:\Users\Lenovo\Desktop\sipontren\public\index.php(37): CodeIgniter\CodeIgniter->run()
#5 C:\Users\Lenovo\Desktop\sipontren\vendor\codeigniter4\framework\system\Commands\Server\rewrite.php(43): require_once('C:\\Users\\Lenovo...')
#6 {main}
CRITICAL - 2022-04-10 19:48:41 --> Undefined variable $data
#0 C:\Users\Lenovo\Desktop\sipontren\app\Controllers\Status_pembayaran.php(626): CodeIgniter\Debug\Exceptions->errorHandler(2, 'Undefined varia...', 'C:\\Users\\Lenovo...', 626)
#1 C:\Users\Lenovo\Desktop\sipontren\vendor\codeigniter4\framework\system\CodeIgniter.php(824): App\Controllers\Status_pembayaran->bayar()
#2 C:\Users\Lenovo\Desktop\sipontren\vendor\codeigniter4\framework\system\CodeIgniter.php(410): CodeIgniter\CodeIgniter->runController(Object(App\Controllers\Status_pembayaran))
#3 C:\Users\Lenovo\Desktop\sipontren\vendor\codeigniter4\framework\system\CodeIgniter.php(318): CodeIgniter\CodeIgniter->handleRequest(NULL, Object(Config\Cache), false)
#4 C:\Users\Lenovo\Desktop\sipontren\public\index.php(37): CodeIgniter\CodeIgniter->run()
#5 C:\Users\Lenovo\Desktop\sipontren\vendor\codeigniter4\framework\system\Commands\Server\rewrite.php(43): require_once('C:\\Users\\Lenovo...')
#6 {main}
CRITICAL - 2022-04-10 19:48:47 --> Undefined variable $data
#0 C:\Users\Lenovo\Desktop\sipontren\app\Controllers\Status_pembayaran.php(626): CodeIgniter\Debug\Exceptions->errorHandler(2, 'Undefined varia...', 'C:\\Users\\Lenovo...', 626)
#1 C:\Users\Lenovo\Desktop\sipontren\vendor\codeigniter4\framework\system\CodeIgniter.php(824): App\Controllers\Status_pembayaran->bayar()
#2 C:\Users\Lenovo\Desktop\sipontren\vendor\codeigniter4\framework\system\CodeIgniter.php(410): CodeIgniter\CodeIgniter->runController(Object(App\Controllers\Status_pembayaran))
#3 C:\Users\Lenovo\Desktop\sipontren\vendor\codeigniter4\framework\system\CodeIgniter.php(318): CodeIgniter\CodeIgniter->handleRequest(NULL, Object(Config\Cache), false)
#4 C:\Users\Lenovo\Desktop\sipontren\public\index.php(37): CodeIgniter\CodeIgniter->run()
#5 C:\Users\Lenovo\Desktop\sipontren\vendor\codeigniter4\framework\system\Commands\Server\rewrite.php(43): require_once('C:\\Users\\Lenovo...')
#6 {main}
CRITICAL - 2022-04-10 19:48:50 --> Undefined variable $data
#0 C:\Users\Lenovo\Desktop\sipontren\app\Controllers\Status_pembayaran.php(626): CodeIgniter\Debug\Exceptions->errorHandler(2, 'Undefined varia...', 'C:\\Users\\Lenovo...', 626)
#1 C:\Users\Lenovo\Desktop\sipontren\vendor\codeigniter4\framework\system\CodeIgniter.php(824): App\Controllers\Status_pembayaran->bayar()
#2 C:\Users\Lenovo\Desktop\sipontren\vendor\codeigniter4\framework\system\CodeIgniter.php(410): CodeIgniter\CodeIgniter->runController(Object(App\Controllers\Status_pembayaran))
#3 C:\Users\Lenovo\Desktop\sipontren\vendor\codeigniter4\framework\system\CodeIgniter.php(318): CodeIgniter\CodeIgniter->handleRequest(NULL, Object(Config\Cache), false)
#4 C:\Users\Lenovo\Desktop\sipontren\public\index.php(37): CodeIgniter\CodeIgniter->run()
#5 C:\Users\Lenovo\Desktop\sipontren\vendor\codeigniter4\framework\system\Commands\Server\rewrite.php(43): require_once('C:\\Users\\Lenovo...')
#6 {main}
CRITICAL - 2022-04-10 19:48:54 --> Undefined variable $data
#0 C:\Users\Lenovo\Desktop\sipontren\app\Controllers\Status_pembayaran.php(626): CodeIgniter\Debug\Exceptions->errorHandler(2, 'Undefined varia...', 'C:\\Users\\Lenovo...', 626)
#1 C:\Users\Lenovo\Desktop\sipontren\vendor\codeigniter4\framework\system\CodeIgniter.php(824): App\Controllers\Status_pembayaran->bayar()
#2 C:\Users\Lenovo\Desktop\sipontren\vendor\codeigniter4\framework\system\CodeIgniter.php(410): CodeIgniter\CodeIgniter->runController(Object(App\Controllers\Status_pembayaran))
#3 C:\Users\Lenovo\Desktop\sipontren\vendor\codeigniter4\framework\system\CodeIgniter.php(318): CodeIgniter\CodeIgniter->handleRequest(NULL, Object(Config\Cache), false)
#4 C:\Users\Lenovo\Desktop\sipontren\public\index.php(37): CodeIgniter\CodeIgniter->run()
#5 C:\Users\Lenovo\Desktop\sipontren\vendor\codeigniter4\framework\system\Commands\Server\rewrite.php(43): require_once('C:\\Users\\Lenovo...')
#6 {main}
CRITICAL - 2022-04-10 19:57:01 --> Undefined variable $data
#0 C:\Users\Lenovo\Desktop\sipontren\app\Controllers\Status_pembayaran.php(632): CodeIgniter\Debug\Exceptions->errorHandler(2, 'Undefined varia...', 'C:\\Users\\Lenovo...', 632)
#1 C:\Users\Lenovo\Desktop\sipontren\vendor\codeigniter4\framework\system\CodeIgniter.php(824): App\Controllers\Status_pembayaran->bayar()
#2 C:\Users\Lenovo\Desktop\sipontren\vendor\codeigniter4\framework\system\CodeIgniter.php(410): CodeIgniter\CodeIgniter->runController(Object(App\Controllers\Status_pembayaran))
#3 C:\Users\Lenovo\Desktop\sipontren\vendor\codeigniter4\framework\system\CodeIgniter.php(318): CodeIgniter\CodeIgniter->handleRequest(NULL, Object(Config\Cache), false)
#4 C:\Users\Lenovo\Desktop\sipontren\public\index.php(37): CodeIgniter\CodeIgniter->run()
#5 C:\Users\Lenovo\Desktop\sipontren\vendor\codeigniter4\framework\system\Commands\Server\rewrite.php(43): require_once('C:\\Users\\Lenovo...')
#6 {main}
CRITICAL - 2022-04-10 19:57:19 --> Undefined variable $data
#0 C:\Users\Lenovo\Desktop\sipontren\app\Controllers\Status_pembayaran.php(631): CodeIgniter\Debug\Exceptions->errorHandler(2, 'Undefined varia...', 'C:\\Users\\Lenovo...', 631)
#1 C:\Users\Lenovo\Desktop\sipontren\vendor\codeigniter4\framework\system\CodeIgniter.php(824): App\Controllers\Status_pembayaran->bayar()
#2 C:\Users\Lenovo\Desktop\sipontren\vendor\codeigniter4\framework\system\CodeIgniter.php(410): CodeIgniter\CodeIgniter->runController(Object(App\Controllers\Status_pembayaran))
#3 C:\Users\Lenovo\Desktop\sipontren\vendor\codeigniter4\framework\system\CodeIgniter.php(318): CodeIgniter\CodeIgniter->handleRequest(NULL, Object(Config\Cache), false)
#4 C:\Users\Lenovo\Desktop\sipontren\public\index.php(37): CodeIgniter\CodeIgniter->run()
#5 C:\Users\Lenovo\Desktop\sipontren\vendor\codeigniter4\framework\system\Commands\Server\rewrite.php(43): require_once('C:\\Users\\Lenovo...')
#6 {main}
CRITICAL - 2022-04-10 19:57:28 --> Undefined variable $data
#0 C:\Users\Lenovo\Desktop\sipontren\app\Controllers\Status_pembayaran.php(631): CodeIgniter\Debug\Exceptions->errorHandler(2, 'Undefined varia...', 'C:\\Users\\Lenovo...', 631)
#1 C:\Users\Lenovo\Desktop\sipontren\vendor\codeigniter4\framework\system\CodeIgniter.php(824): App\Controllers\Status_pembayaran->bayar()
#2 C:\Users\Lenovo\Desktop\sipontren\vendor\codeigniter4\framework\system\CodeIgniter.php(410): CodeIgniter\CodeIgniter->runController(Object(App\Controllers\Status_pembayaran))
#3 C:\Users\Lenovo\Desktop\sipontren\vendor\codeigniter4\framework\system\CodeIgniter.php(318): CodeIgniter\CodeIgniter->handleRequest(NULL, Object(Config\Cache), false)
#4 C:\Users\Lenovo\Desktop\sipontren\public\index.php(37): CodeIgniter\CodeIgniter->run()
#5 C:\Users\Lenovo\Desktop\sipontren\vendor\codeigniter4\framework\system\Commands\Server\rewrite.php(43): require_once('C:\\Users\\Lenovo...')
#6 {main}
CRITICAL - 2022-04-10 19:57:43 --> Undefined variable $data
#0 C:\Users\Lenovo\Desktop\sipontren\app\Controllers\Status_pembayaran.php(639): CodeIgniter\Debug\Exceptions->errorHandler(2, 'Undefined varia...', 'C:\\Users\\Lenovo...', 639)
#1 C:\Users\Lenovo\Desktop\sipontren\vendor\codeigniter4\framework\system\CodeIgniter.php(824): App\Controllers\Status_pembayaran->bayar()
#2 C:\Users\Lenovo\Desktop\sipontren\vendor\codeigniter4\framework\system\CodeIgniter.php(410): CodeIgniter\CodeIgniter->runController(Object(App\Controllers\Status_pembayaran))
#3 C:\Users\Lenovo\Desktop\sipontren\vendor\codeigniter4\framework\system\CodeIgniter.php(318): CodeIgniter\CodeIgniter->handleRequest(NULL, Object(Config\Cache), false)
#4 C:\Users\Lenovo\Desktop\sipontren\public\index.php(37): CodeIgniter\CodeIgniter->run()
#5 C:\Users\Lenovo\Desktop\sipontren\vendor\codeigniter4\framework\system\Commands\Server\rewrite.php(43): require_once('C:\\Users\\Lenovo...')
#6 {main}
CRITICAL - 2022-04-10 19:58:00 --> Undefined variable $data
#0 C:\Users\Lenovo\Desktop\sipontren\app\Controllers\Status_pembayaran.php(639): CodeIgniter\Debug\Exceptions->errorHandler(2, 'Undefined varia...', 'C:\\Users\\Lenovo...', 639)
#1 C:\Users\Lenovo\Desktop\sipontren\vendor\codeigniter4\framework\system\CodeIgniter.php(824): App\Controllers\Status_pembayaran->bayar()
#2 C:\Users\Lenovo\Desktop\sipontren\vendor\codeigniter4\framework\system\CodeIgniter.php(410): CodeIgniter\CodeIgniter->runController(Object(App\Controllers\Status_pembayaran))
#3 C:\Users\Lenovo\Desktop\sipontren\vendor\codeigniter4\framework\system\CodeIgniter.php(318): CodeIgniter\CodeIgniter->handleRequest(NULL, Object(Config\Cache), false)
#4 C:\Users\Lenovo\Desktop\sipontren\public\index.php(37): CodeIgniter\CodeIgniter->run()
#5 C:\Users\Lenovo\Desktop\sipontren\vendor\codeigniter4\framework\system\Commands\Server\rewrite.php(43): require_once('C:\\Users\\Lenovo...')
#6 {main}
CRITICAL - 2022-04-10 19:59:30 --> Undefined variable $data
#0 C:\Users\Lenovo\Desktop\sipontren\app\Controllers\Status_pembayaran.php(641): CodeIgniter\Debug\Exceptions->errorHandler(2, 'Undefined varia...', 'C:\\Users\\Lenovo...', 641)
#1 C:\Users\Lenovo\Desktop\sipontren\vendor\codeigniter4\framework\system\CodeIgniter.php(824): App\Controllers\Status_pembayaran->bayar()
#2 C:\Users\Lenovo\Desktop\sipontren\vendor\codeigniter4\framework\system\CodeIgniter.php(410): CodeIgniter\CodeIgniter->runController(Object(App\Controllers\Status_pembayaran))
#3 C:\Users\Lenovo\Desktop\sipontren\vendor\codeigniter4\framework\system\CodeIgniter.php(318): CodeIgniter\CodeIgniter->handleRequest(NULL, Object(Config\Cache), false)
#4 C:\Users\Lenovo\Desktop\sipontren\public\index.php(37): CodeIgniter\CodeIgniter->run()
#5 C:\Users\Lenovo\Desktop\sipontren\vendor\codeigniter4\framework\system\Commands\Server\rewrite.php(43): require_once('C:\\Users\\Lenovo...')
#6 {main}
CRITICAL - 2022-04-10 20:00:37 --> Undefined variable $data
#0 C:\Users\Lenovo\Desktop\sipontren\app\Controllers\Status_pembayaran.php(643): CodeIgniter\Debug\Exceptions->errorHandler(2, 'Undefined varia...', 'C:\\Users\\Lenovo...', 643)
#1 C:\Users\Lenovo\Desktop\sipontren\vendor\codeigniter4\framework\system\CodeIgniter.php(824): App\Controllers\Status_pembayaran->bayar()
#2 C:\Users\Lenovo\Desktop\sipontren\vendor\codeigniter4\framework\system\CodeIgniter.php(410): CodeIgniter\CodeIgniter->runController(Object(App\Controllers\Status_pembayaran))
#3 C:\Users\Lenovo\Desktop\sipontren\vendor\codeigniter4\framework\system\CodeIgniter.php(318): CodeIgniter\CodeIgniter->handleRequest(NULL, Object(Config\Cache), false)
#4 C:\Users\Lenovo\Desktop\sipontren\public\index.php(37): CodeIgniter\CodeIgniter->run()
#5 C:\Users\Lenovo\Desktop\sipontren\vendor\codeigniter4\framework\system\Commands\Server\rewrite.php(43): require_once('C:\\Users\\Lenovo...')
#6 {main}
CRITICAL - 2022-04-10 20:21:18 --> Undefined variable $data
#0 C:\Users\Lenovo\Desktop\sipontren\app\Controllers\Status_pembayaran.php(619): CodeIgniter\Debug\Exceptions->errorHandler(2, 'Undefined varia...', 'C:\\Users\\Lenovo...', 619)
#1 C:\Users\Lenovo\Desktop\sipontren\vendor\codeigniter4\framework\system\CodeIgniter.php(824): App\Controllers\Status_pembayaran->bayar()
#2 C:\Users\Lenovo\Desktop\sipontren\vendor\codeigniter4\framework\system\CodeIgniter.php(410): CodeIgniter\CodeIgniter->runController(Object(App\Controllers\Status_pembayaran))
#3 C:\Users\Lenovo\Desktop\sipontren\vendor\codeigniter4\framework\system\CodeIgniter.php(318): CodeIgniter\CodeIgniter->handleRequest(NULL, Object(Config\Cache), false)
#4 C:\Users\Lenovo\Desktop\sipontren\public\index.php(37): CodeIgniter\CodeIgniter->run()
#5 C:\Users\Lenovo\Desktop\sipontren\vendor\codeigniter4\framework\system\Commands\Server\rewrite.php(43): require_once('C:\\Users\\Lenovo...')
#6 {main}
CRITICAL - 2022-04-10 20:21:36 --> Undefined variable $data
#0 C:\Users\Lenovo\Desktop\sipontren\app\Controllers\Status_pembayaran.php(621): CodeIgniter\Debug\Exceptions->errorHandler(2, 'Undefined varia...', 'C:\\Users\\Lenovo...', 621)
#1 C:\Users\Lenovo\Desktop\sipontren\vendor\codeigniter4\framework\system\CodeIgniter.php(824): App\Controllers\Status_pembayaran->bayar()
#2 C:\Users\Lenovo\Desktop\sipontren\vendor\codeigniter4\framework\system\CodeIgniter.php(410): CodeIgniter\CodeIgniter->runController(Object(App\Controllers\Status_pembayaran))
#3 C:\Users\Lenovo\Desktop\sipontren\vendor\codeigniter4\framework\system\CodeIgniter.php(318): CodeIgniter\CodeIgniter->handleRequest(NULL, Object(Config\Cache), false)
#4 C:\Users\Lenovo\Desktop\sipontren\public\index.php(37): CodeIgniter\CodeIgniter->run()
#5 C:\Users\Lenovo\Desktop\sipontren\vendor\codeigniter4\framework\system\Commands\Server\rewrite.php(43): require_once('C:\\Users\\Lenovo...')
#6 {main}
CRITICAL - 2022-04-10 20:21:44 --> Undefined variable $data
#0 C:\Users\Lenovo\Desktop\sipontren\app\Controllers\Status_pembayaran.php(621): CodeIgniter\Debug\Exceptions->errorHandler(2, 'Undefined varia...', 'C:\\Users\\Lenovo...', 621)
#1 C:\Users\Lenovo\Desktop\sipontren\vendor\codeigniter4\framework\system\CodeIgniter.php(824): App\Controllers\Status_pembayaran->bayar()
#2 C:\Users\Lenovo\Desktop\sipontren\vendor\codeigniter4\framework\system\CodeIgniter.php(410): CodeIgniter\CodeIgniter->runController(Object(App\Controllers\Status_pembayaran))
#3 C:\Users\Lenovo\Desktop\sipontren\vendor\codeigniter4\framework\system\CodeIgniter.php(318): CodeIgniter\CodeIgniter->handleRequest(NULL, Object(Config\Cache), false)
#4 C:\Users\Lenovo\Desktop\sipontren\public\index.php(37): CodeIgniter\CodeIgniter->run()
#5 C:\Users\Lenovo\Desktop\sipontren\vendor\codeigniter4\framework\system\Commands\Server\rewrite.php(43): require_once('C:\\Users\\Lenovo...')
#6 {main}
CRITICAL - 2022-04-10 20:21:48 --> Undefined variable $data
#0 C:\Users\Lenovo\Desktop\sipontren\app\Controllers\Status_pembayaran.php(621): CodeIgniter\Debug\Exceptions->errorHandler(2, 'Undefined varia...', 'C:\\Users\\Lenovo...', 621)
#1 C:\Users\Lenovo\Desktop\sipontren\vendor\codeigniter4\framework\system\CodeIgniter.php(824): App\Controllers\Status_pembayaran->bayar()
#2 C:\Users\Lenovo\Desktop\sipontren\vendor\codeigniter4\framework\system\CodeIgniter.php(410): CodeIgniter\CodeIgniter->runController(Object(App\Controllers\Status_pembayaran))
#3 C:\Users\Lenovo\Desktop\sipontren\vendor\codeigniter4\framework\system\CodeIgniter.php(318): CodeIgniter\CodeIgniter->handleRequest(NULL, Object(Config\Cache), false)
#4 C:\Users\Lenovo\Desktop\sipontren\public\index.php(37): CodeIgniter\CodeIgniter->run()
#5 C:\Users\Lenovo\Desktop\sipontren\vendor\codeigniter4\framework\system\Commands\Server\rewrite.php(43): require_once('C:\\Users\\Lenovo...')
#6 {main}
CRITICAL - 2022-04-10 20:24:47 --> Undefined variable $data
#0 C:\Users\Lenovo\Desktop\sipontren\app\Controllers\Status_pembayaran.php(621): CodeIgniter\Debug\Exceptions->errorHandler(2, 'Undefined varia...', 'C:\\Users\\Lenovo...', 621)
#1 C:\Users\Lenovo\Desktop\sipontren\vendor\codeigniter4\framework\system\CodeIgniter.php(824): App\Controllers\Status_pembayaran->bayar()
#2 C:\Users\Lenovo\Desktop\sipontren\vendor\codeigniter4\framework\system\CodeIgniter.php(410): CodeIgniter\CodeIgniter->runController(Object(App\Controllers\Status_pembayaran))
#3 C:\Users\Lenovo\Desktop\sipontren\vendor\codeigniter4\framework\system\CodeIgniter.php(318): CodeIgniter\CodeIgniter->handleRequest(NULL, Object(Config\Cache), false)
#4 C:\Users\Lenovo\Desktop\sipontren\public\index.php(37): CodeIgniter\CodeIgniter->run()
#5 C:\Users\Lenovo\Desktop\sipontren\vendor\codeigniter4\framework\system\Commands\Server\rewrite.php(43): require_once('C:\\Users\\Lenovo...')
#6 {main}
CRITICAL - 2022-04-10 20:26:34 --> Undefined variable $data
#0 C:\Users\Lenovo\Desktop\sipontren\app\Controllers\Status_pembayaran.php(621): CodeIgniter\Debug\Exceptions->errorHandler(2, 'Undefined varia...', 'C:\\Users\\Lenovo...', 621)
#1 C:\Users\Lenovo\Desktop\sipontren\vendor\codeigniter4\framework\system\CodeIgniter.php(824): App\Controllers\Status_pembayaran->bayar()
#2 C:\Users\Lenovo\Desktop\sipontren\vendor\codeigniter4\framework\system\CodeIgniter.php(410): CodeIgniter\CodeIgniter->runController(Object(App\Controllers\Status_pembayaran))
#3 C:\Users\Lenovo\Desktop\sipontren\vendor\codeigniter4\framework\system\CodeIgniter.php(318): CodeIgniter\CodeIgniter->handleRequest(NULL, Object(Config\Cache), false)
#4 C:\Users\Lenovo\Desktop\sipontren\public\index.php(37): CodeIgniter\CodeIgniter->run()
#5 C:\Users\Lenovo\Desktop\sipontren\vendor\codeigniter4\framework\system\Commands\Server\rewrite.php(43): require_once('C:\\Users\\Lenovo...')
#6 {main}
CRITICAL - 2022-04-10 20:27:16 --> Undefined variable $data
#0 C:\Users\Lenovo\Desktop\sipontren\app\Controllers\Status_pembayaran.php(621): CodeIgniter\Debug\Exceptions->errorHandler(2, 'Undefined varia...', 'C:\\Users\\Lenovo...', 621)
#1 C:\Users\Lenovo\Desktop\sipontren\vendor\codeigniter4\framework\system\CodeIgniter.php(824): App\Controllers\Status_pembayaran->bayar()
#2 C:\Users\Lenovo\Desktop\sipontren\vendor\codeigniter4\framework\system\CodeIgniter.php(410): CodeIgniter\CodeIgniter->runController(Object(App\Controllers\Status_pembayaran))
#3 C:\Users\Lenovo\Desktop\sipontren\vendor\codeigniter4\framework\system\CodeIgniter.php(318): CodeIgniter\CodeIgniter->handleRequest(NULL, Object(Config\Cache), false)
#4 C:\Users\Lenovo\Desktop\sipontren\public\index.php(37): CodeIgniter\CodeIgniter->run()
#5 C:\Users\Lenovo\Desktop\sipontren\vendor\codeigniter4\framework\system\Commands\Server\rewrite.php(43): require_once('C:\\Users\\Lenovo...')
#6 {main}
CRITICAL - 2022-04-10 20:28:38 --> Undefined variable $data
#0 C:\Users\Lenovo\Desktop\sipontren\app\Controllers\Status_pembayaran.php(621): CodeIgniter\Debug\Exceptions->errorHandler(2, 'Undefined varia...', 'C:\\Users\\Lenovo...', 621)
#1 C:\Users\Lenovo\Desktop\sipontren\vendor\codeigniter4\framework\system\CodeIgniter.php(824): App\Controllers\Status_pembayaran->bayar()
#2 C:\Users\Lenovo\Desktop\sipontren\vendor\codeigniter4\framework\system\CodeIgniter.php(410): CodeIgniter\CodeIgniter->runController(Object(App\Controllers\Status_pembayaran))
#3 C:\Users\Lenovo\Desktop\sipontren\vendor\codeigniter4\framework\system\CodeIgniter.php(318): CodeIgniter\CodeIgniter->handleRequest(NULL, Object(Config\Cache), false)
#4 C:\Users\Lenovo\Desktop\sipontren\public\index.php(37): CodeIgniter\CodeIgniter->run()
#5 C:\Users\Lenovo\Desktop\sipontren\vendor\codeigniter4\framework\system\Commands\Server\rewrite.php(43): require_once('C:\\Users\\Lenovo...')
#6 {main}
CRITICAL - 2022-04-10 20:31:22 --> Undefined variable $data
#0 C:\Users\Lenovo\Desktop\sipontren\app\Controllers\Status_pembayaran.php(616): CodeIgniter\Debug\Exceptions->errorHandler(2, 'Undefined varia...', 'C:\\Users\\Lenovo...', 616)
#1 C:\Users\Lenovo\Desktop\sipontren\vendor\codeigniter4\framework\system\CodeIgniter.php(824): App\Controllers\Status_pembayaran->bayar()
#2 C:\Users\Lenovo\Desktop\sipontren\vendor\codeigniter4\framework\system\CodeIgniter.php(410): CodeIgniter\CodeIgniter->runController(Object(App\Controllers\Status_pembayaran))
#3 C:\Users\Lenovo\Desktop\sipontren\vendor\codeigniter4\framework\system\CodeIgniter.php(318): CodeIgniter\CodeIgniter->handleRequest(NULL, Object(Config\Cache), false)
#4 C:\Users\Lenovo\Desktop\sipontren\public\index.php(37): CodeIgniter\CodeIgniter->run()
#5 C:\Users\Lenovo\Desktop\sipontren\vendor\codeigniter4\framework\system\Commands\Server\rewrite.php(43): require_once('C:\\Users\\Lenovo...')
#6 {main}
CRITICAL - 2022-04-10 20:32:18 --> Undefined variable $data
#0 C:\Users\Lenovo\Desktop\sipontren\app\Controllers\Status_pembayaran.php(629): CodeIgniter\Debug\Exceptions->errorHandler(2, 'Undefined varia...', 'C:\\Users\\Lenovo...', 629)
#1 C:\Users\Lenovo\Desktop\sipontren\vendor\codeigniter4\framework\system\CodeIgniter.php(824): App\Controllers\Status_pembayaran->bayar()
#2 C:\Users\Lenovo\Desktop\sipontren\vendor\codeigniter4\framework\system\CodeIgniter.php(410): CodeIgniter\CodeIgniter->runController(Object(App\Controllers\Status_pembayaran))
#3 C:\Users\Lenovo\Desktop\sipontren\vendor\codeigniter4\framework\system\CodeIgniter.php(318): CodeIgniter\CodeIgniter->handleRequest(NULL, Object(Config\Cache), false)
#4 C:\Users\Lenovo\Desktop\sipontren\public\index.php(37): CodeIgniter\CodeIgniter->run()
#5 C:\Users\Lenovo\Desktop\sipontren\vendor\codeigniter4\framework\system\Commands\Server\rewrite.php(43): require_once('C:\\Users\\Lenovo...')
#6 {main}
CRITICAL - 2022-04-10 20:33:09 --> Undefined variable $data
#0 C:\Users\Lenovo\Desktop\sipontren\app\Controllers\Status_pembayaran.php(623): CodeIgniter\Debug\Exceptions->errorHandler(2, 'Undefined varia...', 'C:\\Users\\Lenovo...', 623)
#1 C:\Users\Lenovo\Desktop\sipontren\vendor\codeigniter4\framework\system\CodeIgniter.php(824): App\Controllers\Status_pembayaran->bayar()
#2 C:\Users\Lenovo\Desktop\sipontren\vendor\codeigniter4\framework\system\CodeIgniter.php(410): CodeIgniter\CodeIgniter->runController(Object(App\Controllers\Status_pembayaran))
#3 C:\Users\Lenovo\Desktop\sipontren\vendor\codeigniter4\framework\system\CodeIgniter.php(318): CodeIgniter\CodeIgniter->handleRequest(NULL, Object(Config\Cache), false)
#4 C:\Users\Lenovo\Desktop\sipontren\public\index.php(37): CodeIgniter\CodeIgniter->run()
#5 C:\Users\Lenovo\Desktop\sipontren\vendor\codeigniter4\framework\system\Commands\Server\rewrite.php(43): require_once('C:\\Users\\Lenovo...')
#6 {main}
CRITICAL - 2022-04-10 20:33:17 --> Undefined variable $data
#0 C:\Users\Lenovo\Desktop\sipontren\app\Controllers\Status_pembayaran.php(623): CodeIgniter\Debug\Exceptions->errorHandler(2, 'Undefined varia...', 'C:\\Users\\Lenovo...', 623)
#1 C:\Users\Lenovo\Desktop\sipontren\vendor\codeigniter4\framework\system\CodeIgniter.php(824): App\Controllers\Status_pembayaran->bayar()
#2 C:\Users\Lenovo\Desktop\sipontren\vendor\codeigniter4\framework\system\CodeIgniter.php(410): CodeIgniter\CodeIgniter->runController(Object(App\Controllers\Status_pembayaran))
#3 C:\Users\Lenovo\Desktop\sipontren\vendor\codeigniter4\framework\system\CodeIgniter.php(318): CodeIgniter\CodeIgniter->handleRequest(NULL, Object(Config\Cache), false)
#4 C:\Users\Lenovo\Desktop\sipontren\public\index.php(37): CodeIgniter\CodeIgniter->run()
#5 C:\Users\Lenovo\Desktop\sipontren\vendor\codeigniter4\framework\system\Commands\Server\rewrite.php(43): require_once('C:\\Users\\Lenovo...')
#6 {main}
CRITICAL - 2022-04-10 20:36:05 --> Undefined property: App\Controllers\Status_pembayaran::$modal
#0 C:\Users\Lenovo\Desktop\sipontren\app\Controllers\Status_pembayaran.php(591): CodeIgniter\Debug\Exceptions->errorHandler(2, 'Undefined prope...', 'C:\\Users\\Lenovo...', 591)
#1 C:\Users\Lenovo\Desktop\sipontren\vendor\codeigniter4\framework\system\CodeIgniter.php(824): App\Controllers\Status_pembayaran->bayar()
#2 C:\Users\Lenovo\Desktop\sipontren\vendor\codeigniter4\framework\system\CodeIgniter.php(410): CodeIgniter\CodeIgniter->runController(Object(App\Controllers\Status_pembayaran))
#3 C:\Users\Lenovo\Desktop\sipontren\vendor\codeigniter4\framework\system\CodeIgniter.php(318): CodeIgniter\CodeIgniter->handleRequest(NULL, Object(Config\Cache), false)
#4 C:\Users\Lenovo\Desktop\sipontren\public\index.php(37): CodeIgniter\CodeIgniter->run()
#5 C:\Users\Lenovo\Desktop\sipontren\vendor\codeigniter4\framework\system\Commands\Server\rewrite.php(43): require_once('C:\\Users\\Lenovo...')
#6 {main}
CRITICAL - 2022-04-10 20:37:51 --> Undefined property: App\Controllers\Status_pembayaran::$modal
#0 C:\Users\Lenovo\Desktop\sipontren\app\Controllers\Status_pembayaran.php(590): CodeIgniter\Debug\Exceptions->errorHandler(2, 'Undefined prope...', 'C:\\Users\\Lenovo...', 590)
#1 C:\Users\Lenovo\Desktop\sipontren\vendor\codeigniter4\framework\system\CodeIgniter.php(824): App\Controllers\Status_pembayaran->bayar()
#2 C:\Users\Lenovo\Desktop\sipontren\vendor\codeigniter4\framework\system\CodeIgniter.php(410): CodeIgniter\CodeIgniter->runController(Object(App\Controllers\Status_pembayaran))
#3 C:\Users\Lenovo\Desktop\sipontren\vendor\codeigniter4\framework\system\CodeIgniter.php(318): CodeIgniter\CodeIgniter->handleRequest(NULL, Object(Config\Cache), false)
#4 C:\Users\Lenovo\Desktop\sipontren\public\index.php(37): CodeIgniter\CodeIgniter->run()
#5 C:\Users\Lenovo\Desktop\sipontren\vendor\codeigniter4\framework\system\Commands\Server\rewrite.php(43): require_once('C:\\Users\\Lenovo...')
#6 {main}
CRITICAL - 2022-04-10 20:41:13 --> Undefined variable $data
#0 C:\Users\Lenovo\Desktop\sipontren\app\Controllers\Status_pembayaran.php(630): CodeIgniter\Debug\Exceptions->errorHandler(2, 'Undefined varia...', 'C:\\Users\\Lenovo...', 630)
#1 C:\Users\Lenovo\Desktop\sipontren\vendor\codeigniter4\framework\system\CodeIgniter.php(824): App\Controllers\Status_pembayaran->bayar()
#2 C:\Users\Lenovo\Desktop\sipontren\vendor\codeigniter4\framework\system\CodeIgniter.php(410): CodeIgniter\CodeIgniter->runController(Object(App\Controllers\Status_pembayaran))
#3 C:\Users\Lenovo\Desktop\sipontren\vendor\codeigniter4\framework\system\CodeIgniter.php(318): CodeIgniter\CodeIgniter->handleRequest(NULL, Object(Config\Cache), false)
#4 C:\Users\Lenovo\Desktop\sipontren\public\index.php(37): CodeIgniter\CodeIgniter->run()
#5 C:\Users\Lenovo\Desktop\sipontren\vendor\codeigniter4\framework\system\Commands\Server\rewrite.php(43): require_once('C:\\Users\\Lenovo...')
#6 {main}
