CRITICAL - 2021-11-15 09:37:57 --> Undefined property: App\Controllers\Asatidz::$asatidzModel
#0 E:\Xampp\htdocs\sipontren\app\Controllers\Asatidz.php(21): CodeIgniter\Debug\Exceptions->errorHandler(2, 'Undefined prope...', 'E:\\Xampp\\htdocs...', 21)
#1 E:\Xampp\htdocs\sipontren\vendor\codeigniter4\framework\system\CodeIgniter.php(824): App\Controllers\Asatidz->index()
#2 E:\Xampp\htdocs\sipontren\vendor\codeigniter4\framework\system\CodeIgniter.php(410): CodeIgniter\CodeIgniter->runController(Object(App\Controllers\Asatidz))
#3 E:\Xampp\htdocs\sipontren\vendor\codeigniter4\framework\system\CodeIgniter.php(318): CodeIgniter\CodeIgniter->handleRequest(NULL, Object(Config\Cache), false)
#4 E:\Xampp\htdocs\sipontren\public\index.php(37): CodeIgniter\CodeIgniter->run()
#5 E:\Xampp\htdocs\sipontren\vendor\codeigniter4\framework\system\Commands\Server\rewrite.php(43): require_once('E:\\Xampp\\htdocs...')
#6 {main}
CRITICAL - 2021-11-15 09:41:12 --> Undefined property: App\Controllers\Dashboard::$asatidzModel
#0 E:\Xampp\htdocs\sipontren\app\Controllers\Dashboard.php(27): CodeIgniter\Debug\Exceptions->errorHandler(2, 'Undefined prope...', 'E:\\Xampp\\htdocs...', 27)
#1 E:\Xampp\htdocs\sipontren\vendor\codeigniter4\framework\system\CodeIgniter.php(824): App\Controllers\Dashboard->asatidz()
#2 E:\Xampp\htdocs\sipontren\vendor\codeigniter4\framework\system\CodeIgniter.php(410): CodeIgniter\CodeIgniter->runController(Object(App\Controllers\Dashboard))
#3 E:\Xampp\htdocs\sipontren\vendor\codeigniter4\framework\system\CodeIgniter.php(318): CodeIgniter\CodeIgniter->handleRequest(NULL, Object(Config\Cache), false)
#4 E:\Xampp\htdocs\sipontren\public\index.php(37): CodeIgniter\CodeIgniter->run()
#5 E:\Xampp\htdocs\sipontren\vendor\codeigniter4\framework\system\Commands\Server\rewrite.php(43): require_once('E:\\Xampp\\htdocs...')
#6 {main}
CRITICAL - 2021-11-15 09:42:45 --> Undefined property: App\Controllers\Dashboard::$asatidzModel
#0 E:\Xampp\htdocs\sipontren\app\Controllers\Dashboard.php(27): CodeIgniter\Debug\Exceptions->errorHandler(2, 'Undefined prope...', 'E:\\Xampp\\htdocs...', 27)
#1 E:\Xampp\htdocs\sipontren\vendor\codeigniter4\framework\system\CodeIgniter.php(824): App\Controllers\Dashboard->asatidz()
#2 E:\Xampp\htdocs\sipontren\vendor\codeigniter4\framework\system\CodeIgniter.php(410): CodeIgniter\CodeIgniter->runController(Object(App\Controllers\Dashboard))
#3 E:\Xampp\htdocs\sipontren\vendor\codeigniter4\framework\system\CodeIgniter.php(318): CodeIgniter\CodeIgniter->handleRequest(NULL, Object(Config\Cache), false)
#4 E:\Xampp\htdocs\sipontren\public\index.php(37): CodeIgniter\CodeIgniter->run()
#5 E:\Xampp\htdocs\sipontren\vendor\codeigniter4\framework\system\Commands\Server\rewrite.php(43): require_once('E:\\Xampp\\htdocs...')
#6 {main}
CRITICAL - 2021-11-15 09:44:21 --> Undefined property: App\Controllers\Dashboard::$asatidzModel
#0 E:\Xampp\htdocs\sipontren\app\Controllers\Dashboard.php(27): CodeIgniter\Debug\Exceptions->errorHandler(2, 'Undefined prope...', 'E:\\Xampp\\htdocs...', 27)
#1 E:\Xampp\htdocs\sipontren\vendor\codeigniter4\framework\system\CodeIgniter.php(824): App\Controllers\Dashboard->asatidz()
#2 E:\Xampp\htdocs\sipontren\vendor\codeigniter4\framework\system\CodeIgniter.php(410): CodeIgniter\CodeIgniter->runController(Object(App\Controllers\Dashboard))
#3 E:\Xampp\htdocs\sipontren\vendor\codeigniter4\framework\system\CodeIgniter.php(318): CodeIgniter\CodeIgniter->handleRequest(NULL, Object(Config\Cache), false)
#4 E:\Xampp\htdocs\sipontren\public\index.php(37): CodeIgniter\CodeIgniter->run()
#5 E:\Xampp\htdocs\sipontren\vendor\codeigniter4\framework\system\Commands\Server\rewrite.php(43): require_once('E:\\Xampp\\htdocs...')
#6 {main}
ERROR - 2021-11-15 09:51:09 --> Table 'admin' already exists
CRITICAL - 2021-11-15 10:53:03 --> Cannot access offset of type string on string
#0 E:\Xampp\htdocs\sipontren\vendor\codeigniter4\framework\system\View\View.php(214): include()
#1 E:\Xampp\htdocs\sipontren\vendor\codeigniter4\framework\system\View\View.php(217): CodeIgniter\View\View->CodeIgniter\View\{closure}()
#2 E:\Xampp\htdocs\sipontren\vendor\codeigniter4\framework\system\Common.php(1097): CodeIgniter\View\View->render('dashboard/asati...', Array, true)
#3 E:\Xampp\htdocs\sipontren\app\Controllers\Dashboard.php(32): view('dashboard/asati...', Array)
#4 E:\Xampp\htdocs\sipontren\vendor\codeigniter4\framework\system\CodeIgniter.php(824): App\Controllers\Dashboard->asatidz()
#5 E:\Xampp\htdocs\sipontren\vendor\codeigniter4\framework\system\CodeIgniter.php(410): CodeIgniter\CodeIgniter->runController(Object(App\Controllers\Dashboard))
#6 E:\Xampp\htdocs\sipontren\vendor\codeigniter4\framework\system\CodeIgniter.php(318): CodeIgniter\CodeIgniter->handleRequest(NULL, Object(Config\Cache), false)
#7 E:\Xampp\htdocs\sipontren\public\index.php(37): CodeIgniter\CodeIgniter->run()
#8 E:\Xampp\htdocs\sipontren\vendor\codeigniter4\framework\system\Commands\Server\rewrite.php(43): require_once('E:\\Xampp\\htdocs...')
#9 {main}
CRITICAL - 2021-11-15 10:53:20 --> Undefined property: App\Controllers\Dashboard::$userModel
#0 E:\Xampp\htdocs\sipontren\app\Controllers\Dashboard.php(29): CodeIgniter\Debug\Exceptions->errorHandler(2, 'Undefined prope...', 'E:\\Xampp\\htdocs...', 29)
#1 E:\Xampp\htdocs\sipontren\vendor\codeigniter4\framework\system\CodeIgniter.php(824): App\Controllers\Dashboard->asatidz()
#2 E:\Xampp\htdocs\sipontren\vendor\codeigniter4\framework\system\CodeIgniter.php(410): CodeIgniter\CodeIgniter->runController(Object(App\Controllers\Dashboard))
#3 E:\Xampp\htdocs\sipontren\vendor\codeigniter4\framework\system\CodeIgniter.php(318): CodeIgniter\CodeIgniter->handleRequest(NULL, Object(Config\Cache), false)
#4 E:\Xampp\htdocs\sipontren\public\index.php(37): CodeIgniter\CodeIgniter->run()
#5 E:\Xampp\htdocs\sipontren\vendor\codeigniter4\framework\system\Commands\Server\rewrite.php(43): require_once('E:\\Xampp\\htdocs...')
#6 {main}
CRITICAL - 2021-11-15 10:53:26 --> Cannot access offset of type string on string
#0 E:\Xampp\htdocs\sipontren\vendor\codeigniter4\framework\system\View\View.php(214): include()
#1 E:\Xampp\htdocs\sipontren\vendor\codeigniter4\framework\system\View\View.php(217): CodeIgniter\View\View->CodeIgniter\View\{closure}()
#2 E:\Xampp\htdocs\sipontren\vendor\codeigniter4\framework\system\Common.php(1097): CodeIgniter\View\View->render('dashboard/asati...', Array, true)
#3 E:\Xampp\htdocs\sipontren\app\Controllers\Dashboard.php(32): view('dashboard/asati...', Array)
#4 E:\Xampp\htdocs\sipontren\vendor\codeigniter4\framework\system\CodeIgniter.php(824): App\Controllers\Dashboard->asatidz()
#5 E:\Xampp\htdocs\sipontren\vendor\codeigniter4\framework\system\CodeIgniter.php(410): CodeIgniter\CodeIgniter->runController(Object(App\Controllers\Dashboard))
#6 E:\Xampp\htdocs\sipontren\vendor\codeigniter4\framework\system\CodeIgniter.php(318): CodeIgniter\CodeIgniter->handleRequest(NULL, Object(Config\Cache), false)
#7 E:\Xampp\htdocs\sipontren\public\index.php(37): CodeIgniter\CodeIgniter->run()
#8 E:\Xampp\htdocs\sipontren\vendor\codeigniter4\framework\system\Commands\Server\rewrite.php(43): require_once('E:\\Xampp\\htdocs...')
#9 {main}
CRITICAL - 2021-11-15 10:53:28 --> Cannot access offset of type string on string
#0 E:\Xampp\htdocs\sipontren\vendor\codeigniter4\framework\system\View\View.php(214): include()
#1 E:\Xampp\htdocs\sipontren\vendor\codeigniter4\framework\system\View\View.php(217): CodeIgniter\View\View->CodeIgniter\View\{closure}()
#2 E:\Xampp\htdocs\sipontren\vendor\codeigniter4\framework\system\Common.php(1097): CodeIgniter\View\View->render('dashboard/asati...', Array, true)
#3 E:\Xampp\htdocs\sipontren\app\Controllers\Dashboard.php(32): view('dashboard/asati...', Array)
#4 E:\Xampp\htdocs\sipontren\vendor\codeigniter4\framework\system\CodeIgniter.php(824): App\Controllers\Dashboard->asatidz()
#5 E:\Xampp\htdocs\sipontren\vendor\codeigniter4\framework\system\CodeIgniter.php(410): CodeIgniter\CodeIgniter->runController(Object(App\Controllers\Dashboard))
#6 E:\Xampp\htdocs\sipontren\vendor\codeigniter4\framework\system\CodeIgniter.php(318): CodeIgniter\CodeIgniter->handleRequest(NULL, Object(Config\Cache), false)
#7 E:\Xampp\htdocs\sipontren\public\index.php(37): CodeIgniter\CodeIgniter->run()
#8 E:\Xampp\htdocs\sipontren\vendor\codeigniter4\framework\system\Commands\Server\rewrite.php(43): require_once('E:\\Xampp\\htdocs...')
#9 {main}
CRITICAL - 2021-11-15 11:22:45 --> Undefined variable $asatidz
#0 E:\Xampp\htdocs\sipontren\app\Views\dashboard\asatidz.php(73): CodeIgniter\Debug\Exceptions->errorHandler(2, 'Undefined varia...', 'E:\\Xampp\\htdocs...', 73)
#1 E:\Xampp\htdocs\sipontren\vendor\codeigniter4\framework\system\View\View.php(214): include('E:\\Xampp\\htdocs...')
#2 E:\Xampp\htdocs\sipontren\vendor\codeigniter4\framework\system\View\View.php(217): CodeIgniter\View\View->CodeIgniter\View\{closure}()
#3 E:\Xampp\htdocs\sipontren\vendor\codeigniter4\framework\system\Common.php(1097): CodeIgniter\View\View->render('dashboard/asati...', Array, true)
#4 E:\Xampp\htdocs\sipontren\app\Controllers\Dashboard.php(33): view('dashboard/asati...', Array)
#5 E:\Xampp\htdocs\sipontren\vendor\codeigniter4\framework\system\CodeIgniter.php(824): App\Controllers\Dashboard->asatidz()
#6 E:\Xampp\htdocs\sipontren\vendor\codeigniter4\framework\system\CodeIgniter.php(410): CodeIgniter\CodeIgniter->runController(Object(App\Controllers\Dashboard))
#7 E:\Xampp\htdocs\sipontren\vendor\codeigniter4\framework\system\CodeIgniter.php(318): CodeIgniter\CodeIgniter->handleRequest(NULL, Object(Config\Cache), false)
#8 E:\Xampp\htdocs\sipontren\public\index.php(37): CodeIgniter\CodeIgniter->run()
#9 E:\Xampp\htdocs\sipontren\vendor\codeigniter4\framework\system\Commands\Server\rewrite.php(43): require_once('E:\\Xampp\\htdocs...')
#10 {main}
CRITICAL - 2021-11-15 11:22:53 --> Cannot access offset of type string on string
#0 E:\Xampp\htdocs\sipontren\vendor\codeigniter4\framework\system\View\View.php(214): include()
#1 E:\Xampp\htdocs\sipontren\vendor\codeigniter4\framework\system\View\View.php(217): CodeIgniter\View\View->CodeIgniter\View\{closure}()
#2 E:\Xampp\htdocs\sipontren\vendor\codeigniter4\framework\system\Common.php(1097): CodeIgniter\View\View->render('dashboard/asati...', Array, true)
#3 E:\Xampp\htdocs\sipontren\app\Controllers\Dashboard.php(33): view('dashboard/asati...', Array)
#4 E:\Xampp\htdocs\sipontren\vendor\codeigniter4\framework\system\CodeIgniter.php(824): App\Controllers\Dashboard->asatidz()
#5 E:\Xampp\htdocs\sipontren\vendor\codeigniter4\framework\system\CodeIgniter.php(410): CodeIgniter\CodeIgniter->runController(Object(App\Controllers\Dashboard))
#6 E:\Xampp\htdocs\sipontren\vendor\codeigniter4\framework\system\CodeIgniter.php(318): CodeIgniter\CodeIgniter->handleRequest(NULL, Object(Config\Cache), false)
#7 E:\Xampp\htdocs\sipontren\public\index.php(37): CodeIgniter\CodeIgniter->run()
#8 E:\Xampp\htdocs\sipontren\vendor\codeigniter4\framework\system\Commands\Server\rewrite.php(43): require_once('E:\\Xampp\\htdocs...')
#9 {main}
CRITICAL - 2021-11-15 11:33:30 --> Undefined variable $program
#0 E:\Xampp\htdocs\sipontren\app\Views\dashboard\asatidz.php(19): CodeIgniter\Debug\Exceptions->errorHandler(2, 'Undefined varia...', 'E:\\Xampp\\htdocs...', 19)
#1 E:\Xampp\htdocs\sipontren\vendor\codeigniter4\framework\system\View\View.php(214): include('E:\\Xampp\\htdocs...')
#2 E:\Xampp\htdocs\sipontren\vendor\codeigniter4\framework\system\View\View.php(217): CodeIgniter\View\View->CodeIgniter\View\{closure}()
#3 E:\Xampp\htdocs\sipontren\vendor\codeigniter4\framework\system\Common.php(1097): CodeIgniter\View\View->render('dashboard/asati...', Array, true)
#4 E:\Xampp\htdocs\sipontren\app\Controllers\Dashboard.php(33): view('dashboard/asati...', Array)
#5 E:\Xampp\htdocs\sipontren\vendor\codeigniter4\framework\system\CodeIgniter.php(824): App\Controllers\Dashboard->asatidz()
#6 E:\Xampp\htdocs\sipontren\vendor\codeigniter4\framework\system\CodeIgniter.php(410): CodeIgniter\CodeIgniter->runController(Object(App\Controllers\Dashboard))
#7 E:\Xampp\htdocs\sipontren\vendor\codeigniter4\framework\system\CodeIgniter.php(318): CodeIgniter\CodeIgniter->handleRequest(NULL, Object(Config\Cache), false)
#8 E:\Xampp\htdocs\sipontren\public\index.php(37): CodeIgniter\CodeIgniter->run()
#9 E:\Xampp\htdocs\sipontren\vendor\codeigniter4\framework\system\Commands\Server\rewrite.php(43): require_once('E:\\Xampp\\htdocs...')
#10 {main}
CRITICAL - 2021-11-15 11:44:03 --> foreach() argument must be of type array|object, int given
#0 E:\Xampp\htdocs\sipontren\app\Views\dashboard\asatidz.php(19): CodeIgniter\Debug\Exceptions->errorHandler(2, 'foreach() argum...', 'E:\\Xampp\\htdocs...', 19)
#1 E:\Xampp\htdocs\sipontren\vendor\codeigniter4\framework\system\View\View.php(214): include('E:\\Xampp\\htdocs...')
#2 E:\Xampp\htdocs\sipontren\vendor\codeigniter4\framework\system\View\View.php(217): CodeIgniter\View\View->CodeIgniter\View\{closure}()
#3 E:\Xampp\htdocs\sipontren\vendor\codeigniter4\framework\system\Common.php(1097): CodeIgniter\View\View->render('dashboard/asati...', Array, true)
#4 E:\Xampp\htdocs\sipontren\app\Controllers\Dashboard.php(34): view('dashboard/asati...', Array)
#5 E:\Xampp\htdocs\sipontren\vendor\codeigniter4\framework\system\CodeIgniter.php(824): App\Controllers\Dashboard->asatidz()
#6 E:\Xampp\htdocs\sipontren\vendor\codeigniter4\framework\system\CodeIgniter.php(410): CodeIgniter\CodeIgniter->runController(Object(App\Controllers\Dashboard))
#7 E:\Xampp\htdocs\sipontren\vendor\codeigniter4\framework\system\CodeIgniter.php(318): CodeIgniter\CodeIgniter->handleRequest(NULL, Object(Config\Cache), false)
#8 E:\Xampp\htdocs\sipontren\public\index.php(37): CodeIgniter\CodeIgniter->run()
#9 E:\Xampp\htdocs\sipontren\vendor\codeigniter4\framework\system\Commands\Server\rewrite.php(43): require_once('E:\\Xampp\\htdocs...')
#10 {main}
CRITICAL - 2021-11-15 11:46:06 --> foreach() argument must be of type array|object, int given
#0 E:\Xampp\htdocs\sipontren\app\Views\dashboard\asatidz.php(19): CodeIgniter\Debug\Exceptions->errorHandler(2, 'foreach() argum...', 'E:\\Xampp\\htdocs...', 19)
#1 E:\Xampp\htdocs\sipontren\vendor\codeigniter4\framework\system\View\View.php(214): include('E:\\Xampp\\htdocs...')
#2 E:\Xampp\htdocs\sipontren\vendor\codeigniter4\framework\system\View\View.php(217): CodeIgniter\View\View->CodeIgniter\View\{closure}()
#3 E:\Xampp\htdocs\sipontren\vendor\codeigniter4\framework\system\Common.php(1097): CodeIgniter\View\View->render('dashboard/asati...', Array, true)
#4 E:\Xampp\htdocs\sipontren\app\Controllers\Dashboard.php(35): view('dashboard/asati...', Array)
#5 E:\Xampp\htdocs\sipontren\vendor\codeigniter4\framework\system\CodeIgniter.php(824): App\Controllers\Dashboard->asatidz()
#6 E:\Xampp\htdocs\sipontren\vendor\codeigniter4\framework\system\CodeIgniter.php(410): CodeIgniter\CodeIgniter->runController(Object(App\Controllers\Dashboard))
#7 E:\Xampp\htdocs\sipontren\vendor\codeigniter4\framework\system\CodeIgniter.php(318): CodeIgniter\CodeIgniter->handleRequest(NULL, Object(Config\Cache), false)
#8 E:\Xampp\htdocs\sipontren\public\index.php(37): CodeIgniter\CodeIgniter->run()
#9 E:\Xampp\htdocs\sipontren\vendor\codeigniter4\framework\system\Commands\Server\rewrite.php(43): require_once('E:\\Xampp\\htdocs...')
#10 {main}
CRITICAL - 2021-11-15 11:51:27 --> syntax error, unexpected identifier "session", expecting ")"
#0 E:\Xampp\htdocs\sipontren\vendor\codeigniter4\framework\system\Autoloader\Autoloader.php(241): CodeIgniter\Autoloader\Autoloader->includeFile('E:\\Xampp\\htdocs...')
#1 E:\Xampp\htdocs\sipontren\vendor\codeigniter4\framework\system\Autoloader\Autoloader.php(219): CodeIgniter\Autoloader\Autoloader->loadInNamespace('App\\Controllers...')
#2 [internal function]: CodeIgniter\Autoloader\Autoloader->loadClass('App\\Controllers...')
#3 E:\Xampp\htdocs\sipontren\vendor\codeigniter4\framework\system\CodeIgniter.php(789): class_exists('\\App\\Controller...', true)
#4 E:\Xampp\htdocs\sipontren\vendor\codeigniter4\framework\system\CodeIgniter.php(397): CodeIgniter\CodeIgniter->startController()
#5 E:\Xampp\htdocs\sipontren\vendor\codeigniter4\framework\system\CodeIgniter.php(318): CodeIgniter\CodeIgniter->handleRequest(NULL, Object(Config\Cache), false)
#6 E:\Xampp\htdocs\sipontren\public\index.php(37): CodeIgniter\CodeIgniter->run()
#7 E:\Xampp\htdocs\sipontren\vendor\codeigniter4\framework\system\Commands\Server\rewrite.php(43): require_once('E:\\Xampp\\htdocs...')
#8 {main}
CRITICAL - 2021-11-15 11:52:25 --> Undefined variable $totalProgram
#0 E:\Xampp\htdocs\sipontren\app\Views\dashboard\asatidz.php(21): CodeIgniter\Debug\Exceptions->errorHandler(2, 'Undefined varia...', 'E:\\Xampp\\htdocs...', 21)
#1 E:\Xampp\htdocs\sipontren\vendor\codeigniter4\framework\system\View\View.php(214): include('E:\\Xampp\\htdocs...')
#2 E:\Xampp\htdocs\sipontren\vendor\codeigniter4\framework\system\View\View.php(217): CodeIgniter\View\View->CodeIgniter\View\{closure}()
#3 E:\Xampp\htdocs\sipontren\vendor\codeigniter4\framework\system\Common.php(1097): CodeIgniter\View\View->render('dashboard/asati...', Array, true)
#4 E:\Xampp\htdocs\sipontren\app\Controllers\Dashboard.php(33): view('dashboard/asati...', Array)
#5 E:\Xampp\htdocs\sipontren\vendor\codeigniter4\framework\system\CodeIgniter.php(824): App\Controllers\Dashboard->asatidz()
#6 E:\Xampp\htdocs\sipontren\vendor\codeigniter4\framework\system\CodeIgniter.php(410): CodeIgniter\CodeIgniter->runController(Object(App\Controllers\Dashboard))
#7 E:\Xampp\htdocs\sipontren\vendor\codeigniter4\framework\system\CodeIgniter.php(318): CodeIgniter\CodeIgniter->handleRequest(NULL, Object(Config\Cache), false)
#8 E:\Xampp\htdocs\sipontren\public\index.php(37): CodeIgniter\CodeIgniter->run()
#9 E:\Xampp\htdocs\sipontren\vendor\codeigniter4\framework\system\Commands\Server\rewrite.php(43): require_once('E:\\Xampp\\htdocs...')
#10 {main}
CRITICAL - 2021-11-15 11:52:29 --> Undefined variable $totalProgram
#0 E:\Xampp\htdocs\sipontren\app\Views\dashboard\asatidz.php(21): CodeIgniter\Debug\Exceptions->errorHandler(2, 'Undefined varia...', 'E:\\Xampp\\htdocs...', 21)
#1 E:\Xampp\htdocs\sipontren\vendor\codeigniter4\framework\system\View\View.php(214): include('E:\\Xampp\\htdocs...')
#2 E:\Xampp\htdocs\sipontren\vendor\codeigniter4\framework\system\View\View.php(217): CodeIgniter\View\View->CodeIgniter\View\{closure}()
#3 E:\Xampp\htdocs\sipontren\vendor\codeigniter4\framework\system\Common.php(1097): CodeIgniter\View\View->render('dashboard/asati...', Array, true)
#4 E:\Xampp\htdocs\sipontren\app\Controllers\Dashboard.php(33): view('dashboard/asati...', Array)
#5 E:\Xampp\htdocs\sipontren\vendor\codeigniter4\framework\system\CodeIgniter.php(824): App\Controllers\Dashboard->asatidz()
#6 E:\Xampp\htdocs\sipontren\vendor\codeigniter4\framework\system\CodeIgniter.php(410): CodeIgniter\CodeIgniter->runController(Object(App\Controllers\Dashboard))
#7 E:\Xampp\htdocs\sipontren\vendor\codeigniter4\framework\system\CodeIgniter.php(318): CodeIgniter\CodeIgniter->handleRequest(NULL, Object(Config\Cache), false)
#8 E:\Xampp\htdocs\sipontren\public\index.php(37): CodeIgniter\CodeIgniter->run()
#9 E:\Xampp\htdocs\sipontren\vendor\codeigniter4\framework\system\Commands\Server\rewrite.php(43): require_once('E:\\Xampp\\htdocs...')
#10 {main}
CRITICAL - 2021-11-15 12:15:16 --> Too few arguments to function App\Controllers\Admin::detail(), 0 passed in E:\Xampp\htdocs\sipontren\vendor\codeigniter4\framework\system\CodeIgniter.php on line 824 and exactly 1 expected
#0 E:\Xampp\htdocs\sipontren\vendor\codeigniter4\framework\system\CodeIgniter.php(824): App\Controllers\Admin->detail()
#1 E:\Xampp\htdocs\sipontren\vendor\codeigniter4\framework\system\CodeIgniter.php(410): CodeIgniter\CodeIgniter->runController(Object(App\Controllers\Admin))
#2 E:\Xampp\htdocs\sipontren\vendor\codeigniter4\framework\system\CodeIgniter.php(318): CodeIgniter\CodeIgniter->handleRequest(NULL, Object(Config\Cache), false)
#3 E:\Xampp\htdocs\sipontren\public\index.php(37): CodeIgniter\CodeIgniter->run()
#4 E:\Xampp\htdocs\sipontren\vendor\codeigniter4\framework\system\Commands\Server\rewrite.php(43): require_once('E:\\Xampp\\htdocs...')
#5 {main}
CRITICAL - 2021-11-15 12:15:39 --> Too few arguments to function App\Controllers\Admin::detail(), 0 passed in E:\Xampp\htdocs\sipontren\vendor\codeigniter4\framework\system\CodeIgniter.php on line 824 and exactly 1 expected
#0 E:\Xampp\htdocs\sipontren\vendor\codeigniter4\framework\system\CodeIgniter.php(824): App\Controllers\Admin->detail()
#1 E:\Xampp\htdocs\sipontren\vendor\codeigniter4\framework\system\CodeIgniter.php(410): CodeIgniter\CodeIgniter->runController(Object(App\Controllers\Admin))
#2 E:\Xampp\htdocs\sipontren\vendor\codeigniter4\framework\system\CodeIgniter.php(318): CodeIgniter\CodeIgniter->handleRequest(NULL, Object(Config\Cache), false)
#3 E:\Xampp\htdocs\sipontren\public\index.php(37): CodeIgniter\CodeIgniter->run()
#4 E:\Xampp\htdocs\sipontren\vendor\codeigniter4\framework\system\Commands\Server\rewrite.php(43): require_once('E:\\Xampp\\htdocs...')
#5 {main}
CRITICAL - 2021-11-15 12:17:54 --> Too few arguments to function App\Controllers\Admin::detail(), 0 passed in E:\Xampp\htdocs\sipontren\vendor\codeigniter4\framework\system\CodeIgniter.php on line 824 and exactly 1 expected
#0 E:\Xampp\htdocs\sipontren\vendor\codeigniter4\framework\system\CodeIgniter.php(824): App\Controllers\Admin->detail()
#1 E:\Xampp\htdocs\sipontren\vendor\codeigniter4\framework\system\CodeIgniter.php(410): CodeIgniter\CodeIgniter->runController(Object(App\Controllers\Admin))
#2 E:\Xampp\htdocs\sipontren\vendor\codeigniter4\framework\system\CodeIgniter.php(318): CodeIgniter\CodeIgniter->handleRequest(NULL, Object(Config\Cache), false)
#3 E:\Xampp\htdocs\sipontren\public\index.php(37): CodeIgniter\CodeIgniter->run()
#4 E:\Xampp\htdocs\sipontren\vendor\codeigniter4\framework\system\Commands\Server\rewrite.php(43): require_once('E:\\Xampp\\htdocs...')
#5 {main}
CRITICAL - 2021-11-15 12:20:40 --> Undefined property: App\Controllers\Asatidz::$asatidzModel
#0 E:\Xampp\htdocs\sipontren\app\Controllers\Asatidz.php(33): CodeIgniter\Debug\Exceptions->errorHandler(2, 'Undefined prope...', 'E:\\Xampp\\htdocs...', 33)
#1 E:\Xampp\htdocs\sipontren\vendor\codeigniter4\framework\system\CodeIgniter.php(824): App\Controllers\Asatidz->profil()
#2 E:\Xampp\htdocs\sipontren\vendor\codeigniter4\framework\system\CodeIgniter.php(410): CodeIgniter\CodeIgniter->runController(Object(App\Controllers\Asatidz))
#3 E:\Xampp\htdocs\sipontren\vendor\codeigniter4\framework\system\CodeIgniter.php(318): CodeIgniter\CodeIgniter->handleRequest(NULL, Object(Config\Cache), false)
#4 E:\Xampp\htdocs\sipontren\public\index.php(37): CodeIgniter\CodeIgniter->run()
#5 E:\Xampp\htdocs\sipontren\vendor\codeigniter4\framework\system\Commands\Server\rewrite.php(43): require_once('E:\\Xampp\\htdocs...')
#6 {main}
CRITICAL - 2021-11-15 12:20:48 --> Undefined variable $admin
#0 E:\Xampp\htdocs\sipontren\app\Views\asatidz\profil.php(33): CodeIgniter\Debug\Exceptions->errorHandler(2, 'Undefined varia...', 'E:\\Xampp\\htdocs...', 33)
#1 E:\Xampp\htdocs\sipontren\vendor\codeigniter4\framework\system\View\View.php(214): include('E:\\Xampp\\htdocs...')
#2 E:\Xampp\htdocs\sipontren\vendor\codeigniter4\framework\system\View\View.php(217): CodeIgniter\View\View->CodeIgniter\View\{closure}()
#3 E:\Xampp\htdocs\sipontren\vendor\codeigniter4\framework\system\Common.php(1097): CodeIgniter\View\View->render('asatidz/profil', Array, true)
#4 E:\Xampp\htdocs\sipontren\app\Controllers\Asatidz.php(35): view('asatidz/profil', Array)
#5 E:\Xampp\htdocs\sipontren\vendor\codeigniter4\framework\system\CodeIgniter.php(824): App\Controllers\Asatidz->profil()
#6 E:\Xampp\htdocs\sipontren\vendor\codeigniter4\framework\system\CodeIgniter.php(410): CodeIgniter\CodeIgniter->runController(Object(App\Controllers\Asatidz))
#7 E:\Xampp\htdocs\sipontren\vendor\codeigniter4\framework\system\CodeIgniter.php(318): CodeIgniter\CodeIgniter->handleRequest(NULL, Object(Config\Cache), false)
#8 E:\Xampp\htdocs\sipontren\public\index.php(37): CodeIgniter\CodeIgniter->run()
#9 E:\Xampp\htdocs\sipontren\vendor\codeigniter4\framework\system\Commands\Server\rewrite.php(43): require_once('E:\\Xampp\\htdocs...')
#10 {main}
CRITICAL - 2021-11-15 12:20:51 --> Undefined property: App\Controllers\Asatidz::$asatidzModel
#0 E:\Xampp\htdocs\sipontren\app\Controllers\Asatidz.php(34): CodeIgniter\Debug\Exceptions->errorHandler(2, 'Undefined prope...', 'E:\\Xampp\\htdocs...', 34)
#1 E:\Xampp\htdocs\sipontren\vendor\codeigniter4\framework\system\CodeIgniter.php(824): App\Controllers\Asatidz->profil()
#2 E:\Xampp\htdocs\sipontren\vendor\codeigniter4\framework\system\CodeIgniter.php(410): CodeIgniter\CodeIgniter->runController(Object(App\Controllers\Asatidz))
#3 E:\Xampp\htdocs\sipontren\vendor\codeigniter4\framework\system\CodeIgniter.php(318): CodeIgniter\CodeIgniter->handleRequest(NULL, Object(Config\Cache), false)
#4 E:\Xampp\htdocs\sipontren\public\index.php(37): CodeIgniter\CodeIgniter->run()
#5 E:\Xampp\htdocs\sipontren\vendor\codeigniter4\framework\system\Commands\Server\rewrite.php(43): require_once('E:\\Xampp\\htdocs...')
#6 {main}
CRITICAL - 2021-11-15 12:21:07 --> Undefined property: App\Controllers\Asatidz::$asatidzModel
#0 E:\Xampp\htdocs\sipontren\app\Controllers\Asatidz.php(33): CodeIgniter\Debug\Exceptions->errorHandler(2, 'Undefined prope...', 'E:\\Xampp\\htdocs...', 33)
#1 E:\Xampp\htdocs\sipontren\vendor\codeigniter4\framework\system\CodeIgniter.php(824): App\Controllers\Asatidz->profil()
#2 E:\Xampp\htdocs\sipontren\vendor\codeigniter4\framework\system\CodeIgniter.php(410): CodeIgniter\CodeIgniter->runController(Object(App\Controllers\Asatidz))
#3 E:\Xampp\htdocs\sipontren\vendor\codeigniter4\framework\system\CodeIgniter.php(318): CodeIgniter\CodeIgniter->handleRequest(NULL, Object(Config\Cache), false)
#4 E:\Xampp\htdocs\sipontren\public\index.php(37): CodeIgniter\CodeIgniter->run()
#5 E:\Xampp\htdocs\sipontren\vendor\codeigniter4\framework\system\Commands\Server\rewrite.php(43): require_once('E:\\Xampp\\htdocs...')
#6 {main}
CRITICAL - 2021-11-15 12:21:54 --> Undefined property: App\Controllers\Asatidz::$asatidzModel
#0 E:\Xampp\htdocs\sipontren\app\Controllers\Asatidz.php(33): CodeIgniter\Debug\Exceptions->errorHandler(2, 'Undefined prope...', 'E:\\Xampp\\htdocs...', 33)
#1 E:\Xampp\htdocs\sipontren\vendor\codeigniter4\framework\system\CodeIgniter.php(824): App\Controllers\Asatidz->profil()
#2 E:\Xampp\htdocs\sipontren\vendor\codeigniter4\framework\system\CodeIgniter.php(410): CodeIgniter\CodeIgniter->runController(Object(App\Controllers\Asatidz))
#3 E:\Xampp\htdocs\sipontren\vendor\codeigniter4\framework\system\CodeIgniter.php(318): CodeIgniter\CodeIgniter->handleRequest(NULL, Object(Config\Cache), false)
#4 E:\Xampp\htdocs\sipontren\public\index.php(37): CodeIgniter\CodeIgniter->run()
#5 E:\Xampp\htdocs\sipontren\vendor\codeigniter4\framework\system\Commands\Server\rewrite.php(43): require_once('E:\\Xampp\\htdocs...')
#6 {main}
CRITICAL - 2021-11-15 12:22:01 --> Undefined property: App\Controllers\Asatidz::$asatidzModel
#0 E:\Xampp\htdocs\sipontren\app\Controllers\Asatidz.php(33): CodeIgniter\Debug\Exceptions->errorHandler(2, 'Undefined prope...', 'E:\\Xampp\\htdocs...', 33)
#1 E:\Xampp\htdocs\sipontren\vendor\codeigniter4\framework\system\CodeIgniter.php(824): App\Controllers\Asatidz->profil()
#2 E:\Xampp\htdocs\sipontren\vendor\codeigniter4\framework\system\CodeIgniter.php(410): CodeIgniter\CodeIgniter->runController(Object(App\Controllers\Asatidz))
#3 E:\Xampp\htdocs\sipontren\vendor\codeigniter4\framework\system\CodeIgniter.php(318): CodeIgniter\CodeIgniter->handleRequest(NULL, Object(Config\Cache), false)
#4 E:\Xampp\htdocs\sipontren\public\index.php(37): CodeIgniter\CodeIgniter->run()
#5 E:\Xampp\htdocs\sipontren\vendor\codeigniter4\framework\system\Commands\Server\rewrite.php(43): require_once('E:\\Xampp\\htdocs...')
#6 {main}
CRITICAL - 2021-11-15 12:22:27 --> Undefined property: App\Controllers\Asatidz::$asatidzModel
#0 E:\Xampp\htdocs\sipontren\app\Controllers\Asatidz.php(33): CodeIgniter\Debug\Exceptions->errorHandler(2, 'Undefined prope...', 'E:\\Xampp\\htdocs...', 33)
#1 E:\Xampp\htdocs\sipontren\vendor\codeigniter4\framework\system\CodeIgniter.php(824): App\Controllers\Asatidz->profil()
#2 E:\Xampp\htdocs\sipontren\vendor\codeigniter4\framework\system\CodeIgniter.php(410): CodeIgniter\CodeIgniter->runController(Object(App\Controllers\Asatidz))
#3 E:\Xampp\htdocs\sipontren\vendor\codeigniter4\framework\system\CodeIgniter.php(318): CodeIgniter\CodeIgniter->handleRequest(NULL, Object(Config\Cache), false)
#4 E:\Xampp\htdocs\sipontren\public\index.php(37): CodeIgniter\CodeIgniter->run()
#5 E:\Xampp\htdocs\sipontren\vendor\codeigniter4\framework\system\Commands\Server\rewrite.php(43): require_once('E:\\Xampp\\htdocs...')
#6 {main}
CRITICAL - 2021-11-15 12:22:28 --> Undefined property: App\Controllers\Asatidz::$asatidzModel
#0 E:\Xampp\htdocs\sipontren\app\Controllers\Asatidz.php(33): CodeIgniter\Debug\Exceptions->errorHandler(2, 'Undefined prope...', 'E:\\Xampp\\htdocs...', 33)
#1 E:\Xampp\htdocs\sipontren\vendor\codeigniter4\framework\system\CodeIgniter.php(824): App\Controllers\Asatidz->profil()
#2 E:\Xampp\htdocs\sipontren\vendor\codeigniter4\framework\system\CodeIgniter.php(410): CodeIgniter\CodeIgniter->runController(Object(App\Controllers\Asatidz))
#3 E:\Xampp\htdocs\sipontren\vendor\codeigniter4\framework\system\CodeIgniter.php(318): CodeIgniter\CodeIgniter->handleRequest(NULL, Object(Config\Cache), false)
#4 E:\Xampp\htdocs\sipontren\public\index.php(37): CodeIgniter\CodeIgniter->run()
#5 E:\Xampp\htdocs\sipontren\vendor\codeigniter4\framework\system\Commands\Server\rewrite.php(43): require_once('E:\\Xampp\\htdocs...')
#6 {main}
CRITICAL - 2021-11-15 12:24:40 --> Undefined property: App\Controllers\Asatidz::$asatidzModel
#0 E:\Xampp\htdocs\sipontren\app\Controllers\Asatidz.php(34): CodeIgniter\Debug\Exceptions->errorHandler(2, 'Undefined prope...', 'E:\\Xampp\\htdocs...', 34)
#1 E:\Xampp\htdocs\sipontren\vendor\codeigniter4\framework\system\CodeIgniter.php(824): App\Controllers\Asatidz->profil()
#2 E:\Xampp\htdocs\sipontren\vendor\codeigniter4\framework\system\CodeIgniter.php(410): CodeIgniter\CodeIgniter->runController(Object(App\Controllers\Asatidz))
#3 E:\Xampp\htdocs\sipontren\vendor\codeigniter4\framework\system\CodeIgniter.php(318): CodeIgniter\CodeIgniter->handleRequest(NULL, Object(Config\Cache), false)
#4 E:\Xampp\htdocs\sipontren\public\index.php(37): CodeIgniter\CodeIgniter->run()
#5 E:\Xampp\htdocs\sipontren\vendor\codeigniter4\framework\system\Commands\Server\rewrite.php(43): require_once('E:\\Xampp\\htdocs...')
#6 {main}
CRITICAL - 2021-11-15 12:24:45 --> Undefined variable $admin
#0 E:\Xampp\htdocs\sipontren\app\Views\asatidz\profil.php(33): CodeIgniter\Debug\Exceptions->errorHandler(2, 'Undefined varia...', 'E:\\Xampp\\htdocs...', 33)
#1 E:\Xampp\htdocs\sipontren\vendor\codeigniter4\framework\system\View\View.php(214): include('E:\\Xampp\\htdocs...')
#2 E:\Xampp\htdocs\sipontren\vendor\codeigniter4\framework\system\View\View.php(217): CodeIgniter\View\View->CodeIgniter\View\{closure}()
#3 E:\Xampp\htdocs\sipontren\vendor\codeigniter4\framework\system\Common.php(1097): CodeIgniter\View\View->render('asatidz/profil', Array, true)
#4 E:\Xampp\htdocs\sipontren\app\Controllers\Asatidz.php(35): view('asatidz/profil', Array)
#5 E:\Xampp\htdocs\sipontren\vendor\codeigniter4\framework\system\CodeIgniter.php(824): App\Controllers\Asatidz->profil()
#6 E:\Xampp\htdocs\sipontren\vendor\codeigniter4\framework\system\CodeIgniter.php(410): CodeIgniter\CodeIgniter->runController(Object(App\Controllers\Asatidz))
#7 E:\Xampp\htdocs\sipontren\vendor\codeigniter4\framework\system\CodeIgniter.php(318): CodeIgniter\CodeIgniter->handleRequest(NULL, Object(Config\Cache), false)
#8 E:\Xampp\htdocs\sipontren\public\index.php(37): CodeIgniter\CodeIgniter->run()
#9 E:\Xampp\htdocs\sipontren\vendor\codeigniter4\framework\system\Commands\Server\rewrite.php(43): require_once('E:\\Xampp\\htdocs...')
#10 {main}
CRITICAL - 2021-11-15 12:25:12 --> syntax error, unexpected token "endforeach", expecting end of file
#0 E:\Xampp\htdocs\sipontren\vendor\codeigniter4\framework\system\View\View.php(217): CodeIgniter\View\View->CodeIgniter\View\{closure}()
#1 E:\Xampp\htdocs\sipontren\vendor\codeigniter4\framework\system\Common.php(1097): CodeIgniter\View\View->render('asatidz/profil', Array, true)
#2 E:\Xampp\htdocs\sipontren\app\Controllers\Asatidz.php(35): view('asatidz/profil', Array)
#3 E:\Xampp\htdocs\sipontren\vendor\codeigniter4\framework\system\CodeIgniter.php(824): App\Controllers\Asatidz->profil()
#4 E:\Xampp\htdocs\sipontren\vendor\codeigniter4\framework\system\CodeIgniter.php(410): CodeIgniter\CodeIgniter->runController(Object(App\Controllers\Asatidz))
#5 E:\Xampp\htdocs\sipontren\vendor\codeigniter4\framework\system\CodeIgniter.php(318): CodeIgniter\CodeIgniter->handleRequest(NULL, Object(Config\Cache), false)
#6 E:\Xampp\htdocs\sipontren\public\index.php(37): CodeIgniter\CodeIgniter->run()
#7 E:\Xampp\htdocs\sipontren\vendor\codeigniter4\framework\system\Commands\Server\rewrite.php(43): require_once('E:\\Xampp\\htdocs...')
#8 {main}
CRITICAL - 2021-11-15 12:25:17 --> Undefined variable $a
#0 E:\Xampp\htdocs\sipontren\app\Views\asatidz\profil.php(37): CodeIgniter\Debug\Exceptions->errorHandler(2, 'Undefined varia...', 'E:\\Xampp\\htdocs...', 37)
#1 E:\Xampp\htdocs\sipontren\vendor\codeigniter4\framework\system\View\View.php(214): include('E:\\Xampp\\htdocs...')
#2 E:\Xampp\htdocs\sipontren\vendor\codeigniter4\framework\system\View\View.php(217): CodeIgniter\View\View->CodeIgniter\View\{closure}()
#3 E:\Xampp\htdocs\sipontren\vendor\codeigniter4\framework\system\Common.php(1097): CodeIgniter\View\View->render('asatidz/profil', Array, true)
#4 E:\Xampp\htdocs\sipontren\app\Controllers\Asatidz.php(35): view('asatidz/profil', Array)
#5 E:\Xampp\htdocs\sipontren\vendor\codeigniter4\framework\system\CodeIgniter.php(824): App\Controllers\Asatidz->profil()
#6 E:\Xampp\htdocs\sipontren\vendor\codeigniter4\framework\system\CodeIgniter.php(410): CodeIgniter\CodeIgniter->runController(Object(App\Controllers\Asatidz))
#7 E:\Xampp\htdocs\sipontren\vendor\codeigniter4\framework\system\CodeIgniter.php(318): CodeIgniter\CodeIgniter->handleRequest(NULL, Object(Config\Cache), false)
#8 E:\Xampp\htdocs\sipontren\public\index.php(37): CodeIgniter\CodeIgniter->run()
#9 E:\Xampp\htdocs\sipontren\vendor\codeigniter4\framework\system\Commands\Server\rewrite.php(43): require_once('E:\\Xampp\\htdocs...')
#10 {main}
CRITICAL - 2021-11-15 12:25:30 --> Undefined variable $a
#0 E:\Xampp\htdocs\sipontren\app\Views\asatidz\profil.php(37): CodeIgniter\Debug\Exceptions->errorHandler(2, 'Undefined varia...', 'E:\\Xampp\\htdocs...', 37)
#1 E:\Xampp\htdocs\sipontren\vendor\codeigniter4\framework\system\View\View.php(214): include('E:\\Xampp\\htdocs...')
#2 E:\Xampp\htdocs\sipontren\vendor\codeigniter4\framework\system\View\View.php(217): CodeIgniter\View\View->CodeIgniter\View\{closure}()
#3 E:\Xampp\htdocs\sipontren\vendor\codeigniter4\framework\system\Common.php(1097): CodeIgniter\View\View->render('asatidz/profil', Array, true)
#4 E:\Xampp\htdocs\sipontren\app\Controllers\Asatidz.php(35): view('asatidz/profil', Array)
#5 E:\Xampp\htdocs\sipontren\vendor\codeigniter4\framework\system\CodeIgniter.php(824): App\Controllers\Asatidz->profil()
#6 E:\Xampp\htdocs\sipontren\vendor\codeigniter4\framework\system\CodeIgniter.php(410): CodeIgniter\CodeIgniter->runController(Object(App\Controllers\Asatidz))
#7 E:\Xampp\htdocs\sipontren\vendor\codeigniter4\framework\system\CodeIgniter.php(318): CodeIgniter\CodeIgniter->handleRequest(NULL, Object(Config\Cache), false)
#8 E:\Xampp\htdocs\sipontren\public\index.php(37): CodeIgniter\CodeIgniter->run()
#9 E:\Xampp\htdocs\sipontren\vendor\codeigniter4\framework\system\Commands\Server\rewrite.php(43): require_once('E:\\Xampp\\htdocs...')
#10 {main}
CRITICAL - 2021-11-15 12:25:32 --> Undefined variable $a
#0 E:\Xampp\htdocs\sipontren\app\Views\asatidz\profil.php(37): CodeIgniter\Debug\Exceptions->errorHandler(2, 'Undefined varia...', 'E:\\Xampp\\htdocs...', 37)
#1 E:\Xampp\htdocs\sipontren\vendor\codeigniter4\framework\system\View\View.php(214): include('E:\\Xampp\\htdocs...')
#2 E:\Xampp\htdocs\sipontren\vendor\codeigniter4\framework\system\View\View.php(217): CodeIgniter\View\View->CodeIgniter\View\{closure}()
#3 E:\Xampp\htdocs\sipontren\vendor\codeigniter4\framework\system\Common.php(1097): CodeIgniter\View\View->render('asatidz/profil', Array, true)
#4 E:\Xampp\htdocs\sipontren\app\Controllers\Asatidz.php(35): view('asatidz/profil', Array)
#5 E:\Xampp\htdocs\sipontren\vendor\codeigniter4\framework\system\CodeIgniter.php(824): App\Controllers\Asatidz->profil()
#6 E:\Xampp\htdocs\sipontren\vendor\codeigniter4\framework\system\CodeIgniter.php(410): CodeIgniter\CodeIgniter->runController(Object(App\Controllers\Asatidz))
#7 E:\Xampp\htdocs\sipontren\vendor\codeigniter4\framework\system\CodeIgniter.php(318): CodeIgniter\CodeIgniter->handleRequest(NULL, Object(Config\Cache), false)
#8 E:\Xampp\htdocs\sipontren\public\index.php(37): CodeIgniter\CodeIgniter->run()
#9 E:\Xampp\htdocs\sipontren\vendor\codeigniter4\framework\system\Commands\Server\rewrite.php(43): require_once('E:\\Xampp\\htdocs...')
#10 {main}
CRITICAL - 2021-11-15 12:25:43 --> Undefined variable $a
#0 E:\Xampp\htdocs\sipontren\app\Views\asatidz\profil.php(40): CodeIgniter\Debug\Exceptions->errorHandler(2, 'Undefined varia...', 'E:\\Xampp\\htdocs...', 40)
#1 E:\Xampp\htdocs\sipontren\vendor\codeigniter4\framework\system\View\View.php(214): include('E:\\Xampp\\htdocs...')
#2 E:\Xampp\htdocs\sipontren\vendor\codeigniter4\framework\system\View\View.php(217): CodeIgniter\View\View->CodeIgniter\View\{closure}()
#3 E:\Xampp\htdocs\sipontren\vendor\codeigniter4\framework\system\Common.php(1097): CodeIgniter\View\View->render('asatidz/profil', Array, true)
#4 E:\Xampp\htdocs\sipontren\app\Controllers\Asatidz.php(35): view('asatidz/profil', Array)
#5 E:\Xampp\htdocs\sipontren\vendor\codeigniter4\framework\system\CodeIgniter.php(824): App\Controllers\Asatidz->profil()
#6 E:\Xampp\htdocs\sipontren\vendor\codeigniter4\framework\system\CodeIgniter.php(410): CodeIgniter\CodeIgniter->runController(Object(App\Controllers\Asatidz))
#7 E:\Xampp\htdocs\sipontren\vendor\codeigniter4\framework\system\CodeIgniter.php(318): CodeIgniter\CodeIgniter->handleRequest(NULL, Object(Config\Cache), false)
#8 E:\Xampp\htdocs\sipontren\public\index.php(37): CodeIgniter\CodeIgniter->run()
#9 E:\Xampp\htdocs\sipontren\vendor\codeigniter4\framework\system\Commands\Server\rewrite.php(43): require_once('E:\\Xampp\\htdocs...')
#10 {main}
CRITICAL - 2021-11-15 12:25:53 --> Undefined variable $a
#0 E:\Xampp\htdocs\sipontren\app\Views\asatidz\profil.php(58): CodeIgniter\Debug\Exceptions->errorHandler(2, 'Undefined varia...', 'E:\\Xampp\\htdocs...', 58)
#1 E:\Xampp\htdocs\sipontren\vendor\codeigniter4\framework\system\View\View.php(214): include('E:\\Xampp\\htdocs...')
#2 E:\Xampp\htdocs\sipontren\vendor\codeigniter4\framework\system\View\View.php(217): CodeIgniter\View\View->CodeIgniter\View\{closure}()
#3 E:\Xampp\htdocs\sipontren\vendor\codeigniter4\framework\system\Common.php(1097): CodeIgniter\View\View->render('asatidz/profil', Array, true)
#4 E:\Xampp\htdocs\sipontren\app\Controllers\Asatidz.php(35): view('asatidz/profil', Array)
#5 E:\Xampp\htdocs\sipontren\vendor\codeigniter4\framework\system\CodeIgniter.php(824): App\Controllers\Asatidz->profil()
#6 E:\Xampp\htdocs\sipontren\vendor\codeigniter4\framework\system\CodeIgniter.php(410): CodeIgniter\CodeIgniter->runController(Object(App\Controllers\Asatidz))
#7 E:\Xampp\htdocs\sipontren\vendor\codeigniter4\framework\system\CodeIgniter.php(318): CodeIgniter\CodeIgniter->handleRequest(NULL, Object(Config\Cache), false)
#8 E:\Xampp\htdocs\sipontren\public\index.php(37): CodeIgniter\CodeIgniter->run()
#9 E:\Xampp\htdocs\sipontren\vendor\codeigniter4\framework\system\Commands\Server\rewrite.php(43): require_once('E:\\Xampp\\htdocs...')
#10 {main}
CRITICAL - 2021-11-15 12:33:30 --> Invalid file: contohprofil.php
#0 E:\Xampp\htdocs\sipontren\vendor\codeigniter4\framework\system\View\View.php(198): CodeIgniter\Exceptions\FrameworkException::forInvalidFile('contohprofil.ph...')
#1 E:\Xampp\htdocs\sipontren\vendor\codeigniter4\framework\system\Common.php(1097): CodeIgniter\View\View->render('contohprofil', Array, true)
#2 E:\Xampp\htdocs\sipontren\app\Controllers\Dashboard.php(37): view('contohprofil')
#3 E:\Xampp\htdocs\sipontren\vendor\codeigniter4\framework\system\CodeIgniter.php(824): App\Controllers\Dashboard->profil()
#4 E:\Xampp\htdocs\sipontren\vendor\codeigniter4\framework\system\CodeIgniter.php(410): CodeIgniter\CodeIgniter->runController(Object(App\Controllers\Dashboard))
#5 E:\Xampp\htdocs\sipontren\vendor\codeigniter4\framework\system\CodeIgniter.php(318): CodeIgniter\CodeIgniter->handleRequest(NULL, Object(Config\Cache), false)
#6 E:\Xampp\htdocs\sipontren\public\index.php(37): CodeIgniter\CodeIgniter->run()
#7 E:\Xampp\htdocs\sipontren\vendor\codeigniter4\framework\system\Commands\Server\rewrite.php(43): require_once('E:\\Xampp\\htdocs...')
#8 {main}
