CRITICAL - 2022-01-19 21:47:40 --> Class "App\Filters\SantriFilter" not found
#0 C:\Users\Lenovo\Desktop\sipontren\vendor\codeigniter4\framework\system\CodeIgniter.php(384): CodeIgniter\Filters\Filters->run('dashboard/santr...', 'before')
#1 C:\Users\Lenovo\Desktop\sipontren\vendor\codeigniter4\framework\system\CodeIgniter.php(318): CodeIgniter\CodeIgniter->handleRequest(NULL, Object(Config\Cache), false)
#2 C:\Users\Lenovo\Desktop\sipontren\public\index.php(37): CodeIgniter\CodeIgniter->run()
#3 C:\Users\Lenovo\Desktop\sipontren\vendor\codeigniter4\framework\system\Commands\Server\rewrite.php(43): require_once('C:\\Users\\Lenovo...')
#4 {main}
CRITICAL - 2022-01-19 22:37:05 --> Undefined property: App\Controllers\Dashboard::$KeuanganModel
#0 C:\Users\Lenovo\Desktop\sipontren\app\Controllers\Dashboard.php(35): CodeIgniter\Debug\Exceptions->errorHandler(2, 'Undefined prope...', 'C:\\Users\\Lenovo...', 35)
#1 C:\Users\Lenovo\Desktop\sipontren\vendor\codeigniter4\framework\system\CodeIgniter.php(824): App\Controllers\Dashboard->index()
#2 C:\Users\Lenovo\Desktop\sipontren\vendor\codeigniter4\framework\system\CodeIgniter.php(410): CodeIgniter\CodeIgniter->runController(Object(App\Controllers\Dashboard))
#3 C:\Users\Lenovo\Desktop\sipontren\vendor\codeigniter4\framework\system\CodeIgniter.php(318): CodeIgniter\CodeIgniter->handleRequest(NULL, Object(Config\Cache), false)
#4 C:\Users\Lenovo\Desktop\sipontren\public\index.php(37): CodeIgniter\CodeIgniter->run()
#5 C:\Users\Lenovo\Desktop\sipontren\vendor\codeigniter4\framework\system\Commands\Server\rewrite.php(43): require_once('C:\\Users\\Lenovo...')
#6 {main}
CRITICAL - 2022-01-19 22:37:17 --> Undefined property: App\Controllers\Dashboard::$KeuanganModel
#0 C:\Users\Lenovo\Desktop\sipontren\app\Controllers\Dashboard.php(35): CodeIgniter\Debug\Exceptions->errorHandler(2, 'Undefined prope...', 'C:\\Users\\Lenovo...', 35)
#1 C:\Users\Lenovo\Desktop\sipontren\vendor\codeigniter4\framework\system\CodeIgniter.php(824): App\Controllers\Dashboard->index()
#2 C:\Users\Lenovo\Desktop\sipontren\vendor\codeigniter4\framework\system\CodeIgniter.php(410): CodeIgniter\CodeIgniter->runController(Object(App\Controllers\Dashboard))
#3 C:\Users\Lenovo\Desktop\sipontren\vendor\codeigniter4\framework\system\CodeIgniter.php(318): CodeIgniter\CodeIgniter->handleRequest(NULL, Object(Config\Cache), false)
#4 C:\Users\Lenovo\Desktop\sipontren\public\index.php(37): CodeIgniter\CodeIgniter->run()
#5 C:\Users\Lenovo\Desktop\sipontren\vendor\codeigniter4\framework\system\Commands\Server\rewrite.php(43): require_once('C:\\Users\\Lenovo...')
#6 {main}
CRITICAL - 2022-01-19 22:37:17 --> Undefined property: App\Controllers\Dashboard::$KeuanganModel
#0 C:\Users\Lenovo\Desktop\sipontren\app\Controllers\Dashboard.php(35): CodeIgniter\Debug\Exceptions->errorHandler(2, 'Undefined prope...', 'C:\\Users\\Lenovo...', 35)
#1 C:\Users\Lenovo\Desktop\sipontren\vendor\codeigniter4\framework\system\CodeIgniter.php(824): App\Controllers\Dashboard->index()
#2 C:\Users\Lenovo\Desktop\sipontren\vendor\codeigniter4\framework\system\CodeIgniter.php(410): CodeIgniter\CodeIgniter->runController(Object(App\Controllers\Dashboard))
#3 C:\Users\Lenovo\Desktop\sipontren\vendor\codeigniter4\framework\system\CodeIgniter.php(318): CodeIgniter\CodeIgniter->handleRequest(NULL, Object(Config\Cache), false)
#4 C:\Users\Lenovo\Desktop\sipontren\public\index.php(37): CodeIgniter\CodeIgniter->run()
#5 C:\Users\Lenovo\Desktop\sipontren\vendor\codeigniter4\framework\system\Commands\Server\rewrite.php(43): require_once('C:\\Users\\Lenovo...')
#6 {main}
ERROR - 2022-01-19 22:37:33 --> Unknown column 'tagihan.nama_tagihan' in 'where clause'
CRITICAL - 2022-01-19 22:37:33 --> Unknown column 'tagihan.nama_tagihan' in 'where clause'
#0 C:\Users\Lenovo\Desktop\sipontren\vendor\codeigniter4\framework\system\Database\MySQLi\Connection.php(292): mysqli->query('SELECT `keuanga...', 0)
#1 C:\Users\Lenovo\Desktop\sipontren\vendor\codeigniter4\framework\system\Database\BaseConnection.php(670): CodeIgniter\Database\MySQLi\Connection->execute('SELECT `keuanga...')
#2 C:\Users\Lenovo\Desktop\sipontren\vendor\codeigniter4\framework\system\Database\BaseConnection.php(598): CodeIgniter\Database\BaseConnection->simpleQuery('SELECT `keuanga...')
#3 C:\Users\Lenovo\Desktop\sipontren\vendor\codeigniter4\framework\system\Database\BaseBuilder.php(1443): CodeIgniter\Database\BaseConnection->query('SELECT `keuanga...', Array, false)
#4 C:\Users\Lenovo\Desktop\sipontren\app\Models\KeuanganModel.php(815): CodeIgniter\Database\BaseBuilder->get()
#5 C:\Users\Lenovo\Desktop\sipontren\app\Controllers\Dashboard.php(35): App\Models\KeuanganModel->getSPP()
#6 C:\Users\Lenovo\Desktop\sipontren\vendor\codeigniter4\framework\system\CodeIgniter.php(824): App\Controllers\Dashboard->index()
#7 C:\Users\Lenovo\Desktop\sipontren\vendor\codeigniter4\framework\system\CodeIgniter.php(410): CodeIgniter\CodeIgniter->runController(Object(App\Controllers\Dashboard))
#8 C:\Users\Lenovo\Desktop\sipontren\vendor\codeigniter4\framework\system\CodeIgniter.php(318): CodeIgniter\CodeIgniter->handleRequest(NULL, Object(Config\Cache), false)
#9 C:\Users\Lenovo\Desktop\sipontren\public\index.php(37): CodeIgniter\CodeIgniter->run()
#10 C:\Users\Lenovo\Desktop\sipontren\vendor\codeigniter4\framework\system\Commands\Server\rewrite.php(43): require_once('C:\\Users\\Lenovo...')
#11 {main}
CRITICAL - 2022-01-19 22:37:52 --> Call to a member function countAllResults() on array
#0 C:\Users\Lenovo\Desktop\sipontren\vendor\codeigniter4\framework\system\CodeIgniter.php(824): App\Controllers\Dashboard->index()
#1 C:\Users\Lenovo\Desktop\sipontren\vendor\codeigniter4\framework\system\CodeIgniter.php(410): CodeIgniter\CodeIgniter->runController(Object(App\Controllers\Dashboard))
#2 C:\Users\Lenovo\Desktop\sipontren\vendor\codeigniter4\framework\system\CodeIgniter.php(318): CodeIgniter\CodeIgniter->handleRequest(NULL, Object(Config\Cache), false)
#3 C:\Users\Lenovo\Desktop\sipontren\public\index.php(37): CodeIgniter\CodeIgniter->run()
#4 C:\Users\Lenovo\Desktop\sipontren\vendor\codeigniter4\framework\system\Commands\Server\rewrite.php(43): require_once('C:\\Users\\Lenovo...')
#5 {main}
CRITICAL - 2022-01-19 22:38:54 --> Array to string conversion
#0 C:\Users\Lenovo\Desktop\sipontren\app\Views\dashboard\index.php(144): CodeIgniter\Debug\Exceptions->errorHandler(2, 'Array to string...', 'C:\\Users\\Lenovo...', 144)
#1 C:\Users\Lenovo\Desktop\sipontren\vendor\codeigniter4\framework\system\View\View.php(214): include('C:\\Users\\Lenovo...')
#2 C:\Users\Lenovo\Desktop\sipontren\vendor\codeigniter4\framework\system\View\View.php(217): CodeIgniter\View\View->CodeIgniter\View\{closure}()
#3 C:\Users\Lenovo\Desktop\sipontren\vendor\codeigniter4\framework\system\Common.php(1097): CodeIgniter\View\View->render('dashboard/index', Array, true)
#4 C:\Users\Lenovo\Desktop\sipontren\app\Controllers\Dashboard.php(38): view('dashboard/index', Array)
#5 C:\Users\Lenovo\Desktop\sipontren\vendor\codeigniter4\framework\system\CodeIgniter.php(824): App\Controllers\Dashboard->index()
#6 C:\Users\Lenovo\Desktop\sipontren\vendor\codeigniter4\framework\system\CodeIgniter.php(410): CodeIgniter\CodeIgniter->runController(Object(App\Controllers\Dashboard))
#7 C:\Users\Lenovo\Desktop\sipontren\vendor\codeigniter4\framework\system\CodeIgniter.php(318): CodeIgniter\CodeIgniter->handleRequest(NULL, Object(Config\Cache), false)
#8 C:\Users\Lenovo\Desktop\sipontren\public\index.php(37): CodeIgniter\CodeIgniter->run()
#9 C:\Users\Lenovo\Desktop\sipontren\vendor\codeigniter4\framework\system\Commands\Server\rewrite.php(43): require_once('C:\\Users\\Lenovo...')
#10 {main}
CRITICAL - 2022-01-19 22:39:57 --> Undefined array key "jumlah_pembayaran"
#0 C:\Users\Lenovo\Desktop\sipontren\app\Views\dashboard\index.php(144): CodeIgniter\Debug\Exceptions->errorHandler(2, 'Undefined array...', 'C:\\Users\\Lenovo...', 144)
#1 C:\Users\Lenovo\Desktop\sipontren\vendor\codeigniter4\framework\system\View\View.php(214): include('C:\\Users\\Lenovo...')
#2 C:\Users\Lenovo\Desktop\sipontren\vendor\codeigniter4\framework\system\View\View.php(217): CodeIgniter\View\View->CodeIgniter\View\{closure}()
#3 C:\Users\Lenovo\Desktop\sipontren\vendor\codeigniter4\framework\system\Common.php(1097): CodeIgniter\View\View->render('dashboard/index', Array, true)
#4 C:\Users\Lenovo\Desktop\sipontren\app\Controllers\Dashboard.php(38): view('dashboard/index', Array)
#5 C:\Users\Lenovo\Desktop\sipontren\vendor\codeigniter4\framework\system\CodeIgniter.php(824): App\Controllers\Dashboard->index()
#6 C:\Users\Lenovo\Desktop\sipontren\vendor\codeigniter4\framework\system\CodeIgniter.php(410): CodeIgniter\CodeIgniter->runController(Object(App\Controllers\Dashboard))
#7 C:\Users\Lenovo\Desktop\sipontren\vendor\codeigniter4\framework\system\CodeIgniter.php(318): CodeIgniter\CodeIgniter->handleRequest(NULL, Object(Config\Cache), false)
#8 C:\Users\Lenovo\Desktop\sipontren\public\index.php(37): CodeIgniter\CodeIgniter->run()
#9 C:\Users\Lenovo\Desktop\sipontren\vendor\codeigniter4\framework\system\Commands\Server\rewrite.php(43): require_once('C:\\Users\\Lenovo...')
#10 {main}
CRITICAL - 2022-01-19 22:39:58 --> Undefined array key "jumlah_pembayaran"
#0 C:\Users\Lenovo\Desktop\sipontren\app\Views\dashboard\index.php(144): CodeIgniter\Debug\Exceptions->errorHandler(2, 'Undefined array...', 'C:\\Users\\Lenovo...', 144)
#1 C:\Users\Lenovo\Desktop\sipontren\vendor\codeigniter4\framework\system\View\View.php(214): include('C:\\Users\\Lenovo...')
#2 C:\Users\Lenovo\Desktop\sipontren\vendor\codeigniter4\framework\system\View\View.php(217): CodeIgniter\View\View->CodeIgniter\View\{closure}()
#3 C:\Users\Lenovo\Desktop\sipontren\vendor\codeigniter4\framework\system\Common.php(1097): CodeIgniter\View\View->render('dashboard/index', Array, true)
#4 C:\Users\Lenovo\Desktop\sipontren\app\Controllers\Dashboard.php(38): view('dashboard/index', Array)
#5 C:\Users\Lenovo\Desktop\sipontren\vendor\codeigniter4\framework\system\CodeIgniter.php(824): App\Controllers\Dashboard->index()
#6 C:\Users\Lenovo\Desktop\sipontren\vendor\codeigniter4\framework\system\CodeIgniter.php(410): CodeIgniter\CodeIgniter->runController(Object(App\Controllers\Dashboard))
#7 C:\Users\Lenovo\Desktop\sipontren\vendor\codeigniter4\framework\system\CodeIgniter.php(318): CodeIgniter\CodeIgniter->handleRequest(NULL, Object(Config\Cache), false)
#8 C:\Users\Lenovo\Desktop\sipontren\public\index.php(37): CodeIgniter\CodeIgniter->run()
#9 C:\Users\Lenovo\Desktop\sipontren\vendor\codeigniter4\framework\system\Commands\Server\rewrite.php(43): require_once('C:\\Users\\Lenovo...')
#10 {main}
CRITICAL - 2022-01-19 22:44:37 --> Undefined array key "jumlah_pembayaran"
#0 C:\Users\Lenovo\Desktop\sipontren\app\Views\dashboard\index.php(148): CodeIgniter\Debug\Exceptions->errorHandler(2, 'Undefined array...', 'C:\\Users\\Lenovo...', 148)
#1 C:\Users\Lenovo\Desktop\sipontren\vendor\codeigniter4\framework\system\View\View.php(214): include('C:\\Users\\Lenovo...')
#2 C:\Users\Lenovo\Desktop\sipontren\vendor\codeigniter4\framework\system\View\View.php(217): CodeIgniter\View\View->CodeIgniter\View\{closure}()
#3 C:\Users\Lenovo\Desktop\sipontren\vendor\codeigniter4\framework\system\Common.php(1097): CodeIgniter\View\View->render('dashboard/index', Array, true)
#4 C:\Users\Lenovo\Desktop\sipontren\app\Controllers\Dashboard.php(38): view('dashboard/index', Array)
#5 C:\Users\Lenovo\Desktop\sipontren\vendor\codeigniter4\framework\system\CodeIgniter.php(824): App\Controllers\Dashboard->index()
#6 C:\Users\Lenovo\Desktop\sipontren\vendor\codeigniter4\framework\system\CodeIgniter.php(410): CodeIgniter\CodeIgniter->runController(Object(App\Controllers\Dashboard))
#7 C:\Users\Lenovo\Desktop\sipontren\vendor\codeigniter4\framework\system\CodeIgniter.php(318): CodeIgniter\CodeIgniter->handleRequest(NULL, Object(Config\Cache), false)
#8 C:\Users\Lenovo\Desktop\sipontren\public\index.php(37): CodeIgniter\CodeIgniter->run()
#9 C:\Users\Lenovo\Desktop\sipontren\vendor\codeigniter4\framework\system\Commands\Server\rewrite.php(43): require_once('C:\\Users\\Lenovo...')
#10 {main}
CRITICAL - 2022-01-19 22:45:13 --> Undefined array key "jumlah_pembayaran"
#0 C:\Users\Lenovo\Desktop\sipontren\app\Views\dashboard\index.php(148): CodeIgniter\Debug\Exceptions->errorHandler(2, 'Undefined array...', 'C:\\Users\\Lenovo...', 148)
#1 C:\Users\Lenovo\Desktop\sipontren\vendor\codeigniter4\framework\system\View\View.php(214): include('C:\\Users\\Lenovo...')
#2 C:\Users\Lenovo\Desktop\sipontren\vendor\codeigniter4\framework\system\View\View.php(217): CodeIgniter\View\View->CodeIgniter\View\{closure}()
#3 C:\Users\Lenovo\Desktop\sipontren\vendor\codeigniter4\framework\system\Common.php(1097): CodeIgniter\View\View->render('dashboard/index', Array, true)
#4 C:\Users\Lenovo\Desktop\sipontren\app\Controllers\Dashboard.php(38): view('dashboard/index', Array)
#5 C:\Users\Lenovo\Desktop\sipontren\vendor\codeigniter4\framework\system\CodeIgniter.php(824): App\Controllers\Dashboard->index()
#6 C:\Users\Lenovo\Desktop\sipontren\vendor\codeigniter4\framework\system\CodeIgniter.php(410): CodeIgniter\CodeIgniter->runController(Object(App\Controllers\Dashboard))
#7 C:\Users\Lenovo\Desktop\sipontren\vendor\codeigniter4\framework\system\CodeIgniter.php(318): CodeIgniter\CodeIgniter->handleRequest(NULL, Object(Config\Cache), false)
#8 C:\Users\Lenovo\Desktop\sipontren\public\index.php(37): CodeIgniter\CodeIgniter->run()
#9 C:\Users\Lenovo\Desktop\sipontren\vendor\codeigniter4\framework\system\Commands\Server\rewrite.php(43): require_once('C:\\Users\\Lenovo...')
#10 {main}
CRITICAL - 2022-01-19 22:52:31 --> Call to undefined method CodeIgniter\Database\MySQLi\Builder::count()
#0 C:\Users\Lenovo\Desktop\sipontren\app\Controllers\Dashboard.php(35): App\Models\KeuanganModel->getSPP()
#1 C:\Users\Lenovo\Desktop\sipontren\vendor\codeigniter4\framework\system\CodeIgniter.php(824): App\Controllers\Dashboard->index()
#2 C:\Users\Lenovo\Desktop\sipontren\vendor\codeigniter4\framework\system\CodeIgniter.php(410): CodeIgniter\CodeIgniter->runController(Object(App\Controllers\Dashboard))
#3 C:\Users\Lenovo\Desktop\sipontren\vendor\codeigniter4\framework\system\CodeIgniter.php(318): CodeIgniter\CodeIgniter->handleRequest(NULL, Object(Config\Cache), false)
#4 C:\Users\Lenovo\Desktop\sipontren\public\index.php(37): CodeIgniter\CodeIgniter->run()
#5 C:\Users\Lenovo\Desktop\sipontren\vendor\codeigniter4\framework\system\Commands\Server\rewrite.php(43): require_once('C:\\Users\\Lenovo...')
#6 {main}
CRITICAL - 2022-01-19 22:56:48 --> Value of type int is not callable
#0 C:\Users\Lenovo\Desktop\sipontren\app\Controllers\Dashboard.php(35): App\Models\KeuanganModel->getSPP()
#1 C:\Users\Lenovo\Desktop\sipontren\vendor\codeigniter4\framework\system\CodeIgniter.php(824): App\Controllers\Dashboard->index()
#2 C:\Users\Lenovo\Desktop\sipontren\vendor\codeigniter4\framework\system\CodeIgniter.php(410): CodeIgniter\CodeIgniter->runController(Object(App\Controllers\Dashboard))
#3 C:\Users\Lenovo\Desktop\sipontren\vendor\codeigniter4\framework\system\CodeIgniter.php(318): CodeIgniter\CodeIgniter->handleRequest(NULL, Object(Config\Cache), false)
#4 C:\Users\Lenovo\Desktop\sipontren\public\index.php(37): CodeIgniter\CodeIgniter->run()
#5 C:\Users\Lenovo\Desktop\sipontren\vendor\codeigniter4\framework\system\Commands\Server\rewrite.php(43): require_once('C:\\Users\\Lenovo...')
#6 {main}
CRITICAL - 2022-01-19 22:56:53 --> Value of type int is not callable
#0 C:\Users\Lenovo\Desktop\sipontren\app\Controllers\Dashboard.php(35): App\Models\KeuanganModel->getSPP()
#1 C:\Users\Lenovo\Desktop\sipontren\vendor\codeigniter4\framework\system\CodeIgniter.php(824): App\Controllers\Dashboard->index()
#2 C:\Users\Lenovo\Desktop\sipontren\vendor\codeigniter4\framework\system\CodeIgniter.php(410): CodeIgniter\CodeIgniter->runController(Object(App\Controllers\Dashboard))
#3 C:\Users\Lenovo\Desktop\sipontren\vendor\codeigniter4\framework\system\CodeIgniter.php(318): CodeIgniter\CodeIgniter->handleRequest(NULL, Object(Config\Cache), false)
#4 C:\Users\Lenovo\Desktop\sipontren\public\index.php(37): CodeIgniter\CodeIgniter->run()
#5 C:\Users\Lenovo\Desktop\sipontren\vendor\codeigniter4\framework\system\Commands\Server\rewrite.php(43): require_once('C:\\Users\\Lenovo...')
#6 {main}
CRITICAL - 2022-01-19 22:59:50 --> syntax error, unexpected variable "$builder"
#0 C:\Users\Lenovo\Desktop\sipontren\vendor\codeigniter4\framework\system\Autoloader\Autoloader.php(241): CodeIgniter\Autoloader\Autoloader->includeFile('C:\\Users\\Lenovo...')
#1 C:\Users\Lenovo\Desktop\sipontren\vendor\codeigniter4\framework\system\Autoloader\Autoloader.php(219): CodeIgniter\Autoloader\Autoloader->loadInNamespace('App\\Models\\Keua...')
#2 C:\Users\Lenovo\Desktop\sipontren\app\Controllers\Dashboard.php(20): CodeIgniter\Autoloader\Autoloader->loadClass('App\\Models\\Keua...')
#3 C:\Users\Lenovo\Desktop\sipontren\vendor\codeigniter4\framework\system\CodeIgniter.php(801): App\Controllers\Dashboard->__construct()
#4 C:\Users\Lenovo\Desktop\sipontren\vendor\codeigniter4\framework\system\CodeIgniter.php(401): CodeIgniter\CodeIgniter->createController()
#5 C:\Users\Lenovo\Desktop\sipontren\vendor\codeigniter4\framework\system\CodeIgniter.php(318): CodeIgniter\CodeIgniter->handleRequest(NULL, Object(Config\Cache), false)
#6 C:\Users\Lenovo\Desktop\sipontren\public\index.php(37): CodeIgniter\CodeIgniter->run()
#7 C:\Users\Lenovo\Desktop\sipontren\vendor\codeigniter4\framework\system\Commands\Server\rewrite.php(43): require_once('C:\\Users\\Lenovo...')
#8 {main}
CRITICAL - 2022-01-19 22:59:51 --> syntax error, unexpected variable "$builder"
#0 C:\Users\Lenovo\Desktop\sipontren\vendor\codeigniter4\framework\system\Autoloader\Autoloader.php(241): CodeIgniter\Autoloader\Autoloader->includeFile('C:\\Users\\Lenovo...')
#1 C:\Users\Lenovo\Desktop\sipontren\vendor\codeigniter4\framework\system\Autoloader\Autoloader.php(219): CodeIgniter\Autoloader\Autoloader->loadInNamespace('App\\Models\\Keua...')
#2 C:\Users\Lenovo\Desktop\sipontren\app\Controllers\Dashboard.php(20): CodeIgniter\Autoloader\Autoloader->loadClass('App\\Models\\Keua...')
#3 C:\Users\Lenovo\Desktop\sipontren\vendor\codeigniter4\framework\system\CodeIgniter.php(801): App\Controllers\Dashboard->__construct()
#4 C:\Users\Lenovo\Desktop\sipontren\vendor\codeigniter4\framework\system\CodeIgniter.php(401): CodeIgniter\CodeIgniter->createController()
#5 C:\Users\Lenovo\Desktop\sipontren\vendor\codeigniter4\framework\system\CodeIgniter.php(318): CodeIgniter\CodeIgniter->handleRequest(NULL, Object(Config\Cache), false)
#6 C:\Users\Lenovo\Desktop\sipontren\public\index.php(37): CodeIgniter\CodeIgniter->run()
#7 C:\Users\Lenovo\Desktop\sipontren\vendor\codeigniter4\framework\system\Commands\Server\rewrite.php(43): require_once('C:\\Users\\Lenovo...')
#8 {main}
CRITICAL - 2022-01-19 22:59:52 --> syntax error, unexpected variable "$builder"
#0 C:\Users\Lenovo\Desktop\sipontren\vendor\codeigniter4\framework\system\Autoloader\Autoloader.php(241): CodeIgniter\Autoloader\Autoloader->includeFile('C:\\Users\\Lenovo...')
#1 C:\Users\Lenovo\Desktop\sipontren\vendor\codeigniter4\framework\system\Autoloader\Autoloader.php(219): CodeIgniter\Autoloader\Autoloader->loadInNamespace('App\\Models\\Keua...')
#2 C:\Users\Lenovo\Desktop\sipontren\app\Controllers\Dashboard.php(20): CodeIgniter\Autoloader\Autoloader->loadClass('App\\Models\\Keua...')
#3 C:\Users\Lenovo\Desktop\sipontren\vendor\codeigniter4\framework\system\CodeIgniter.php(801): App\Controllers\Dashboard->__construct()
#4 C:\Users\Lenovo\Desktop\sipontren\vendor\codeigniter4\framework\system\CodeIgniter.php(401): CodeIgniter\CodeIgniter->createController()
#5 C:\Users\Lenovo\Desktop\sipontren\vendor\codeigniter4\framework\system\CodeIgniter.php(318): CodeIgniter\CodeIgniter->handleRequest(NULL, Object(Config\Cache), false)
#6 C:\Users\Lenovo\Desktop\sipontren\public\index.php(37): CodeIgniter\CodeIgniter->run()
#7 C:\Users\Lenovo\Desktop\sipontren\vendor\codeigniter4\framework\system\Commands\Server\rewrite.php(43): require_once('C:\\Users\\Lenovo...')
#8 {main}
ERROR - 2022-01-19 23:06:59 --> Column 'id_tagihan' in field list is ambiguous
CRITICAL - 2022-01-19 23:06:59 --> Column 'id_tagihan' in field list is ambiguous
#0 C:\Users\Lenovo\Desktop\sipontren\vendor\codeigniter4\framework\system\Database\MySQLi\Connection.php(292): mysqli->query('SELECT COUNT(`k...', 0)
#1 C:\Users\Lenovo\Desktop\sipontren\vendor\codeigniter4\framework\system\Database\BaseConnection.php(670): CodeIgniter\Database\MySQLi\Connection->execute('SELECT COUNT(`k...')
#2 C:\Users\Lenovo\Desktop\sipontren\vendor\codeigniter4\framework\system\Database\BaseConnection.php(598): CodeIgniter\Database\BaseConnection->simpleQuery('SELECT COUNT(`k...')
#3 C:\Users\Lenovo\Desktop\sipontren\vendor\codeigniter4\framework\system\Database\BaseBuilder.php(1443): CodeIgniter\Database\BaseConnection->query('SELECT COUNT(`k...', Array, false)
#4 C:\Users\Lenovo\Desktop\sipontren\app\Models\KeuanganModel.php(817): CodeIgniter\Database\BaseBuilder->get()
#5 C:\Users\Lenovo\Desktop\sipontren\app\Controllers\Dashboard.php(35): App\Models\KeuanganModel->getSPP()
#6 C:\Users\Lenovo\Desktop\sipontren\vendor\codeigniter4\framework\system\CodeIgniter.php(824): App\Controllers\Dashboard->index()
#7 C:\Users\Lenovo\Desktop\sipontren\vendor\codeigniter4\framework\system\CodeIgniter.php(410): CodeIgniter\CodeIgniter->runController(Object(App\Controllers\Dashboard))
#8 C:\Users\Lenovo\Desktop\sipontren\vendor\codeigniter4\framework\system\CodeIgniter.php(318): CodeIgniter\CodeIgniter->handleRequest(NULL, Object(Config\Cache), false)
#9 C:\Users\Lenovo\Desktop\sipontren\public\index.php(37): CodeIgniter\CodeIgniter->run()
#10 C:\Users\Lenovo\Desktop\sipontren\vendor\codeigniter4\framework\system\Commands\Server\rewrite.php(43): require_once('C:\\Users\\Lenovo...')
#11 {main}
CRITICAL - 2022-01-19 23:07:08 --> Array to string conversion
#0 C:\Users\Lenovo\Desktop\sipontren\app\Views\dashboard\index.php(146): CodeIgniter\Debug\Exceptions->errorHandler(2, 'Array to string...', 'C:\\Users\\Lenovo...', 146)
#1 C:\Users\Lenovo\Desktop\sipontren\vendor\codeigniter4\framework\system\View\View.php(214): include('C:\\Users\\Lenovo...')
#2 C:\Users\Lenovo\Desktop\sipontren\vendor\codeigniter4\framework\system\View\View.php(217): CodeIgniter\View\View->CodeIgniter\View\{closure}()
#3 C:\Users\Lenovo\Desktop\sipontren\vendor\codeigniter4\framework\system\Common.php(1097): CodeIgniter\View\View->render('dashboard/index', Array, true)
#4 C:\Users\Lenovo\Desktop\sipontren\app\Controllers\Dashboard.php(38): view('dashboard/index', Array)
#5 C:\Users\Lenovo\Desktop\sipontren\vendor\codeigniter4\framework\system\CodeIgniter.php(824): App\Controllers\Dashboard->index()
#6 C:\Users\Lenovo\Desktop\sipontren\vendor\codeigniter4\framework\system\CodeIgniter.php(410): CodeIgniter\CodeIgniter->runController(Object(App\Controllers\Dashboard))
#7 C:\Users\Lenovo\Desktop\sipontren\vendor\codeigniter4\framework\system\CodeIgniter.php(318): CodeIgniter\CodeIgniter->handleRequest(NULL, Object(Config\Cache), false)
#8 C:\Users\Lenovo\Desktop\sipontren\public\index.php(37): CodeIgniter\CodeIgniter->run()
#9 C:\Users\Lenovo\Desktop\sipontren\vendor\codeigniter4\framework\system\Commands\Server\rewrite.php(43): require_once('C:\\Users\\Lenovo...')
#10 {main}
CRITICAL - 2022-01-19 23:07:25 --> Array to string conversion
#0 C:\Users\Lenovo\Desktop\sipontren\app\Views\dashboard\index.php(146): CodeIgniter\Debug\Exceptions->errorHandler(2, 'Array to string...', 'C:\\Users\\Lenovo...', 146)
#1 C:\Users\Lenovo\Desktop\sipontren\vendor\codeigniter4\framework\system\View\View.php(214): include('C:\\Users\\Lenovo...')
#2 C:\Users\Lenovo\Desktop\sipontren\vendor\codeigniter4\framework\system\View\View.php(217): CodeIgniter\View\View->CodeIgniter\View\{closure}()
#3 C:\Users\Lenovo\Desktop\sipontren\vendor\codeigniter4\framework\system\Common.php(1097): CodeIgniter\View\View->render('dashboard/index', Array, true)
#4 C:\Users\Lenovo\Desktop\sipontren\app\Controllers\Dashboard.php(38): view('dashboard/index', Array)
#5 C:\Users\Lenovo\Desktop\sipontren\vendor\codeigniter4\framework\system\CodeIgniter.php(824): App\Controllers\Dashboard->index()
#6 C:\Users\Lenovo\Desktop\sipontren\vendor\codeigniter4\framework\system\CodeIgniter.php(410): CodeIgniter\CodeIgniter->runController(Object(App\Controllers\Dashboard))
#7 C:\Users\Lenovo\Desktop\sipontren\vendor\codeigniter4\framework\system\CodeIgniter.php(318): CodeIgniter\CodeIgniter->handleRequest(NULL, Object(Config\Cache), false)
#8 C:\Users\Lenovo\Desktop\sipontren\public\index.php(37): CodeIgniter\CodeIgniter->run()
#9 C:\Users\Lenovo\Desktop\sipontren\vendor\codeigniter4\framework\system\Commands\Server\rewrite.php(43): require_once('C:\\Users\\Lenovo...')
#10 {main}
CRITICAL - 2022-01-19 23:07:34 --> Array to string conversion
#0 C:\Users\Lenovo\Desktop\sipontren\app\Views\dashboard\index.php(146): CodeIgniter\Debug\Exceptions->errorHandler(2, 'Array to string...', 'C:\\Users\\Lenovo...', 146)
#1 C:\Users\Lenovo\Desktop\sipontren\vendor\codeigniter4\framework\system\View\View.php(214): include('C:\\Users\\Lenovo...')
#2 C:\Users\Lenovo\Desktop\sipontren\vendor\codeigniter4\framework\system\View\View.php(217): CodeIgniter\View\View->CodeIgniter\View\{closure}()
#3 C:\Users\Lenovo\Desktop\sipontren\vendor\codeigniter4\framework\system\Common.php(1097): CodeIgniter\View\View->render('dashboard/index', Array, true)
#4 C:\Users\Lenovo\Desktop\sipontren\app\Controllers\Dashboard.php(38): view('dashboard/index', Array)
#5 C:\Users\Lenovo\Desktop\sipontren\vendor\codeigniter4\framework\system\CodeIgniter.php(824): App\Controllers\Dashboard->index()
#6 C:\Users\Lenovo\Desktop\sipontren\vendor\codeigniter4\framework\system\CodeIgniter.php(410): CodeIgniter\CodeIgniter->runController(Object(App\Controllers\Dashboard))
#7 C:\Users\Lenovo\Desktop\sipontren\vendor\codeigniter4\framework\system\CodeIgniter.php(318): CodeIgniter\CodeIgniter->handleRequest(NULL, Object(Config\Cache), false)
#8 C:\Users\Lenovo\Desktop\sipontren\public\index.php(37): CodeIgniter\CodeIgniter->run()
#9 C:\Users\Lenovo\Desktop\sipontren\vendor\codeigniter4\framework\system\Commands\Server\rewrite.php(43): require_once('C:\\Users\\Lenovo...')
#10 {main}
CRITICAL - 2022-01-19 23:07:34 --> Array to string conversion
#0 C:\Users\Lenovo\Desktop\sipontren\app\Views\dashboard\index.php(146): CodeIgniter\Debug\Exceptions->errorHandler(2, 'Array to string...', 'C:\\Users\\Lenovo...', 146)
#1 C:\Users\Lenovo\Desktop\sipontren\vendor\codeigniter4\framework\system\View\View.php(214): include('C:\\Users\\Lenovo...')
#2 C:\Users\Lenovo\Desktop\sipontren\vendor\codeigniter4\framework\system\View\View.php(217): CodeIgniter\View\View->CodeIgniter\View\{closure}()
#3 C:\Users\Lenovo\Desktop\sipontren\vendor\codeigniter4\framework\system\Common.php(1097): CodeIgniter\View\View->render('dashboard/index', Array, true)
#4 C:\Users\Lenovo\Desktop\sipontren\app\Controllers\Dashboard.php(38): view('dashboard/index', Array)
#5 C:\Users\Lenovo\Desktop\sipontren\vendor\codeigniter4\framework\system\CodeIgniter.php(824): App\Controllers\Dashboard->index()
#6 C:\Users\Lenovo\Desktop\sipontren\vendor\codeigniter4\framework\system\CodeIgniter.php(410): CodeIgniter\CodeIgniter->runController(Object(App\Controllers\Dashboard))
#7 C:\Users\Lenovo\Desktop\sipontren\vendor\codeigniter4\framework\system\CodeIgniter.php(318): CodeIgniter\CodeIgniter->handleRequest(NULL, Object(Config\Cache), false)
#8 C:\Users\Lenovo\Desktop\sipontren\public\index.php(37): CodeIgniter\CodeIgniter->run()
#9 C:\Users\Lenovo\Desktop\sipontren\vendor\codeigniter4\framework\system\Commands\Server\rewrite.php(43): require_once('C:\\Users\\Lenovo...')
#10 {main}
CRITICAL - 2022-01-19 23:07:46 --> Array to string conversion
#0 C:\Users\Lenovo\Desktop\sipontren\app\Views\dashboard\index.php(146): CodeIgniter\Debug\Exceptions->errorHandler(2, 'Array to string...', 'C:\\Users\\Lenovo...', 146)
#1 C:\Users\Lenovo\Desktop\sipontren\vendor\codeigniter4\framework\system\View\View.php(214): include('C:\\Users\\Lenovo...')
#2 C:\Users\Lenovo\Desktop\sipontren\vendor\codeigniter4\framework\system\View\View.php(217): CodeIgniter\View\View->CodeIgniter\View\{closure}()
#3 C:\Users\Lenovo\Desktop\sipontren\vendor\codeigniter4\framework\system\Common.php(1097): CodeIgniter\View\View->render('dashboard/index', Array, true)
#4 C:\Users\Lenovo\Desktop\sipontren\app\Controllers\Dashboard.php(38): view('dashboard/index', Array)
#5 C:\Users\Lenovo\Desktop\sipontren\vendor\codeigniter4\framework\system\CodeIgniter.php(824): App\Controllers\Dashboard->index()
#6 C:\Users\Lenovo\Desktop\sipontren\vendor\codeigniter4\framework\system\CodeIgniter.php(410): CodeIgniter\CodeIgniter->runController(Object(App\Controllers\Dashboard))
#7 C:\Users\Lenovo\Desktop\sipontren\vendor\codeigniter4\framework\system\CodeIgniter.php(318): CodeIgniter\CodeIgniter->handleRequest(NULL, Object(Config\Cache), false)
#8 C:\Users\Lenovo\Desktop\sipontren\public\index.php(37): CodeIgniter\CodeIgniter->run()
#9 C:\Users\Lenovo\Desktop\sipontren\vendor\codeigniter4\framework\system\Commands\Server\rewrite.php(43): require_once('C:\\Users\\Lenovo...')
#10 {main}
CRITICAL - 2022-01-19 23:07:47 --> Array to string conversion
#0 C:\Users\Lenovo\Desktop\sipontren\app\Views\dashboard\index.php(146): CodeIgniter\Debug\Exceptions->errorHandler(2, 'Array to string...', 'C:\\Users\\Lenovo...', 146)
#1 C:\Users\Lenovo\Desktop\sipontren\vendor\codeigniter4\framework\system\View\View.php(214): include('C:\\Users\\Lenovo...')
#2 C:\Users\Lenovo\Desktop\sipontren\vendor\codeigniter4\framework\system\View\View.php(217): CodeIgniter\View\View->CodeIgniter\View\{closure}()
#3 C:\Users\Lenovo\Desktop\sipontren\vendor\codeigniter4\framework\system\Common.php(1097): CodeIgniter\View\View->render('dashboard/index', Array, true)
#4 C:\Users\Lenovo\Desktop\sipontren\app\Controllers\Dashboard.php(38): view('dashboard/index', Array)
#5 C:\Users\Lenovo\Desktop\sipontren\vendor\codeigniter4\framework\system\CodeIgniter.php(824): App\Controllers\Dashboard->index()
#6 C:\Users\Lenovo\Desktop\sipontren\vendor\codeigniter4\framework\system\CodeIgniter.php(410): CodeIgniter\CodeIgniter->runController(Object(App\Controllers\Dashboard))
#7 C:\Users\Lenovo\Desktop\sipontren\vendor\codeigniter4\framework\system\CodeIgniter.php(318): CodeIgniter\CodeIgniter->handleRequest(NULL, Object(Config\Cache), false)
#8 C:\Users\Lenovo\Desktop\sipontren\public\index.php(37): CodeIgniter\CodeIgniter->run()
#9 C:\Users\Lenovo\Desktop\sipontren\vendor\codeigniter4\framework\system\Commands\Server\rewrite.php(43): require_once('C:\\Users\\Lenovo...')
#10 {main}
CRITICAL - 2022-01-19 23:07:55 --> Object of class stdClass could not be converted to string
#0 C:\Users\Lenovo\Desktop\sipontren\vendor\codeigniter4\framework\system\View\View.php(214): include()
#1 C:\Users\Lenovo\Desktop\sipontren\vendor\codeigniter4\framework\system\View\View.php(217): CodeIgniter\View\View->CodeIgniter\View\{closure}()
#2 C:\Users\Lenovo\Desktop\sipontren\vendor\codeigniter4\framework\system\Common.php(1097): CodeIgniter\View\View->render('dashboard/index', Array, true)
#3 C:\Users\Lenovo\Desktop\sipontren\app\Controllers\Dashboard.php(38): view('dashboard/index', Array)
#4 C:\Users\Lenovo\Desktop\sipontren\vendor\codeigniter4\framework\system\CodeIgniter.php(824): App\Controllers\Dashboard->index()
#5 C:\Users\Lenovo\Desktop\sipontren\vendor\codeigniter4\framework\system\CodeIgniter.php(410): CodeIgniter\CodeIgniter->runController(Object(App\Controllers\Dashboard))
#6 C:\Users\Lenovo\Desktop\sipontren\vendor\codeigniter4\framework\system\CodeIgniter.php(318): CodeIgniter\CodeIgniter->handleRequest(NULL, Object(Config\Cache), false)
#7 C:\Users\Lenovo\Desktop\sipontren\public\index.php(37): CodeIgniter\CodeIgniter->run()
#8 C:\Users\Lenovo\Desktop\sipontren\vendor\codeigniter4\framework\system\Commands\Server\rewrite.php(43): require_once('C:\\Users\\Lenovo...')
#9 {main}
CRITICAL - 2022-01-19 23:08:02 --> Array to string conversion
#0 C:\Users\Lenovo\Desktop\sipontren\app\Views\dashboard\index.php(146): CodeIgniter\Debug\Exceptions->errorHandler(2, 'Array to string...', 'C:\\Users\\Lenovo...', 146)
#1 C:\Users\Lenovo\Desktop\sipontren\vendor\codeigniter4\framework\system\View\View.php(214): include('C:\\Users\\Lenovo...')
#2 C:\Users\Lenovo\Desktop\sipontren\vendor\codeigniter4\framework\system\View\View.php(217): CodeIgniter\View\View->CodeIgniter\View\{closure}()
#3 C:\Users\Lenovo\Desktop\sipontren\vendor\codeigniter4\framework\system\Common.php(1097): CodeIgniter\View\View->render('dashboard/index', Array, true)
#4 C:\Users\Lenovo\Desktop\sipontren\app\Controllers\Dashboard.php(38): view('dashboard/index', Array)
#5 C:\Users\Lenovo\Desktop\sipontren\vendor\codeigniter4\framework\system\CodeIgniter.php(824): App\Controllers\Dashboard->index()
#6 C:\Users\Lenovo\Desktop\sipontren\vendor\codeigniter4\framework\system\CodeIgniter.php(410): CodeIgniter\CodeIgniter->runController(Object(App\Controllers\Dashboard))
#7 C:\Users\Lenovo\Desktop\sipontren\vendor\codeigniter4\framework\system\CodeIgniter.php(318): CodeIgniter\CodeIgniter->handleRequest(NULL, Object(Config\Cache), false)
#8 C:\Users\Lenovo\Desktop\sipontren\public\index.php(37): CodeIgniter\CodeIgniter->run()
#9 C:\Users\Lenovo\Desktop\sipontren\vendor\codeigniter4\framework\system\Commands\Server\rewrite.php(43): require_once('C:\\Users\\Lenovo...')
#10 {main}
CRITICAL - 2022-01-19 23:08:02 --> Array to string conversion
#0 C:\Users\Lenovo\Desktop\sipontren\app\Views\dashboard\index.php(146): CodeIgniter\Debug\Exceptions->errorHandler(2, 'Array to string...', 'C:\\Users\\Lenovo...', 146)
#1 C:\Users\Lenovo\Desktop\sipontren\vendor\codeigniter4\framework\system\View\View.php(214): include('C:\\Users\\Lenovo...')
#2 C:\Users\Lenovo\Desktop\sipontren\vendor\codeigniter4\framework\system\View\View.php(217): CodeIgniter\View\View->CodeIgniter\View\{closure}()
#3 C:\Users\Lenovo\Desktop\sipontren\vendor\codeigniter4\framework\system\Common.php(1097): CodeIgniter\View\View->render('dashboard/index', Array, true)
#4 C:\Users\Lenovo\Desktop\sipontren\app\Controllers\Dashboard.php(38): view('dashboard/index', Array)
#5 C:\Users\Lenovo\Desktop\sipontren\vendor\codeigniter4\framework\system\CodeIgniter.php(824): App\Controllers\Dashboard->index()
#6 C:\Users\Lenovo\Desktop\sipontren\vendor\codeigniter4\framework\system\CodeIgniter.php(410): CodeIgniter\CodeIgniter->runController(Object(App\Controllers\Dashboard))
#7 C:\Users\Lenovo\Desktop\sipontren\vendor\codeigniter4\framework\system\CodeIgniter.php(318): CodeIgniter\CodeIgniter->handleRequest(NULL, Object(Config\Cache), false)
#8 C:\Users\Lenovo\Desktop\sipontren\public\index.php(37): CodeIgniter\CodeIgniter->run()
#9 C:\Users\Lenovo\Desktop\sipontren\vendor\codeigniter4\framework\system\Commands\Server\rewrite.php(43): require_once('C:\\Users\\Lenovo...')
#10 {main}
CRITICAL - 2022-01-19 23:08:14 --> Too few arguments to function CodeIgniter\Database\BaseResult::getCustomResultObject(), 0 passed in C:\Users\Lenovo\Desktop\sipontren\app\Models\KeuanganModel.php on line 817 and exactly 1 expected
#0 C:\Users\Lenovo\Desktop\sipontren\app\Models\KeuanganModel.php(817): CodeIgniter\Database\BaseResult->getCustomResultObject()
#1 C:\Users\Lenovo\Desktop\sipontren\app\Controllers\Dashboard.php(35): App\Models\KeuanganModel->getSPP()
#2 C:\Users\Lenovo\Desktop\sipontren\vendor\codeigniter4\framework\system\CodeIgniter.php(824): App\Controllers\Dashboard->index()
#3 C:\Users\Lenovo\Desktop\sipontren\vendor\codeigniter4\framework\system\CodeIgniter.php(410): CodeIgniter\CodeIgniter->runController(Object(App\Controllers\Dashboard))
#4 C:\Users\Lenovo\Desktop\sipontren\vendor\codeigniter4\framework\system\CodeIgniter.php(318): CodeIgniter\CodeIgniter->handleRequest(NULL, Object(Config\Cache), false)
#5 C:\Users\Lenovo\Desktop\sipontren\public\index.php(37): CodeIgniter\CodeIgniter->run()
#6 C:\Users\Lenovo\Desktop\sipontren\vendor\codeigniter4\framework\system\Commands\Server\rewrite.php(43): require_once('C:\\Users\\Lenovo...')
#7 {main}
CRITICAL - 2022-01-19 23:08:20 --> Too few arguments to function CodeIgniter\Database\BaseResult::getCustomResultObject(), 0 passed in C:\Users\Lenovo\Desktop\sipontren\app\Models\KeuanganModel.php on line 817 and exactly 1 expected
#0 C:\Users\Lenovo\Desktop\sipontren\app\Models\KeuanganModel.php(817): CodeIgniter\Database\BaseResult->getCustomResultObject()
#1 C:\Users\Lenovo\Desktop\sipontren\app\Controllers\Dashboard.php(35): App\Models\KeuanganModel->getSPP()
#2 C:\Users\Lenovo\Desktop\sipontren\vendor\codeigniter4\framework\system\CodeIgniter.php(824): App\Controllers\Dashboard->index()
#3 C:\Users\Lenovo\Desktop\sipontren\vendor\codeigniter4\framework\system\CodeIgniter.php(410): CodeIgniter\CodeIgniter->runController(Object(App\Controllers\Dashboard))
#4 C:\Users\Lenovo\Desktop\sipontren\vendor\codeigniter4\framework\system\CodeIgniter.php(318): CodeIgniter\CodeIgniter->handleRequest(NULL, Object(Config\Cache), false)
#5 C:\Users\Lenovo\Desktop\sipontren\public\index.php(37): CodeIgniter\CodeIgniter->run()
#6 C:\Users\Lenovo\Desktop\sipontren\vendor\codeigniter4\framework\system\Commands\Server\rewrite.php(43): require_once('C:\\Users\\Lenovo...')
#7 {main}
CRITICAL - 2022-01-19 23:08:31 --> Object of class CodeIgniter\Database\MySQLi\Result could not be converted to string
#0 C:\Users\Lenovo\Desktop\sipontren\vendor\codeigniter4\framework\system\View\View.php(214): include()
#1 C:\Users\Lenovo\Desktop\sipontren\vendor\codeigniter4\framework\system\View\View.php(217): CodeIgniter\View\View->CodeIgniter\View\{closure}()
#2 C:\Users\Lenovo\Desktop\sipontren\vendor\codeigniter4\framework\system\Common.php(1097): CodeIgniter\View\View->render('dashboard/index', Array, true)
#3 C:\Users\Lenovo\Desktop\sipontren\app\Controllers\Dashboard.php(38): view('dashboard/index', Array)
#4 C:\Users\Lenovo\Desktop\sipontren\vendor\codeigniter4\framework\system\CodeIgniter.php(824): App\Controllers\Dashboard->index()
#5 C:\Users\Lenovo\Desktop\sipontren\vendor\codeigniter4\framework\system\CodeIgniter.php(410): CodeIgniter\CodeIgniter->runController(Object(App\Controllers\Dashboard))
#6 C:\Users\Lenovo\Desktop\sipontren\vendor\codeigniter4\framework\system\CodeIgniter.php(318): CodeIgniter\CodeIgniter->handleRequest(NULL, Object(Config\Cache), false)
#7 C:\Users\Lenovo\Desktop\sipontren\public\index.php(37): CodeIgniter\CodeIgniter->run()
#8 C:\Users\Lenovo\Desktop\sipontren\vendor\codeigniter4\framework\system\Commands\Server\rewrite.php(43): require_once('C:\\Users\\Lenovo...')
#9 {main}
CRITICAL - 2022-01-19 23:08:55 --> Array to string conversion
#0 C:\Users\Lenovo\Desktop\sipontren\app\Views\dashboard\index.php(146): CodeIgniter\Debug\Exceptions->errorHandler(2, 'Array to string...', 'C:\\Users\\Lenovo...', 146)
#1 C:\Users\Lenovo\Desktop\sipontren\vendor\codeigniter4\framework\system\View\View.php(214): include('C:\\Users\\Lenovo...')
#2 C:\Users\Lenovo\Desktop\sipontren\vendor\codeigniter4\framework\system\View\View.php(217): CodeIgniter\View\View->CodeIgniter\View\{closure}()
#3 C:\Users\Lenovo\Desktop\sipontren\vendor\codeigniter4\framework\system\Common.php(1097): CodeIgniter\View\View->render('dashboard/index', Array, true)
#4 C:\Users\Lenovo\Desktop\sipontren\app\Controllers\Dashboard.php(38): view('dashboard/index', Array)
#5 C:\Users\Lenovo\Desktop\sipontren\vendor\codeigniter4\framework\system\CodeIgniter.php(824): App\Controllers\Dashboard->index()
#6 C:\Users\Lenovo\Desktop\sipontren\vendor\codeigniter4\framework\system\CodeIgniter.php(410): CodeIgniter\CodeIgniter->runController(Object(App\Controllers\Dashboard))
#7 C:\Users\Lenovo\Desktop\sipontren\vendor\codeigniter4\framework\system\CodeIgniter.php(318): CodeIgniter\CodeIgniter->handleRequest(NULL, Object(Config\Cache), false)
#8 C:\Users\Lenovo\Desktop\sipontren\public\index.php(37): CodeIgniter\CodeIgniter->run()
#9 C:\Users\Lenovo\Desktop\sipontren\vendor\codeigniter4\framework\system\Commands\Server\rewrite.php(43): require_once('C:\\Users\\Lenovo...')
#10 {main}
ERROR - 2022-01-19 23:15:42 --> Illegal parameter data types varchar and row for operation '='
CRITICAL - 2022-01-19 23:15:42 --> Illegal parameter data types varchar and row for operation '='
#0 C:\Users\Lenovo\Desktop\sipontren\vendor\codeigniter4\framework\system\Database\MySQLi\Connection.php(292): mysqli->query('SELECT SUM(`jum...', 0)
#1 C:\Users\Lenovo\Desktop\sipontren\vendor\codeigniter4\framework\system\Database\BaseConnection.php(670): CodeIgniter\Database\MySQLi\Connection->execute('SELECT SUM(`jum...')
#2 C:\Users\Lenovo\Desktop\sipontren\vendor\codeigniter4\framework\system\Database\BaseConnection.php(598): CodeIgniter\Database\BaseConnection->simpleQuery('SELECT SUM(`jum...')
#3 C:\Users\Lenovo\Desktop\sipontren\vendor\codeigniter4\framework\system\Database\BaseBuilder.php(1443): CodeIgniter\Database\BaseConnection->query('SELECT SUM(`jum...', Array, false)
#4 C:\Users\Lenovo\Desktop\sipontren\app\Models\KeuanganModel.php(847): CodeIgniter\Database\BaseBuilder->get()
#5 C:\Users\Lenovo\Desktop\sipontren\app\Controllers\Dashboard.php(38): App\Models\KeuanganModel->getRutin()
#6 C:\Users\Lenovo\Desktop\sipontren\vendor\codeigniter4\framework\system\CodeIgniter.php(824): App\Controllers\Dashboard->index()
#7 C:\Users\Lenovo\Desktop\sipontren\vendor\codeigniter4\framework\system\CodeIgniter.php(410): CodeIgniter\CodeIgniter->runController(Object(App\Controllers\Dashboard))
#8 C:\Users\Lenovo\Desktop\sipontren\vendor\codeigniter4\framework\system\CodeIgniter.php(318): CodeIgniter\CodeIgniter->handleRequest(NULL, Object(Config\Cache), false)
#9 C:\Users\Lenovo\Desktop\sipontren\public\index.php(37): CodeIgniter\CodeIgniter->run()
#10 C:\Users\Lenovo\Desktop\sipontren\vendor\codeigniter4\framework\system\Commands\Server\rewrite.php(43): require_once('C:\\Users\\Lenovo...')
#11 {main}
CRITICAL - 2022-01-19 23:15:59 --> Unsupported operand types: string + string
#0 C:\Users\Lenovo\Desktop\sipontren\vendor\codeigniter4\framework\system\CodeIgniter.php(824): App\Controllers\Pembayaran->update_lainnya('35')
#1 C:\Users\Lenovo\Desktop\sipontren\vendor\codeigniter4\framework\system\CodeIgniter.php(410): CodeIgniter\CodeIgniter->runController(Object(App\Controllers\Pembayaran))
#2 C:\Users\Lenovo\Desktop\sipontren\vendor\codeigniter4\framework\system\CodeIgniter.php(318): CodeIgniter\CodeIgniter->handleRequest(NULL, Object(Config\Cache), false)
#3 C:\Users\Lenovo\Desktop\sipontren\public\index.php(37): CodeIgniter\CodeIgniter->run()
#4 C:\Users\Lenovo\Desktop\sipontren\vendor\codeigniter4\framework\system\Commands\Server\rewrite.php(43): require_once('C:\\Users\\Lenovo...')
#5 {main}
CRITICAL - 2022-01-19 23:16:04 --> Unsupported operand types: string + string
#0 C:\Users\Lenovo\Desktop\sipontren\vendor\codeigniter4\framework\system\CodeIgniter.php(824): App\Controllers\Pembayaran->update_lainnya('35')
#1 C:\Users\Lenovo\Desktop\sipontren\vendor\codeigniter4\framework\system\CodeIgniter.php(410): CodeIgniter\CodeIgniter->runController(Object(App\Controllers\Pembayaran))
#2 C:\Users\Lenovo\Desktop\sipontren\vendor\codeigniter4\framework\system\CodeIgniter.php(318): CodeIgniter\CodeIgniter->handleRequest(NULL, Object(Config\Cache), false)
#3 C:\Users\Lenovo\Desktop\sipontren\public\index.php(37): CodeIgniter\CodeIgniter->run()
#4 C:\Users\Lenovo\Desktop\sipontren\vendor\codeigniter4\framework\system\Commands\Server\rewrite.php(43): require_once('C:\\Users\\Lenovo...')
#5 {main}
CRITICAL - 2022-01-19 23:16:49 --> Unsupported operand types: string + string
#0 C:\Users\Lenovo\Desktop\sipontren\vendor\codeigniter4\framework\system\CodeIgniter.php(824): App\Controllers\Pembayaran->update_lainnya('35')
#1 C:\Users\Lenovo\Desktop\sipontren\vendor\codeigniter4\framework\system\CodeIgniter.php(410): CodeIgniter\CodeIgniter->runController(Object(App\Controllers\Pembayaran))
#2 C:\Users\Lenovo\Desktop\sipontren\vendor\codeigniter4\framework\system\CodeIgniter.php(318): CodeIgniter\CodeIgniter->handleRequest(NULL, Object(Config\Cache), false)
#3 C:\Users\Lenovo\Desktop\sipontren\public\index.php(37): CodeIgniter\CodeIgniter->run()
#4 C:\Users\Lenovo\Desktop\sipontren\vendor\codeigniter4\framework\system\Commands\Server\rewrite.php(43): require_once('C:\\Users\\Lenovo...')
#5 {main}
CRITICAL - 2022-01-19 23:19:46 --> Unsupported operand types: string + string
#0 C:\Users\Lenovo\Desktop\sipontren\vendor\codeigniter4\framework\system\CodeIgniter.php(824): App\Controllers\Pembayaran->update_lainnya('35')
#1 C:\Users\Lenovo\Desktop\sipontren\vendor\codeigniter4\framework\system\CodeIgniter.php(410): CodeIgniter\CodeIgniter->runController(Object(App\Controllers\Pembayaran))
#2 C:\Users\Lenovo\Desktop\sipontren\vendor\codeigniter4\framework\system\CodeIgniter.php(318): CodeIgniter\CodeIgniter->handleRequest(NULL, Object(Config\Cache), false)
#3 C:\Users\Lenovo\Desktop\sipontren\public\index.php(37): CodeIgniter\CodeIgniter->run()
#4 C:\Users\Lenovo\Desktop\sipontren\vendor\codeigniter4\framework\system\Commands\Server\rewrite.php(43): require_once('C:\\Users\\Lenovo...')
#5 {main}
CRITICAL - 2022-01-19 23:20:56 --> Unsupported operand types: string + string
#0 C:\Users\Lenovo\Desktop\sipontren\vendor\codeigniter4\framework\system\CodeIgniter.php(824): App\Controllers\Pembayaran->update_lainnya('35')
#1 C:\Users\Lenovo\Desktop\sipontren\vendor\codeigniter4\framework\system\CodeIgniter.php(410): CodeIgniter\CodeIgniter->runController(Object(App\Controllers\Pembayaran))
#2 C:\Users\Lenovo\Desktop\sipontren\vendor\codeigniter4\framework\system\CodeIgniter.php(318): CodeIgniter\CodeIgniter->handleRequest(NULL, Object(Config\Cache), false)
#3 C:\Users\Lenovo\Desktop\sipontren\public\index.php(37): CodeIgniter\CodeIgniter->run()
#4 C:\Users\Lenovo\Desktop\sipontren\vendor\codeigniter4\framework\system\Commands\Server\rewrite.php(43): require_once('C:\\Users\\Lenovo...')
#5 {main}
CRITICAL - 2022-01-19 23:21:45 --> Unsupported operand types: string + string
#0 C:\Users\Lenovo\Desktop\sipontren\vendor\codeigniter4\framework\system\CodeIgniter.php(824): App\Controllers\Pembayaran->update_lainnya('35')
#1 C:\Users\Lenovo\Desktop\sipontren\vendor\codeigniter4\framework\system\CodeIgniter.php(410): CodeIgniter\CodeIgniter->runController(Object(App\Controllers\Pembayaran))
#2 C:\Users\Lenovo\Desktop\sipontren\vendor\codeigniter4\framework\system\CodeIgniter.php(318): CodeIgniter\CodeIgniter->handleRequest(NULL, Object(Config\Cache), false)
#3 C:\Users\Lenovo\Desktop\sipontren\public\index.php(37): CodeIgniter\CodeIgniter->run()
#4 C:\Users\Lenovo\Desktop\sipontren\vendor\codeigniter4\framework\system\Commands\Server\rewrite.php(43): require_once('C:\\Users\\Lenovo...')
#5 {main}
CRITICAL - 2022-01-19 23:34:13 --> Undefined array key "bayar"
#0 C:\Users\Lenovo\Desktop\sipontren\app\Views\dashboard\index.php(130): CodeIgniter\Debug\Exceptions->errorHandler(2, 'Undefined array...', 'C:\\Users\\Lenovo...', 130)
#1 C:\Users\Lenovo\Desktop\sipontren\vendor\codeigniter4\framework\system\View\View.php(214): include('C:\\Users\\Lenovo...')
#2 C:\Users\Lenovo\Desktop\sipontren\vendor\codeigniter4\framework\system\View\View.php(217): CodeIgniter\View\View->CodeIgniter\View\{closure}()
#3 C:\Users\Lenovo\Desktop\sipontren\vendor\codeigniter4\framework\system\Common.php(1097): CodeIgniter\View\View->render('dashboard/index', Array, true)
#4 C:\Users\Lenovo\Desktop\sipontren\app\Controllers\Dashboard.php(42): view('dashboard/index', Array)
#5 C:\Users\Lenovo\Desktop\sipontren\vendor\codeigniter4\framework\system\CodeIgniter.php(824): App\Controllers\Dashboard->index()
#6 C:\Users\Lenovo\Desktop\sipontren\vendor\codeigniter4\framework\system\CodeIgniter.php(410): CodeIgniter\CodeIgniter->runController(Object(App\Controllers\Dashboard))
#7 C:\Users\Lenovo\Desktop\sipontren\vendor\codeigniter4\framework\system\CodeIgniter.php(318): CodeIgniter\CodeIgniter->handleRequest(NULL, Object(Config\Cache), false)
#8 C:\Users\Lenovo\Desktop\sipontren\public\index.php(37): CodeIgniter\CodeIgniter->run()
#9 C:\Users\Lenovo\Desktop\sipontren\vendor\codeigniter4\framework\system\Commands\Server\rewrite.php(43): require_once('C:\\Users\\Lenovo...')
#10 {main}
CRITICAL - 2022-01-19 23:34:39 --> Undefined array key "bayar"
#0 C:\Users\Lenovo\Desktop\sipontren\app\Views\dashboard\index.php(130): CodeIgniter\Debug\Exceptions->errorHandler(2, 'Undefined array...', 'C:\\Users\\Lenovo...', 130)
#1 C:\Users\Lenovo\Desktop\sipontren\vendor\codeigniter4\framework\system\View\View.php(214): include('C:\\Users\\Lenovo...')
#2 C:\Users\Lenovo\Desktop\sipontren\vendor\codeigniter4\framework\system\View\View.php(217): CodeIgniter\View\View->CodeIgniter\View\{closure}()
#3 C:\Users\Lenovo\Desktop\sipontren\vendor\codeigniter4\framework\system\Common.php(1097): CodeIgniter\View\View->render('dashboard/index', Array, true)
#4 C:\Users\Lenovo\Desktop\sipontren\app\Controllers\Dashboard.php(42): view('dashboard/index', Array)
#5 C:\Users\Lenovo\Desktop\sipontren\vendor\codeigniter4\framework\system\CodeIgniter.php(824): App\Controllers\Dashboard->index()
#6 C:\Users\Lenovo\Desktop\sipontren\vendor\codeigniter4\framework\system\CodeIgniter.php(410): CodeIgniter\CodeIgniter->runController(Object(App\Controllers\Dashboard))
#7 C:\Users\Lenovo\Desktop\sipontren\vendor\codeigniter4\framework\system\CodeIgniter.php(318): CodeIgniter\CodeIgniter->handleRequest(NULL, Object(Config\Cache), false)
#8 C:\Users\Lenovo\Desktop\sipontren\public\index.php(37): CodeIgniter\CodeIgniter->run()
#9 C:\Users\Lenovo\Desktop\sipontren\vendor\codeigniter4\framework\system\Commands\Server\rewrite.php(43): require_once('C:\\Users\\Lenovo...')
#10 {main}
CRITICAL - 2022-01-19 23:34:40 --> Undefined array key "bayar"
#0 C:\Users\Lenovo\Desktop\sipontren\app\Views\dashboard\index.php(130): CodeIgniter\Debug\Exceptions->errorHandler(2, 'Undefined array...', 'C:\\Users\\Lenovo...', 130)
#1 C:\Users\Lenovo\Desktop\sipontren\vendor\codeigniter4\framework\system\View\View.php(214): include('C:\\Users\\Lenovo...')
#2 C:\Users\Lenovo\Desktop\sipontren\vendor\codeigniter4\framework\system\View\View.php(217): CodeIgniter\View\View->CodeIgniter\View\{closure}()
#3 C:\Users\Lenovo\Desktop\sipontren\vendor\codeigniter4\framework\system\Common.php(1097): CodeIgniter\View\View->render('dashboard/index', Array, true)
#4 C:\Users\Lenovo\Desktop\sipontren\app\Controllers\Dashboard.php(42): view('dashboard/index', Array)
#5 C:\Users\Lenovo\Desktop\sipontren\vendor\codeigniter4\framework\system\CodeIgniter.php(824): App\Controllers\Dashboard->index()
#6 C:\Users\Lenovo\Desktop\sipontren\vendor\codeigniter4\framework\system\CodeIgniter.php(410): CodeIgniter\CodeIgniter->runController(Object(App\Controllers\Dashboard))
#7 C:\Users\Lenovo\Desktop\sipontren\vendor\codeigniter4\framework\system\CodeIgniter.php(318): CodeIgniter\CodeIgniter->handleRequest(NULL, Object(Config\Cache), false)
#8 C:\Users\Lenovo\Desktop\sipontren\public\index.php(37): CodeIgniter\CodeIgniter->run()
#9 C:\Users\Lenovo\Desktop\sipontren\vendor\codeigniter4\framework\system\Commands\Server\rewrite.php(43): require_once('C:\\Users\\Lenovo...')
#10 {main}
CRITICAL - 2022-01-19 23:34:41 --> Undefined array key "bayar"
#0 C:\Users\Lenovo\Desktop\sipontren\app\Views\dashboard\index.php(130): CodeIgniter\Debug\Exceptions->errorHandler(2, 'Undefined array...', 'C:\\Users\\Lenovo...', 130)
#1 C:\Users\Lenovo\Desktop\sipontren\vendor\codeigniter4\framework\system\View\View.php(214): include('C:\\Users\\Lenovo...')
#2 C:\Users\Lenovo\Desktop\sipontren\vendor\codeigniter4\framework\system\View\View.php(217): CodeIgniter\View\View->CodeIgniter\View\{closure}()
#3 C:\Users\Lenovo\Desktop\sipontren\vendor\codeigniter4\framework\system\Common.php(1097): CodeIgniter\View\View->render('dashboard/index', Array, true)
#4 C:\Users\Lenovo\Desktop\sipontren\app\Controllers\Dashboard.php(42): view('dashboard/index', Array)
#5 C:\Users\Lenovo\Desktop\sipontren\vendor\codeigniter4\framework\system\CodeIgniter.php(824): App\Controllers\Dashboard->index()
#6 C:\Users\Lenovo\Desktop\sipontren\vendor\codeigniter4\framework\system\CodeIgniter.php(410): CodeIgniter\CodeIgniter->runController(Object(App\Controllers\Dashboard))
#7 C:\Users\Lenovo\Desktop\sipontren\vendor\codeigniter4\framework\system\CodeIgniter.php(318): CodeIgniter\CodeIgniter->handleRequest(NULL, Object(Config\Cache), false)
#8 C:\Users\Lenovo\Desktop\sipontren\public\index.php(37): CodeIgniter\CodeIgniter->run()
#9 C:\Users\Lenovo\Desktop\sipontren\vendor\codeigniter4\framework\system\Commands\Server\rewrite.php(43): require_once('C:\\Users\\Lenovo...')
#10 {main}
CRITICAL - 2022-01-19 23:35:17 --> Undefined array key "id_tagihan"
#0 C:\Users\Lenovo\Desktop\sipontren\app\Views\dashboard\index.php(130): CodeIgniter\Debug\Exceptions->errorHandler(2, 'Undefined array...', 'C:\\Users\\Lenovo...', 130)
#1 C:\Users\Lenovo\Desktop\sipontren\vendor\codeigniter4\framework\system\View\View.php(214): include('C:\\Users\\Lenovo...')
#2 C:\Users\Lenovo\Desktop\sipontren\vendor\codeigniter4\framework\system\View\View.php(217): CodeIgniter\View\View->CodeIgniter\View\{closure}()
#3 C:\Users\Lenovo\Desktop\sipontren\vendor\codeigniter4\framework\system\Common.php(1097): CodeIgniter\View\View->render('dashboard/index', Array, true)
#4 C:\Users\Lenovo\Desktop\sipontren\app\Controllers\Dashboard.php(42): view('dashboard/index', Array)
#5 C:\Users\Lenovo\Desktop\sipontren\vendor\codeigniter4\framework\system\CodeIgniter.php(824): App\Controllers\Dashboard->index()
#6 C:\Users\Lenovo\Desktop\sipontren\vendor\codeigniter4\framework\system\CodeIgniter.php(410): CodeIgniter\CodeIgniter->runController(Object(App\Controllers\Dashboard))
#7 C:\Users\Lenovo\Desktop\sipontren\vendor\codeigniter4\framework\system\CodeIgniter.php(318): CodeIgniter\CodeIgniter->handleRequest(NULL, Object(Config\Cache), false)
#8 C:\Users\Lenovo\Desktop\sipontren\public\index.php(37): CodeIgniter\CodeIgniter->run()
#9 C:\Users\Lenovo\Desktop\sipontren\vendor\codeigniter4\framework\system\Commands\Server\rewrite.php(43): require_once('C:\\Users\\Lenovo...')
#10 {main}
CRITICAL - 2022-01-19 23:35:33 --> syntax error, unexpected variable "$builder"
#0 C:\Users\Lenovo\Desktop\sipontren\vendor\codeigniter4\framework\system\Autoloader\Autoloader.php(241): CodeIgniter\Autoloader\Autoloader->includeFile('C:\\Users\\Lenovo...')
#1 C:\Users\Lenovo\Desktop\sipontren\vendor\codeigniter4\framework\system\Autoloader\Autoloader.php(219): CodeIgniter\Autoloader\Autoloader->loadInNamespace('App\\Models\\Keua...')
#2 C:\Users\Lenovo\Desktop\sipontren\app\Controllers\Dashboard.php(20): CodeIgniter\Autoloader\Autoloader->loadClass('App\\Models\\Keua...')
#3 C:\Users\Lenovo\Desktop\sipontren\vendor\codeigniter4\framework\system\CodeIgniter.php(801): App\Controllers\Dashboard->__construct()
#4 C:\Users\Lenovo\Desktop\sipontren\vendor\codeigniter4\framework\system\CodeIgniter.php(401): CodeIgniter\CodeIgniter->createController()
#5 C:\Users\Lenovo\Desktop\sipontren\vendor\codeigniter4\framework\system\CodeIgniter.php(318): CodeIgniter\CodeIgniter->handleRequest(NULL, Object(Config\Cache), false)
#6 C:\Users\Lenovo\Desktop\sipontren\public\index.php(37): CodeIgniter\CodeIgniter->run()
#7 C:\Users\Lenovo\Desktop\sipontren\vendor\codeigniter4\framework\system\Commands\Server\rewrite.php(43): require_once('C:\\Users\\Lenovo...')
#8 {main}
CRITICAL - 2022-01-19 23:35:37 --> Undefined array key "id_tagihan"
#0 C:\Users\Lenovo\Desktop\sipontren\app\Views\dashboard\index.php(130): CodeIgniter\Debug\Exceptions->errorHandler(2, 'Undefined array...', 'C:\\Users\\Lenovo...', 130)
#1 C:\Users\Lenovo\Desktop\sipontren\vendor\codeigniter4\framework\system\View\View.php(214): include('C:\\Users\\Lenovo...')
#2 C:\Users\Lenovo\Desktop\sipontren\vendor\codeigniter4\framework\system\View\View.php(217): CodeIgniter\View\View->CodeIgniter\View\{closure}()
#3 C:\Users\Lenovo\Desktop\sipontren\vendor\codeigniter4\framework\system\Common.php(1097): CodeIgniter\View\View->render('dashboard/index', Array, true)
#4 C:\Users\Lenovo\Desktop\sipontren\app\Controllers\Dashboard.php(42): view('dashboard/index', Array)
#5 C:\Users\Lenovo\Desktop\sipontren\vendor\codeigniter4\framework\system\CodeIgniter.php(824): App\Controllers\Dashboard->index()
#6 C:\Users\Lenovo\Desktop\sipontren\vendor\codeigniter4\framework\system\CodeIgniter.php(410): CodeIgniter\CodeIgniter->runController(Object(App\Controllers\Dashboard))
#7 C:\Users\Lenovo\Desktop\sipontren\vendor\codeigniter4\framework\system\CodeIgniter.php(318): CodeIgniter\CodeIgniter->handleRequest(NULL, Object(Config\Cache), false)
#8 C:\Users\Lenovo\Desktop\sipontren\public\index.php(37): CodeIgniter\CodeIgniter->run()
#9 C:\Users\Lenovo\Desktop\sipontren\vendor\codeigniter4\framework\system\Commands\Server\rewrite.php(43): require_once('C:\\Users\\Lenovo...')
#10 {main}
CRITICAL - 2022-01-19 23:35:38 --> Undefined array key "id_tagihan"
#0 C:\Users\Lenovo\Desktop\sipontren\app\Views\dashboard\index.php(130): CodeIgniter\Debug\Exceptions->errorHandler(2, 'Undefined array...', 'C:\\Users\\Lenovo...', 130)
#1 C:\Users\Lenovo\Desktop\sipontren\vendor\codeigniter4\framework\system\View\View.php(214): include('C:\\Users\\Lenovo...')
#2 C:\Users\Lenovo\Desktop\sipontren\vendor\codeigniter4\framework\system\View\View.php(217): CodeIgniter\View\View->CodeIgniter\View\{closure}()
#3 C:\Users\Lenovo\Desktop\sipontren\vendor\codeigniter4\framework\system\Common.php(1097): CodeIgniter\View\View->render('dashboard/index', Array, true)
#4 C:\Users\Lenovo\Desktop\sipontren\app\Controllers\Dashboard.php(42): view('dashboard/index', Array)
#5 C:\Users\Lenovo\Desktop\sipontren\vendor\codeigniter4\framework\system\CodeIgniter.php(824): App\Controllers\Dashboard->index()
#6 C:\Users\Lenovo\Desktop\sipontren\vendor\codeigniter4\framework\system\CodeIgniter.php(410): CodeIgniter\CodeIgniter->runController(Object(App\Controllers\Dashboard))
#7 C:\Users\Lenovo\Desktop\sipontren\vendor\codeigniter4\framework\system\CodeIgniter.php(318): CodeIgniter\CodeIgniter->handleRequest(NULL, Object(Config\Cache), false)
#8 C:\Users\Lenovo\Desktop\sipontren\public\index.php(37): CodeIgniter\CodeIgniter->run()
#9 C:\Users\Lenovo\Desktop\sipontren\vendor\codeigniter4\framework\system\Commands\Server\rewrite.php(43): require_once('C:\\Users\\Lenovo...')
#10 {main}
CRITICAL - 2022-01-19 23:35:45 --> Undefined array key "id_tagihan"
#0 C:\Users\Lenovo\Desktop\sipontren\app\Views\dashboard\index.php(130): CodeIgniter\Debug\Exceptions->errorHandler(2, 'Undefined array...', 'C:\\Users\\Lenovo...', 130)
#1 C:\Users\Lenovo\Desktop\sipontren\vendor\codeigniter4\framework\system\View\View.php(214): include('C:\\Users\\Lenovo...')
#2 C:\Users\Lenovo\Desktop\sipontren\vendor\codeigniter4\framework\system\View\View.php(217): CodeIgniter\View\View->CodeIgniter\View\{closure}()
#3 C:\Users\Lenovo\Desktop\sipontren\vendor\codeigniter4\framework\system\Common.php(1097): CodeIgniter\View\View->render('dashboard/index', Array, true)
#4 C:\Users\Lenovo\Desktop\sipontren\app\Controllers\Dashboard.php(42): view('dashboard/index', Array)
#5 C:\Users\Lenovo\Desktop\sipontren\vendor\codeigniter4\framework\system\CodeIgniter.php(824): App\Controllers\Dashboard->index()
#6 C:\Users\Lenovo\Desktop\sipontren\vendor\codeigniter4\framework\system\CodeIgniter.php(410): CodeIgniter\CodeIgniter->runController(Object(App\Controllers\Dashboard))
#7 C:\Users\Lenovo\Desktop\sipontren\vendor\codeigniter4\framework\system\CodeIgniter.php(318): CodeIgniter\CodeIgniter->handleRequest(NULL, Object(Config\Cache), false)
#8 C:\Users\Lenovo\Desktop\sipontren\public\index.php(37): CodeIgniter\CodeIgniter->run()
#9 C:\Users\Lenovo\Desktop\sipontren\vendor\codeigniter4\framework\system\Commands\Server\rewrite.php(43): require_once('C:\\Users\\Lenovo...')
#10 {main}
CRITICAL - 2022-01-19 23:35:46 --> Undefined array key "id_tagihan"
#0 C:\Users\Lenovo\Desktop\sipontren\app\Views\dashboard\index.php(130): CodeIgniter\Debug\Exceptions->errorHandler(2, 'Undefined array...', 'C:\\Users\\Lenovo...', 130)
#1 C:\Users\Lenovo\Desktop\sipontren\vendor\codeigniter4\framework\system\View\View.php(214): include('C:\\Users\\Lenovo...')
#2 C:\Users\Lenovo\Desktop\sipontren\vendor\codeigniter4\framework\system\View\View.php(217): CodeIgniter\View\View->CodeIgniter\View\{closure}()
#3 C:\Users\Lenovo\Desktop\sipontren\vendor\codeigniter4\framework\system\Common.php(1097): CodeIgniter\View\View->render('dashboard/index', Array, true)
#4 C:\Users\Lenovo\Desktop\sipontren\app\Controllers\Dashboard.php(42): view('dashboard/index', Array)
#5 C:\Users\Lenovo\Desktop\sipontren\vendor\codeigniter4\framework\system\CodeIgniter.php(824): App\Controllers\Dashboard->index()
#6 C:\Users\Lenovo\Desktop\sipontren\vendor\codeigniter4\framework\system\CodeIgniter.php(410): CodeIgniter\CodeIgniter->runController(Object(App\Controllers\Dashboard))
#7 C:\Users\Lenovo\Desktop\sipontren\vendor\codeigniter4\framework\system\CodeIgniter.php(318): CodeIgniter\CodeIgniter->handleRequest(NULL, Object(Config\Cache), false)
#8 C:\Users\Lenovo\Desktop\sipontren\public\index.php(37): CodeIgniter\CodeIgniter->run()
#9 C:\Users\Lenovo\Desktop\sipontren\vendor\codeigniter4\framework\system\Commands\Server\rewrite.php(43): require_once('C:\\Users\\Lenovo...')
#10 {main}
CRITICAL - 2022-01-19 23:36:11 --> Undefined array key "id_tagihan"
#0 C:\Users\Lenovo\Desktop\sipontren\app\Views\dashboard\index.php(130): CodeIgniter\Debug\Exceptions->errorHandler(2, 'Undefined array...', 'C:\\Users\\Lenovo...', 130)
#1 C:\Users\Lenovo\Desktop\sipontren\vendor\codeigniter4\framework\system\View\View.php(214): include('C:\\Users\\Lenovo...')
#2 C:\Users\Lenovo\Desktop\sipontren\vendor\codeigniter4\framework\system\View\View.php(217): CodeIgniter\View\View->CodeIgniter\View\{closure}()
#3 C:\Users\Lenovo\Desktop\sipontren\vendor\codeigniter4\framework\system\Common.php(1097): CodeIgniter\View\View->render('dashboard/index', Array, true)
#4 C:\Users\Lenovo\Desktop\sipontren\app\Controllers\Dashboard.php(42): view('dashboard/index', Array)
#5 C:\Users\Lenovo\Desktop\sipontren\vendor\codeigniter4\framework\system\CodeIgniter.php(824): App\Controllers\Dashboard->index()
#6 C:\Users\Lenovo\Desktop\sipontren\vendor\codeigniter4\framework\system\CodeIgniter.php(410): CodeIgniter\CodeIgniter->runController(Object(App\Controllers\Dashboard))
#7 C:\Users\Lenovo\Desktop\sipontren\vendor\codeigniter4\framework\system\CodeIgniter.php(318): CodeIgniter\CodeIgniter->handleRequest(NULL, Object(Config\Cache), false)
#8 C:\Users\Lenovo\Desktop\sipontren\public\index.php(37): CodeIgniter\CodeIgniter->run()
#9 C:\Users\Lenovo\Desktop\sipontren\vendor\codeigniter4\framework\system\Commands\Server\rewrite.php(43): require_once('C:\\Users\\Lenovo...')
#10 {main}
CRITICAL - 2022-01-19 23:36:12 --> Undefined array key "id_tagihan"
#0 C:\Users\Lenovo\Desktop\sipontren\app\Views\dashboard\index.php(130): CodeIgniter\Debug\Exceptions->errorHandler(2, 'Undefined array...', 'C:\\Users\\Lenovo...', 130)
#1 C:\Users\Lenovo\Desktop\sipontren\vendor\codeigniter4\framework\system\View\View.php(214): include('C:\\Users\\Lenovo...')
#2 C:\Users\Lenovo\Desktop\sipontren\vendor\codeigniter4\framework\system\View\View.php(217): CodeIgniter\View\View->CodeIgniter\View\{closure}()
#3 C:\Users\Lenovo\Desktop\sipontren\vendor\codeigniter4\framework\system\Common.php(1097): CodeIgniter\View\View->render('dashboard/index', Array, true)
#4 C:\Users\Lenovo\Desktop\sipontren\app\Controllers\Dashboard.php(42): view('dashboard/index', Array)
#5 C:\Users\Lenovo\Desktop\sipontren\vendor\codeigniter4\framework\system\CodeIgniter.php(824): App\Controllers\Dashboard->index()
#6 C:\Users\Lenovo\Desktop\sipontren\vendor\codeigniter4\framework\system\CodeIgniter.php(410): CodeIgniter\CodeIgniter->runController(Object(App\Controllers\Dashboard))
#7 C:\Users\Lenovo\Desktop\sipontren\vendor\codeigniter4\framework\system\CodeIgniter.php(318): CodeIgniter\CodeIgniter->handleRequest(NULL, Object(Config\Cache), false)
#8 C:\Users\Lenovo\Desktop\sipontren\public\index.php(37): CodeIgniter\CodeIgniter->run()
#9 C:\Users\Lenovo\Desktop\sipontren\vendor\codeigniter4\framework\system\Commands\Server\rewrite.php(43): require_once('C:\\Users\\Lenovo...')
#10 {main}
CRITICAL - 2022-01-19 23:36:16 --> Undefined array key "id_tagihan"
#0 C:\Users\Lenovo\Desktop\sipontren\app\Views\dashboard\index.php(130): CodeIgniter\Debug\Exceptions->errorHandler(2, 'Undefined array...', 'C:\\Users\\Lenovo...', 130)
#1 C:\Users\Lenovo\Desktop\sipontren\vendor\codeigniter4\framework\system\View\View.php(214): include('C:\\Users\\Lenovo...')
#2 C:\Users\Lenovo\Desktop\sipontren\vendor\codeigniter4\framework\system\View\View.php(217): CodeIgniter\View\View->CodeIgniter\View\{closure}()
#3 C:\Users\Lenovo\Desktop\sipontren\vendor\codeigniter4\framework\system\Common.php(1097): CodeIgniter\View\View->render('dashboard/index', Array, true)
#4 C:\Users\Lenovo\Desktop\sipontren\app\Controllers\Dashboard.php(42): view('dashboard/index', Array)
#5 C:\Users\Lenovo\Desktop\sipontren\vendor\codeigniter4\framework\system\CodeIgniter.php(824): App\Controllers\Dashboard->index()
#6 C:\Users\Lenovo\Desktop\sipontren\vendor\codeigniter4\framework\system\CodeIgniter.php(410): CodeIgniter\CodeIgniter->runController(Object(App\Controllers\Dashboard))
#7 C:\Users\Lenovo\Desktop\sipontren\vendor\codeigniter4\framework\system\CodeIgniter.php(318): CodeIgniter\CodeIgniter->handleRequest(NULL, Object(Config\Cache), false)
#8 C:\Users\Lenovo\Desktop\sipontren\public\index.php(37): CodeIgniter\CodeIgniter->run()
#9 C:\Users\Lenovo\Desktop\sipontren\vendor\codeigniter4\framework\system\Commands\Server\rewrite.php(43): require_once('C:\\Users\\Lenovo...')
#10 {main}
CRITICAL - 2022-01-19 23:36:38 --> Undefined array key "id_kelas"
#0 C:\Users\Lenovo\Desktop\sipontren\app\Views\dashboard\index.php(130): CodeIgniter\Debug\Exceptions->errorHandler(2, 'Undefined array...', 'C:\\Users\\Lenovo...', 130)
#1 C:\Users\Lenovo\Desktop\sipontren\vendor\codeigniter4\framework\system\View\View.php(214): include('C:\\Users\\Lenovo...')
#2 C:\Users\Lenovo\Desktop\sipontren\vendor\codeigniter4\framework\system\View\View.php(217): CodeIgniter\View\View->CodeIgniter\View\{closure}()
#3 C:\Users\Lenovo\Desktop\sipontren\vendor\codeigniter4\framework\system\Common.php(1097): CodeIgniter\View\View->render('dashboard/index', Array, true)
#4 C:\Users\Lenovo\Desktop\sipontren\app\Controllers\Dashboard.php(42): view('dashboard/index', Array)
#5 C:\Users\Lenovo\Desktop\sipontren\vendor\codeigniter4\framework\system\CodeIgniter.php(824): App\Controllers\Dashboard->index()
#6 C:\Users\Lenovo\Desktop\sipontren\vendor\codeigniter4\framework\system\CodeIgniter.php(410): CodeIgniter\CodeIgniter->runController(Object(App\Controllers\Dashboard))
#7 C:\Users\Lenovo\Desktop\sipontren\vendor\codeigniter4\framework\system\CodeIgniter.php(318): CodeIgniter\CodeIgniter->handleRequest(NULL, Object(Config\Cache), false)
#8 C:\Users\Lenovo\Desktop\sipontren\public\index.php(37): CodeIgniter\CodeIgniter->run()
#9 C:\Users\Lenovo\Desktop\sipontren\vendor\codeigniter4\framework\system\Commands\Server\rewrite.php(43): require_once('C:\\Users\\Lenovo...')
#10 {main}
