CRITICAL - 2021-12-17 09:43:20 --> Undefined array key 2
#0 C:\Users\Lenovo\Desktop\sipontren\app\Controllers\Pembayaran.php(322): CodeIgniter\Debug\Exceptions->errorHandler(2, 'Undefined array...', 'C:\\Users\\Lenovo...', 322)
#1 C:\Users\Lenovo\Desktop\sipontren\vendor\codeigniter4\framework\system\CodeIgniter.php(824): App\Controllers\Pembayaran->print()
#2 C:\Users\Lenovo\Desktop\sipontren\vendor\codeigniter4\framework\system\CodeIgniter.php(410): CodeIgniter\CodeIgniter->runController(Object(App\Controllers\Pembayaran))
#3 C:\Users\Lenovo\Desktop\sipontren\vendor\codeigniter4\framework\system\CodeIgniter.php(318): CodeIgniter\CodeIgniter->handleRequest(NULL, Object(Config\Cache), false)
#4 C:\Users\Lenovo\Desktop\sipontren\public\index.php(37): CodeIgniter\CodeIgniter->run()
#5 C:\Users\Lenovo\Desktop\sipontren\vendor\codeigniter4\framework\system\Commands\Server\rewrite.php(43): require_once('C:\\Users\\Lenovo...')
#6 {main}
CRITICAL - 2021-12-17 09:44:46 --> Undefined array key 2
#0 C:\Users\Lenovo\Desktop\sipontren\app\Controllers\Pembayaran.php(322): CodeIgniter\Debug\Exceptions->errorHandler(2, 'Undefined array...', 'C:\\Users\\Lenovo...', 322)
#1 C:\Users\Lenovo\Desktop\sipontren\vendor\codeigniter4\framework\system\CodeIgniter.php(824): App\Controllers\Pembayaran->print()
#2 C:\Users\Lenovo\Desktop\sipontren\vendor\codeigniter4\framework\system\CodeIgniter.php(410): CodeIgniter\CodeIgniter->runController(Object(App\Controllers\Pembayaran))
#3 C:\Users\Lenovo\Desktop\sipontren\vendor\codeigniter4\framework\system\CodeIgniter.php(318): CodeIgniter\CodeIgniter->handleRequest(NULL, Object(Config\Cache), false)
#4 C:\Users\Lenovo\Desktop\sipontren\public\index.php(37): CodeIgniter\CodeIgniter->run()
#5 C:\Users\Lenovo\Desktop\sipontren\vendor\codeigniter4\framework\system\Commands\Server\rewrite.php(43): require_once('C:\\Users\\Lenovo...')
#6 {main}
CRITICAL - 2021-12-17 10:43:31 --> Cannot access offset of type string on string
#0 C:\Users\Lenovo\Desktop\sipontren\vendor\codeigniter4\framework\system\View\View.php(214): include()
#1 C:\Users\Lenovo\Desktop\sipontren\vendor\codeigniter4\framework\system\View\View.php(217): CodeIgniter\View\View->CodeIgniter\View\{closure}()
#2 C:\Users\Lenovo\Desktop\sipontren\vendor\codeigniter4\framework\system\Common.php(1097): CodeIgniter\View\View->render('laporan/laporan...', Array, true)
#3 C:\Users\Lenovo\Desktop\sipontren\app\Controllers\Pembayaran.php(282): view('laporan/laporan...', Array)
#4 C:\Users\Lenovo\Desktop\sipontren\vendor\codeigniter4\framework\system\CodeIgniter.php(824): App\Controllers\Pembayaran->laporan_masuk()
#5 C:\Users\Lenovo\Desktop\sipontren\vendor\codeigniter4\framework\system\CodeIgniter.php(410): CodeIgniter\CodeIgniter->runController(Object(App\Controllers\Pembayaran))
#6 C:\Users\Lenovo\Desktop\sipontren\vendor\codeigniter4\framework\system\CodeIgniter.php(318): CodeIgniter\CodeIgniter->handleRequest(NULL, Object(Config\Cache), false)
#7 C:\Users\Lenovo\Desktop\sipontren\public\index.php(37): CodeIgniter\CodeIgniter->run()
#8 C:\Users\Lenovo\Desktop\sipontren\vendor\codeigniter4\framework\system\Commands\Server\rewrite.php(43): require_once('C:\\Users\\Lenovo...')
#9 {main}
CRITICAL - 2021-12-17 10:43:36 --> Cannot access offset of type string on string
#0 C:\Users\Lenovo\Desktop\sipontren\vendor\codeigniter4\framework\system\View\View.php(214): include()
#1 C:\Users\Lenovo\Desktop\sipontren\vendor\codeigniter4\framework\system\View\View.php(217): CodeIgniter\View\View->CodeIgniter\View\{closure}()
#2 C:\Users\Lenovo\Desktop\sipontren\vendor\codeigniter4\framework\system\Common.php(1097): CodeIgniter\View\View->render('laporan/laporan...', Array, true)
#3 C:\Users\Lenovo\Desktop\sipontren\app\Controllers\Pembayaran.php(282): view('laporan/laporan...', Array)
#4 C:\Users\Lenovo\Desktop\sipontren\vendor\codeigniter4\framework\system\CodeIgniter.php(824): App\Controllers\Pembayaran->laporan_masuk()
#5 C:\Users\Lenovo\Desktop\sipontren\vendor\codeigniter4\framework\system\CodeIgniter.php(410): CodeIgniter\CodeIgniter->runController(Object(App\Controllers\Pembayaran))
#6 C:\Users\Lenovo\Desktop\sipontren\vendor\codeigniter4\framework\system\CodeIgniter.php(318): CodeIgniter\CodeIgniter->handleRequest(NULL, Object(Config\Cache), false)
#7 C:\Users\Lenovo\Desktop\sipontren\public\index.php(37): CodeIgniter\CodeIgniter->run()
#8 C:\Users\Lenovo\Desktop\sipontren\vendor\codeigniter4\framework\system\Commands\Server\rewrite.php(43): require_once('C:\\Users\\Lenovo...')
#9 {main}
CRITICAL - 2021-12-17 10:44:00 --> Cannot access offset of type string on string
#0 C:\Users\Lenovo\Desktop\sipontren\vendor\codeigniter4\framework\system\View\View.php(214): include()
#1 C:\Users\Lenovo\Desktop\sipontren\vendor\codeigniter4\framework\system\View\View.php(217): CodeIgniter\View\View->CodeIgniter\View\{closure}()
#2 C:\Users\Lenovo\Desktop\sipontren\vendor\codeigniter4\framework\system\Common.php(1097): CodeIgniter\View\View->render('laporan/laporan...', Array, true)
#3 C:\Users\Lenovo\Desktop\sipontren\app\Controllers\Pembayaran.php(282): view('laporan/laporan...', Array)
#4 C:\Users\Lenovo\Desktop\sipontren\vendor\codeigniter4\framework\system\CodeIgniter.php(824): App\Controllers\Pembayaran->laporan_masuk()
#5 C:\Users\Lenovo\Desktop\sipontren\vendor\codeigniter4\framework\system\CodeIgniter.php(410): CodeIgniter\CodeIgniter->runController(Object(App\Controllers\Pembayaran))
#6 C:\Users\Lenovo\Desktop\sipontren\vendor\codeigniter4\framework\system\CodeIgniter.php(318): CodeIgniter\CodeIgniter->handleRequest(NULL, Object(Config\Cache), false)
#7 C:\Users\Lenovo\Desktop\sipontren\public\index.php(37): CodeIgniter\CodeIgniter->run()
#8 C:\Users\Lenovo\Desktop\sipontren\vendor\codeigniter4\framework\system\Commands\Server\rewrite.php(43): require_once('C:\\Users\\Lenovo...')
#9 {main}
CRITICAL - 2021-12-17 10:44:00 --> Cannot access offset of type string on string
#0 C:\Users\Lenovo\Desktop\sipontren\vendor\codeigniter4\framework\system\View\View.php(214): include()
#1 C:\Users\Lenovo\Desktop\sipontren\vendor\codeigniter4\framework\system\View\View.php(217): CodeIgniter\View\View->CodeIgniter\View\{closure}()
#2 C:\Users\Lenovo\Desktop\sipontren\vendor\codeigniter4\framework\system\Common.php(1097): CodeIgniter\View\View->render('laporan/laporan...', Array, true)
#3 C:\Users\Lenovo\Desktop\sipontren\app\Controllers\Pembayaran.php(282): view('laporan/laporan...', Array)
#4 C:\Users\Lenovo\Desktop\sipontren\vendor\codeigniter4\framework\system\CodeIgniter.php(824): App\Controllers\Pembayaran->laporan_masuk()
#5 C:\Users\Lenovo\Desktop\sipontren\vendor\codeigniter4\framework\system\CodeIgniter.php(410): CodeIgniter\CodeIgniter->runController(Object(App\Controllers\Pembayaran))
#6 C:\Users\Lenovo\Desktop\sipontren\vendor\codeigniter4\framework\system\CodeIgniter.php(318): CodeIgniter\CodeIgniter->handleRequest(NULL, Object(Config\Cache), false)
#7 C:\Users\Lenovo\Desktop\sipontren\public\index.php(37): CodeIgniter\CodeIgniter->run()
#8 C:\Users\Lenovo\Desktop\sipontren\vendor\codeigniter4\framework\system\Commands\Server\rewrite.php(43): require_once('C:\\Users\\Lenovo...')
#9 {main}
CRITICAL - 2021-12-17 10:44:46 --> Cannot access offset of type string on string
#0 C:\Users\Lenovo\Desktop\sipontren\vendor\codeigniter4\framework\system\View\View.php(214): include()
#1 C:\Users\Lenovo\Desktop\sipontren\vendor\codeigniter4\framework\system\View\View.php(217): CodeIgniter\View\View->CodeIgniter\View\{closure}()
#2 C:\Users\Lenovo\Desktop\sipontren\vendor\codeigniter4\framework\system\Common.php(1097): CodeIgniter\View\View->render('laporan/laporan...', Array, true)
#3 C:\Users\Lenovo\Desktop\sipontren\app\Controllers\Pembayaran.php(282): view('laporan/laporan...', Array)
#4 C:\Users\Lenovo\Desktop\sipontren\vendor\codeigniter4\framework\system\CodeIgniter.php(824): App\Controllers\Pembayaran->laporan_masuk()
#5 C:\Users\Lenovo\Desktop\sipontren\vendor\codeigniter4\framework\system\CodeIgniter.php(410): CodeIgniter\CodeIgniter->runController(Object(App\Controllers\Pembayaran))
#6 C:\Users\Lenovo\Desktop\sipontren\vendor\codeigniter4\framework\system\CodeIgniter.php(318): CodeIgniter\CodeIgniter->handleRequest(NULL, Object(Config\Cache), false)
#7 C:\Users\Lenovo\Desktop\sipontren\public\index.php(37): CodeIgniter\CodeIgniter->run()
#8 C:\Users\Lenovo\Desktop\sipontren\vendor\codeigniter4\framework\system\Commands\Server\rewrite.php(43): require_once('C:\\Users\\Lenovo...')
#9 {main}
CRITICAL - 2021-12-17 10:44:47 --> Cannot access offset of type string on string
#0 C:\Users\Lenovo\Desktop\sipontren\vendor\codeigniter4\framework\system\View\View.php(214): include()
#1 C:\Users\Lenovo\Desktop\sipontren\vendor\codeigniter4\framework\system\View\View.php(217): CodeIgniter\View\View->CodeIgniter\View\{closure}()
#2 C:\Users\Lenovo\Desktop\sipontren\vendor\codeigniter4\framework\system\Common.php(1097): CodeIgniter\View\View->render('laporan/laporan...', Array, true)
#3 C:\Users\Lenovo\Desktop\sipontren\app\Controllers\Pembayaran.php(282): view('laporan/laporan...', Array)
#4 C:\Users\Lenovo\Desktop\sipontren\vendor\codeigniter4\framework\system\CodeIgniter.php(824): App\Controllers\Pembayaran->laporan_masuk()
#5 C:\Users\Lenovo\Desktop\sipontren\vendor\codeigniter4\framework\system\CodeIgniter.php(410): CodeIgniter\CodeIgniter->runController(Object(App\Controllers\Pembayaran))
#6 C:\Users\Lenovo\Desktop\sipontren\vendor\codeigniter4\framework\system\CodeIgniter.php(318): CodeIgniter\CodeIgniter->handleRequest(NULL, Object(Config\Cache), false)
#7 C:\Users\Lenovo\Desktop\sipontren\public\index.php(37): CodeIgniter\CodeIgniter->run()
#8 C:\Users\Lenovo\Desktop\sipontren\vendor\codeigniter4\framework\system\Commands\Server\rewrite.php(43): require_once('C:\\Users\\Lenovo...')
#9 {main}
CRITICAL - 2021-12-17 10:45:12 --> Cannot access offset of type string on string
#0 C:\Users\Lenovo\Desktop\sipontren\vendor\codeigniter4\framework\system\View\View.php(214): include()
#1 C:\Users\Lenovo\Desktop\sipontren\vendor\codeigniter4\framework\system\View\View.php(217): CodeIgniter\View\View->CodeIgniter\View\{closure}()
#2 C:\Users\Lenovo\Desktop\sipontren\vendor\codeigniter4\framework\system\Common.php(1097): CodeIgniter\View\View->render('laporan/laporan...', Array, true)
#3 C:\Users\Lenovo\Desktop\sipontren\app\Controllers\Pembayaran.php(282): view('laporan/laporan...', Array)
#4 C:\Users\Lenovo\Desktop\sipontren\vendor\codeigniter4\framework\system\CodeIgniter.php(824): App\Controllers\Pembayaran->laporan_masuk()
#5 C:\Users\Lenovo\Desktop\sipontren\vendor\codeigniter4\framework\system\CodeIgniter.php(410): CodeIgniter\CodeIgniter->runController(Object(App\Controllers\Pembayaran))
#6 C:\Users\Lenovo\Desktop\sipontren\vendor\codeigniter4\framework\system\CodeIgniter.php(318): CodeIgniter\CodeIgniter->handleRequest(NULL, Object(Config\Cache), false)
#7 C:\Users\Lenovo\Desktop\sipontren\public\index.php(37): CodeIgniter\CodeIgniter->run()
#8 C:\Users\Lenovo\Desktop\sipontren\vendor\codeigniter4\framework\system\Commands\Server\rewrite.php(43): require_once('C:\\Users\\Lenovo...')
#9 {main}
CRITICAL - 2021-12-17 10:45:13 --> Cannot access offset of type string on string
#0 C:\Users\Lenovo\Desktop\sipontren\vendor\codeigniter4\framework\system\View\View.php(214): include()
#1 C:\Users\Lenovo\Desktop\sipontren\vendor\codeigniter4\framework\system\View\View.php(217): CodeIgniter\View\View->CodeIgniter\View\{closure}()
#2 C:\Users\Lenovo\Desktop\sipontren\vendor\codeigniter4\framework\system\Common.php(1097): CodeIgniter\View\View->render('laporan/laporan...', Array, true)
#3 C:\Users\Lenovo\Desktop\sipontren\app\Controllers\Pembayaran.php(282): view('laporan/laporan...', Array)
#4 C:\Users\Lenovo\Desktop\sipontren\vendor\codeigniter4\framework\system\CodeIgniter.php(824): App\Controllers\Pembayaran->laporan_masuk()
#5 C:\Users\Lenovo\Desktop\sipontren\vendor\codeigniter4\framework\system\CodeIgniter.php(410): CodeIgniter\CodeIgniter->runController(Object(App\Controllers\Pembayaran))
#6 C:\Users\Lenovo\Desktop\sipontren\vendor\codeigniter4\framework\system\CodeIgniter.php(318): CodeIgniter\CodeIgniter->handleRequest(NULL, Object(Config\Cache), false)
#7 C:\Users\Lenovo\Desktop\sipontren\public\index.php(37): CodeIgniter\CodeIgniter->run()
#8 C:\Users\Lenovo\Desktop\sipontren\vendor\codeigniter4\framework\system\Commands\Server\rewrite.php(43): require_once('C:\\Users\\Lenovo...')
#9 {main}
CRITICAL - 2021-12-17 15:19:45 --> Unsupported operand types: string | bool
#0 C:\Users\Lenovo\Desktop\sipontren\app\Controllers\Pembayaran.php(397): TCPDF->writeHTML(0, '<!-- DEBUG-VIEW...', '', 0, 'C', true, 0, false, false, 0)
#1 C:\Users\Lenovo\Desktop\sipontren\vendor\codeigniter4\framework\system\CodeIgniter.php(824): App\Controllers\Pembayaran->print()
#2 C:\Users\Lenovo\Desktop\sipontren\vendor\codeigniter4\framework\system\CodeIgniter.php(410): CodeIgniter\CodeIgniter->runController(Object(App\Controllers\Pembayaran))
#3 C:\Users\Lenovo\Desktop\sipontren\vendor\codeigniter4\framework\system\CodeIgniter.php(318): CodeIgniter\CodeIgniter->handleRequest(NULL, Object(Config\Cache), false)
#4 C:\Users\Lenovo\Desktop\sipontren\public\index.php(37): CodeIgniter\CodeIgniter->run()
#5 C:\Users\Lenovo\Desktop\sipontren\vendor\codeigniter4\framework\system\Commands\Server\rewrite.php(43): require_once('C:\\Users\\Lenovo...')
#6 {main}
CRITICAL - 2021-12-17 16:19:40 --> Call to undefined function now()
#0 C:\Users\Lenovo\Desktop\sipontren\vendor\codeigniter4\framework\system\View\View.php(214): include()
#1 C:\Users\Lenovo\Desktop\sipontren\vendor\codeigniter4\framework\system\View\View.php(217): CodeIgniter\View\View->CodeIgniter\View\{closure}()
#2 C:\Users\Lenovo\Desktop\sipontren\vendor\codeigniter4\framework\system\Common.php(1097): CodeIgniter\View\View->render('laporan/print', Array, true)
#3 C:\Users\Lenovo\Desktop\sipontren\app\Controllers\Pembayaran.php(351): view('laporan/print', Array)
#4 C:\Users\Lenovo\Desktop\sipontren\vendor\codeigniter4\framework\system\CodeIgniter.php(824): App\Controllers\Pembayaran->print()
#5 C:\Users\Lenovo\Desktop\sipontren\vendor\codeigniter4\framework\system\CodeIgniter.php(410): CodeIgniter\CodeIgniter->runController(Object(App\Controllers\Pembayaran))
#6 C:\Users\Lenovo\Desktop\sipontren\vendor\codeigniter4\framework\system\CodeIgniter.php(318): CodeIgniter\CodeIgniter->handleRequest(NULL, Object(Config\Cache), false)
#7 C:\Users\Lenovo\Desktop\sipontren\public\index.php(37): CodeIgniter\CodeIgniter->run()
#8 C:\Users\Lenovo\Desktop\sipontren\vendor\codeigniter4\framework\system\Commands\Server\rewrite.php(43): require_once('C:\\Users\\Lenovo...')
#9 {main}
CRITICAL - 2021-12-17 16:21:18 --> Undefined variable $k
#0 C:\Users\Lenovo\Desktop\sipontren\app\Views\laporan\print.php(23): CodeIgniter\Debug\Exceptions->errorHandler(2, 'Undefined varia...', 'C:\\Users\\Lenovo...', 23)
#1 C:\Users\Lenovo\Desktop\sipontren\vendor\codeigniter4\framework\system\View\View.php(214): include('C:\\Users\\Lenovo...')
#2 C:\Users\Lenovo\Desktop\sipontren\vendor\codeigniter4\framework\system\View\View.php(217): CodeIgniter\View\View->CodeIgniter\View\{closure}()
#3 C:\Users\Lenovo\Desktop\sipontren\vendor\codeigniter4\framework\system\Common.php(1097): CodeIgniter\View\View->render('laporan/print', Array, true)
#4 C:\Users\Lenovo\Desktop\sipontren\app\Controllers\Pembayaran.php(351): view('laporan/print', Array)
#5 C:\Users\Lenovo\Desktop\sipontren\vendor\codeigniter4\framework\system\CodeIgniter.php(824): App\Controllers\Pembayaran->print()
#6 C:\Users\Lenovo\Desktop\sipontren\vendor\codeigniter4\framework\system\CodeIgniter.php(410): CodeIgniter\CodeIgniter->runController(Object(App\Controllers\Pembayaran))
#7 C:\Users\Lenovo\Desktop\sipontren\vendor\codeigniter4\framework\system\CodeIgniter.php(318): CodeIgniter\CodeIgniter->handleRequest(NULL, Object(Config\Cache), false)
#8 C:\Users\Lenovo\Desktop\sipontren\public\index.php(37): CodeIgniter\CodeIgniter->run()
#9 C:\Users\Lenovo\Desktop\sipontren\vendor\codeigniter4\framework\system\Commands\Server\rewrite.php(43): require_once('C:\\Users\\Lenovo...')
#10 {main}
CRITICAL - 2021-12-17 16:28:06 --> Undefined variable $Penadapatan
#0 C:\Users\Lenovo\Desktop\sipontren\app\Views\laporan\print.php(25): CodeIgniter\Debug\Exceptions->errorHandler(2, 'Undefined varia...', 'C:\\Users\\Lenovo...', 25)
#1 C:\Users\Lenovo\Desktop\sipontren\vendor\codeigniter4\framework\system\View\View.php(214): include('C:\\Users\\Lenovo...')
#2 C:\Users\Lenovo\Desktop\sipontren\vendor\codeigniter4\framework\system\View\View.php(217): CodeIgniter\View\View->CodeIgniter\View\{closure}()
#3 C:\Users\Lenovo\Desktop\sipontren\vendor\codeigniter4\framework\system\Common.php(1097): CodeIgniter\View\View->render('laporan/print', Array, true)
#4 C:\Users\Lenovo\Desktop\sipontren\app\Controllers\Pembayaran.php(351): view('laporan/print', Array)
#5 C:\Users\Lenovo\Desktop\sipontren\vendor\codeigniter4\framework\system\CodeIgniter.php(824): App\Controllers\Pembayaran->print()
#6 C:\Users\Lenovo\Desktop\sipontren\vendor\codeigniter4\framework\system\CodeIgniter.php(410): CodeIgniter\CodeIgniter->runController(Object(App\Controllers\Pembayaran))
#7 C:\Users\Lenovo\Desktop\sipontren\vendor\codeigniter4\framework\system\CodeIgniter.php(318): CodeIgniter\CodeIgniter->handleRequest(NULL, Object(Config\Cache), false)
#8 C:\Users\Lenovo\Desktop\sipontren\public\index.php(37): CodeIgniter\CodeIgniter->run()
#9 C:\Users\Lenovo\Desktop\sipontren\vendor\codeigniter4\framework\system\Commands\Server\rewrite.php(43): require_once('C:\\Users\\Lenovo...')
#10 {main}
CRITICAL - 2021-12-17 17:18:13 --> syntax error, unexpected token "||"
#0 C:\Users\Lenovo\Desktop\sipontren\vendor\codeigniter4\framework\system\View\View.php(217): CodeIgniter\View\View->CodeIgniter\View\{closure}()
#1 C:\Users\Lenovo\Desktop\sipontren\vendor\codeigniter4\framework\system\View\View.php(432): CodeIgniter\View\View->render('partial/sidenav', NULL, true)
#2 C:\Users\Lenovo\Desktop\sipontren\app\Views\layout\template_admin.php(52): CodeIgniter\View\View->include('partial/sidenav')
#3 C:\Users\Lenovo\Desktop\sipontren\vendor\codeigniter4\framework\system\View\View.php(214): include('C:\\Users\\Lenovo...')
#4 C:\Users\Lenovo\Desktop\sipontren\vendor\codeigniter4\framework\system\View\View.php(217): CodeIgniter\View\View->CodeIgniter\View\{closure}()
#5 C:\Users\Lenovo\Desktop\sipontren\vendor\codeigniter4\framework\system\View\View.php(230): CodeIgniter\View\View->render('layout/template...', Array, true)
#6 C:\Users\Lenovo\Desktop\sipontren\vendor\codeigniter4\framework\system\Common.php(1097): CodeIgniter\View\View->render('laporan/pengelu...', Array, true)
#7 C:\Users\Lenovo\Desktop\sipontren\app\Controllers\Pembayaran.php(568): view('laporan/pengelu...', Array)
#8 C:\Users\Lenovo\Desktop\sipontren\vendor\codeigniter4\framework\system\CodeIgniter.php(824): App\Controllers\Pembayaran->pengeluaran()
#9 C:\Users\Lenovo\Desktop\sipontren\vendor\codeigniter4\framework\system\CodeIgniter.php(410): CodeIgniter\CodeIgniter->runController(Object(App\Controllers\Pembayaran))
#10 C:\Users\Lenovo\Desktop\sipontren\vendor\codeigniter4\framework\system\CodeIgniter.php(318): CodeIgniter\CodeIgniter->handleRequest(NULL, Object(Config\Cache), false)
#11 C:\Users\Lenovo\Desktop\sipontren\public\index.php(37): CodeIgniter\CodeIgniter->run()
#12 C:\Users\Lenovo\Desktop\sipontren\vendor\codeigniter4\framework\system\Commands\Server\rewrite.php(43): require_once('C:\\Users\\Lenovo...')
#13 {main}
CRITICAL - 2021-12-17 17:26:24 --> Unsupported operand types: array - string
#0 C:\Users\Lenovo\Desktop\sipontren\vendor\codeigniter4\framework\system\View\View.php(214): include()
#1 C:\Users\Lenovo\Desktop\sipontren\vendor\codeigniter4\framework\system\View\View.php(217): CodeIgniter\View\View->CodeIgniter\View\{closure}()
#2 C:\Users\Lenovo\Desktop\sipontren\vendor\codeigniter4\framework\system\Common.php(1097): CodeIgniter\View\View->render('laporan/pengelu...', Array, true)
#3 C:\Users\Lenovo\Desktop\sipontren\app\Controllers\Pembayaran.php(956): view('laporan/pengelu...', Array)
#4 C:\Users\Lenovo\Desktop\sipontren\vendor\codeigniter4\framework\system\CodeIgniter.php(824): App\Controllers\Pembayaran->pengeluaran_add()
#5 C:\Users\Lenovo\Desktop\sipontren\vendor\codeigniter4\framework\system\CodeIgniter.php(410): CodeIgniter\CodeIgniter->runController(Object(App\Controllers\Pembayaran))
#6 C:\Users\Lenovo\Desktop\sipontren\vendor\codeigniter4\framework\system\CodeIgniter.php(318): CodeIgniter\CodeIgniter->handleRequest(NULL, Object(Config\Cache), false)
#7 C:\Users\Lenovo\Desktop\sipontren\public\index.php(37): CodeIgniter\CodeIgniter->run()
#8 C:\Users\Lenovo\Desktop\sipontren\vendor\codeigniter4\framework\system\Commands\Server\rewrite.php(43): require_once('C:\\Users\\Lenovo...')
#9 {main}
CRITICAL - 2021-12-17 17:26:28 --> Unsupported operand types: array - string
#0 C:\Users\Lenovo\Desktop\sipontren\vendor\codeigniter4\framework\system\View\View.php(214): include()
#1 C:\Users\Lenovo\Desktop\sipontren\vendor\codeigniter4\framework\system\View\View.php(217): CodeIgniter\View\View->CodeIgniter\View\{closure}()
#2 C:\Users\Lenovo\Desktop\sipontren\vendor\codeigniter4\framework\system\Common.php(1097): CodeIgniter\View\View->render('laporan/pengelu...', Array, true)
#3 C:\Users\Lenovo\Desktop\sipontren\app\Controllers\Pembayaran.php(956): view('laporan/pengelu...', Array)
#4 C:\Users\Lenovo\Desktop\sipontren\vendor\codeigniter4\framework\system\CodeIgniter.php(824): App\Controllers\Pembayaran->pengeluaran_add()
#5 C:\Users\Lenovo\Desktop\sipontren\vendor\codeigniter4\framework\system\CodeIgniter.php(410): CodeIgniter\CodeIgniter->runController(Object(App\Controllers\Pembayaran))
#6 C:\Users\Lenovo\Desktop\sipontren\vendor\codeigniter4\framework\system\CodeIgniter.php(318): CodeIgniter\CodeIgniter->handleRequest(NULL, Object(Config\Cache), false)
#7 C:\Users\Lenovo\Desktop\sipontren\public\index.php(37): CodeIgniter\CodeIgniter->run()
#8 C:\Users\Lenovo\Desktop\sipontren\vendor\codeigniter4\framework\system\Commands\Server\rewrite.php(43): require_once('C:\\Users\\Lenovo...')
#9 {main}
CRITICAL - 2021-12-17 17:27:13 --> Unsupported operand types: array - string
#0 C:\Users\Lenovo\Desktop\sipontren\vendor\codeigniter4\framework\system\View\View.php(214): include()
#1 C:\Users\Lenovo\Desktop\sipontren\vendor\codeigniter4\framework\system\View\View.php(217): CodeIgniter\View\View->CodeIgniter\View\{closure}()
#2 C:\Users\Lenovo\Desktop\sipontren\vendor\codeigniter4\framework\system\Common.php(1097): CodeIgniter\View\View->render('laporan/pengelu...', Array, true)
#3 C:\Users\Lenovo\Desktop\sipontren\app\Controllers\Pembayaran.php(956): view('laporan/pengelu...', Array)
#4 C:\Users\Lenovo\Desktop\sipontren\vendor\codeigniter4\framework\system\CodeIgniter.php(824): App\Controllers\Pembayaran->pengeluaran_add()
#5 C:\Users\Lenovo\Desktop\sipontren\vendor\codeigniter4\framework\system\CodeIgniter.php(410): CodeIgniter\CodeIgniter->runController(Object(App\Controllers\Pembayaran))
#6 C:\Users\Lenovo\Desktop\sipontren\vendor\codeigniter4\framework\system\CodeIgniter.php(318): CodeIgniter\CodeIgniter->handleRequest(NULL, Object(Config\Cache), false)
#7 C:\Users\Lenovo\Desktop\sipontren\public\index.php(37): CodeIgniter\CodeIgniter->run()
#8 C:\Users\Lenovo\Desktop\sipontren\vendor\codeigniter4\framework\system\Commands\Server\rewrite.php(43): require_once('C:\\Users\\Lenovo...')
#9 {main}
CRITICAL - 2021-12-17 17:27:29 --> Too few arguments to function App\Models\KeuanganModel::total_laporanmasuk(), 0 passed in C:\Users\Lenovo\Desktop\sipontren\app\Controllers\Pembayaran.php on line 951 and exactly 1 expected
#0 C:\Users\Lenovo\Desktop\sipontren\app\Controllers\Pembayaran.php(951): App\Models\KeuanganModel->total_laporanmasuk()
#1 C:\Users\Lenovo\Desktop\sipontren\vendor\codeigniter4\framework\system\CodeIgniter.php(824): App\Controllers\Pembayaran->pengeluaran_add()
#2 C:\Users\Lenovo\Desktop\sipontren\vendor\codeigniter4\framework\system\CodeIgniter.php(410): CodeIgniter\CodeIgniter->runController(Object(App\Controllers\Pembayaran))
#3 C:\Users\Lenovo\Desktop\sipontren\vendor\codeigniter4\framework\system\CodeIgniter.php(318): CodeIgniter\CodeIgniter->handleRequest(NULL, Object(Config\Cache), false)
#4 C:\Users\Lenovo\Desktop\sipontren\public\index.php(37): CodeIgniter\CodeIgniter->run()
#5 C:\Users\Lenovo\Desktop\sipontren\vendor\codeigniter4\framework\system\Commands\Server\rewrite.php(43): require_once('C:\\Users\\Lenovo...')
#6 {main}
CRITICAL - 2021-12-17 17:27:35 --> Unsupported operand types: array - string
#0 C:\Users\Lenovo\Desktop\sipontren\vendor\codeigniter4\framework\system\View\View.php(214): include()
#1 C:\Users\Lenovo\Desktop\sipontren\vendor\codeigniter4\framework\system\View\View.php(217): CodeIgniter\View\View->CodeIgniter\View\{closure}()
#2 C:\Users\Lenovo\Desktop\sipontren\vendor\codeigniter4\framework\system\Common.php(1097): CodeIgniter\View\View->render('laporan/pengelu...', Array, true)
#3 C:\Users\Lenovo\Desktop\sipontren\app\Controllers\Pembayaran.php(956): view('laporan/pengelu...', Array)
#4 C:\Users\Lenovo\Desktop\sipontren\vendor\codeigniter4\framework\system\CodeIgniter.php(824): App\Controllers\Pembayaran->pengeluaran_add()
#5 C:\Users\Lenovo\Desktop\sipontren\vendor\codeigniter4\framework\system\CodeIgniter.php(410): CodeIgniter\CodeIgniter->runController(Object(App\Controllers\Pembayaran))
#6 C:\Users\Lenovo\Desktop\sipontren\vendor\codeigniter4\framework\system\CodeIgniter.php(318): CodeIgniter\CodeIgniter->handleRequest(NULL, Object(Config\Cache), false)
#7 C:\Users\Lenovo\Desktop\sipontren\public\index.php(37): CodeIgniter\CodeIgniter->run()
#8 C:\Users\Lenovo\Desktop\sipontren\vendor\codeigniter4\framework\system\Commands\Server\rewrite.php(43): require_once('C:\\Users\\Lenovo...')
#9 {main}
CRITICAL - 2021-12-17 17:31:51 --> Undefined variable $pengeluaran
#0 C:\Users\Lenovo\Desktop\sipontren\app\Views\laporan\pengeluaran_baru.php(34): CodeIgniter\Debug\Exceptions->errorHandler(2, 'Undefined varia...', 'C:\\Users\\Lenovo...', 34)
#1 C:\Users\Lenovo\Desktop\sipontren\vendor\codeigniter4\framework\system\View\View.php(214): include('C:\\Users\\Lenovo...')
#2 C:\Users\Lenovo\Desktop\sipontren\vendor\codeigniter4\framework\system\View\View.php(217): CodeIgniter\View\View->CodeIgniter\View\{closure}()
#3 C:\Users\Lenovo\Desktop\sipontren\vendor\codeigniter4\framework\system\Common.php(1097): CodeIgniter\View\View->render('laporan/pengelu...', Array, true)
#4 C:\Users\Lenovo\Desktop\sipontren\app\Controllers\Pembayaran.php(225): view('laporan/pengelu...', Array)
#5 C:\Users\Lenovo\Desktop\sipontren\vendor\codeigniter4\framework\system\CodeIgniter.php(824): App\Controllers\Pembayaran->pengeluaran_baru()
#6 C:\Users\Lenovo\Desktop\sipontren\vendor\codeigniter4\framework\system\CodeIgniter.php(410): CodeIgniter\CodeIgniter->runController(Object(App\Controllers\Pembayaran))
#7 C:\Users\Lenovo\Desktop\sipontren\vendor\codeigniter4\framework\system\CodeIgniter.php(318): CodeIgniter\CodeIgniter->handleRequest(NULL, Object(Config\Cache), false)
#8 C:\Users\Lenovo\Desktop\sipontren\public\index.php(37): CodeIgniter\CodeIgniter->run()
#9 C:\Users\Lenovo\Desktop\sipontren\vendor\codeigniter4\framework\system\Commands\Server\rewrite.php(43): require_once('C:\\Users\\Lenovo...')
#10 {main}
CRITICAL - 2021-12-17 17:32:05 --> Undefined array key "id_tagihan"
#0 C:\Users\Lenovo\Desktop\sipontren\app\Views\laporan\pengeluaran_baru.php(43): CodeIgniter\Debug\Exceptions->errorHandler(2, 'Undefined array...', 'C:\\Users\\Lenovo...', 43)
#1 C:\Users\Lenovo\Desktop\sipontren\vendor\codeigniter4\framework\system\View\View.php(214): include('C:\\Users\\Lenovo...')
#2 C:\Users\Lenovo\Desktop\sipontren\vendor\codeigniter4\framework\system\View\View.php(217): CodeIgniter\View\View->CodeIgniter\View\{closure}()
#3 C:\Users\Lenovo\Desktop\sipontren\vendor\codeigniter4\framework\system\Common.php(1097): CodeIgniter\View\View->render('laporan/pengelu...', Array, true)
#4 C:\Users\Lenovo\Desktop\sipontren\app\Controllers\Pembayaran.php(225): view('laporan/pengelu...', Array)
#5 C:\Users\Lenovo\Desktop\sipontren\vendor\codeigniter4\framework\system\CodeIgniter.php(824): App\Controllers\Pembayaran->pengeluaran_baru()
#6 C:\Users\Lenovo\Desktop\sipontren\vendor\codeigniter4\framework\system\CodeIgniter.php(410): CodeIgniter\CodeIgniter->runController(Object(App\Controllers\Pembayaran))
#7 C:\Users\Lenovo\Desktop\sipontren\vendor\codeigniter4\framework\system\CodeIgniter.php(318): CodeIgniter\CodeIgniter->handleRequest(NULL, Object(Config\Cache), false)
#8 C:\Users\Lenovo\Desktop\sipontren\public\index.php(37): CodeIgniter\CodeIgniter->run()
#9 C:\Users\Lenovo\Desktop\sipontren\vendor\codeigniter4\framework\system\Commands\Server\rewrite.php(43): require_once('C:\\Users\\Lenovo...')
#10 {main}
CRITICAL - 2021-12-17 17:32:30 --> Trying to access array offset on value of type null
#0 C:\Users\Lenovo\Desktop\sipontren\app\Views\pembayaran\edit.php(20): CodeIgniter\Debug\Exceptions->errorHandler(2, 'Trying to acces...', 'C:\\Users\\Lenovo...', 20)
#1 C:\Users\Lenovo\Desktop\sipontren\vendor\codeigniter4\framework\system\View\View.php(214): include('C:\\Users\\Lenovo...')
#2 C:\Users\Lenovo\Desktop\sipontren\vendor\codeigniter4\framework\system\View\View.php(217): CodeIgniter\View\View->CodeIgniter\View\{closure}()
#3 C:\Users\Lenovo\Desktop\sipontren\vendor\codeigniter4\framework\system\Common.php(1097): CodeIgniter\View\View->render('pembayaran/edit', Array, true)
#4 C:\Users\Lenovo\Desktop\sipontren\app\Controllers\Pembayaran.php(1037): view('pembayaran/edit', Array)
#5 C:\Users\Lenovo\Desktop\sipontren\vendor\codeigniter4\framework\system\CodeIgniter.php(824): App\Controllers\Pembayaran->edit('1')
#6 C:\Users\Lenovo\Desktop\sipontren\vendor\codeigniter4\framework\system\CodeIgniter.php(410): CodeIgniter\CodeIgniter->runController(Object(App\Controllers\Pembayaran))
#7 C:\Users\Lenovo\Desktop\sipontren\vendor\codeigniter4\framework\system\CodeIgniter.php(318): CodeIgniter\CodeIgniter->handleRequest(NULL, Object(Config\Cache), false)
#8 C:\Users\Lenovo\Desktop\sipontren\public\index.php(37): CodeIgniter\CodeIgniter->run()
#9 C:\Users\Lenovo\Desktop\sipontren\vendor\codeigniter4\framework\system\Commands\Server\rewrite.php(43): require_once('C:\\Users\\Lenovo...')
#10 {main}
ERROR - 2021-12-17 17:45:35 --> Unknown column 'nama_pengeluaran' in 'where clause'
CRITICAL - 2021-12-17 17:45:35 --> Unknown column 'nama_pengeluaran' in 'where clause'
#0 C:\Users\Lenovo\Desktop\sipontren\vendor\codeigniter4\framework\system\Database\MySQLi\Connection.php(292): mysqli->query('SELECT 1\nFROM `...', 0)
#1 C:\Users\Lenovo\Desktop\sipontren\vendor\codeigniter4\framework\system\Database\BaseConnection.php(670): CodeIgniter\Database\MySQLi\Connection->execute('SELECT 1\nFROM `...')
#2 C:\Users\Lenovo\Desktop\sipontren\vendor\codeigniter4\framework\system\Database\BaseConnection.php(598): CodeIgniter\Database\BaseConnection->simpleQuery('SELECT 1\nFROM `...')
#3 C:\Users\Lenovo\Desktop\sipontren\vendor\codeigniter4\framework\system\Database\BaseBuilder.php(1443): CodeIgniter\Database\BaseConnection->query('SELECT 1\nFROM `...', Array, false)
#4 C:\Users\Lenovo\Desktop\sipontren\vendor\codeigniter4\framework\system\Validation\Rules.php(161): CodeIgniter\Database\BaseBuilder->get()
#5 C:\Users\Lenovo\Desktop\sipontren\vendor\codeigniter4\framework\system\Validation\Validation.php(277): CodeIgniter\Validation\Rules->is_unique('Uang Kegiatan C', 'nama_pengeluara...', Array, NULL)
#6 C:\Users\Lenovo\Desktop\sipontren\vendor\codeigniter4\framework\system\Validation\Validation.php(151): CodeIgniter\Validation\Validation->processRules('nama_pengeluara...', 'nama_pengeluara...', 'Uang Kegiatan C', Array, Array)
#7 C:\Users\Lenovo\Desktop\sipontren\vendor\codeigniter4\framework\system\Controller.php(160): CodeIgniter\Validation\Validation->run()
#8 C:\Users\Lenovo\Desktop\sipontren\app\Controllers\Pembayaran.php(970): CodeIgniter\Controller->validate(Array)
#9 C:\Users\Lenovo\Desktop\sipontren\vendor\codeigniter4\framework\system\CodeIgniter.php(824): App\Controllers\Pembayaran->save_pengeluaranbaru()
#10 C:\Users\Lenovo\Desktop\sipontren\vendor\codeigniter4\framework\system\CodeIgniter.php(410): CodeIgniter\CodeIgniter->runController(Object(App\Controllers\Pembayaran))
#11 C:\Users\Lenovo\Desktop\sipontren\vendor\codeigniter4\framework\system\CodeIgniter.php(318): CodeIgniter\CodeIgniter->handleRequest(NULL, Object(Config\Cache), false)
#12 C:\Users\Lenovo\Desktop\sipontren\public\index.php(37): CodeIgniter\CodeIgniter->run()
#13 C:\Users\Lenovo\Desktop\sipontren\vendor\codeigniter4\framework\system\Commands\Server\rewrite.php(43): require_once('C:\\Users\\Lenovo...')
#14 {main}
CRITICAL - 2021-12-17 17:49:11 --> foreach() argument must be of type array|object, string given
#0 C:\Users\Lenovo\Desktop\sipontren\app\Views\laporan\pengeluaran_add.php(43): CodeIgniter\Debug\Exceptions->errorHandler(2, 'foreach() argum...', 'C:\\Users\\Lenovo...', 43)
#1 C:\Users\Lenovo\Desktop\sipontren\vendor\codeigniter4\framework\system\View\View.php(214): include('C:\\Users\\Lenovo...')
#2 C:\Users\Lenovo\Desktop\sipontren\vendor\codeigniter4\framework\system\View\View.php(217): CodeIgniter\View\View->CodeIgniter\View\{closure}()
#3 C:\Users\Lenovo\Desktop\sipontren\vendor\codeigniter4\framework\system\Common.php(1097): CodeIgniter\View\View->render('laporan/pengelu...', Array, true)
#4 C:\Users\Lenovo\Desktop\sipontren\app\Controllers\Pembayaran.php(1007): view('laporan/pengelu...', Array)
#5 C:\Users\Lenovo\Desktop\sipontren\vendor\codeigniter4\framework\system\CodeIgniter.php(824): App\Controllers\Pembayaran->pengeluaran_add()
#6 C:\Users\Lenovo\Desktop\sipontren\vendor\codeigniter4\framework\system\CodeIgniter.php(410): CodeIgniter\CodeIgniter->runController(Object(App\Controllers\Pembayaran))
#7 C:\Users\Lenovo\Desktop\sipontren\vendor\codeigniter4\framework\system\CodeIgniter.php(318): CodeIgniter\CodeIgniter->handleRequest(NULL, Object(Config\Cache), false)
#8 C:\Users\Lenovo\Desktop\sipontren\public\index.php(37): CodeIgniter\CodeIgniter->run()
#9 C:\Users\Lenovo\Desktop\sipontren\vendor\codeigniter4\framework\system\Commands\Server\rewrite.php(43): require_once('C:\\Users\\Lenovo...')
#10 {main}
CRITICAL - 2021-12-17 17:50:30 --> Undefined variable $pengeluaran_add
#0 C:\Users\Lenovo\Desktop\sipontren\app\Views\laporan\pengeluaran_add.php(43): CodeIgniter\Debug\Exceptions->errorHandler(2, 'Undefined varia...', 'C:\\Users\\Lenovo...', 43)
#1 C:\Users\Lenovo\Desktop\sipontren\vendor\codeigniter4\framework\system\View\View.php(214): include('C:\\Users\\Lenovo...')
#2 C:\Users\Lenovo\Desktop\sipontren\vendor\codeigniter4\framework\system\View\View.php(217): CodeIgniter\View\View->CodeIgniter\View\{closure}()
#3 C:\Users\Lenovo\Desktop\sipontren\vendor\codeigniter4\framework\system\Common.php(1097): CodeIgniter\View\View->render('laporan/pengelu...', Array, true)
#4 C:\Users\Lenovo\Desktop\sipontren\app\Controllers\Pembayaran.php(1008): view('laporan/pengelu...', Array)
#5 C:\Users\Lenovo\Desktop\sipontren\vendor\codeigniter4\framework\system\CodeIgniter.php(824): App\Controllers\Pembayaran->pengeluaran_add()
#6 C:\Users\Lenovo\Desktop\sipontren\vendor\codeigniter4\framework\system\CodeIgniter.php(410): CodeIgniter\CodeIgniter->runController(Object(App\Controllers\Pembayaran))
#7 C:\Users\Lenovo\Desktop\sipontren\vendor\codeigniter4\framework\system\CodeIgniter.php(318): CodeIgniter\CodeIgniter->handleRequest(NULL, Object(Config\Cache), false)
#8 C:\Users\Lenovo\Desktop\sipontren\public\index.php(37): CodeIgniter\CodeIgniter->run()
#9 C:\Users\Lenovo\Desktop\sipontren\vendor\codeigniter4\framework\system\Commands\Server\rewrite.php(43): require_once('C:\\Users\\Lenovo...')
#10 {main}
ERROR - 2021-12-17 18:21:58 --> Unknown column 'pengelauran.jumlah_pengeluaran' in 'order clause'
CRITICAL - 2021-12-17 18:21:58 --> Unknown column 'pengelauran.jumlah_pengeluaran' in 'order clause'
#0 C:\Users\Lenovo\Desktop\sipontren\vendor\codeigniter4\framework\system\Database\MySQLi\Connection.php(292): mysqli->query('SELECT *, `peng...', 0)
#1 C:\Users\Lenovo\Desktop\sipontren\vendor\codeigniter4\framework\system\Database\BaseConnection.php(670): CodeIgniter\Database\MySQLi\Connection->execute('SELECT *, `peng...')
#2 C:\Users\Lenovo\Desktop\sipontren\vendor\codeigniter4\framework\system\Database\BaseConnection.php(598): CodeIgniter\Database\BaseConnection->simpleQuery('SELECT *, `peng...')
#3 C:\Users\Lenovo\Desktop\sipontren\vendor\codeigniter4\framework\system\Database\BaseBuilder.php(1443): CodeIgniter\Database\BaseConnection->query('SELECT *, `peng...', Array, false)
#4 C:\Users\Lenovo\Desktop\sipontren\app\Models\PengeluaranModel.php(69): CodeIgniter\Database\BaseBuilder->get()
#5 C:\Users\Lenovo\Desktop\sipontren\app\Controllers\Pembayaran.php(223): App\Models\PengeluaranModel->pengeluaran_baru()
#6 C:\Users\Lenovo\Desktop\sipontren\vendor\codeigniter4\framework\system\CodeIgniter.php(824): App\Controllers\Pembayaran->pengeluaran_baru()
#7 C:\Users\Lenovo\Desktop\sipontren\vendor\codeigniter4\framework\system\CodeIgniter.php(410): CodeIgniter\CodeIgniter->runController(Object(App\Controllers\Pembayaran))
#8 C:\Users\Lenovo\Desktop\sipontren\vendor\codeigniter4\framework\system\CodeIgniter.php(318): CodeIgniter\CodeIgniter->handleRequest(NULL, Object(Config\Cache), false)
#9 C:\Users\Lenovo\Desktop\sipontren\public\index.php(37): CodeIgniter\CodeIgniter->run()
#10 C:\Users\Lenovo\Desktop\sipontren\vendor\codeigniter4\framework\system\Commands\Server\rewrite.php(43): require_once('C:\\Users\\Lenovo...')
#11 {main}
CRITICAL - 2021-12-17 18:23:33 --> Undefined array key "id_pengeluaran"
#0 C:\Users\Lenovo\Desktop\sipontren\app\Views\laporan\pengeluaran_baru.php(43): CodeIgniter\Debug\Exceptions->errorHandler(2, 'Undefined array...', 'C:\\Users\\Lenovo...', 43)
#1 C:\Users\Lenovo\Desktop\sipontren\vendor\codeigniter4\framework\system\View\View.php(214): include('C:\\Users\\Lenovo...')
#2 C:\Users\Lenovo\Desktop\sipontren\vendor\codeigniter4\framework\system\View\View.php(217): CodeIgniter\View\View->CodeIgniter\View\{closure}()
#3 C:\Users\Lenovo\Desktop\sipontren\vendor\codeigniter4\framework\system\Common.php(1097): CodeIgniter\View\View->render('laporan/pengelu...', Array, true)
#4 C:\Users\Lenovo\Desktop\sipontren\app\Controllers\Pembayaran.php(225): view('laporan/pengelu...', Array)
#5 C:\Users\Lenovo\Desktop\sipontren\vendor\codeigniter4\framework\system\CodeIgniter.php(824): App\Controllers\Pembayaran->pengeluaran_baru()
#6 C:\Users\Lenovo\Desktop\sipontren\vendor\codeigniter4\framework\system\CodeIgniter.php(410): CodeIgniter\CodeIgniter->runController(Object(App\Controllers\Pembayaran))
#7 C:\Users\Lenovo\Desktop\sipontren\vendor\codeigniter4\framework\system\CodeIgniter.php(318): CodeIgniter\CodeIgniter->handleRequest(NULL, Object(Config\Cache), false)
#8 C:\Users\Lenovo\Desktop\sipontren\public\index.php(37): CodeIgniter\CodeIgniter->run()
#9 C:\Users\Lenovo\Desktop\sipontren\vendor\codeigniter4\framework\system\Commands\Server\rewrite.php(43): require_once('C:\\Users\\Lenovo...')
#10 {main}
CRITICAL - 2021-12-17 18:37:54 --> Undefined array key "id_pengeluaran"
#0 C:\Users\Lenovo\Desktop\sipontren\app\Views\laporan\pengeluaran_baru.php(41): CodeIgniter\Debug\Exceptions->errorHandler(2, 'Undefined array...', 'C:\\Users\\Lenovo...', 41)
#1 C:\Users\Lenovo\Desktop\sipontren\vendor\codeigniter4\framework\system\View\View.php(214): include('C:\\Users\\Lenovo...')
#2 C:\Users\Lenovo\Desktop\sipontren\vendor\codeigniter4\framework\system\View\View.php(217): CodeIgniter\View\View->CodeIgniter\View\{closure}()
#3 C:\Users\Lenovo\Desktop\sipontren\vendor\codeigniter4\framework\system\Common.php(1097): CodeIgniter\View\View->render('laporan/pengelu...', Array, true)
#4 C:\Users\Lenovo\Desktop\sipontren\app\Controllers\Pembayaran.php(227): view('laporan/pengelu...', Array)
#5 C:\Users\Lenovo\Desktop\sipontren\vendor\codeigniter4\framework\system\CodeIgniter.php(824): App\Controllers\Pembayaran->pengeluaran_baru()
#6 C:\Users\Lenovo\Desktop\sipontren\vendor\codeigniter4\framework\system\CodeIgniter.php(410): CodeIgniter\CodeIgniter->runController(Object(App\Controllers\Pembayaran))
#7 C:\Users\Lenovo\Desktop\sipontren\vendor\codeigniter4\framework\system\CodeIgniter.php(318): CodeIgniter\CodeIgniter->handleRequest(NULL, Object(Config\Cache), false)
#8 C:\Users\Lenovo\Desktop\sipontren\public\index.php(37): CodeIgniter\CodeIgniter->run()
#9 C:\Users\Lenovo\Desktop\sipontren\vendor\codeigniter4\framework\system\Commands\Server\rewrite.php(43): require_once('C:\\Users\\Lenovo...')
#10 {main}
ERROR - 2021-12-17 18:38:30 --> Unknown column 'nama_pengeluaran' in 'where clause'
CRITICAL - 2021-12-17 18:38:30 --> Unknown column 'nama_pengeluaran' in 'where clause'
#0 C:\Users\Lenovo\Desktop\sipontren\vendor\codeigniter4\framework\system\Database\MySQLi\Connection.php(292): mysqli->query('SELECT 1\nFROM `...', 0)
#1 C:\Users\Lenovo\Desktop\sipontren\vendor\codeigniter4\framework\system\Database\BaseConnection.php(670): CodeIgniter\Database\MySQLi\Connection->execute('SELECT 1\nFROM `...')
#2 C:\Users\Lenovo\Desktop\sipontren\vendor\codeigniter4\framework\system\Database\BaseConnection.php(598): CodeIgniter\Database\BaseConnection->simpleQuery('SELECT 1\nFROM `...')
#3 C:\Users\Lenovo\Desktop\sipontren\vendor\codeigniter4\framework\system\Database\BaseBuilder.php(1443): CodeIgniter\Database\BaseConnection->query('SELECT 1\nFROM `...', Array, false)
#4 C:\Users\Lenovo\Desktop\sipontren\vendor\codeigniter4\framework\system\Validation\Rules.php(161): CodeIgniter\Database\BaseBuilder->get()
#5 C:\Users\Lenovo\Desktop\sipontren\vendor\codeigniter4\framework\system\Validation\Validation.php(277): CodeIgniter\Validation\Rules->is_unique('Uang Kegiatan C', 'nama_pengeluara...', Array, NULL)
#6 C:\Users\Lenovo\Desktop\sipontren\vendor\codeigniter4\framework\system\Validation\Validation.php(151): CodeIgniter\Validation\Validation->processRules('nama_pengeluara...', 'nama_pengeluara...', 'Uang Kegiatan C', Array, Array)
#7 C:\Users\Lenovo\Desktop\sipontren\vendor\codeigniter4\framework\system\Controller.php(160): CodeIgniter\Validation\Validation->run()
#8 C:\Users\Lenovo\Desktop\sipontren\app\Controllers\Pembayaran.php(972): CodeIgniter\Controller->validate(Array)
#9 C:\Users\Lenovo\Desktop\sipontren\vendor\codeigniter4\framework\system\CodeIgniter.php(824): App\Controllers\Pembayaran->save_pengeluaranbaru()
#10 C:\Users\Lenovo\Desktop\sipontren\vendor\codeigniter4\framework\system\CodeIgniter.php(410): CodeIgniter\CodeIgniter->runController(Object(App\Controllers\Pembayaran))
#11 C:\Users\Lenovo\Desktop\sipontren\vendor\codeigniter4\framework\system\CodeIgniter.php(318): CodeIgniter\CodeIgniter->handleRequest(NULL, Object(Config\Cache), false)
#12 C:\Users\Lenovo\Desktop\sipontren\public\index.php(37): CodeIgniter\CodeIgniter->run()
#13 C:\Users\Lenovo\Desktop\sipontren\vendor\codeigniter4\framework\system\Commands\Server\rewrite.php(43): require_once('C:\\Users\\Lenovo...')
#14 {main}
ERROR - 2021-12-17 18:39:05 --> Unknown column 'id_pengeluaran' in 'where clause'
CRITICAL - 2021-12-17 18:39:05 --> Unknown column 'id_pengeluaran' in 'where clause'
#0 C:\Users\Lenovo\Desktop\sipontren\vendor\codeigniter4\framework\system\Database\MySQLi\Connection.php(292): mysqli->query('SELECT COUNT(*)...', 0)
#1 C:\Users\Lenovo\Desktop\sipontren\vendor\codeigniter4\framework\system\Database\BaseConnection.php(670): CodeIgniter\Database\MySQLi\Connection->execute('SELECT COUNT(*)...')
#2 C:\Users\Lenovo\Desktop\sipontren\vendor\codeigniter4\framework\system\Database\BaseConnection.php(598): CodeIgniter\Database\BaseConnection->simpleQuery('SELECT COUNT(*)...')
#3 C:\Users\Lenovo\Desktop\sipontren\vendor\codeigniter4\framework\system\Database\BaseBuilder.php(1527): CodeIgniter\Database\BaseConnection->query('SELECT COUNT(*)...', Array, false)
#4 C:\Users\Lenovo\Desktop\sipontren\vendor\codeigniter4\framework\system\Model.php(509): CodeIgniter\Database\BaseBuilder->countAllResults(true)
#5 C:\Users\Lenovo\Desktop\sipontren\vendor\codeigniter4\framework\system\Model.php(592): CodeIgniter\Model->countAllResults()
#6 C:\Users\Lenovo\Desktop\sipontren\vendor\codeigniter4\framework\system\BaseModel.php(655): CodeIgniter\Model->shouldUpdate(Array)
#7 C:\Users\Lenovo\Desktop\sipontren\app\Controllers\Pembayaran.php(982): CodeIgniter\BaseModel->save(Array)
#8 C:\Users\Lenovo\Desktop\sipontren\vendor\codeigniter4\framework\system\CodeIgniter.php(824): App\Controllers\Pembayaran->save_pengeluaranbaru()
#9 C:\Users\Lenovo\Desktop\sipontren\vendor\codeigniter4\framework\system\CodeIgniter.php(410): CodeIgniter\CodeIgniter->runController(Object(App\Controllers\Pembayaran))
#10 C:\Users\Lenovo\Desktop\sipontren\vendor\codeigniter4\framework\system\CodeIgniter.php(318): CodeIgniter\CodeIgniter->handleRequest(NULL, Object(Config\Cache), false)
#11 C:\Users\Lenovo\Desktop\sipontren\public\index.php(37): CodeIgniter\CodeIgniter->run()
#12 C:\Users\Lenovo\Desktop\sipontren\vendor\codeigniter4\framework\system\Commands\Server\rewrite.php(43): require_once('C:\\Users\\Lenovo...')
#13 {main}
ERROR - 2021-12-17 18:41:10 --> Unknown column 'id_pengeluaran' in 'where clause'
CRITICAL - 2021-12-17 18:41:10 --> Unknown column 'id_pengeluaran' in 'where clause'
#0 C:\Users\Lenovo\Desktop\sipontren\vendor\codeigniter4\framework\system\Database\MySQLi\Connection.php(292): mysqli->query('SELECT COUNT(*)...', 0)
#1 C:\Users\Lenovo\Desktop\sipontren\vendor\codeigniter4\framework\system\Database\BaseConnection.php(670): CodeIgniter\Database\MySQLi\Connection->execute('SELECT COUNT(*)...')
#2 C:\Users\Lenovo\Desktop\sipontren\vendor\codeigniter4\framework\system\Database\BaseConnection.php(598): CodeIgniter\Database\BaseConnection->simpleQuery('SELECT COUNT(*)...')
#3 C:\Users\Lenovo\Desktop\sipontren\vendor\codeigniter4\framework\system\Database\BaseBuilder.php(1527): CodeIgniter\Database\BaseConnection->query('SELECT COUNT(*)...', Array, false)
#4 C:\Users\Lenovo\Desktop\sipontren\vendor\codeigniter4\framework\system\Model.php(509): CodeIgniter\Database\BaseBuilder->countAllResults(true)
#5 C:\Users\Lenovo\Desktop\sipontren\vendor\codeigniter4\framework\system\Model.php(592): CodeIgniter\Model->countAllResults()
#6 C:\Users\Lenovo\Desktop\sipontren\vendor\codeigniter4\framework\system\BaseModel.php(655): CodeIgniter\Model->shouldUpdate(Array)
#7 C:\Users\Lenovo\Desktop\sipontren\app\Controllers\Pembayaran.php(982): CodeIgniter\BaseModel->save(Array)
#8 C:\Users\Lenovo\Desktop\sipontren\vendor\codeigniter4\framework\system\CodeIgniter.php(824): App\Controllers\Pembayaran->save_pengeluaranbaru()
#9 C:\Users\Lenovo\Desktop\sipontren\vendor\codeigniter4\framework\system\CodeIgniter.php(410): CodeIgniter\CodeIgniter->runController(Object(App\Controllers\Pembayaran))
#10 C:\Users\Lenovo\Desktop\sipontren\vendor\codeigniter4\framework\system\CodeIgniter.php(318): CodeIgniter\CodeIgniter->handleRequest(NULL, Object(Config\Cache), false)
#11 C:\Users\Lenovo\Desktop\sipontren\public\index.php(37): CodeIgniter\CodeIgniter->run()
#12 C:\Users\Lenovo\Desktop\sipontren\vendor\codeigniter4\framework\system\Commands\Server\rewrite.php(43): require_once('C:\\Users\\Lenovo...')
#13 {main}
ERROR - 2021-12-17 18:42:08 --> Unknown column 'id_pengeluaran' in 'where clause'
CRITICAL - 2021-12-17 18:42:08 --> Unknown column 'id_pengeluaran' in 'where clause'
#0 C:\Users\Lenovo\Desktop\sipontren\vendor\codeigniter4\framework\system\Database\MySQLi\Connection.php(292): mysqli->query('SELECT COUNT(*)...', 0)
#1 C:\Users\Lenovo\Desktop\sipontren\vendor\codeigniter4\framework\system\Database\BaseConnection.php(670): CodeIgniter\Database\MySQLi\Connection->execute('SELECT COUNT(*)...')
#2 C:\Users\Lenovo\Desktop\sipontren\vendor\codeigniter4\framework\system\Database\BaseConnection.php(598): CodeIgniter\Database\BaseConnection->simpleQuery('SELECT COUNT(*)...')
#3 C:\Users\Lenovo\Desktop\sipontren\vendor\codeigniter4\framework\system\Database\BaseBuilder.php(1527): CodeIgniter\Database\BaseConnection->query('SELECT COUNT(*)...', Array, false)
#4 C:\Users\Lenovo\Desktop\sipontren\vendor\codeigniter4\framework\system\Model.php(509): CodeIgniter\Database\BaseBuilder->countAllResults(true)
#5 C:\Users\Lenovo\Desktop\sipontren\vendor\codeigniter4\framework\system\Model.php(592): CodeIgniter\Model->countAllResults()
#6 C:\Users\Lenovo\Desktop\sipontren\vendor\codeigniter4\framework\system\BaseModel.php(655): CodeIgniter\Model->shouldUpdate(Array)
#7 C:\Users\Lenovo\Desktop\sipontren\app\Controllers\Pembayaran.php(982): CodeIgniter\BaseModel->save(Array)
#8 C:\Users\Lenovo\Desktop\sipontren\vendor\codeigniter4\framework\system\CodeIgniter.php(824): App\Controllers\Pembayaran->save_pengeluaranbaru()
#9 C:\Users\Lenovo\Desktop\sipontren\vendor\codeigniter4\framework\system\CodeIgniter.php(410): CodeIgniter\CodeIgniter->runController(Object(App\Controllers\Pembayaran))
#10 C:\Users\Lenovo\Desktop\sipontren\vendor\codeigniter4\framework\system\CodeIgniter.php(318): CodeIgniter\CodeIgniter->handleRequest(NULL, Object(Config\Cache), false)
#11 C:\Users\Lenovo\Desktop\sipontren\public\index.php(37): CodeIgniter\CodeIgniter->run()
#12 C:\Users\Lenovo\Desktop\sipontren\vendor\codeigniter4\framework\system\Commands\Server\rewrite.php(43): require_once('C:\\Users\\Lenovo...')
#13 {main}
ERROR - 2021-12-17 18:45:31 --> Unknown column 'id_pengeluaran' in 'where clause'
CRITICAL - 2021-12-17 18:45:31 --> Unknown column 'id_pengeluaran' in 'where clause'
#0 C:\Users\Lenovo\Desktop\sipontren\vendor\codeigniter4\framework\system\Database\MySQLi\Connection.php(292): mysqli->query('DELETE FROM `da...', 0)
#1 C:\Users\Lenovo\Desktop\sipontren\vendor\codeigniter4\framework\system\Database\BaseConnection.php(670): CodeIgniter\Database\MySQLi\Connection->execute('DELETE FROM `da...')
#2 C:\Users\Lenovo\Desktop\sipontren\vendor\codeigniter4\framework\system\Database\BaseConnection.php(598): CodeIgniter\Database\BaseConnection->simpleQuery('DELETE FROM `da...')
#3 C:\Users\Lenovo\Desktop\sipontren\vendor\codeigniter4\framework\system\Database\BaseBuilder.php(2213): CodeIgniter\Database\BaseConnection->query('DELETE FROM `da...', Array, false)
#4 C:\Users\Lenovo\Desktop\sipontren\vendor\codeigniter4\framework\system\Model.php(359): CodeIgniter\Database\BaseBuilder->delete()
#5 C:\Users\Lenovo\Desktop\sipontren\vendor\codeigniter4\framework\system\BaseModel.php(963): CodeIgniter\Model->doDelete(Array, false)
#6 C:\Users\Lenovo\Desktop\sipontren\app\Controllers\Pembayaran.php(1388): CodeIgniter\BaseModel->delete(Array)
#7 C:\Users\Lenovo\Desktop\sipontren\vendor\codeigniter4\framework\system\CodeIgniter.php(824): App\Controllers\Pembayaran->delete_pengeluaranbaru('1')
#8 C:\Users\Lenovo\Desktop\sipontren\vendor\codeigniter4\framework\system\CodeIgniter.php(410): CodeIgniter\CodeIgniter->runController(Object(App\Controllers\Pembayaran))
#9 C:\Users\Lenovo\Desktop\sipontren\vendor\codeigniter4\framework\system\CodeIgniter.php(318): CodeIgniter\CodeIgniter->handleRequest(NULL, Object(Config\Cache), false)
#10 C:\Users\Lenovo\Desktop\sipontren\public\index.php(37): CodeIgniter\CodeIgniter->run()
#11 C:\Users\Lenovo\Desktop\sipontren\vendor\codeigniter4\framework\system\Commands\Server\rewrite.php(43): require_once('C:\\Users\\Lenovo...')
#12 {main}
ERROR - 2021-12-17 18:45:52 --> Unknown column 'id_pengeluaran' in 'where clause'
CRITICAL - 2021-12-17 18:45:52 --> Unknown column 'id_pengeluaran' in 'where clause'
#0 C:\Users\Lenovo\Desktop\sipontren\vendor\codeigniter4\framework\system\Database\MySQLi\Connection.php(292): mysqli->query('DELETE FROM `da...', 0)
#1 C:\Users\Lenovo\Desktop\sipontren\vendor\codeigniter4\framework\system\Database\BaseConnection.php(670): CodeIgniter\Database\MySQLi\Connection->execute('DELETE FROM `da...')
#2 C:\Users\Lenovo\Desktop\sipontren\vendor\codeigniter4\framework\system\Database\BaseConnection.php(598): CodeIgniter\Database\BaseConnection->simpleQuery('DELETE FROM `da...')
#3 C:\Users\Lenovo\Desktop\sipontren\vendor\codeigniter4\framework\system\Database\BaseBuilder.php(2213): CodeIgniter\Database\BaseConnection->query('DELETE FROM `da...', Array, false)
#4 C:\Users\Lenovo\Desktop\sipontren\vendor\codeigniter4\framework\system\Model.php(359): CodeIgniter\Database\BaseBuilder->delete()
#5 C:\Users\Lenovo\Desktop\sipontren\vendor\codeigniter4\framework\system\BaseModel.php(963): CodeIgniter\Model->doDelete(Array, false)
#6 C:\Users\Lenovo\Desktop\sipontren\app\Controllers\Pembayaran.php(1388): CodeIgniter\BaseModel->delete(Array)
#7 C:\Users\Lenovo\Desktop\sipontren\vendor\codeigniter4\framework\system\CodeIgniter.php(824): App\Controllers\Pembayaran->delete_pengeluaranbaru('1')
#8 C:\Users\Lenovo\Desktop\sipontren\vendor\codeigniter4\framework\system\CodeIgniter.php(410): CodeIgniter\CodeIgniter->runController(Object(App\Controllers\Pembayaran))
#9 C:\Users\Lenovo\Desktop\sipontren\vendor\codeigniter4\framework\system\CodeIgniter.php(318): CodeIgniter\CodeIgniter->handleRequest(NULL, Object(Config\Cache), false)
#10 C:\Users\Lenovo\Desktop\sipontren\public\index.php(37): CodeIgniter\CodeIgniter->run()
#11 C:\Users\Lenovo\Desktop\sipontren\vendor\codeigniter4\framework\system\Commands\Server\rewrite.php(43): require_once('C:\\Users\\Lenovo...')
#12 {main}
CRITICAL - 2021-12-17 18:49:10 --> Undefined array key "nama_pengeluaran"
#0 C:\Users\Lenovo\Desktop\sipontren\app\Views\laporan\pengeluaran.php(42): CodeIgniter\Debug\Exceptions->errorHandler(2, 'Undefined array...', 'C:\\Users\\Lenovo...', 42)
#1 C:\Users\Lenovo\Desktop\sipontren\vendor\codeigniter4\framework\system\View\View.php(214): include('C:\\Users\\Lenovo...')
#2 C:\Users\Lenovo\Desktop\sipontren\vendor\codeigniter4\framework\system\View\View.php(217): CodeIgniter\View\View->CodeIgniter\View\{closure}()
#3 C:\Users\Lenovo\Desktop\sipontren\vendor\codeigniter4\framework\system\Common.php(1097): CodeIgniter\View\View->render('laporan/pengelu...', Array, true)
#4 C:\Users\Lenovo\Desktop\sipontren\app\Controllers\Pembayaran.php(578): view('laporan/pengelu...', Array)
#5 C:\Users\Lenovo\Desktop\sipontren\vendor\codeigniter4\framework\system\CodeIgniter.php(824): App\Controllers\Pembayaran->pengeluaran()
#6 C:\Users\Lenovo\Desktop\sipontren\vendor\codeigniter4\framework\system\CodeIgniter.php(410): CodeIgniter\CodeIgniter->runController(Object(App\Controllers\Pembayaran))
#7 C:\Users\Lenovo\Desktop\sipontren\vendor\codeigniter4\framework\system\CodeIgniter.php(318): CodeIgniter\CodeIgniter->handleRequest(NULL, Object(Config\Cache), false)
#8 C:\Users\Lenovo\Desktop\sipontren\public\index.php(37): CodeIgniter\CodeIgniter->run()
#9 C:\Users\Lenovo\Desktop\sipontren\vendor\codeigniter4\framework\system\Commands\Server\rewrite.php(43): require_once('C:\\Users\\Lenovo...')
#10 {main}
CRITICAL - 2021-12-17 18:49:34 --> Undefined array key "nama_pengeluaran"
#0 C:\Users\Lenovo\Desktop\sipontren\app\Views\laporan\pengeluaran.php(42): CodeIgniter\Debug\Exceptions->errorHandler(2, 'Undefined array...', 'C:\\Users\\Lenovo...', 42)
#1 C:\Users\Lenovo\Desktop\sipontren\vendor\codeigniter4\framework\system\View\View.php(214): include('C:\\Users\\Lenovo...')
#2 C:\Users\Lenovo\Desktop\sipontren\vendor\codeigniter4\framework\system\View\View.php(217): CodeIgniter\View\View->CodeIgniter\View\{closure}()
#3 C:\Users\Lenovo\Desktop\sipontren\vendor\codeigniter4\framework\system\Common.php(1097): CodeIgniter\View\View->render('laporan/pengelu...', Array, true)
#4 C:\Users\Lenovo\Desktop\sipontren\app\Controllers\Pembayaran.php(578): view('laporan/pengelu...', Array)
#5 C:\Users\Lenovo\Desktop\sipontren\vendor\codeigniter4\framework\system\CodeIgniter.php(824): App\Controllers\Pembayaran->pengeluaran()
#6 C:\Users\Lenovo\Desktop\sipontren\vendor\codeigniter4\framework\system\CodeIgniter.php(410): CodeIgniter\CodeIgniter->runController(Object(App\Controllers\Pembayaran))
#7 C:\Users\Lenovo\Desktop\sipontren\vendor\codeigniter4\framework\system\CodeIgniter.php(318): CodeIgniter\CodeIgniter->handleRequest(NULL, Object(Config\Cache), false)
#8 C:\Users\Lenovo\Desktop\sipontren\public\index.php(37): CodeIgniter\CodeIgniter->run()
#9 C:\Users\Lenovo\Desktop\sipontren\vendor\codeigniter4\framework\system\Commands\Server\rewrite.php(43): require_once('C:\\Users\\Lenovo...')
#10 {main}
CRITICAL - 2021-12-17 18:51:23 --> Undefined array key "nama_pengeluaran"
#0 C:\Users\Lenovo\Desktop\sipontren\app\Views\laporan\pengeluaran.php(42): CodeIgniter\Debug\Exceptions->errorHandler(2, 'Undefined array...', 'C:\\Users\\Lenovo...', 42)
#1 C:\Users\Lenovo\Desktop\sipontren\vendor\codeigniter4\framework\system\View\View.php(214): include('C:\\Users\\Lenovo...')
#2 C:\Users\Lenovo\Desktop\sipontren\vendor\codeigniter4\framework\system\View\View.php(217): CodeIgniter\View\View->CodeIgniter\View\{closure}()
#3 C:\Users\Lenovo\Desktop\sipontren\vendor\codeigniter4\framework\system\Common.php(1097): CodeIgniter\View\View->render('laporan/pengelu...', Array, true)
#4 C:\Users\Lenovo\Desktop\sipontren\app\Controllers\Pembayaran.php(578): view('laporan/pengelu...', Array)
#5 C:\Users\Lenovo\Desktop\sipontren\vendor\codeigniter4\framework\system\CodeIgniter.php(824): App\Controllers\Pembayaran->pengeluaran()
#6 C:\Users\Lenovo\Desktop\sipontren\vendor\codeigniter4\framework\system\CodeIgniter.php(410): CodeIgniter\CodeIgniter->runController(Object(App\Controllers\Pembayaran))
#7 C:\Users\Lenovo\Desktop\sipontren\vendor\codeigniter4\framework\system\CodeIgniter.php(318): CodeIgniter\CodeIgniter->handleRequest(NULL, Object(Config\Cache), false)
#8 C:\Users\Lenovo\Desktop\sipontren\public\index.php(37): CodeIgniter\CodeIgniter->run()
#9 C:\Users\Lenovo\Desktop\sipontren\vendor\codeigniter4\framework\system\Commands\Server\rewrite.php(43): require_once('C:\\Users\\Lenovo...')
#10 {main}
CRITICAL - 2021-12-17 18:53:08 --> Undefined array key "nama_pengeluaran"
#0 C:\Users\Lenovo\Desktop\sipontren\app\Views\laporan\pengeluaran.php(42): CodeIgniter\Debug\Exceptions->errorHandler(2, 'Undefined array...', 'C:\\Users\\Lenovo...', 42)
#1 C:\Users\Lenovo\Desktop\sipontren\vendor\codeigniter4\framework\system\View\View.php(214): include('C:\\Users\\Lenovo...')
#2 C:\Users\Lenovo\Desktop\sipontren\vendor\codeigniter4\framework\system\View\View.php(217): CodeIgniter\View\View->CodeIgniter\View\{closure}()
#3 C:\Users\Lenovo\Desktop\sipontren\vendor\codeigniter4\framework\system\Common.php(1097): CodeIgniter\View\View->render('laporan/pengelu...', Array, true)
#4 C:\Users\Lenovo\Desktop\sipontren\app\Controllers\Pembayaran.php(578): view('laporan/pengelu...', Array)
#5 C:\Users\Lenovo\Desktop\sipontren\vendor\codeigniter4\framework\system\CodeIgniter.php(824): App\Controllers\Pembayaran->pengeluaran()
#6 C:\Users\Lenovo\Desktop\sipontren\vendor\codeigniter4\framework\system\CodeIgniter.php(410): CodeIgniter\CodeIgniter->runController(Object(App\Controllers\Pembayaran))
#7 C:\Users\Lenovo\Desktop\sipontren\vendor\codeigniter4\framework\system\CodeIgniter.php(318): CodeIgniter\CodeIgniter->handleRequest(NULL, Object(Config\Cache), false)
#8 C:\Users\Lenovo\Desktop\sipontren\public\index.php(37): CodeIgniter\CodeIgniter->run()
#9 C:\Users\Lenovo\Desktop\sipontren\vendor\codeigniter4\framework\system\Commands\Server\rewrite.php(43): require_once('C:\\Users\\Lenovo...')
#10 {main}
CRITICAL - 2021-12-17 18:53:13 --> Undefined array key "nama_pengeluaran"
#0 C:\Users\Lenovo\Desktop\sipontren\app\Views\laporan\pengeluaran.php(42): CodeIgniter\Debug\Exceptions->errorHandler(2, 'Undefined array...', 'C:\\Users\\Lenovo...', 42)
#1 C:\Users\Lenovo\Desktop\sipontren\vendor\codeigniter4\framework\system\View\View.php(214): include('C:\\Users\\Lenovo...')
#2 C:\Users\Lenovo\Desktop\sipontren\vendor\codeigniter4\framework\system\View\View.php(217): CodeIgniter\View\View->CodeIgniter\View\{closure}()
#3 C:\Users\Lenovo\Desktop\sipontren\vendor\codeigniter4\framework\system\Common.php(1097): CodeIgniter\View\View->render('laporan/pengelu...', Array, true)
#4 C:\Users\Lenovo\Desktop\sipontren\app\Controllers\Pembayaran.php(578): view('laporan/pengelu...', Array)
#5 C:\Users\Lenovo\Desktop\sipontren\vendor\codeigniter4\framework\system\CodeIgniter.php(824): App\Controllers\Pembayaran->pengeluaran()
#6 C:\Users\Lenovo\Desktop\sipontren\vendor\codeigniter4\framework\system\CodeIgniter.php(410): CodeIgniter\CodeIgniter->runController(Object(App\Controllers\Pembayaran))
#7 C:\Users\Lenovo\Desktop\sipontren\vendor\codeigniter4\framework\system\CodeIgniter.php(318): CodeIgniter\CodeIgniter->handleRequest(NULL, Object(Config\Cache), false)
#8 C:\Users\Lenovo\Desktop\sipontren\public\index.php(37): CodeIgniter\CodeIgniter->run()
#9 C:\Users\Lenovo\Desktop\sipontren\vendor\codeigniter4\framework\system\Commands\Server\rewrite.php(43): require_once('C:\\Users\\Lenovo...')
#10 {main}
CRITICAL - 2021-12-17 18:53:32 --> Undefined array key "nama_pengeluaran"
#0 C:\Users\Lenovo\Desktop\sipontren\app\Views\laporan\pengeluaran.php(42): CodeIgniter\Debug\Exceptions->errorHandler(2, 'Undefined array...', 'C:\\Users\\Lenovo...', 42)
#1 C:\Users\Lenovo\Desktop\sipontren\vendor\codeigniter4\framework\system\View\View.php(214): include('C:\\Users\\Lenovo...')
#2 C:\Users\Lenovo\Desktop\sipontren\vendor\codeigniter4\framework\system\View\View.php(217): CodeIgniter\View\View->CodeIgniter\View\{closure}()
#3 C:\Users\Lenovo\Desktop\sipontren\vendor\codeigniter4\framework\system\Common.php(1097): CodeIgniter\View\View->render('laporan/pengelu...', Array, true)
#4 C:\Users\Lenovo\Desktop\sipontren\app\Controllers\Pembayaran.php(578): view('laporan/pengelu...', Array)
#5 C:\Users\Lenovo\Desktop\sipontren\vendor\codeigniter4\framework\system\CodeIgniter.php(824): App\Controllers\Pembayaran->pengeluaran()
#6 C:\Users\Lenovo\Desktop\sipontren\vendor\codeigniter4\framework\system\CodeIgniter.php(410): CodeIgniter\CodeIgniter->runController(Object(App\Controllers\Pembayaran))
#7 C:\Users\Lenovo\Desktop\sipontren\vendor\codeigniter4\framework\system\CodeIgniter.php(318): CodeIgniter\CodeIgniter->handleRequest(NULL, Object(Config\Cache), false)
#8 C:\Users\Lenovo\Desktop\sipontren\public\index.php(37): CodeIgniter\CodeIgniter->run()
#9 C:\Users\Lenovo\Desktop\sipontren\vendor\codeigniter4\framework\system\Commands\Server\rewrite.php(43): require_once('C:\\Users\\Lenovo...')
#10 {main}
CRITICAL - 2021-12-17 18:56:57 --> Undefined array key "nama_pengeluaran"
#0 C:\Users\Lenovo\Desktop\sipontren\app\Views\laporan\pengeluaran.php(42): CodeIgniter\Debug\Exceptions->errorHandler(2, 'Undefined array...', 'C:\\Users\\Lenovo...', 42)
#1 C:\Users\Lenovo\Desktop\sipontren\vendor\codeigniter4\framework\system\View\View.php(214): include('C:\\Users\\Lenovo...')
#2 C:\Users\Lenovo\Desktop\sipontren\vendor\codeigniter4\framework\system\View\View.php(217): CodeIgniter\View\View->CodeIgniter\View\{closure}()
#3 C:\Users\Lenovo\Desktop\sipontren\vendor\codeigniter4\framework\system\Common.php(1097): CodeIgniter\View\View->render('laporan/pengelu...', Array, true)
#4 C:\Users\Lenovo\Desktop\sipontren\app\Controllers\Pembayaran.php(578): view('laporan/pengelu...', Array)
#5 C:\Users\Lenovo\Desktop\sipontren\vendor\codeigniter4\framework\system\CodeIgniter.php(824): App\Controllers\Pembayaran->pengeluaran()
#6 C:\Users\Lenovo\Desktop\sipontren\vendor\codeigniter4\framework\system\CodeIgniter.php(410): CodeIgniter\CodeIgniter->runController(Object(App\Controllers\Pembayaran))
#7 C:\Users\Lenovo\Desktop\sipontren\vendor\codeigniter4\framework\system\CodeIgniter.php(318): CodeIgniter\CodeIgniter->handleRequest(NULL, Object(Config\Cache), false)
#8 C:\Users\Lenovo\Desktop\sipontren\public\index.php(37): CodeIgniter\CodeIgniter->run()
#9 C:\Users\Lenovo\Desktop\sipontren\vendor\codeigniter4\framework\system\Commands\Server\rewrite.php(43): require_once('C:\\Users\\Lenovo...')
#10 {main}
CRITICAL - 2021-12-17 18:57:04 --> Undefined array key "nama_pengeluaran"
#0 C:\Users\Lenovo\Desktop\sipontren\app\Views\laporan\pengeluaran.php(42): CodeIgniter\Debug\Exceptions->errorHandler(2, 'Undefined array...', 'C:\\Users\\Lenovo...', 42)
#1 C:\Users\Lenovo\Desktop\sipontren\vendor\codeigniter4\framework\system\View\View.php(214): include('C:\\Users\\Lenovo...')
#2 C:\Users\Lenovo\Desktop\sipontren\vendor\codeigniter4\framework\system\View\View.php(217): CodeIgniter\View\View->CodeIgniter\View\{closure}()
#3 C:\Users\Lenovo\Desktop\sipontren\vendor\codeigniter4\framework\system\Common.php(1097): CodeIgniter\View\View->render('laporan/pengelu...', Array, true)
#4 C:\Users\Lenovo\Desktop\sipontren\app\Controllers\Pembayaran.php(578): view('laporan/pengelu...', Array)
#5 C:\Users\Lenovo\Desktop\sipontren\vendor\codeigniter4\framework\system\CodeIgniter.php(824): App\Controllers\Pembayaran->pengeluaran()
#6 C:\Users\Lenovo\Desktop\sipontren\vendor\codeigniter4\framework\system\CodeIgniter.php(410): CodeIgniter\CodeIgniter->runController(Object(App\Controllers\Pembayaran))
#7 C:\Users\Lenovo\Desktop\sipontren\vendor\codeigniter4\framework\system\CodeIgniter.php(318): CodeIgniter\CodeIgniter->handleRequest(NULL, Object(Config\Cache), false)
#8 C:\Users\Lenovo\Desktop\sipontren\public\index.php(37): CodeIgniter\CodeIgniter->run()
#9 C:\Users\Lenovo\Desktop\sipontren\vendor\codeigniter4\framework\system\Commands\Server\rewrite.php(43): require_once('C:\\Users\\Lenovo...')
#10 {main}
CRITICAL - 2021-12-17 19:00:32 --> Undefined array key "nama_pengeluaran"
#0 C:\Users\Lenovo\Desktop\sipontren\app\Views\laporan\pengeluaran.php(42): CodeIgniter\Debug\Exceptions->errorHandler(2, 'Undefined array...', 'C:\\Users\\Lenovo...', 42)
#1 C:\Users\Lenovo\Desktop\sipontren\vendor\codeigniter4\framework\system\View\View.php(214): include('C:\\Users\\Lenovo...')
#2 C:\Users\Lenovo\Desktop\sipontren\vendor\codeigniter4\framework\system\View\View.php(217): CodeIgniter\View\View->CodeIgniter\View\{closure}()
#3 C:\Users\Lenovo\Desktop\sipontren\vendor\codeigniter4\framework\system\Common.php(1097): CodeIgniter\View\View->render('laporan/pengelu...', Array, true)
#4 C:\Users\Lenovo\Desktop\sipontren\app\Controllers\Pembayaran.php(578): view('laporan/pengelu...', Array)
#5 C:\Users\Lenovo\Desktop\sipontren\vendor\codeigniter4\framework\system\CodeIgniter.php(824): App\Controllers\Pembayaran->pengeluaran()
#6 C:\Users\Lenovo\Desktop\sipontren\vendor\codeigniter4\framework\system\CodeIgniter.php(410): CodeIgniter\CodeIgniter->runController(Object(App\Controllers\Pembayaran))
#7 C:\Users\Lenovo\Desktop\sipontren\vendor\codeigniter4\framework\system\CodeIgniter.php(318): CodeIgniter\CodeIgniter->handleRequest(NULL, Object(Config\Cache), false)
#8 C:\Users\Lenovo\Desktop\sipontren\public\index.php(37): CodeIgniter\CodeIgniter->run()
#9 C:\Users\Lenovo\Desktop\sipontren\vendor\codeigniter4\framework\system\Commands\Server\rewrite.php(43): require_once('C:\\Users\\Lenovo...')
#10 {main}
CRITICAL - 2021-12-17 19:00:33 --> Undefined array key "nama_pengeluaran"
#0 C:\Users\Lenovo\Desktop\sipontren\app\Views\laporan\pengeluaran.php(42): CodeIgniter\Debug\Exceptions->errorHandler(2, 'Undefined array...', 'C:\\Users\\Lenovo...', 42)
#1 C:\Users\Lenovo\Desktop\sipontren\vendor\codeigniter4\framework\system\View\View.php(214): include('C:\\Users\\Lenovo...')
#2 C:\Users\Lenovo\Desktop\sipontren\vendor\codeigniter4\framework\system\View\View.php(217): CodeIgniter\View\View->CodeIgniter\View\{closure}()
#3 C:\Users\Lenovo\Desktop\sipontren\vendor\codeigniter4\framework\system\Common.php(1097): CodeIgniter\View\View->render('laporan/pengelu...', Array, true)
#4 C:\Users\Lenovo\Desktop\sipontren\app\Controllers\Pembayaran.php(578): view('laporan/pengelu...', Array)
#5 C:\Users\Lenovo\Desktop\sipontren\vendor\codeigniter4\framework\system\CodeIgniter.php(824): App\Controllers\Pembayaran->pengeluaran()
#6 C:\Users\Lenovo\Desktop\sipontren\vendor\codeigniter4\framework\system\CodeIgniter.php(410): CodeIgniter\CodeIgniter->runController(Object(App\Controllers\Pembayaran))
#7 C:\Users\Lenovo\Desktop\sipontren\vendor\codeigniter4\framework\system\CodeIgniter.php(318): CodeIgniter\CodeIgniter->handleRequest(NULL, Object(Config\Cache), false)
#8 C:\Users\Lenovo\Desktop\sipontren\public\index.php(37): CodeIgniter\CodeIgniter->run()
#9 C:\Users\Lenovo\Desktop\sipontren\vendor\codeigniter4\framework\system\Commands\Server\rewrite.php(43): require_once('C:\\Users\\Lenovo...')
#10 {main}
ERROR - 2021-12-17 19:02:00 --> Unknown column 'nama_pengeluaran' in 'where clause'
CRITICAL - 2021-12-17 19:02:00 --> Unknown column 'nama_pengeluaran' in 'where clause'
#0 C:\Users\Lenovo\Desktop\sipontren\vendor\codeigniter4\framework\system\Database\MySQLi\Connection.php(292): mysqli->query('SELECT *\nFROM `...', 0)
#1 C:\Users\Lenovo\Desktop\sipontren\vendor\codeigniter4\framework\system\Database\BaseConnection.php(670): CodeIgniter\Database\MySQLi\Connection->execute('SELECT *\nFROM `...')
#2 C:\Users\Lenovo\Desktop\sipontren\vendor\codeigniter4\framework\system\Database\BaseConnection.php(598): CodeIgniter\Database\BaseConnection->simpleQuery('SELECT *\nFROM `...')
#3 C:\Users\Lenovo\Desktop\sipontren\vendor\codeigniter4\framework\system\Database\BaseBuilder.php(1443): CodeIgniter\Database\BaseConnection->query('SELECT *\nFROM `...', Array, false)
#4 C:\Users\Lenovo\Desktop\sipontren\app\Models\PengeluaranModel.php(40): CodeIgniter\Database\BaseBuilder->get()
#5 C:\Users\Lenovo\Desktop\sipontren\app\Controllers\Pembayaran.php(594): App\Models\PengeluaranModel->getPengeluaran(Array)
#6 C:\Users\Lenovo\Desktop\sipontren\vendor\codeigniter4\framework\system\CodeIgniter.php(824): App\Controllers\Pembayaran->filter_pengeluaran()
#7 C:\Users\Lenovo\Desktop\sipontren\vendor\codeigniter4\framework\system\CodeIgniter.php(410): CodeIgniter\CodeIgniter->runController(Object(App\Controllers\Pembayaran))
#8 C:\Users\Lenovo\Desktop\sipontren\vendor\codeigniter4\framework\system\CodeIgniter.php(318): CodeIgniter\CodeIgniter->handleRequest(NULL, Object(Config\Cache), false)
#9 C:\Users\Lenovo\Desktop\sipontren\public\index.php(37): CodeIgniter\CodeIgniter->run()
#10 C:\Users\Lenovo\Desktop\sipontren\vendor\codeigniter4\framework\system\Commands\Server\rewrite.php(43): require_once('C:\\Users\\Lenovo...')
#11 {main}
ERROR - 2021-12-17 19:09:17 --> Unknown column 'pengeluaran.nama_pengeluaran' in 'field list'
CRITICAL - 2021-12-17 19:09:17 --> Unknown column 'pengeluaran.nama_pengeluaran' in 'field list'
#0 C:\Users\Lenovo\Desktop\sipontren\vendor\codeigniter4\framework\system\Database\MySQLi\Connection.php(292): mysqli->query('SELECT *, `peng...', 0)
#1 C:\Users\Lenovo\Desktop\sipontren\vendor\codeigniter4\framework\system\Database\BaseConnection.php(670): CodeIgniter\Database\MySQLi\Connection->execute('SELECT *, `peng...')
#2 C:\Users\Lenovo\Desktop\sipontren\vendor\codeigniter4\framework\system\Database\BaseConnection.php(598): CodeIgniter\Database\BaseConnection->simpleQuery('SELECT *, `peng...')
#3 C:\Users\Lenovo\Desktop\sipontren\vendor\codeigniter4\framework\system\Database\BaseBuilder.php(1443): CodeIgniter\Database\BaseConnection->query('SELECT *, `peng...', Array, false)
#4 C:\Users\Lenovo\Desktop\sipontren\app\Models\PengeluaranModel.php(58): CodeIgniter\Database\BaseBuilder->get()
#5 C:\Users\Lenovo\Desktop\sipontren\app\Controllers\Pembayaran.php(596): App\Models\PengeluaranModel->pengeluaran_total(Array)
#6 C:\Users\Lenovo\Desktop\sipontren\vendor\codeigniter4\framework\system\CodeIgniter.php(824): App\Controllers\Pembayaran->filter_pengeluaran()
#7 C:\Users\Lenovo\Desktop\sipontren\vendor\codeigniter4\framework\system\CodeIgniter.php(410): CodeIgniter\CodeIgniter->runController(Object(App\Controllers\Pembayaran))
#8 C:\Users\Lenovo\Desktop\sipontren\vendor\codeigniter4\framework\system\CodeIgniter.php(318): CodeIgniter\CodeIgniter->handleRequest(NULL, Object(Config\Cache), false)
#9 C:\Users\Lenovo\Desktop\sipontren\public\index.php(37): CodeIgniter\CodeIgniter->run()
#10 C:\Users\Lenovo\Desktop\sipontren\vendor\codeigniter4\framework\system\Commands\Server\rewrite.php(43): require_once('C:\\Users\\Lenovo...')
#11 {main}
ERROR - 2021-12-17 19:09:37 --> Unknown column 'pengeluaran.nama_pengeluaran' in 'field list'
CRITICAL - 2021-12-17 19:09:37 --> Unknown column 'pengeluaran.nama_pengeluaran' in 'field list'
#0 C:\Users\Lenovo\Desktop\sipontren\vendor\codeigniter4\framework\system\Database\MySQLi\Connection.php(292): mysqli->query('SELECT *, `peng...', 0)
#1 C:\Users\Lenovo\Desktop\sipontren\vendor\codeigniter4\framework\system\Database\BaseConnection.php(670): CodeIgniter\Database\MySQLi\Connection->execute('SELECT *, `peng...')
#2 C:\Users\Lenovo\Desktop\sipontren\vendor\codeigniter4\framework\system\Database\BaseConnection.php(598): CodeIgniter\Database\BaseConnection->simpleQuery('SELECT *, `peng...')
#3 C:\Users\Lenovo\Desktop\sipontren\vendor\codeigniter4\framework\system\Database\BaseBuilder.php(1443): CodeIgniter\Database\BaseConnection->query('SELECT *, `peng...', Array, false)
#4 C:\Users\Lenovo\Desktop\sipontren\app\Models\PengeluaranModel.php(58): CodeIgniter\Database\BaseBuilder->get()
#5 C:\Users\Lenovo\Desktop\sipontren\app\Controllers\Pembayaran.php(596): App\Models\PengeluaranModel->pengeluaran_total(Array)
#6 C:\Users\Lenovo\Desktop\sipontren\vendor\codeigniter4\framework\system\CodeIgniter.php(824): App\Controllers\Pembayaran->filter_pengeluaran()
#7 C:\Users\Lenovo\Desktop\sipontren\vendor\codeigniter4\framework\system\CodeIgniter.php(410): CodeIgniter\CodeIgniter->runController(Object(App\Controllers\Pembayaran))
#8 C:\Users\Lenovo\Desktop\sipontren\vendor\codeigniter4\framework\system\CodeIgniter.php(318): CodeIgniter\CodeIgniter->handleRequest(NULL, Object(Config\Cache), false)
#9 C:\Users\Lenovo\Desktop\sipontren\public\index.php(37): CodeIgniter\CodeIgniter->run()
#10 C:\Users\Lenovo\Desktop\sipontren\vendor\codeigniter4\framework\system\Commands\Server\rewrite.php(43): require_once('C:\\Users\\Lenovo...')
#11 {main}
CRITICAL - 2021-12-17 19:10:54 --> Undefined variable $keluar
#0 C:\Users\Lenovo\Desktop\sipontren\app\Views\laporan\pengeluaran.php(40): CodeIgniter\Debug\Exceptions->errorHandler(2, 'Undefined varia...', 'C:\\Users\\Lenovo...', 40)
#1 C:\Users\Lenovo\Desktop\sipontren\vendor\codeigniter4\framework\system\View\View.php(214): include('C:\\Users\\Lenovo...')
#2 C:\Users\Lenovo\Desktop\sipontren\vendor\codeigniter4\framework\system\View\View.php(217): CodeIgniter\View\View->CodeIgniter\View\{closure}()
#3 C:\Users\Lenovo\Desktop\sipontren\vendor\codeigniter4\framework\system\Common.php(1097): CodeIgniter\View\View->render('laporan/pengelu...', Array, true)
#4 C:\Users\Lenovo\Desktop\sipontren\app\Controllers\Pembayaran.php(607): view('laporan/pengelu...', Array)
#5 C:\Users\Lenovo\Desktop\sipontren\vendor\codeigniter4\framework\system\CodeIgniter.php(824): App\Controllers\Pembayaran->filter_pengeluaran()
#6 C:\Users\Lenovo\Desktop\sipontren\vendor\codeigniter4\framework\system\CodeIgniter.php(410): CodeIgniter\CodeIgniter->runController(Object(App\Controllers\Pembayaran))
#7 C:\Users\Lenovo\Desktop\sipontren\vendor\codeigniter4\framework\system\CodeIgniter.php(318): CodeIgniter\CodeIgniter->handleRequest(NULL, Object(Config\Cache), false)
#8 C:\Users\Lenovo\Desktop\sipontren\public\index.php(37): CodeIgniter\CodeIgniter->run()
#9 C:\Users\Lenovo\Desktop\sipontren\vendor\codeigniter4\framework\system\Commands\Server\rewrite.php(43): require_once('C:\\Users\\Lenovo...')
#10 {main}
CRITICAL - 2021-12-17 19:11:54 --> Undefined variable $keluar
#0 C:\Users\Lenovo\Desktop\sipontren\app\Views\laporan\pengeluaran.php(40): CodeIgniter\Debug\Exceptions->errorHandler(2, 'Undefined varia...', 'C:\\Users\\Lenovo...', 40)
#1 C:\Users\Lenovo\Desktop\sipontren\vendor\codeigniter4\framework\system\View\View.php(214): include('C:\\Users\\Lenovo...')
#2 C:\Users\Lenovo\Desktop\sipontren\vendor\codeigniter4\framework\system\View\View.php(217): CodeIgniter\View\View->CodeIgniter\View\{closure}()
#3 C:\Users\Lenovo\Desktop\sipontren\vendor\codeigniter4\framework\system\Common.php(1097): CodeIgniter\View\View->render('laporan/pengelu...', Array, true)
#4 C:\Users\Lenovo\Desktop\sipontren\app\Controllers\Pembayaran.php(607): view('laporan/pengelu...', Array)
#5 C:\Users\Lenovo\Desktop\sipontren\vendor\codeigniter4\framework\system\CodeIgniter.php(824): App\Controllers\Pembayaran->filter_pengeluaran()
#6 C:\Users\Lenovo\Desktop\sipontren\vendor\codeigniter4\framework\system\CodeIgniter.php(410): CodeIgniter\CodeIgniter->runController(Object(App\Controllers\Pembayaran))
#7 C:\Users\Lenovo\Desktop\sipontren\vendor\codeigniter4\framework\system\CodeIgniter.php(318): CodeIgniter\CodeIgniter->handleRequest(NULL, Object(Config\Cache), false)
#8 C:\Users\Lenovo\Desktop\sipontren\public\index.php(37): CodeIgniter\CodeIgniter->run()
#9 C:\Users\Lenovo\Desktop\sipontren\vendor\codeigniter4\framework\system\Commands\Server\rewrite.php(43): require_once('C:\\Users\\Lenovo...')
#10 {main}
CRITICAL - 2021-12-17 19:12:23 --> Undefined array key "nama_pengeluaran"
#0 C:\Users\Lenovo\Desktop\sipontren\app\Views\laporan\pengeluaran.php(89): CodeIgniter\Debug\Exceptions->errorHandler(2, 'Undefined array...', 'C:\\Users\\Lenovo...', 89)
#1 C:\Users\Lenovo\Desktop\sipontren\vendor\codeigniter4\framework\system\View\View.php(214): include('C:\\Users\\Lenovo...')
#2 C:\Users\Lenovo\Desktop\sipontren\vendor\codeigniter4\framework\system\View\View.php(217): CodeIgniter\View\View->CodeIgniter\View\{closure}()
#3 C:\Users\Lenovo\Desktop\sipontren\vendor\codeigniter4\framework\system\Common.php(1097): CodeIgniter\View\View->render('laporan/pengelu...', Array, true)
#4 C:\Users\Lenovo\Desktop\sipontren\app\Controllers\Pembayaran.php(609): view('laporan/pengelu...', Array)
#5 C:\Users\Lenovo\Desktop\sipontren\vendor\codeigniter4\framework\system\CodeIgniter.php(824): App\Controllers\Pembayaran->filter_pengeluaran()
#6 C:\Users\Lenovo\Desktop\sipontren\vendor\codeigniter4\framework\system\CodeIgniter.php(410): CodeIgniter\CodeIgniter->runController(Object(App\Controllers\Pembayaran))
#7 C:\Users\Lenovo\Desktop\sipontren\vendor\codeigniter4\framework\system\CodeIgniter.php(318): CodeIgniter\CodeIgniter->handleRequest(NULL, Object(Config\Cache), false)
#8 C:\Users\Lenovo\Desktop\sipontren\public\index.php(37): CodeIgniter\CodeIgniter->run()
#9 C:\Users\Lenovo\Desktop\sipontren\vendor\codeigniter4\framework\system\Commands\Server\rewrite.php(43): require_once('C:\\Users\\Lenovo...')
#10 {main}
CRITICAL - 2021-12-17 19:12:57 --> Undefined variable $keluar
#0 C:\Users\Lenovo\Desktop\sipontren\app\Views\laporan\pengeluaran.php(40): CodeIgniter\Debug\Exceptions->errorHandler(2, 'Undefined varia...', 'C:\\Users\\Lenovo...', 40)
#1 C:\Users\Lenovo\Desktop\sipontren\vendor\codeigniter4\framework\system\View\View.php(214): include('C:\\Users\\Lenovo...')
#2 C:\Users\Lenovo\Desktop\sipontren\vendor\codeigniter4\framework\system\View\View.php(217): CodeIgniter\View\View->CodeIgniter\View\{closure}()
#3 C:\Users\Lenovo\Desktop\sipontren\vendor\codeigniter4\framework\system\Common.php(1097): CodeIgniter\View\View->render('laporan/pengelu...', Array, true)
#4 C:\Users\Lenovo\Desktop\sipontren\app\Controllers\Pembayaran.php(609): view('laporan/pengelu...', Array)
#5 C:\Users\Lenovo\Desktop\sipontren\vendor\codeigniter4\framework\system\CodeIgniter.php(824): App\Controllers\Pembayaran->filter_pengeluaran()
#6 C:\Users\Lenovo\Desktop\sipontren\vendor\codeigniter4\framework\system\CodeIgniter.php(410): CodeIgniter\CodeIgniter->runController(Object(App\Controllers\Pembayaran))
#7 C:\Users\Lenovo\Desktop\sipontren\vendor\codeigniter4\framework\system\CodeIgniter.php(318): CodeIgniter\CodeIgniter->handleRequest(NULL, Object(Config\Cache), false)
#8 C:\Users\Lenovo\Desktop\sipontren\public\index.php(37): CodeIgniter\CodeIgniter->run()
#9 C:\Users\Lenovo\Desktop\sipontren\vendor\codeigniter4\framework\system\Commands\Server\rewrite.php(43): require_once('C:\\Users\\Lenovo...')
#10 {main}
