ERROR - 2021-11-19 10:31:51 --> Error connecting to the database: No connection could be made because the target machine actively refused it
CRITICAL - 2021-11-19 10:31:51 --> Unable to connect to the database.
Main connection [MySQLi]: No connection could be made because the target machine actively refused it
#0 E:\Xampp\htdocs\sipontren\vendor\codeigniter4\framework\system\Database\BaseConnection.php(577): CodeIgniter\Database\BaseConnection->initialize()
#1 E:\Xampp\htdocs\sipontren\vendor\codeigniter4\framework\system\Database\BaseBuilder.php(1576): CodeIgniter\Database\BaseConnection->query('SELECT *\nFROM `...', Array, false)
#2 E:\Xampp\htdocs\sipontren\app\Models\SantriModel.php(31): CodeIgniter\Database\BaseBuilder->getWhere(Array)
#3 E:\Xampp\htdocs\sipontren\app\Controllers\Login.php(242): App\Models\SantriModel->getLogin('10010001')
#4 E:\Xampp\htdocs\sipontren\vendor\codeigniter4\framework\system\CodeIgniter.php(824): App\Controllers\Login->loginsantri()
#5 E:\Xampp\htdocs\sipontren\vendor\codeigniter4\framework\system\CodeIgniter.php(410): CodeIgniter\CodeIgniter->runController(Object(App\Controllers\Login))
#6 E:\Xampp\htdocs\sipontren\vendor\codeigniter4\framework\system\CodeIgniter.php(318): CodeIgniter\CodeIgniter->handleRequest(NULL, Object(Config\Cache), false)
#7 E:\Xampp\htdocs\sipontren\public\index.php(37): CodeIgniter\CodeIgniter->run()
#8 E:\Xampp\htdocs\sipontren\vendor\codeigniter4\framework\system\Commands\Server\rewrite.php(43): require_once('E:\\Xampp\\htdocs...')
#9 {main}
CRITICAL - 2021-11-19 10:49:19 --> Undefined array key "password"
#0 E:\Xampp\htdocs\sipontren\app\Controllers\Login.php(241): CodeIgniter\Debug\Exceptions->errorHandler(2, 'Undefined array...', 'E:\\Xampp\\htdocs...', 241)
#1 E:\Xampp\htdocs\sipontren\vendor\codeigniter4\framework\system\CodeIgniter.php(824): App\Controllers\Login->loginsantri()
#2 E:\Xampp\htdocs\sipontren\vendor\codeigniter4\framework\system\CodeIgniter.php(410): CodeIgniter\CodeIgniter->runController(Object(App\Controllers\Login))
#3 E:\Xampp\htdocs\sipontren\vendor\codeigniter4\framework\system\CodeIgniter.php(318): CodeIgniter\CodeIgniter->handleRequest(NULL, Object(Config\Cache), false)
#4 E:\Xampp\htdocs\sipontren\public\index.php(37): CodeIgniter\CodeIgniter->run()
#5 E:\Xampp\htdocs\sipontren\vendor\codeigniter4\framework\system\Commands\Server\rewrite.php(43): require_once('E:\\Xampp\\htdocs...')
#6 {main}
CRITICAL - 2021-11-19 15:20:14 --> Undefined array key "program"
#0 E:\Xampp\htdocs\sipontren\app\Views\dashboard\santri.php(43): CodeIgniter\Debug\Exceptions->errorHandler(2, 'Undefined array...', 'E:\\Xampp\\htdocs...', 43)
#1 E:\Xampp\htdocs\sipontren\vendor\codeigniter4\framework\system\View\View.php(214): include('E:\\Xampp\\htdocs...')
#2 E:\Xampp\htdocs\sipontren\vendor\codeigniter4\framework\system\View\View.php(217): CodeIgniter\View\View->CodeIgniter\View\{closure}()
#3 E:\Xampp\htdocs\sipontren\vendor\codeigniter4\framework\system\Common.php(1097): CodeIgniter\View\View->render('dashboard/santr...', Array, true)
#4 E:\Xampp\htdocs\sipontren\app\Controllers\Dashboard.php(45): view('dashboard/santr...', Array)
#5 E:\Xampp\htdocs\sipontren\vendor\codeigniter4\framework\system\CodeIgniter.php(824): App\Controllers\Dashboard->santri()
#6 E:\Xampp\htdocs\sipontren\vendor\codeigniter4\framework\system\CodeIgniter.php(410): CodeIgniter\CodeIgniter->runController(Object(App\Controllers\Dashboard))
#7 E:\Xampp\htdocs\sipontren\vendor\codeigniter4\framework\system\CodeIgniter.php(318): CodeIgniter\CodeIgniter->handleRequest(NULL, Object(Config\Cache), false)
#8 E:\Xampp\htdocs\sipontren\public\index.php(37): CodeIgniter\CodeIgniter->run()
#9 E:\Xampp\htdocs\sipontren\vendor\codeigniter4\framework\system\Commands\Server\rewrite.php(43): require_once('E:\\Xampp\\htdocs...')
#10 {main}
CRITICAL - 2021-11-19 15:21:03 --> Undefined array key "email"
#0 E:\Xampp\htdocs\sipontren\app\Views\dashboard\santri.php(49): CodeIgniter\Debug\Exceptions->errorHandler(2, 'Undefined array...', 'E:\\Xampp\\htdocs...', 49)
#1 E:\Xampp\htdocs\sipontren\vendor\codeigniter4\framework\system\View\View.php(214): include('E:\\Xampp\\htdocs...')
#2 E:\Xampp\htdocs\sipontren\vendor\codeigniter4\framework\system\View\View.php(217): CodeIgniter\View\View->CodeIgniter\View\{closure}()
#3 E:\Xampp\htdocs\sipontren\vendor\codeigniter4\framework\system\Common.php(1097): CodeIgniter\View\View->render('dashboard/santr...', Array, true)
#4 E:\Xampp\htdocs\sipontren\app\Controllers\Dashboard.php(45): view('dashboard/santr...', Array)
#5 E:\Xampp\htdocs\sipontren\vendor\codeigniter4\framework\system\CodeIgniter.php(824): App\Controllers\Dashboard->santri()
#6 E:\Xampp\htdocs\sipontren\vendor\codeigniter4\framework\system\CodeIgniter.php(410): CodeIgniter\CodeIgniter->runController(Object(App\Controllers\Dashboard))
#7 E:\Xampp\htdocs\sipontren\vendor\codeigniter4\framework\system\CodeIgniter.php(318): CodeIgniter\CodeIgniter->handleRequest(NULL, Object(Config\Cache), false)
#8 E:\Xampp\htdocs\sipontren\public\index.php(37): CodeIgniter\CodeIgniter->run()
#9 E:\Xampp\htdocs\sipontren\vendor\codeigniter4\framework\system\Commands\Server\rewrite.php(43): require_once('E:\\Xampp\\htdocs...')
#10 {main}
CRITICAL - 2021-11-19 15:21:03 --> Undefined array key "email"
#0 E:\Xampp\htdocs\sipontren\app\Views\dashboard\santri.php(49): CodeIgniter\Debug\Exceptions->errorHandler(2, 'Undefined array...', 'E:\\Xampp\\htdocs...', 49)
#1 E:\Xampp\htdocs\sipontren\vendor\codeigniter4\framework\system\View\View.php(214): include('E:\\Xampp\\htdocs...')
#2 E:\Xampp\htdocs\sipontren\vendor\codeigniter4\framework\system\View\View.php(217): CodeIgniter\View\View->CodeIgniter\View\{closure}()
#3 E:\Xampp\htdocs\sipontren\vendor\codeigniter4\framework\system\Common.php(1097): CodeIgniter\View\View->render('dashboard/santr...', Array, true)
#4 E:\Xampp\htdocs\sipontren\app\Controllers\Dashboard.php(45): view('dashboard/santr...', Array)
#5 E:\Xampp\htdocs\sipontren\vendor\codeigniter4\framework\system\CodeIgniter.php(824): App\Controllers\Dashboard->santri()
#6 E:\Xampp\htdocs\sipontren\vendor\codeigniter4\framework\system\CodeIgniter.php(410): CodeIgniter\CodeIgniter->runController(Object(App\Controllers\Dashboard))
#7 E:\Xampp\htdocs\sipontren\vendor\codeigniter4\framework\system\CodeIgniter.php(318): CodeIgniter\CodeIgniter->handleRequest(NULL, Object(Config\Cache), false)
#8 E:\Xampp\htdocs\sipontren\public\index.php(37): CodeIgniter\CodeIgniter->run()
#9 E:\Xampp\htdocs\sipontren\vendor\codeigniter4\framework\system\Commands\Server\rewrite.php(43): require_once('E:\\Xampp\\htdocs...')
#10 {main}
CRITICAL - 2021-11-19 15:21:44 --> Undefined array key "no_hp"
#0 E:\Xampp\htdocs\sipontren\app\Views\dashboard\santri.php(54): CodeIgniter\Debug\Exceptions->errorHandler(2, 'Undefined array...', 'E:\\Xampp\\htdocs...', 54)
#1 E:\Xampp\htdocs\sipontren\vendor\codeigniter4\framework\system\View\View.php(214): include('E:\\Xampp\\htdocs...')
#2 E:\Xampp\htdocs\sipontren\vendor\codeigniter4\framework\system\View\View.php(217): CodeIgniter\View\View->CodeIgniter\View\{closure}()
#3 E:\Xampp\htdocs\sipontren\vendor\codeigniter4\framework\system\Common.php(1097): CodeIgniter\View\View->render('dashboard/santr...', Array, true)
#4 E:\Xampp\htdocs\sipontren\app\Controllers\Dashboard.php(45): view('dashboard/santr...', Array)
#5 E:\Xampp\htdocs\sipontren\vendor\codeigniter4\framework\system\CodeIgniter.php(824): App\Controllers\Dashboard->santri()
#6 E:\Xampp\htdocs\sipontren\vendor\codeigniter4\framework\system\CodeIgniter.php(410): CodeIgniter\CodeIgniter->runController(Object(App\Controllers\Dashboard))
#7 E:\Xampp\htdocs\sipontren\vendor\codeigniter4\framework\system\CodeIgniter.php(318): CodeIgniter\CodeIgniter->handleRequest(NULL, Object(Config\Cache), false)
#8 E:\Xampp\htdocs\sipontren\public\index.php(37): CodeIgniter\CodeIgniter->run()
#9 E:\Xampp\htdocs\sipontren\vendor\codeigniter4\framework\system\Commands\Server\rewrite.php(43): require_once('E:\\Xampp\\htdocs...')
#10 {main}
CRITICAL - 2021-11-19 15:21:46 --> Undefined array key "no_hp"
#0 E:\Xampp\htdocs\sipontren\app\Views\dashboard\santri.php(54): CodeIgniter\Debug\Exceptions->errorHandler(2, 'Undefined array...', 'E:\\Xampp\\htdocs...', 54)
#1 E:\Xampp\htdocs\sipontren\vendor\codeigniter4\framework\system\View\View.php(214): include('E:\\Xampp\\htdocs...')
#2 E:\Xampp\htdocs\sipontren\vendor\codeigniter4\framework\system\View\View.php(217): CodeIgniter\View\View->CodeIgniter\View\{closure}()
#3 E:\Xampp\htdocs\sipontren\vendor\codeigniter4\framework\system\Common.php(1097): CodeIgniter\View\View->render('dashboard/santr...', Array, true)
#4 E:\Xampp\htdocs\sipontren\app\Controllers\Dashboard.php(45): view('dashboard/santr...', Array)
#5 E:\Xampp\htdocs\sipontren\vendor\codeigniter4\framework\system\CodeIgniter.php(824): App\Controllers\Dashboard->santri()
#6 E:\Xampp\htdocs\sipontren\vendor\codeigniter4\framework\system\CodeIgniter.php(410): CodeIgniter\CodeIgniter->runController(Object(App\Controllers\Dashboard))
#7 E:\Xampp\htdocs\sipontren\vendor\codeigniter4\framework\system\CodeIgniter.php(318): CodeIgniter\CodeIgniter->handleRequest(NULL, Object(Config\Cache), false)
#8 E:\Xampp\htdocs\sipontren\public\index.php(37): CodeIgniter\CodeIgniter->run()
#9 E:\Xampp\htdocs\sipontren\vendor\codeigniter4\framework\system\Commands\Server\rewrite.php(43): require_once('E:\\Xampp\\htdocs...')
#10 {main}
CRITICAL - 2021-11-19 15:21:51 --> Undefined array key "handphone"
#0 E:\Xampp\htdocs\sipontren\app\Views\dashboard\santri.php(54): CodeIgniter\Debug\Exceptions->errorHandler(2, 'Undefined array...', 'E:\\Xampp\\htdocs...', 54)
#1 E:\Xampp\htdocs\sipontren\vendor\codeigniter4\framework\system\View\View.php(214): include('E:\\Xampp\\htdocs...')
#2 E:\Xampp\htdocs\sipontren\vendor\codeigniter4\framework\system\View\View.php(217): CodeIgniter\View\View->CodeIgniter\View\{closure}()
#3 E:\Xampp\htdocs\sipontren\vendor\codeigniter4\framework\system\Common.php(1097): CodeIgniter\View\View->render('dashboard/santr...', Array, true)
#4 E:\Xampp\htdocs\sipontren\app\Controllers\Dashboard.php(45): view('dashboard/santr...', Array)
#5 E:\Xampp\htdocs\sipontren\vendor\codeigniter4\framework\system\CodeIgniter.php(824): App\Controllers\Dashboard->santri()
#6 E:\Xampp\htdocs\sipontren\vendor\codeigniter4\framework\system\CodeIgniter.php(410): CodeIgniter\CodeIgniter->runController(Object(App\Controllers\Dashboard))
#7 E:\Xampp\htdocs\sipontren\vendor\codeigniter4\framework\system\CodeIgniter.php(318): CodeIgniter\CodeIgniter->handleRequest(NULL, Object(Config\Cache), false)
#8 E:\Xampp\htdocs\sipontren\public\index.php(37): CodeIgniter\CodeIgniter->run()
#9 E:\Xampp\htdocs\sipontren\vendor\codeigniter4\framework\system\Commands\Server\rewrite.php(43): require_once('E:\\Xampp\\htdocs...')
#10 {main}
CRITICAL - 2021-11-19 15:33:21 --> Trying to access array offset on value of type null
#0 E:\Xampp\htdocs\sipontren\app\Views\asatidz\profil.php(14): CodeIgniter\Debug\Exceptions->errorHandler(2, 'Trying to acces...', 'E:\\Xampp\\htdocs...', 14)
#1 E:\Xampp\htdocs\sipontren\vendor\codeigniter4\framework\system\View\View.php(214): include('E:\\Xampp\\htdocs...')
#2 E:\Xampp\htdocs\sipontren\vendor\codeigniter4\framework\system\View\View.php(217): CodeIgniter\View\View->CodeIgniter\View\{closure}()
#3 E:\Xampp\htdocs\sipontren\vendor\codeigniter4\framework\system\Common.php(1097): CodeIgniter\View\View->render('asatidz/profil', Array, true)
#4 E:\Xampp\htdocs\sipontren\app\Controllers\Asatidz.php(38): view('asatidz/profil', Array)
#5 E:\Xampp\htdocs\sipontren\vendor\codeigniter4\framework\system\CodeIgniter.php(824): App\Controllers\Asatidz->profil()
#6 E:\Xampp\htdocs\sipontren\vendor\codeigniter4\framework\system\CodeIgniter.php(410): CodeIgniter\CodeIgniter->runController(Object(App\Controllers\Asatidz))
#7 E:\Xampp\htdocs\sipontren\vendor\codeigniter4\framework\system\CodeIgniter.php(318): CodeIgniter\CodeIgniter->handleRequest(NULL, Object(Config\Cache), false)
#8 E:\Xampp\htdocs\sipontren\public\index.php(37): CodeIgniter\CodeIgniter->run()
#9 E:\Xampp\htdocs\sipontren\vendor\codeigniter4\framework\system\Commands\Server\rewrite.php(43): require_once('E:\\Xampp\\htdocs...')
#10 {main}
CRITICAL - 2021-11-19 15:40:18 --> Trying to access array offset on value of type null
#0 E:\Xampp\htdocs\sipontren\app\Views\asatidz\profil.php(14): CodeIgniter\Debug\Exceptions->errorHandler(2, 'Trying to acces...', 'E:\\Xampp\\htdocs...', 14)
#1 E:\Xampp\htdocs\sipontren\vendor\codeigniter4\framework\system\View\View.php(214): include('E:\\Xampp\\htdocs...')
#2 E:\Xampp\htdocs\sipontren\vendor\codeigniter4\framework\system\View\View.php(217): CodeIgniter\View\View->CodeIgniter\View\{closure}()
#3 E:\Xampp\htdocs\sipontren\vendor\codeigniter4\framework\system\Common.php(1097): CodeIgniter\View\View->render('asatidz/profil', Array, true)
#4 E:\Xampp\htdocs\sipontren\app\Controllers\Asatidz.php(38): view('asatidz/profil', Array)
#5 E:\Xampp\htdocs\sipontren\vendor\codeigniter4\framework\system\CodeIgniter.php(824): App\Controllers\Asatidz->profil()
#6 E:\Xampp\htdocs\sipontren\vendor\codeigniter4\framework\system\CodeIgniter.php(410): CodeIgniter\CodeIgniter->runController(Object(App\Controllers\Asatidz))
#7 E:\Xampp\htdocs\sipontren\vendor\codeigniter4\framework\system\CodeIgniter.php(318): CodeIgniter\CodeIgniter->handleRequest(NULL, Object(Config\Cache), false)
#8 E:\Xampp\htdocs\sipontren\public\index.php(37): CodeIgniter\CodeIgniter->run()
#9 E:\Xampp\htdocs\sipontren\vendor\codeigniter4\framework\system\Commands\Server\rewrite.php(43): require_once('E:\\Xampp\\htdocs...')
#10 {main}
CRITICAL - 2021-11-19 15:47:07 --> Undefined variable $asatidz
#0 E:\Xampp\htdocs\sipontren\app\Views\santri\profil.php(14): CodeIgniter\Debug\Exceptions->errorHandler(2, 'Undefined varia...', 'E:\\Xampp\\htdocs...', 14)
#1 E:\Xampp\htdocs\sipontren\vendor\codeigniter4\framework\system\View\View.php(214): include('E:\\Xampp\\htdocs...')
#2 E:\Xampp\htdocs\sipontren\vendor\codeigniter4\framework\system\View\View.php(217): CodeIgniter\View\View->CodeIgniter\View\{closure}()
#3 E:\Xampp\htdocs\sipontren\vendor\codeigniter4\framework\system\Common.php(1097): CodeIgniter\View\View->render('santri/profil', Array, true)
#4 E:\Xampp\htdocs\sipontren\app\Controllers\Santri.php(33): view('santri/profil', Array)
#5 E:\Xampp\htdocs\sipontren\vendor\codeigniter4\framework\system\CodeIgniter.php(824): App\Controllers\Santri->profil()
#6 E:\Xampp\htdocs\sipontren\vendor\codeigniter4\framework\system\CodeIgniter.php(410): CodeIgniter\CodeIgniter->runController(Object(App\Controllers\Santri))
#7 E:\Xampp\htdocs\sipontren\vendor\codeigniter4\framework\system\CodeIgniter.php(318): CodeIgniter\CodeIgniter->handleRequest(NULL, Object(Config\Cache), false)
#8 E:\Xampp\htdocs\sipontren\public\index.php(37): CodeIgniter\CodeIgniter->run()
#9 E:\Xampp\htdocs\sipontren\vendor\codeigniter4\framework\system\Commands\Server\rewrite.php(43): require_once('E:\\Xampp\\htdocs...')
#10 {main}
CRITICAL - 2021-11-19 15:51:23 --> Trying to access array offset on value of type null
#0 E:\Xampp\htdocs\sipontren\app\Views\asatidz\profil.php(14): CodeIgniter\Debug\Exceptions->errorHandler(2, 'Trying to acces...', 'E:\\Xampp\\htdocs...', 14)
#1 E:\Xampp\htdocs\sipontren\vendor\codeigniter4\framework\system\View\View.php(214): include('E:\\Xampp\\htdocs...')
#2 E:\Xampp\htdocs\sipontren\vendor\codeigniter4\framework\system\View\View.php(217): CodeIgniter\View\View->CodeIgniter\View\{closure}()
#3 E:\Xampp\htdocs\sipontren\vendor\codeigniter4\framework\system\Common.php(1097): CodeIgniter\View\View->render('asatidz/profil', Array, true)
#4 E:\Xampp\htdocs\sipontren\app\Controllers\Asatidz.php(38): view('asatidz/profil', Array)
#5 E:\Xampp\htdocs\sipontren\vendor\codeigniter4\framework\system\CodeIgniter.php(824): App\Controllers\Asatidz->profil()
#6 E:\Xampp\htdocs\sipontren\vendor\codeigniter4\framework\system\CodeIgniter.php(410): CodeIgniter\CodeIgniter->runController(Object(App\Controllers\Asatidz))
#7 E:\Xampp\htdocs\sipontren\vendor\codeigniter4\framework\system\CodeIgniter.php(318): CodeIgniter\CodeIgniter->handleRequest(NULL, Object(Config\Cache), false)
#8 E:\Xampp\htdocs\sipontren\public\index.php(37): CodeIgniter\CodeIgniter->run()
#9 E:\Xampp\htdocs\sipontren\vendor\codeigniter4\framework\system\Commands\Server\rewrite.php(43): require_once('E:\\Xampp\\htdocs...')
#10 {main}
CRITICAL - 2021-11-19 15:51:24 --> Trying to access array offset on value of type null
#0 E:\Xampp\htdocs\sipontren\app\Views\asatidz\profil.php(14): CodeIgniter\Debug\Exceptions->errorHandler(2, 'Trying to acces...', 'E:\\Xampp\\htdocs...', 14)
#1 E:\Xampp\htdocs\sipontren\vendor\codeigniter4\framework\system\View\View.php(214): include('E:\\Xampp\\htdocs...')
#2 E:\Xampp\htdocs\sipontren\vendor\codeigniter4\framework\system\View\View.php(217): CodeIgniter\View\View->CodeIgniter\View\{closure}()
#3 E:\Xampp\htdocs\sipontren\vendor\codeigniter4\framework\system\Common.php(1097): CodeIgniter\View\View->render('asatidz/profil', Array, true)
#4 E:\Xampp\htdocs\sipontren\app\Controllers\Asatidz.php(38): view('asatidz/profil', Array)
#5 E:\Xampp\htdocs\sipontren\vendor\codeigniter4\framework\system\CodeIgniter.php(824): App\Controllers\Asatidz->profil()
#6 E:\Xampp\htdocs\sipontren\vendor\codeigniter4\framework\system\CodeIgniter.php(410): CodeIgniter\CodeIgniter->runController(Object(App\Controllers\Asatidz))
#7 E:\Xampp\htdocs\sipontren\vendor\codeigniter4\framework\system\CodeIgniter.php(318): CodeIgniter\CodeIgniter->handleRequest(NULL, Object(Config\Cache), false)
#8 E:\Xampp\htdocs\sipontren\public\index.php(37): CodeIgniter\CodeIgniter->run()
#9 E:\Xampp\htdocs\sipontren\vendor\codeigniter4\framework\system\Commands\Server\rewrite.php(43): require_once('E:\\Xampp\\htdocs...')
#10 {main}
CRITICAL - 2021-11-19 15:51:40 --> Trying to access array offset on value of type null
#0 E:\Xampp\htdocs\sipontren\app\Views\asatidz\profil.php(14): CodeIgniter\Debug\Exceptions->errorHandler(2, 'Trying to acces...', 'E:\\Xampp\\htdocs...', 14)
#1 E:\Xampp\htdocs\sipontren\vendor\codeigniter4\framework\system\View\View.php(214): include('E:\\Xampp\\htdocs...')
#2 E:\Xampp\htdocs\sipontren\vendor\codeigniter4\framework\system\View\View.php(217): CodeIgniter\View\View->CodeIgniter\View\{closure}()
#3 E:\Xampp\htdocs\sipontren\vendor\codeigniter4\framework\system\Common.php(1097): CodeIgniter\View\View->render('asatidz/profil', Array, true)
#4 E:\Xampp\htdocs\sipontren\app\Controllers\Asatidz.php(38): view('asatidz/profil', Array)
#5 E:\Xampp\htdocs\sipontren\vendor\codeigniter4\framework\system\CodeIgniter.php(824): App\Controllers\Asatidz->profil()
#6 E:\Xampp\htdocs\sipontren\vendor\codeigniter4\framework\system\CodeIgniter.php(410): CodeIgniter\CodeIgniter->runController(Object(App\Controllers\Asatidz))
#7 E:\Xampp\htdocs\sipontren\vendor\codeigniter4\framework\system\CodeIgniter.php(318): CodeIgniter\CodeIgniter->handleRequest(NULL, Object(Config\Cache), false)
#8 E:\Xampp\htdocs\sipontren\public\index.php(37): CodeIgniter\CodeIgniter->run()
#9 E:\Xampp\htdocs\sipontren\vendor\codeigniter4\framework\system\Commands\Server\rewrite.php(43): require_once('E:\\Xampp\\htdocs...')
#10 {main}
CRITICAL - 2021-11-19 16:04:31 --> Undefined array key "id"
#0 E:\Xampp\htdocs\sipontren\app\Views\santri\profil.php(14): CodeIgniter\Debug\Exceptions->errorHandler(2, 'Undefined array...', 'E:\\Xampp\\htdocs...', 14)
#1 E:\Xampp\htdocs\sipontren\vendor\codeigniter4\framework\system\View\View.php(214): include('E:\\Xampp\\htdocs...')
#2 E:\Xampp\htdocs\sipontren\vendor\codeigniter4\framework\system\View\View.php(217): CodeIgniter\View\View->CodeIgniter\View\{closure}()
#3 E:\Xampp\htdocs\sipontren\vendor\codeigniter4\framework\system\Common.php(1097): CodeIgniter\View\View->render('santri/profil', Array, true)
#4 E:\Xampp\htdocs\sipontren\app\Controllers\Santri.php(33): view('santri/profil', Array)
#5 E:\Xampp\htdocs\sipontren\vendor\codeigniter4\framework\system\CodeIgniter.php(824): App\Controllers\Santri->profil()
#6 E:\Xampp\htdocs\sipontren\vendor\codeigniter4\framework\system\CodeIgniter.php(410): CodeIgniter\CodeIgniter->runController(Object(App\Controllers\Santri))
#7 E:\Xampp\htdocs\sipontren\vendor\codeigniter4\framework\system\CodeIgniter.php(318): CodeIgniter\CodeIgniter->handleRequest(NULL, Object(Config\Cache), false)
#8 E:\Xampp\htdocs\sipontren\public\index.php(37): CodeIgniter\CodeIgniter->run()
#9 E:\Xampp\htdocs\sipontren\vendor\codeigniter4\framework\system\Commands\Server\rewrite.php(43): require_once('E:\\Xampp\\htdocs...')
#10 {main}
CRITICAL - 2021-11-19 16:04:33 --> Undefined array key "id"
#0 E:\Xampp\htdocs\sipontren\app\Views\santri\profil.php(14): CodeIgniter\Debug\Exceptions->errorHandler(2, 'Undefined array...', 'E:\\Xampp\\htdocs...', 14)
#1 E:\Xampp\htdocs\sipontren\vendor\codeigniter4\framework\system\View\View.php(214): include('E:\\Xampp\\htdocs...')
#2 E:\Xampp\htdocs\sipontren\vendor\codeigniter4\framework\system\View\View.php(217): CodeIgniter\View\View->CodeIgniter\View\{closure}()
#3 E:\Xampp\htdocs\sipontren\vendor\codeigniter4\framework\system\Common.php(1097): CodeIgniter\View\View->render('santri/profil', Array, true)
#4 E:\Xampp\htdocs\sipontren\app\Controllers\Santri.php(33): view('santri/profil', Array)
#5 E:\Xampp\htdocs\sipontren\vendor\codeigniter4\framework\system\CodeIgniter.php(824): App\Controllers\Santri->profil()
#6 E:\Xampp\htdocs\sipontren\vendor\codeigniter4\framework\system\CodeIgniter.php(410): CodeIgniter\CodeIgniter->runController(Object(App\Controllers\Santri))
#7 E:\Xampp\htdocs\sipontren\vendor\codeigniter4\framework\system\CodeIgniter.php(318): CodeIgniter\CodeIgniter->handleRequest(NULL, Object(Config\Cache), false)
#8 E:\Xampp\htdocs\sipontren\public\index.php(37): CodeIgniter\CodeIgniter->run()
#9 E:\Xampp\htdocs\sipontren\vendor\codeigniter4\framework\system\Commands\Server\rewrite.php(43): require_once('E:\\Xampp\\htdocs...')
#10 {main}
CRITICAL - 2021-11-19 16:04:34 --> Undefined array key "id"
#0 E:\Xampp\htdocs\sipontren\app\Views\santri\profil.php(14): CodeIgniter\Debug\Exceptions->errorHandler(2, 'Undefined array...', 'E:\\Xampp\\htdocs...', 14)
#1 E:\Xampp\htdocs\sipontren\vendor\codeigniter4\framework\system\View\View.php(214): include('E:\\Xampp\\htdocs...')
#2 E:\Xampp\htdocs\sipontren\vendor\codeigniter4\framework\system\View\View.php(217): CodeIgniter\View\View->CodeIgniter\View\{closure}()
#3 E:\Xampp\htdocs\sipontren\vendor\codeigniter4\framework\system\Common.php(1097): CodeIgniter\View\View->render('santri/profil', Array, true)
#4 E:\Xampp\htdocs\sipontren\app\Controllers\Santri.php(33): view('santri/profil', Array)
#5 E:\Xampp\htdocs\sipontren\vendor\codeigniter4\framework\system\CodeIgniter.php(824): App\Controllers\Santri->profil()
#6 E:\Xampp\htdocs\sipontren\vendor\codeigniter4\framework\system\CodeIgniter.php(410): CodeIgniter\CodeIgniter->runController(Object(App\Controllers\Santri))
#7 E:\Xampp\htdocs\sipontren\vendor\codeigniter4\framework\system\CodeIgniter.php(318): CodeIgniter\CodeIgniter->handleRequest(NULL, Object(Config\Cache), false)
#8 E:\Xampp\htdocs\sipontren\public\index.php(37): CodeIgniter\CodeIgniter->run()
#9 E:\Xampp\htdocs\sipontren\vendor\codeigniter4\framework\system\Commands\Server\rewrite.php(43): require_once('E:\\Xampp\\htdocs...')
#10 {main}
CRITICAL - 2021-11-19 16:06:07 --> Cannot access offset of type string on string
#0 E:\Xampp\htdocs\sipontren\vendor\codeigniter4\framework\system\View\View.php(214): include()
#1 E:\Xampp\htdocs\sipontren\vendor\codeigniter4\framework\system\View\View.php(217): CodeIgniter\View\View->CodeIgniter\View\{closure}()
#2 E:\Xampp\htdocs\sipontren\vendor\codeigniter4\framework\system\Common.php(1097): CodeIgniter\View\View->render('santri/profil', Array, true)
#3 E:\Xampp\htdocs\sipontren\app\Controllers\Santri.php(33): view('santri/profil', Array)
#4 E:\Xampp\htdocs\sipontren\vendor\codeigniter4\framework\system\CodeIgniter.php(824): App\Controllers\Santri->profil()
#5 E:\Xampp\htdocs\sipontren\vendor\codeigniter4\framework\system\CodeIgniter.php(410): CodeIgniter\CodeIgniter->runController(Object(App\Controllers\Santri))
#6 E:\Xampp\htdocs\sipontren\vendor\codeigniter4\framework\system\CodeIgniter.php(318): CodeIgniter\CodeIgniter->handleRequest(NULL, Object(Config\Cache), false)
#7 E:\Xampp\htdocs\sipontren\public\index.php(37): CodeIgniter\CodeIgniter->run()
#8 E:\Xampp\htdocs\sipontren\vendor\codeigniter4\framework\system\Commands\Server\rewrite.php(43): require_once('E:\\Xampp\\htdocs...')
#9 {main}
CRITICAL - 2021-11-19 16:06:08 --> Cannot access offset of type string on string
#0 E:\Xampp\htdocs\sipontren\vendor\codeigniter4\framework\system\View\View.php(214): include()
#1 E:\Xampp\htdocs\sipontren\vendor\codeigniter4\framework\system\View\View.php(217): CodeIgniter\View\View->CodeIgniter\View\{closure}()
#2 E:\Xampp\htdocs\sipontren\vendor\codeigniter4\framework\system\Common.php(1097): CodeIgniter\View\View->render('santri/profil', Array, true)
#3 E:\Xampp\htdocs\sipontren\app\Controllers\Santri.php(33): view('santri/profil', Array)
#4 E:\Xampp\htdocs\sipontren\vendor\codeigniter4\framework\system\CodeIgniter.php(824): App\Controllers\Santri->profil()
#5 E:\Xampp\htdocs\sipontren\vendor\codeigniter4\framework\system\CodeIgniter.php(410): CodeIgniter\CodeIgniter->runController(Object(App\Controllers\Santri))
#6 E:\Xampp\htdocs\sipontren\vendor\codeigniter4\framework\system\CodeIgniter.php(318): CodeIgniter\CodeIgniter->handleRequest(NULL, Object(Config\Cache), false)
#7 E:\Xampp\htdocs\sipontren\public\index.php(37): CodeIgniter\CodeIgniter->run()
#8 E:\Xampp\htdocs\sipontren\vendor\codeigniter4\framework\system\Commands\Server\rewrite.php(43): require_once('E:\\Xampp\\htdocs...')
#9 {main}
CRITICAL - 2021-11-19 16:06:57 --> Cannot access offset of type string on string
#0 E:\Xampp\htdocs\sipontren\vendor\codeigniter4\framework\system\View\View.php(214): include()
#1 E:\Xampp\htdocs\sipontren\vendor\codeigniter4\framework\system\View\View.php(217): CodeIgniter\View\View->CodeIgniter\View\{closure}()
#2 E:\Xampp\htdocs\sipontren\vendor\codeigniter4\framework\system\Common.php(1097): CodeIgniter\View\View->render('santri/profil', Array, true)
#3 E:\Xampp\htdocs\sipontren\app\Controllers\Santri.php(33): view('santri/profil', Array)
#4 E:\Xampp\htdocs\sipontren\vendor\codeigniter4\framework\system\CodeIgniter.php(824): App\Controllers\Santri->profil()
#5 E:\Xampp\htdocs\sipontren\vendor\codeigniter4\framework\system\CodeIgniter.php(410): CodeIgniter\CodeIgniter->runController(Object(App\Controllers\Santri))
#6 E:\Xampp\htdocs\sipontren\vendor\codeigniter4\framework\system\CodeIgniter.php(318): CodeIgniter\CodeIgniter->handleRequest(NULL, Object(Config\Cache), false)
#7 E:\Xampp\htdocs\sipontren\public\index.php(37): CodeIgniter\CodeIgniter->run()
#8 E:\Xampp\htdocs\sipontren\vendor\codeigniter4\framework\system\Commands\Server\rewrite.php(43): require_once('E:\\Xampp\\htdocs...')
#9 {main}
CRITICAL - 2021-11-19 16:07:35 --> Undefined array key "id"
#0 E:\Xampp\htdocs\sipontren\app\Views\santri\profil.php(14): CodeIgniter\Debug\Exceptions->errorHandler(2, 'Undefined array...', 'E:\\Xampp\\htdocs...', 14)
#1 E:\Xampp\htdocs\sipontren\vendor\codeigniter4\framework\system\View\View.php(214): include('E:\\Xampp\\htdocs...')
#2 E:\Xampp\htdocs\sipontren\vendor\codeigniter4\framework\system\View\View.php(217): CodeIgniter\View\View->CodeIgniter\View\{closure}()
#3 E:\Xampp\htdocs\sipontren\vendor\codeigniter4\framework\system\Common.php(1097): CodeIgniter\View\View->render('santri/profil', Array, true)
#4 E:\Xampp\htdocs\sipontren\app\Controllers\Santri.php(33): view('santri/profil', Array)
#5 E:\Xampp\htdocs\sipontren\vendor\codeigniter4\framework\system\CodeIgniter.php(824): App\Controllers\Santri->profil()
#6 E:\Xampp\htdocs\sipontren\vendor\codeigniter4\framework\system\CodeIgniter.php(410): CodeIgniter\CodeIgniter->runController(Object(App\Controllers\Santri))
#7 E:\Xampp\htdocs\sipontren\vendor\codeigniter4\framework\system\CodeIgniter.php(318): CodeIgniter\CodeIgniter->handleRequest(NULL, Object(Config\Cache), false)
#8 E:\Xampp\htdocs\sipontren\public\index.php(37): CodeIgniter\CodeIgniter->run()
#9 E:\Xampp\htdocs\sipontren\vendor\codeigniter4\framework\system\Commands\Server\rewrite.php(43): require_once('E:\\Xampp\\htdocs...')
#10 {main}
CRITICAL - 2021-11-19 16:14:44 --> Undefined array key "email"
#0 E:\Xampp\htdocs\sipontren\app\Views\santri\profil.php(58): CodeIgniter\Debug\Exceptions->errorHandler(2, 'Undefined array...', 'E:\\Xampp\\htdocs...', 58)
#1 E:\Xampp\htdocs\sipontren\vendor\codeigniter4\framework\system\View\View.php(214): include('E:\\Xampp\\htdocs...')
#2 E:\Xampp\htdocs\sipontren\vendor\codeigniter4\framework\system\View\View.php(217): CodeIgniter\View\View->CodeIgniter\View\{closure}()
#3 E:\Xampp\htdocs\sipontren\vendor\codeigniter4\framework\system\Common.php(1097): CodeIgniter\View\View->render('santri/profil', Array, true)
#4 E:\Xampp\htdocs\sipontren\app\Controllers\Santri.php(33): view('santri/profil', Array)
#5 E:\Xampp\htdocs\sipontren\vendor\codeigniter4\framework\system\CodeIgniter.php(824): App\Controllers\Santri->profil()
#6 E:\Xampp\htdocs\sipontren\vendor\codeigniter4\framework\system\CodeIgniter.php(410): CodeIgniter\CodeIgniter->runController(Object(App\Controllers\Santri))
#7 E:\Xampp\htdocs\sipontren\vendor\codeigniter4\framework\system\CodeIgniter.php(318): CodeIgniter\CodeIgniter->handleRequest(NULL, Object(Config\Cache), false)
#8 E:\Xampp\htdocs\sipontren\public\index.php(37): CodeIgniter\CodeIgniter->run()
#9 E:\Xampp\htdocs\sipontren\vendor\codeigniter4\framework\system\Commands\Server\rewrite.php(43): require_once('E:\\Xampp\\htdocs...')
#10 {main}
CRITICAL - 2021-11-19 16:16:16 --> Undefined array key "id"
#0 E:\Xampp\htdocs\sipontren\app\Views\santri\profil.php(14): CodeIgniter\Debug\Exceptions->errorHandler(2, 'Undefined array...', 'E:\\Xampp\\htdocs...', 14)
#1 E:\Xampp\htdocs\sipontren\vendor\codeigniter4\framework\system\View\View.php(214): include('E:\\Xampp\\htdocs...')
#2 E:\Xampp\htdocs\sipontren\vendor\codeigniter4\framework\system\View\View.php(217): CodeIgniter\View\View->CodeIgniter\View\{closure}()
#3 E:\Xampp\htdocs\sipontren\vendor\codeigniter4\framework\system\Common.php(1097): CodeIgniter\View\View->render('santri/profil', Array, true)
#4 E:\Xampp\htdocs\sipontren\app\Controllers\Santri.php(33): view('santri/profil', Array)
#5 E:\Xampp\htdocs\sipontren\vendor\codeigniter4\framework\system\CodeIgniter.php(824): App\Controllers\Santri->profil()
#6 E:\Xampp\htdocs\sipontren\vendor\codeigniter4\framework\system\CodeIgniter.php(410): CodeIgniter\CodeIgniter->runController(Object(App\Controllers\Santri))
#7 E:\Xampp\htdocs\sipontren\vendor\codeigniter4\framework\system\CodeIgniter.php(318): CodeIgniter\CodeIgniter->handleRequest(NULL, Object(Config\Cache), false)
#8 E:\Xampp\htdocs\sipontren\public\index.php(37): CodeIgniter\CodeIgniter->run()
#9 E:\Xampp\htdocs\sipontren\vendor\codeigniter4\framework\system\Commands\Server\rewrite.php(43): require_once('E:\\Xampp\\htdocs...')
#10 {main}
CRITICAL - 2021-11-19 16:16:17 --> Undefined array key "id"
#0 E:\Xampp\htdocs\sipontren\app\Views\santri\profil.php(14): CodeIgniter\Debug\Exceptions->errorHandler(2, 'Undefined array...', 'E:\\Xampp\\htdocs...', 14)
#1 E:\Xampp\htdocs\sipontren\vendor\codeigniter4\framework\system\View\View.php(214): include('E:\\Xampp\\htdocs...')
#2 E:\Xampp\htdocs\sipontren\vendor\codeigniter4\framework\system\View\View.php(217): CodeIgniter\View\View->CodeIgniter\View\{closure}()
#3 E:\Xampp\htdocs\sipontren\vendor\codeigniter4\framework\system\Common.php(1097): CodeIgniter\View\View->render('santri/profil', Array, true)
#4 E:\Xampp\htdocs\sipontren\app\Controllers\Santri.php(33): view('santri/profil', Array)
#5 E:\Xampp\htdocs\sipontren\vendor\codeigniter4\framework\system\CodeIgniter.php(824): App\Controllers\Santri->profil()
#6 E:\Xampp\htdocs\sipontren\vendor\codeigniter4\framework\system\CodeIgniter.php(410): CodeIgniter\CodeIgniter->runController(Object(App\Controllers\Santri))
#7 E:\Xampp\htdocs\sipontren\vendor\codeigniter4\framework\system\CodeIgniter.php(318): CodeIgniter\CodeIgniter->handleRequest(NULL, Object(Config\Cache), false)
#8 E:\Xampp\htdocs\sipontren\public\index.php(37): CodeIgniter\CodeIgniter->run()
#9 E:\Xampp\htdocs\sipontren\vendor\codeigniter4\framework\system\Commands\Server\rewrite.php(43): require_once('E:\\Xampp\\htdocs...')
#10 {main}
CRITICAL - 2021-11-19 17:22:02 --> Trying to access array offset on value of type null
#0 E:\Xampp\htdocs\sipontren\app\Views\asatidz\profil.php(14): CodeIgniter\Debug\Exceptions->errorHandler(2, 'Trying to acces...', 'E:\\Xampp\\htdocs...', 14)
#1 E:\Xampp\htdocs\sipontren\vendor\codeigniter4\framework\system\View\View.php(214): include('E:\\Xampp\\htdocs...')
#2 E:\Xampp\htdocs\sipontren\vendor\codeigniter4\framework\system\View\View.php(217): CodeIgniter\View\View->CodeIgniter\View\{closure}()
#3 E:\Xampp\htdocs\sipontren\vendor\codeigniter4\framework\system\Common.php(1097): CodeIgniter\View\View->render('asatidz/profil', Array, true)
#4 E:\Xampp\htdocs\sipontren\app\Controllers\Asatidz.php(38): view('asatidz/profil', Array)
#5 E:\Xampp\htdocs\sipontren\vendor\codeigniter4\framework\system\CodeIgniter.php(824): App\Controllers\Asatidz->profil()
#6 E:\Xampp\htdocs\sipontren\vendor\codeigniter4\framework\system\CodeIgniter.php(410): CodeIgniter\CodeIgniter->runController(Object(App\Controllers\Asatidz))
#7 E:\Xampp\htdocs\sipontren\vendor\codeigniter4\framework\system\CodeIgniter.php(318): CodeIgniter\CodeIgniter->handleRequest(NULL, Object(Config\Cache), false)
#8 E:\Xampp\htdocs\sipontren\public\index.php(37): CodeIgniter\CodeIgniter->run()
#9 E:\Xampp\htdocs\sipontren\vendor\codeigniter4\framework\system\Commands\Server\rewrite.php(43): require_once('E:\\Xampp\\htdocs...')
#10 {main}
CRITICAL - 2021-11-19 17:22:39 --> Trying to access array offset on value of type null
#0 E:\Xampp\htdocs\sipontren\app\Views\asatidz\profil.php(14): CodeIgniter\Debug\Exceptions->errorHandler(2, 'Trying to acces...', 'E:\\Xampp\\htdocs...', 14)
#1 E:\Xampp\htdocs\sipontren\vendor\codeigniter4\framework\system\View\View.php(214): include('E:\\Xampp\\htdocs...')
#2 E:\Xampp\htdocs\sipontren\vendor\codeigniter4\framework\system\View\View.php(217): CodeIgniter\View\View->CodeIgniter\View\{closure}()
#3 E:\Xampp\htdocs\sipontren\vendor\codeigniter4\framework\system\Common.php(1097): CodeIgniter\View\View->render('asatidz/profil', Array, true)
#4 E:\Xampp\htdocs\sipontren\app\Controllers\Asatidz.php(38): view('asatidz/profil', Array)
#5 E:\Xampp\htdocs\sipontren\vendor\codeigniter4\framework\system\CodeIgniter.php(824): App\Controllers\Asatidz->profil()
#6 E:\Xampp\htdocs\sipontren\vendor\codeigniter4\framework\system\CodeIgniter.php(410): CodeIgniter\CodeIgniter->runController(Object(App\Controllers\Asatidz))
#7 E:\Xampp\htdocs\sipontren\vendor\codeigniter4\framework\system\CodeIgniter.php(318): CodeIgniter\CodeIgniter->handleRequest(NULL, Object(Config\Cache), false)
#8 E:\Xampp\htdocs\sipontren\public\index.php(37): CodeIgniter\CodeIgniter->run()
#9 E:\Xampp\htdocs\sipontren\vendor\codeigniter4\framework\system\Commands\Server\rewrite.php(43): require_once('E:\\Xampp\\htdocs...')
#10 {main}
CRITICAL - 2021-11-19 18:30:13 --> Undefined array key "id"
#0 E:\Xampp\htdocs\sipontren\app\Views\santri\profil.php(14): CodeIgniter\Debug\Exceptions->errorHandler(2, 'Undefined array...', 'E:\\Xampp\\htdocs...', 14)
#1 E:\Xampp\htdocs\sipontren\vendor\codeigniter4\framework\system\View\View.php(214): include('E:\\Xampp\\htdocs...')
#2 E:\Xampp\htdocs\sipontren\vendor\codeigniter4\framework\system\View\View.php(217): CodeIgniter\View\View->CodeIgniter\View\{closure}()
#3 E:\Xampp\htdocs\sipontren\vendor\codeigniter4\framework\system\Common.php(1097): CodeIgniter\View\View->render('santri/profil', Array, true)
#4 E:\Xampp\htdocs\sipontren\app\Controllers\Santri.php(33): view('santri/profil', Array)
#5 E:\Xampp\htdocs\sipontren\vendor\codeigniter4\framework\system\CodeIgniter.php(824): App\Controllers\Santri->profil('10010001')
#6 E:\Xampp\htdocs\sipontren\vendor\codeigniter4\framework\system\CodeIgniter.php(410): CodeIgniter\CodeIgniter->runController(Object(App\Controllers\Santri))
#7 E:\Xampp\htdocs\sipontren\vendor\codeigniter4\framework\system\CodeIgniter.php(318): CodeIgniter\CodeIgniter->handleRequest(NULL, Object(Config\Cache), false)
#8 E:\Xampp\htdocs\sipontren\public\index.php(37): CodeIgniter\CodeIgniter->run()
#9 E:\Xampp\htdocs\sipontren\vendor\codeigniter4\framework\system\Commands\Server\rewrite.php(43): require_once('E:\\Xampp\\htdocs...')
#10 {main}
