ERROR - 2021-11-26 09:18:25 --> Unknown column 'santri.deleted_at' in 'where clause'
CRITICAL - 2021-11-26 09:18:25 --> Unknown column 'santri.deleted_at' in 'where clause'
#0 E:\Xampp\htdocs\sipontren\vendor\codeigniter4\framework\system\Database\MySQLi\Connection.php(292): mysqli->query('SELECT COUNT(*)...', 0)
#1 E:\Xampp\htdocs\sipontren\vendor\codeigniter4\framework\system\Database\BaseConnection.php(670): CodeIgniter\Database\MySQLi\Connection->execute('SELECT COUNT(*)...')
#2 E:\Xampp\htdocs\sipontren\vendor\codeigniter4\framework\system\Database\BaseConnection.php(598): CodeIgniter\Database\BaseConnection->simpleQuery('SELECT COUNT(*)...')
#3 E:\Xampp\htdocs\sipontren\vendor\codeigniter4\framework\system\Database\BaseBuilder.php(1527): CodeIgniter\Database\BaseConnection->query('SELECT COUNT(*)...', Array, false)
#4 E:\Xampp\htdocs\sipontren\vendor\codeigniter4\framework\system\Model.php(509): CodeIgniter\Database\BaseBuilder->countAllResults(true)
#5 E:\Xampp\htdocs\sipontren\app\Controllers\Dashboard.php(27): CodeIgniter\Model->countAllResults()
#6 E:\Xampp\htdocs\sipontren\vendor\codeigniter4\framework\system\CodeIgniter.php(824): App\Controllers\Dashboard->index()
#7 E:\Xampp\htdocs\sipontren\vendor\codeigniter4\framework\system\CodeIgniter.php(410): CodeIgniter\CodeIgniter->runController(Object(App\Controllers\Dashboard))
#8 E:\Xampp\htdocs\sipontren\vendor\codeigniter4\framework\system\CodeIgniter.php(318): CodeIgniter\CodeIgniter->handleRequest(NULL, Object(Config\Cache), false)
#9 E:\Xampp\htdocs\sipontren\public\index.php(37): CodeIgniter\CodeIgniter->run()
#10 E:\Xampp\htdocs\sipontren\vendor\codeigniter4\framework\system\Commands\Server\rewrite.php(43): require_once('E:\\Xampp\\htdocs...')
#11 {main}
ERROR - 2021-11-26 09:18:31 --> Unknown column 'santri.deleted_at' in 'where clause'
CRITICAL - 2021-11-26 09:18:31 --> Unknown column 'santri.deleted_at' in 'where clause'
#0 E:\Xampp\htdocs\sipontren\vendor\codeigniter4\framework\system\Database\MySQLi\Connection.php(292): mysqli->query('SELECT *\nFROM `...', 0)
#1 E:\Xampp\htdocs\sipontren\vendor\codeigniter4\framework\system\Database\BaseConnection.php(670): CodeIgniter\Database\MySQLi\Connection->execute('SELECT *\nFROM `...')
#2 E:\Xampp\htdocs\sipontren\vendor\codeigniter4\framework\system\Database\BaseConnection.php(598): CodeIgniter\Database\BaseConnection->simpleQuery('SELECT *\nFROM `...')
#3 E:\Xampp\htdocs\sipontren\vendor\codeigniter4\framework\system\Database\BaseBuilder.php(1443): CodeIgniter\Database\BaseConnection->query('SELECT *\nFROM `...', Array, false)
#4 E:\Xampp\htdocs\sipontren\vendor\codeigniter4\framework\system\Model.php(183): CodeIgniter\Database\BaseBuilder->get()
#5 E:\Xampp\htdocs\sipontren\vendor\codeigniter4\framework\system\BaseModel.php(584): CodeIgniter\Model->doFindAll(0, 0)
#6 E:\Xampp\htdocs\sipontren\app\Controllers\Dashboard.php(52): CodeIgniter\BaseModel->findAll()
#7 E:\Xampp\htdocs\sipontren\vendor\codeigniter4\framework\system\CodeIgniter.php(824): App\Controllers\Dashboard->santri()
#8 E:\Xampp\htdocs\sipontren\vendor\codeigniter4\framework\system\CodeIgniter.php(410): CodeIgniter\CodeIgniter->runController(Object(App\Controllers\Dashboard))
#9 E:\Xampp\htdocs\sipontren\vendor\codeigniter4\framework\system\CodeIgniter.php(318): CodeIgniter\CodeIgniter->handleRequest(NULL, Object(Config\Cache), false)
#10 E:\Xampp\htdocs\sipontren\public\index.php(37): CodeIgniter\CodeIgniter->run()
#11 E:\Xampp\htdocs\sipontren\vendor\codeigniter4\framework\system\Commands\Server\rewrite.php(43): require_once('E:\\Xampp\\htdocs...')
#12 {main}
ERROR - 2021-11-26 09:18:33 --> Unknown column 'santri.deleted_at' in 'where clause'
CRITICAL - 2021-11-26 09:18:33 --> Unknown column 'santri.deleted_at' in 'where clause'
#0 E:\Xampp\htdocs\sipontren\vendor\codeigniter4\framework\system\Database\MySQLi\Connection.php(292): mysqli->query('SELECT *\nFROM `...', 0)
#1 E:\Xampp\htdocs\sipontren\vendor\codeigniter4\framework\system\Database\BaseConnection.php(670): CodeIgniter\Database\MySQLi\Connection->execute('SELECT *\nFROM `...')
#2 E:\Xampp\htdocs\sipontren\vendor\codeigniter4\framework\system\Database\BaseConnection.php(598): CodeIgniter\Database\BaseConnection->simpleQuery('SELECT *\nFROM `...')
#3 E:\Xampp\htdocs\sipontren\vendor\codeigniter4\framework\system\Database\BaseBuilder.php(1443): CodeIgniter\Database\BaseConnection->query('SELECT *\nFROM `...', Array, false)
#4 E:\Xampp\htdocs\sipontren\vendor\codeigniter4\framework\system\Model.php(183): CodeIgniter\Database\BaseBuilder->get()
#5 E:\Xampp\htdocs\sipontren\vendor\codeigniter4\framework\system\BaseModel.php(584): CodeIgniter\Model->doFindAll(0, 0)
#6 E:\Xampp\htdocs\sipontren\app\Controllers\Dashboard.php(52): CodeIgniter\BaseModel->findAll()
#7 E:\Xampp\htdocs\sipontren\vendor\codeigniter4\framework\system\CodeIgniter.php(824): App\Controllers\Dashboard->santri()
#8 E:\Xampp\htdocs\sipontren\vendor\codeigniter4\framework\system\CodeIgniter.php(410): CodeIgniter\CodeIgniter->runController(Object(App\Controllers\Dashboard))
#9 E:\Xampp\htdocs\sipontren\vendor\codeigniter4\framework\system\CodeIgniter.php(318): CodeIgniter\CodeIgniter->handleRequest(NULL, Object(Config\Cache), false)
#10 E:\Xampp\htdocs\sipontren\public\index.php(37): CodeIgniter\CodeIgniter->run()
#11 E:\Xampp\htdocs\sipontren\vendor\codeigniter4\framework\system\Commands\Server\rewrite.php(43): require_once('E:\\Xampp\\htdocs...')
#12 {main}
CRITICAL - 2021-11-26 09:25:56 --> Undefined variable $keuangan
#0 E:\Xampp\htdocs\sipontren\app\Views\pembayaran\index.php(35): CodeIgniter\Debug\Exceptions->errorHandler(2, 'Undefined varia...', 'E:\\Xampp\\htdocs...', 35)
#1 E:\Xampp\htdocs\sipontren\vendor\codeigniter4\framework\system\View\View.php(214): include('E:\\Xampp\\htdocs...')
#2 E:\Xampp\htdocs\sipontren\vendor\codeigniter4\framework\system\View\View.php(217): CodeIgniter\View\View->CodeIgniter\View\{closure}()
#3 E:\Xampp\htdocs\sipontren\vendor\codeigniter4\framework\system\Common.php(1097): CodeIgniter\View\View->render('pembayaran/inde...', Array, true)
#4 E:\Xampp\htdocs\sipontren\app\Controllers\Pembayaran.php(22): view('pembayaran/inde...', Array)
#5 E:\Xampp\htdocs\sipontren\vendor\codeigniter4\framework\system\CodeIgniter.php(824): App\Controllers\Pembayaran->index()
#6 E:\Xampp\htdocs\sipontren\vendor\codeigniter4\framework\system\CodeIgniter.php(410): CodeIgniter\CodeIgniter->runController(Object(App\Controllers\Pembayaran))
#7 E:\Xampp\htdocs\sipontren\vendor\codeigniter4\framework\system\CodeIgniter.php(318): CodeIgniter\CodeIgniter->handleRequest(NULL, Object(Config\Cache), false)
#8 E:\Xampp\htdocs\sipontren\public\index.php(37): CodeIgniter\CodeIgniter->run()
#9 E:\Xampp\htdocs\sipontren\vendor\codeigniter4\framework\system\Commands\Server\rewrite.php(43): require_once('E:\\Xampp\\htdocs...')
#10 {main}
CRITICAL - 2021-11-26 09:26:07 --> Undefined array key "id"
#0 E:\Xampp\htdocs\sipontren\app\Views\pembayaran\index.php(44): CodeIgniter\Debug\Exceptions->errorHandler(2, 'Undefined array...', 'E:\\Xampp\\htdocs...', 44)
#1 E:\Xampp\htdocs\sipontren\vendor\codeigniter4\framework\system\View\View.php(214): include('E:\\Xampp\\htdocs...')
#2 E:\Xampp\htdocs\sipontren\vendor\codeigniter4\framework\system\View\View.php(217): CodeIgniter\View\View->CodeIgniter\View\{closure}()
#3 E:\Xampp\htdocs\sipontren\vendor\codeigniter4\framework\system\Common.php(1097): CodeIgniter\View\View->render('pembayaran/inde...', Array, true)
#4 E:\Xampp\htdocs\sipontren\app\Controllers\Pembayaran.php(22): view('pembayaran/inde...', Array)
#5 E:\Xampp\htdocs\sipontren\vendor\codeigniter4\framework\system\CodeIgniter.php(824): App\Controllers\Pembayaran->index()
#6 E:\Xampp\htdocs\sipontren\vendor\codeigniter4\framework\system\CodeIgniter.php(410): CodeIgniter\CodeIgniter->runController(Object(App\Controllers\Pembayaran))
#7 E:\Xampp\htdocs\sipontren\vendor\codeigniter4\framework\system\CodeIgniter.php(318): CodeIgniter\CodeIgniter->handleRequest(NULL, Object(Config\Cache), false)
#8 E:\Xampp\htdocs\sipontren\public\index.php(37): CodeIgniter\CodeIgniter->run()
#9 E:\Xampp\htdocs\sipontren\vendor\codeigniter4\framework\system\Commands\Server\rewrite.php(43): require_once('E:\\Xampp\\htdocs...')
#10 {main}
CRITICAL - 2021-11-26 09:26:34 --> Undefined array key "id"
#0 E:\Xampp\htdocs\sipontren\app\Views\pembayaran\index.php(44): CodeIgniter\Debug\Exceptions->errorHandler(2, 'Undefined array...', 'E:\\Xampp\\htdocs...', 44)
#1 E:\Xampp\htdocs\sipontren\vendor\codeigniter4\framework\system\View\View.php(214): include('E:\\Xampp\\htdocs...')
#2 E:\Xampp\htdocs\sipontren\vendor\codeigniter4\framework\system\View\View.php(217): CodeIgniter\View\View->CodeIgniter\View\{closure}()
#3 E:\Xampp\htdocs\sipontren\vendor\codeigniter4\framework\system\Common.php(1097): CodeIgniter\View\View->render('pembayaran/inde...', Array, true)
#4 E:\Xampp\htdocs\sipontren\app\Controllers\Pembayaran.php(22): view('pembayaran/inde...', Array)
#5 E:\Xampp\htdocs\sipontren\vendor\codeigniter4\framework\system\CodeIgniter.php(824): App\Controllers\Pembayaran->index()
#6 E:\Xampp\htdocs\sipontren\vendor\codeigniter4\framework\system\CodeIgniter.php(410): CodeIgniter\CodeIgniter->runController(Object(App\Controllers\Pembayaran))
#7 E:\Xampp\htdocs\sipontren\vendor\codeigniter4\framework\system\CodeIgniter.php(318): CodeIgniter\CodeIgniter->handleRequest(NULL, Object(Config\Cache), false)
#8 E:\Xampp\htdocs\sipontren\public\index.php(37): CodeIgniter\CodeIgniter->run()
#9 E:\Xampp\htdocs\sipontren\vendor\codeigniter4\framework\system\Commands\Server\rewrite.php(43): require_once('E:\\Xampp\\htdocs...')
#10 {main}
CRITICAL - 2021-11-26 09:26:37 --> Undefined array key "id"
#0 E:\Xampp\htdocs\sipontren\app\Views\pembayaran\index.php(44): CodeIgniter\Debug\Exceptions->errorHandler(2, 'Undefined array...', 'E:\\Xampp\\htdocs...', 44)
#1 E:\Xampp\htdocs\sipontren\vendor\codeigniter4\framework\system\View\View.php(214): include('E:\\Xampp\\htdocs...')
#2 E:\Xampp\htdocs\sipontren\vendor\codeigniter4\framework\system\View\View.php(217): CodeIgniter\View\View->CodeIgniter\View\{closure}()
#3 E:\Xampp\htdocs\sipontren\vendor\codeigniter4\framework\system\Common.php(1097): CodeIgniter\View\View->render('pembayaran/inde...', Array, true)
#4 E:\Xampp\htdocs\sipontren\app\Controllers\Pembayaran.php(22): view('pembayaran/inde...', Array)
#5 E:\Xampp\htdocs\sipontren\vendor\codeigniter4\framework\system\CodeIgniter.php(824): App\Controllers\Pembayaran->index()
#6 E:\Xampp\htdocs\sipontren\vendor\codeigniter4\framework\system\CodeIgniter.php(410): CodeIgniter\CodeIgniter->runController(Object(App\Controllers\Pembayaran))
#7 E:\Xampp\htdocs\sipontren\vendor\codeigniter4\framework\system\CodeIgniter.php(318): CodeIgniter\CodeIgniter->handleRequest(NULL, Object(Config\Cache), false)
#8 E:\Xampp\htdocs\sipontren\public\index.php(37): CodeIgniter\CodeIgniter->run()
#9 E:\Xampp\htdocs\sipontren\vendor\codeigniter4\framework\system\Commands\Server\rewrite.php(43): require_once('E:\\Xampp\\htdocs...')
#10 {main}
CRITICAL - 2021-11-26 09:26:37 --> Undefined array key "id"
#0 E:\Xampp\htdocs\sipontren\app\Views\pembayaran\index.php(44): CodeIgniter\Debug\Exceptions->errorHandler(2, 'Undefined array...', 'E:\\Xampp\\htdocs...', 44)
#1 E:\Xampp\htdocs\sipontren\vendor\codeigniter4\framework\system\View\View.php(214): include('E:\\Xampp\\htdocs...')
#2 E:\Xampp\htdocs\sipontren\vendor\codeigniter4\framework\system\View\View.php(217): CodeIgniter\View\View->CodeIgniter\View\{closure}()
#3 E:\Xampp\htdocs\sipontren\vendor\codeigniter4\framework\system\Common.php(1097): CodeIgniter\View\View->render('pembayaran/inde...', Array, true)
#4 E:\Xampp\htdocs\sipontren\app\Controllers\Pembayaran.php(22): view('pembayaran/inde...', Array)
#5 E:\Xampp\htdocs\sipontren\vendor\codeigniter4\framework\system\CodeIgniter.php(824): App\Controllers\Pembayaran->index()
#6 E:\Xampp\htdocs\sipontren\vendor\codeigniter4\framework\system\CodeIgniter.php(410): CodeIgniter\CodeIgniter->runController(Object(App\Controllers\Pembayaran))
#7 E:\Xampp\htdocs\sipontren\vendor\codeigniter4\framework\system\CodeIgniter.php(318): CodeIgniter\CodeIgniter->handleRequest(NULL, Object(Config\Cache), false)
#8 E:\Xampp\htdocs\sipontren\public\index.php(37): CodeIgniter\CodeIgniter->run()
#9 E:\Xampp\htdocs\sipontren\vendor\codeigniter4\framework\system\Commands\Server\rewrite.php(43): require_once('E:\\Xampp\\htdocs...')
#10 {main}
CRITICAL - 2021-11-26 09:26:38 --> Undefined array key "id"
#0 E:\Xampp\htdocs\sipontren\app\Views\pembayaran\index.php(44): CodeIgniter\Debug\Exceptions->errorHandler(2, 'Undefined array...', 'E:\\Xampp\\htdocs...', 44)
#1 E:\Xampp\htdocs\sipontren\vendor\codeigniter4\framework\system\View\View.php(214): include('E:\\Xampp\\htdocs...')
#2 E:\Xampp\htdocs\sipontren\vendor\codeigniter4\framework\system\View\View.php(217): CodeIgniter\View\View->CodeIgniter\View\{closure}()
#3 E:\Xampp\htdocs\sipontren\vendor\codeigniter4\framework\system\Common.php(1097): CodeIgniter\View\View->render('pembayaran/inde...', Array, true)
#4 E:\Xampp\htdocs\sipontren\app\Controllers\Pembayaran.php(22): view('pembayaran/inde...', Array)
#5 E:\Xampp\htdocs\sipontren\vendor\codeigniter4\framework\system\CodeIgniter.php(824): App\Controllers\Pembayaran->index()
#6 E:\Xampp\htdocs\sipontren\vendor\codeigniter4\framework\system\CodeIgniter.php(410): CodeIgniter\CodeIgniter->runController(Object(App\Controllers\Pembayaran))
#7 E:\Xampp\htdocs\sipontren\vendor\codeigniter4\framework\system\CodeIgniter.php(318): CodeIgniter\CodeIgniter->handleRequest(NULL, Object(Config\Cache), false)
#8 E:\Xampp\htdocs\sipontren\public\index.php(37): CodeIgniter\CodeIgniter->run()
#9 E:\Xampp\htdocs\sipontren\vendor\codeigniter4\framework\system\Commands\Server\rewrite.php(43): require_once('E:\\Xampp\\htdocs...')
#10 {main}
CRITICAL - 2021-11-26 09:26:40 --> Undefined array key "id"
#0 E:\Xampp\htdocs\sipontren\app\Views\pembayaran\index.php(44): CodeIgniter\Debug\Exceptions->errorHandler(2, 'Undefined array...', 'E:\\Xampp\\htdocs...', 44)
#1 E:\Xampp\htdocs\sipontren\vendor\codeigniter4\framework\system\View\View.php(214): include('E:\\Xampp\\htdocs...')
#2 E:\Xampp\htdocs\sipontren\vendor\codeigniter4\framework\system\View\View.php(217): CodeIgniter\View\View->CodeIgniter\View\{closure}()
#3 E:\Xampp\htdocs\sipontren\vendor\codeigniter4\framework\system\Common.php(1097): CodeIgniter\View\View->render('pembayaran/inde...', Array, true)
#4 E:\Xampp\htdocs\sipontren\app\Controllers\Pembayaran.php(22): view('pembayaran/inde...', Array)
#5 E:\Xampp\htdocs\sipontren\vendor\codeigniter4\framework\system\CodeIgniter.php(824): App\Controllers\Pembayaran->index()
#6 E:\Xampp\htdocs\sipontren\vendor\codeigniter4\framework\system\CodeIgniter.php(410): CodeIgniter\CodeIgniter->runController(Object(App\Controllers\Pembayaran))
#7 E:\Xampp\htdocs\sipontren\vendor\codeigniter4\framework\system\CodeIgniter.php(318): CodeIgniter\CodeIgniter->handleRequest(NULL, Object(Config\Cache), false)
#8 E:\Xampp\htdocs\sipontren\public\index.php(37): CodeIgniter\CodeIgniter->run()
#9 E:\Xampp\htdocs\sipontren\vendor\codeigniter4\framework\system\Commands\Server\rewrite.php(43): require_once('E:\\Xampp\\htdocs...')
#10 {main}
CRITICAL - 2021-11-26 09:26:41 --> Undefined array key "id"
#0 E:\Xampp\htdocs\sipontren\app\Views\pembayaran\index.php(44): CodeIgniter\Debug\Exceptions->errorHandler(2, 'Undefined array...', 'E:\\Xampp\\htdocs...', 44)
#1 E:\Xampp\htdocs\sipontren\vendor\codeigniter4\framework\system\View\View.php(214): include('E:\\Xampp\\htdocs...')
#2 E:\Xampp\htdocs\sipontren\vendor\codeigniter4\framework\system\View\View.php(217): CodeIgniter\View\View->CodeIgniter\View\{closure}()
#3 E:\Xampp\htdocs\sipontren\vendor\codeigniter4\framework\system\Common.php(1097): CodeIgniter\View\View->render('pembayaran/inde...', Array, true)
#4 E:\Xampp\htdocs\sipontren\app\Controllers\Pembayaran.php(22): view('pembayaran/inde...', Array)
#5 E:\Xampp\htdocs\sipontren\vendor\codeigniter4\framework\system\CodeIgniter.php(824): App\Controllers\Pembayaran->index()
#6 E:\Xampp\htdocs\sipontren\vendor\codeigniter4\framework\system\CodeIgniter.php(410): CodeIgniter\CodeIgniter->runController(Object(App\Controllers\Pembayaran))
#7 E:\Xampp\htdocs\sipontren\vendor\codeigniter4\framework\system\CodeIgniter.php(318): CodeIgniter\CodeIgniter->handleRequest(NULL, Object(Config\Cache), false)
#8 E:\Xampp\htdocs\sipontren\public\index.php(37): CodeIgniter\CodeIgniter->run()
#9 E:\Xampp\htdocs\sipontren\vendor\codeigniter4\framework\system\Commands\Server\rewrite.php(43): require_once('E:\\Xampp\\htdocs...')
#10 {main}
CRITICAL - 2021-11-26 09:26:48 --> Undefined array key "id"
#0 E:\Xampp\htdocs\sipontren\app\Views\pembayaran\index.php(47): CodeIgniter\Debug\Exceptions->errorHandler(2, 'Undefined array...', 'E:\\Xampp\\htdocs...', 47)
#1 E:\Xampp\htdocs\sipontren\vendor\codeigniter4\framework\system\View\View.php(214): include('E:\\Xampp\\htdocs...')
#2 E:\Xampp\htdocs\sipontren\vendor\codeigniter4\framework\system\View\View.php(217): CodeIgniter\View\View->CodeIgniter\View\{closure}()
#3 E:\Xampp\htdocs\sipontren\vendor\codeigniter4\framework\system\Common.php(1097): CodeIgniter\View\View->render('pembayaran/inde...', Array, true)
#4 E:\Xampp\htdocs\sipontren\app\Controllers\Pembayaran.php(22): view('pembayaran/inde...', Array)
#5 E:\Xampp\htdocs\sipontren\vendor\codeigniter4\framework\system\CodeIgniter.php(824): App\Controllers\Pembayaran->index()
#6 E:\Xampp\htdocs\sipontren\vendor\codeigniter4\framework\system\CodeIgniter.php(410): CodeIgniter\CodeIgniter->runController(Object(App\Controllers\Pembayaran))
#7 E:\Xampp\htdocs\sipontren\vendor\codeigniter4\framework\system\CodeIgniter.php(318): CodeIgniter\CodeIgniter->handleRequest(NULL, Object(Config\Cache), false)
#8 E:\Xampp\htdocs\sipontren\public\index.php(37): CodeIgniter\CodeIgniter->run()
#9 E:\Xampp\htdocs\sipontren\vendor\codeigniter4\framework\system\Commands\Server\rewrite.php(43): require_once('E:\\Xampp\\htdocs...')
#10 {main}
CRITICAL - 2021-11-26 09:26:59 --> Undefined array key "id"
#0 E:\Xampp\htdocs\sipontren\app\Views\pembayaran\index.php(65): CodeIgniter\Debug\Exceptions->errorHandler(2, 'Undefined array...', 'E:\\Xampp\\htdocs...', 65)
#1 E:\Xampp\htdocs\sipontren\vendor\codeigniter4\framework\system\View\View.php(214): include('E:\\Xampp\\htdocs...')
#2 E:\Xampp\htdocs\sipontren\vendor\codeigniter4\framework\system\View\View.php(217): CodeIgniter\View\View->CodeIgniter\View\{closure}()
#3 E:\Xampp\htdocs\sipontren\vendor\codeigniter4\framework\system\Common.php(1097): CodeIgniter\View\View->render('pembayaran/inde...', Array, true)
#4 E:\Xampp\htdocs\sipontren\app\Controllers\Pembayaran.php(22): view('pembayaran/inde...', Array)
#5 E:\Xampp\htdocs\sipontren\vendor\codeigniter4\framework\system\CodeIgniter.php(824): App\Controllers\Pembayaran->index()
#6 E:\Xampp\htdocs\sipontren\vendor\codeigniter4\framework\system\CodeIgniter.php(410): CodeIgniter\CodeIgniter->runController(Object(App\Controllers\Pembayaran))
#7 E:\Xampp\htdocs\sipontren\vendor\codeigniter4\framework\system\CodeIgniter.php(318): CodeIgniter\CodeIgniter->handleRequest(NULL, Object(Config\Cache), false)
#8 E:\Xampp\htdocs\sipontren\public\index.php(37): CodeIgniter\CodeIgniter->run()
#9 E:\Xampp\htdocs\sipontren\vendor\codeigniter4\framework\system\Commands\Server\rewrite.php(43): require_once('E:\\Xampp\\htdocs...')
#10 {main}
CRITICAL - 2021-11-26 09:32:22 --> Undefined variable $keuangan
#0 E:\Xampp\htdocs\sipontren\app\Views\pembayaran\index.php(35): CodeIgniter\Debug\Exceptions->errorHandler(2, 'Undefined varia...', 'E:\\Xampp\\htdocs...', 35)
#1 E:\Xampp\htdocs\sipontren\vendor\codeigniter4\framework\system\View\View.php(214): include('E:\\Xampp\\htdocs...')
#2 E:\Xampp\htdocs\sipontren\vendor\codeigniter4\framework\system\View\View.php(217): CodeIgniter\View\View->CodeIgniter\View\{closure}()
#3 E:\Xampp\htdocs\sipontren\vendor\codeigniter4\framework\system\Common.php(1097): CodeIgniter\View\View->render('pembayaran/inde...', Array, true)
#4 E:\Xampp\htdocs\sipontren\app\Controllers\Pembayaran.php(22): view('pembayaran/inde...', Array)
#5 E:\Xampp\htdocs\sipontren\vendor\codeigniter4\framework\system\CodeIgniter.php(824): App\Controllers\Pembayaran->index()
#6 E:\Xampp\htdocs\sipontren\vendor\codeigniter4\framework\system\CodeIgniter.php(410): CodeIgniter\CodeIgniter->runController(Object(App\Controllers\Pembayaran))
#7 E:\Xampp\htdocs\sipontren\vendor\codeigniter4\framework\system\CodeIgniter.php(318): CodeIgniter\CodeIgniter->handleRequest(NULL, Object(Config\Cache), false)
#8 E:\Xampp\htdocs\sipontren\public\index.php(37): CodeIgniter\CodeIgniter->run()
#9 E:\Xampp\htdocs\sipontren\vendor\codeigniter4\framework\system\Commands\Server\rewrite.php(43): require_once('E:\\Xampp\\htdocs...')
#10 {main}
CRITICAL - 2021-11-26 09:32:48 --> Undefined array key "nama_santri"
#0 E:\Xampp\htdocs\sipontren\app\Views\pembayaran\index.php(38): CodeIgniter\Debug\Exceptions->errorHandler(2, 'Undefined array...', 'E:\\Xampp\\htdocs...', 38)
#1 E:\Xampp\htdocs\sipontren\vendor\codeigniter4\framework\system\View\View.php(214): include('E:\\Xampp\\htdocs...')
#2 E:\Xampp\htdocs\sipontren\vendor\codeigniter4\framework\system\View\View.php(217): CodeIgniter\View\View->CodeIgniter\View\{closure}()
#3 E:\Xampp\htdocs\sipontren\vendor\codeigniter4\framework\system\Common.php(1097): CodeIgniter\View\View->render('pembayaran/inde...', Array, true)
#4 E:\Xampp\htdocs\sipontren\app\Controllers\Pembayaran.php(22): view('pembayaran/inde...', Array)
#5 E:\Xampp\htdocs\sipontren\vendor\codeigniter4\framework\system\CodeIgniter.php(824): App\Controllers\Pembayaran->index()
#6 E:\Xampp\htdocs\sipontren\vendor\codeigniter4\framework\system\CodeIgniter.php(410): CodeIgniter\CodeIgniter->runController(Object(App\Controllers\Pembayaran))
#7 E:\Xampp\htdocs\sipontren\vendor\codeigniter4\framework\system\CodeIgniter.php(318): CodeIgniter\CodeIgniter->handleRequest(NULL, Object(Config\Cache), false)
#8 E:\Xampp\htdocs\sipontren\public\index.php(37): CodeIgniter\CodeIgniter->run()
#9 E:\Xampp\htdocs\sipontren\vendor\codeigniter4\framework\system\Commands\Server\rewrite.php(43): require_once('E:\\Xampp\\htdocs...')
#10 {main}
CRITICAL - 2021-11-26 09:33:04 --> Undefined array key "nisn"
#0 E:\Xampp\htdocs\sipontren\app\Views\pembayaran\index.php(38): CodeIgniter\Debug\Exceptions->errorHandler(2, 'Undefined array...', 'E:\\Xampp\\htdocs...', 38)
#1 E:\Xampp\htdocs\sipontren\vendor\codeigniter4\framework\system\View\View.php(214): include('E:\\Xampp\\htdocs...')
#2 E:\Xampp\htdocs\sipontren\vendor\codeigniter4\framework\system\View\View.php(217): CodeIgniter\View\View->CodeIgniter\View\{closure}()
#3 E:\Xampp\htdocs\sipontren\vendor\codeigniter4\framework\system\Common.php(1097): CodeIgniter\View\View->render('pembayaran/inde...', Array, true)
#4 E:\Xampp\htdocs\sipontren\app\Controllers\Pembayaran.php(22): view('pembayaran/inde...', Array)
#5 E:\Xampp\htdocs\sipontren\vendor\codeigniter4\framework\system\CodeIgniter.php(824): App\Controllers\Pembayaran->index()
#6 E:\Xampp\htdocs\sipontren\vendor\codeigniter4\framework\system\CodeIgniter.php(410): CodeIgniter\CodeIgniter->runController(Object(App\Controllers\Pembayaran))
#7 E:\Xampp\htdocs\sipontren\vendor\codeigniter4\framework\system\CodeIgniter.php(318): CodeIgniter\CodeIgniter->handleRequest(NULL, Object(Config\Cache), false)
#8 E:\Xampp\htdocs\sipontren\public\index.php(37): CodeIgniter\CodeIgniter->run()
#9 E:\Xampp\htdocs\sipontren\vendor\codeigniter4\framework\system\Commands\Server\rewrite.php(43): require_once('E:\\Xampp\\htdocs...')
#10 {main}
CRITICAL - 2021-11-26 09:35:05 --> Undefined array key "jumlah"
#0 E:\Xampp\htdocs\sipontren\app\Views\pembayaran\index.php(40): CodeIgniter\Debug\Exceptions->errorHandler(2, 'Undefined array...', 'E:\\Xampp\\htdocs...', 40)
#1 E:\Xampp\htdocs\sipontren\vendor\codeigniter4\framework\system\View\View.php(214): include('E:\\Xampp\\htdocs...')
#2 E:\Xampp\htdocs\sipontren\vendor\codeigniter4\framework\system\View\View.php(217): CodeIgniter\View\View->CodeIgniter\View\{closure}()
#3 E:\Xampp\htdocs\sipontren\vendor\codeigniter4\framework\system\Common.php(1097): CodeIgniter\View\View->render('pembayaran/inde...', Array, true)
#4 E:\Xampp\htdocs\sipontren\app\Controllers\Pembayaran.php(22): view('pembayaran/inde...', Array)
#5 E:\Xampp\htdocs\sipontren\vendor\codeigniter4\framework\system\CodeIgniter.php(824): App\Controllers\Pembayaran->index()
#6 E:\Xampp\htdocs\sipontren\vendor\codeigniter4\framework\system\CodeIgniter.php(410): CodeIgniter\CodeIgniter->runController(Object(App\Controllers\Pembayaran))
#7 E:\Xampp\htdocs\sipontren\vendor\codeigniter4\framework\system\CodeIgniter.php(318): CodeIgniter\CodeIgniter->handleRequest(NULL, Object(Config\Cache), false)
#8 E:\Xampp\htdocs\sipontren\public\index.php(37): CodeIgniter\CodeIgniter->run()
#9 E:\Xampp\htdocs\sipontren\vendor\codeigniter4\framework\system\Commands\Server\rewrite.php(43): require_once('E:\\Xampp\\htdocs...')
#10 {main}
CRITICAL - 2021-11-26 09:35:10 --> Undefined array key "jumlah_spp"
#0 E:\Xampp\htdocs\sipontren\app\Views\pembayaran\index.php(40): CodeIgniter\Debug\Exceptions->errorHandler(2, 'Undefined array...', 'E:\\Xampp\\htdocs...', 40)
#1 E:\Xampp\htdocs\sipontren\vendor\codeigniter4\framework\system\View\View.php(214): include('E:\\Xampp\\htdocs...')
#2 E:\Xampp\htdocs\sipontren\vendor\codeigniter4\framework\system\View\View.php(217): CodeIgniter\View\View->CodeIgniter\View\{closure}()
#3 E:\Xampp\htdocs\sipontren\vendor\codeigniter4\framework\system\Common.php(1097): CodeIgniter\View\View->render('pembayaran/inde...', Array, true)
#4 E:\Xampp\htdocs\sipontren\app\Controllers\Pembayaran.php(22): view('pembayaran/inde...', Array)
#5 E:\Xampp\htdocs\sipontren\vendor\codeigniter4\framework\system\CodeIgniter.php(824): App\Controllers\Pembayaran->index()
#6 E:\Xampp\htdocs\sipontren\vendor\codeigniter4\framework\system\CodeIgniter.php(410): CodeIgniter\CodeIgniter->runController(Object(App\Controllers\Pembayaran))
#7 E:\Xampp\htdocs\sipontren\vendor\codeigniter4\framework\system\CodeIgniter.php(318): CodeIgniter\CodeIgniter->handleRequest(NULL, Object(Config\Cache), false)
#8 E:\Xampp\htdocs\sipontren\public\index.php(37): CodeIgniter\CodeIgniter->run()
#9 E:\Xampp\htdocs\sipontren\vendor\codeigniter4\framework\system\Commands\Server\rewrite.php(43): require_once('E:\\Xampp\\htdocs...')
#10 {main}
CRITICAL - 2021-11-26 10:18:44 --> syntax error, unexpected token "endforeach", expecting end of file
#0 E:\Xampp\htdocs\sipontren\vendor\codeigniter4\framework\system\View\View.php(217): CodeIgniter\View\View->CodeIgniter\View\{closure}()
#1 E:\Xampp\htdocs\sipontren\vendor\codeigniter4\framework\system\Common.php(1097): CodeIgniter\View\View->render('pembayaran/inde...', Array, true)
#2 E:\Xampp\htdocs\sipontren\app\Controllers\Pembayaran.php(22): view('pembayaran/inde...', Array)
#3 E:\Xampp\htdocs\sipontren\vendor\codeigniter4\framework\system\CodeIgniter.php(824): App\Controllers\Pembayaran->index()
#4 E:\Xampp\htdocs\sipontren\vendor\codeigniter4\framework\system\CodeIgniter.php(410): CodeIgniter\CodeIgniter->runController(Object(App\Controllers\Pembayaran))
#5 E:\Xampp\htdocs\sipontren\vendor\codeigniter4\framework\system\CodeIgniter.php(318): CodeIgniter\CodeIgniter->handleRequest(NULL, Object(Config\Cache), false)
#6 E:\Xampp\htdocs\sipontren\public\index.php(37): CodeIgniter\CodeIgniter->run()
#7 E:\Xampp\htdocs\sipontren\vendor\codeigniter4\framework\system\Commands\Server\rewrite.php(43): require_once('E:\\Xampp\\htdocs...')
#8 {main}
CRITICAL - 2021-11-26 10:18:57 --> Undefined variable $rows
#0 E:\Xampp\htdocs\sipontren\app\Views\pembayaran\index.php(37): CodeIgniter\Debug\Exceptions->errorHandler(2, 'Undefined varia...', 'E:\\Xampp\\htdocs...', 37)
#1 E:\Xampp\htdocs\sipontren\vendor\codeigniter4\framework\system\View\View.php(214): include('E:\\Xampp\\htdocs...')
#2 E:\Xampp\htdocs\sipontren\vendor\codeigniter4\framework\system\View\View.php(217): CodeIgniter\View\View->CodeIgniter\View\{closure}()
#3 E:\Xampp\htdocs\sipontren\vendor\codeigniter4\framework\system\Common.php(1097): CodeIgniter\View\View->render('pembayaran/inde...', Array, true)
#4 E:\Xampp\htdocs\sipontren\app\Controllers\Pembayaran.php(22): view('pembayaran/inde...', Array)
#5 E:\Xampp\htdocs\sipontren\vendor\codeigniter4\framework\system\CodeIgniter.php(824): App\Controllers\Pembayaran->index()
#6 E:\Xampp\htdocs\sipontren\vendor\codeigniter4\framework\system\CodeIgniter.php(410): CodeIgniter\CodeIgniter->runController(Object(App\Controllers\Pembayaran))
#7 E:\Xampp\htdocs\sipontren\vendor\codeigniter4\framework\system\CodeIgniter.php(318): CodeIgniter\CodeIgniter->handleRequest(NULL, Object(Config\Cache), false)
#8 E:\Xampp\htdocs\sipontren\public\index.php(37): CodeIgniter\CodeIgniter->run()
#9 E:\Xampp\htdocs\sipontren\vendor\codeigniter4\framework\system\Commands\Server\rewrite.php(43): require_once('E:\\Xampp\\htdocs...')
#10 {main}
CRITICAL - 2021-11-26 10:20:27 --> Attempt to read property "uang_pendaftaran" on array
#0 E:\Xampp\htdocs\sipontren\app\Views\pembayaran\index.php(37): CodeIgniter\Debug\Exceptions->errorHandler(2, 'Attempt to read...', 'E:\\Xampp\\htdocs...', 37)
#1 E:\Xampp\htdocs\sipontren\vendor\codeigniter4\framework\system\View\View.php(214): include('E:\\Xampp\\htdocs...')
#2 E:\Xampp\htdocs\sipontren\vendor\codeigniter4\framework\system\View\View.php(217): CodeIgniter\View\View->CodeIgniter\View\{closure}()
#3 E:\Xampp\htdocs\sipontren\vendor\codeigniter4\framework\system\Common.php(1097): CodeIgniter\View\View->render('pembayaran/inde...', Array, true)
#4 E:\Xampp\htdocs\sipontren\app\Controllers\Pembayaran.php(22): view('pembayaran/inde...', Array)
#5 E:\Xampp\htdocs\sipontren\vendor\codeigniter4\framework\system\CodeIgniter.php(824): App\Controllers\Pembayaran->index()
#6 E:\Xampp\htdocs\sipontren\vendor\codeigniter4\framework\system\CodeIgniter.php(410): CodeIgniter\CodeIgniter->runController(Object(App\Controllers\Pembayaran))
#7 E:\Xampp\htdocs\sipontren\vendor\codeigniter4\framework\system\CodeIgniter.php(318): CodeIgniter\CodeIgniter->handleRequest(NULL, Object(Config\Cache), false)
#8 E:\Xampp\htdocs\sipontren\public\index.php(37): CodeIgniter\CodeIgniter->run()
#9 E:\Xampp\htdocs\sipontren\vendor\codeigniter4\framework\system\Commands\Server\rewrite.php(43): require_once('E:\\Xampp\\htdocs...')
#10 {main}
CRITICAL - 2021-11-26 10:20:54 --> syntax error, unexpected token "endforeach", expecting end of file
#0 E:\Xampp\htdocs\sipontren\vendor\codeigniter4\framework\system\View\View.php(217): CodeIgniter\View\View->CodeIgniter\View\{closure}()
#1 E:\Xampp\htdocs\sipontren\vendor\codeigniter4\framework\system\Common.php(1097): CodeIgniter\View\View->render('pembayaran/inde...', Array, true)
#2 E:\Xampp\htdocs\sipontren\app\Controllers\Pembayaran.php(22): view('pembayaran/inde...', Array)
#3 E:\Xampp\htdocs\sipontren\vendor\codeigniter4\framework\system\CodeIgniter.php(824): App\Controllers\Pembayaran->index()
#4 E:\Xampp\htdocs\sipontren\vendor\codeigniter4\framework\system\CodeIgniter.php(410): CodeIgniter\CodeIgniter->runController(Object(App\Controllers\Pembayaran))
#5 E:\Xampp\htdocs\sipontren\vendor\codeigniter4\framework\system\CodeIgniter.php(318): CodeIgniter\CodeIgniter->handleRequest(NULL, Object(Config\Cache), false)
#6 E:\Xampp\htdocs\sipontren\public\index.php(37): CodeIgniter\CodeIgniter->run()
#7 E:\Xampp\htdocs\sipontren\vendor\codeigniter4\framework\system\Commands\Server\rewrite.php(43): require_once('E:\\Xampp\\htdocs...')
#8 {main}
CRITICAL - 2021-11-26 10:21:39 --> Undefined array key "$rows->uang_pendaftaran+$rows->uang_daftar_ulang"
#0 E:\Xampp\htdocs\sipontren\app\Views\pembayaran\index.php(46): CodeIgniter\Debug\Exceptions->errorHandler(2, 'Undefined array...', 'E:\\Xampp\\htdocs...', 46)
#1 E:\Xampp\htdocs\sipontren\vendor\codeigniter4\framework\system\View\View.php(214): include('E:\\Xampp\\htdocs...')
#2 E:\Xampp\htdocs\sipontren\vendor\codeigniter4\framework\system\View\View.php(217): CodeIgniter\View\View->CodeIgniter\View\{closure}()
#3 E:\Xampp\htdocs\sipontren\vendor\codeigniter4\framework\system\Common.php(1097): CodeIgniter\View\View->render('pembayaran/inde...', Array, true)
#4 E:\Xampp\htdocs\sipontren\app\Controllers\Pembayaran.php(22): view('pembayaran/inde...', Array)
#5 E:\Xampp\htdocs\sipontren\vendor\codeigniter4\framework\system\CodeIgniter.php(824): App\Controllers\Pembayaran->index()
#6 E:\Xampp\htdocs\sipontren\vendor\codeigniter4\framework\system\CodeIgniter.php(410): CodeIgniter\CodeIgniter->runController(Object(App\Controllers\Pembayaran))
#7 E:\Xampp\htdocs\sipontren\vendor\codeigniter4\framework\system\CodeIgniter.php(318): CodeIgniter\CodeIgniter->handleRequest(NULL, Object(Config\Cache), false)
#8 E:\Xampp\htdocs\sipontren\public\index.php(37): CodeIgniter\CodeIgniter->run()
#9 E:\Xampp\htdocs\sipontren\vendor\codeigniter4\framework\system\Commands\Server\rewrite.php(43): require_once('E:\\Xampp\\htdocs...')
#10 {main}
CRITICAL - 2021-11-26 10:22:09 --> Undefined array key "$k->uang_pendaftaran+$k->uang_daftar_ulang"
#0 E:\Xampp\htdocs\sipontren\app\Views\pembayaran\index.php(46): CodeIgniter\Debug\Exceptions->errorHandler(2, 'Undefined array...', 'E:\\Xampp\\htdocs...', 46)
#1 E:\Xampp\htdocs\sipontren\vendor\codeigniter4\framework\system\View\View.php(214): include('E:\\Xampp\\htdocs...')
#2 E:\Xampp\htdocs\sipontren\vendor\codeigniter4\framework\system\View\View.php(217): CodeIgniter\View\View->CodeIgniter\View\{closure}()
#3 E:\Xampp\htdocs\sipontren\vendor\codeigniter4\framework\system\Common.php(1097): CodeIgniter\View\View->render('pembayaran/inde...', Array, true)
#4 E:\Xampp\htdocs\sipontren\app\Controllers\Pembayaran.php(22): view('pembayaran/inde...', Array)
#5 E:\Xampp\htdocs\sipontren\vendor\codeigniter4\framework\system\CodeIgniter.php(824): App\Controllers\Pembayaran->index()
#6 E:\Xampp\htdocs\sipontren\vendor\codeigniter4\framework\system\CodeIgniter.php(410): CodeIgniter\CodeIgniter->runController(Object(App\Controllers\Pembayaran))
#7 E:\Xampp\htdocs\sipontren\vendor\codeigniter4\framework\system\CodeIgniter.php(318): CodeIgniter\CodeIgniter->handleRequest(NULL, Object(Config\Cache), false)
#8 E:\Xampp\htdocs\sipontren\public\index.php(37): CodeIgniter\CodeIgniter->run()
#9 E:\Xampp\htdocs\sipontren\vendor\codeigniter4\framework\system\Commands\Server\rewrite.php(43): require_once('E:\\Xampp\\htdocs...')
#10 {main}
CRITICAL - 2021-11-26 10:22:51 --> Attempt to read property "uang_pendaftaran" on array
#0 E:\Xampp\htdocs\sipontren\app\Views\pembayaran\index.php(46): CodeIgniter\Debug\Exceptions->errorHandler(2, 'Attempt to read...', 'E:\\Xampp\\htdocs...', 46)
#1 E:\Xampp\htdocs\sipontren\vendor\codeigniter4\framework\system\View\View.php(214): include('E:\\Xampp\\htdocs...')
#2 E:\Xampp\htdocs\sipontren\vendor\codeigniter4\framework\system\View\View.php(217): CodeIgniter\View\View->CodeIgniter\View\{closure}()
#3 E:\Xampp\htdocs\sipontren\vendor\codeigniter4\framework\system\Common.php(1097): CodeIgniter\View\View->render('pembayaran/inde...', Array, true)
#4 E:\Xampp\htdocs\sipontren\app\Controllers\Pembayaran.php(22): view('pembayaran/inde...', Array)
#5 E:\Xampp\htdocs\sipontren\vendor\codeigniter4\framework\system\CodeIgniter.php(824): App\Controllers\Pembayaran->index()
#6 E:\Xampp\htdocs\sipontren\vendor\codeigniter4\framework\system\CodeIgniter.php(410): CodeIgniter\CodeIgniter->runController(Object(App\Controllers\Pembayaran))
#7 E:\Xampp\htdocs\sipontren\vendor\codeigniter4\framework\system\CodeIgniter.php(318): CodeIgniter\CodeIgniter->handleRequest(NULL, Object(Config\Cache), false)
#8 E:\Xampp\htdocs\sipontren\public\index.php(37): CodeIgniter\CodeIgniter->run()
#9 E:\Xampp\htdocs\sipontren\vendor\codeigniter4\framework\system\Commands\Server\rewrite.php(43): require_once('E:\\Xampp\\htdocs...')
#10 {main}
CRITICAL - 2021-11-26 10:23:04 --> Undefined variable $rows
#0 E:\Xampp\htdocs\sipontren\app\Views\pembayaran\index.php(46): CodeIgniter\Debug\Exceptions->errorHandler(2, 'Undefined varia...', 'E:\\Xampp\\htdocs...', 46)
#1 E:\Xampp\htdocs\sipontren\vendor\codeigniter4\framework\system\View\View.php(214): include('E:\\Xampp\\htdocs...')
#2 E:\Xampp\htdocs\sipontren\vendor\codeigniter4\framework\system\View\View.php(217): CodeIgniter\View\View->CodeIgniter\View\{closure}()
#3 E:\Xampp\htdocs\sipontren\vendor\codeigniter4\framework\system\Common.php(1097): CodeIgniter\View\View->render('pembayaran/inde...', Array, true)
#4 E:\Xampp\htdocs\sipontren\app\Controllers\Pembayaran.php(22): view('pembayaran/inde...', Array)
#5 E:\Xampp\htdocs\sipontren\vendor\codeigniter4\framework\system\CodeIgniter.php(824): App\Controllers\Pembayaran->index()
#6 E:\Xampp\htdocs\sipontren\vendor\codeigniter4\framework\system\CodeIgniter.php(410): CodeIgniter\CodeIgniter->runController(Object(App\Controllers\Pembayaran))
#7 E:\Xampp\htdocs\sipontren\vendor\codeigniter4\framework\system\CodeIgniter.php(318): CodeIgniter\CodeIgniter->handleRequest(NULL, Object(Config\Cache), false)
#8 E:\Xampp\htdocs\sipontren\public\index.php(37): CodeIgniter\CodeIgniter->run()
#9 E:\Xampp\htdocs\sipontren\vendor\codeigniter4\framework\system\Commands\Server\rewrite.php(43): require_once('E:\\Xampp\\htdocs...')
#10 {main}
CRITICAL - 2021-11-26 10:23:21 --> Undefined variable $rows
#0 E:\Xampp\htdocs\sipontren\app\Views\pembayaran\index.php(46): CodeIgniter\Debug\Exceptions->errorHandler(2, 'Undefined varia...', 'E:\\Xampp\\htdocs...', 46)
#1 E:\Xampp\htdocs\sipontren\vendor\codeigniter4\framework\system\View\View.php(214): include('E:\\Xampp\\htdocs...')
#2 E:\Xampp\htdocs\sipontren\vendor\codeigniter4\framework\system\View\View.php(217): CodeIgniter\View\View->CodeIgniter\View\{closure}()
#3 E:\Xampp\htdocs\sipontren\vendor\codeigniter4\framework\system\Common.php(1097): CodeIgniter\View\View->render('pembayaran/inde...', Array, true)
#4 E:\Xampp\htdocs\sipontren\app\Controllers\Pembayaran.php(22): view('pembayaran/inde...', Array)
#5 E:\Xampp\htdocs\sipontren\vendor\codeigniter4\framework\system\CodeIgniter.php(824): App\Controllers\Pembayaran->index()
#6 E:\Xampp\htdocs\sipontren\vendor\codeigniter4\framework\system\CodeIgniter.php(410): CodeIgniter\CodeIgniter->runController(Object(App\Controllers\Pembayaran))
#7 E:\Xampp\htdocs\sipontren\vendor\codeigniter4\framework\system\CodeIgniter.php(318): CodeIgniter\CodeIgniter->handleRequest(NULL, Object(Config\Cache), false)
#8 E:\Xampp\htdocs\sipontren\public\index.php(37): CodeIgniter\CodeIgniter->run()
#9 E:\Xampp\htdocs\sipontren\vendor\codeigniter4\framework\system\Commands\Server\rewrite.php(43): require_once('E:\\Xampp\\htdocs...')
#10 {main}
CRITICAL - 2021-11-26 10:23:22 --> Undefined variable $rows
#0 E:\Xampp\htdocs\sipontren\app\Views\pembayaran\index.php(46): CodeIgniter\Debug\Exceptions->errorHandler(2, 'Undefined varia...', 'E:\\Xampp\\htdocs...', 46)
#1 E:\Xampp\htdocs\sipontren\vendor\codeigniter4\framework\system\View\View.php(214): include('E:\\Xampp\\htdocs...')
#2 E:\Xampp\htdocs\sipontren\vendor\codeigniter4\framework\system\View\View.php(217): CodeIgniter\View\View->CodeIgniter\View\{closure}()
#3 E:\Xampp\htdocs\sipontren\vendor\codeigniter4\framework\system\Common.php(1097): CodeIgniter\View\View->render('pembayaran/inde...', Array, true)
#4 E:\Xampp\htdocs\sipontren\app\Controllers\Pembayaran.php(22): view('pembayaran/inde...', Array)
#5 E:\Xampp\htdocs\sipontren\vendor\codeigniter4\framework\system\CodeIgniter.php(824): App\Controllers\Pembayaran->index()
#6 E:\Xampp\htdocs\sipontren\vendor\codeigniter4\framework\system\CodeIgniter.php(410): CodeIgniter\CodeIgniter->runController(Object(App\Controllers\Pembayaran))
#7 E:\Xampp\htdocs\sipontren\vendor\codeigniter4\framework\system\CodeIgniter.php(318): CodeIgniter\CodeIgniter->handleRequest(NULL, Object(Config\Cache), false)
#8 E:\Xampp\htdocs\sipontren\public\index.php(37): CodeIgniter\CodeIgniter->run()
#9 E:\Xampp\htdocs\sipontren\vendor\codeigniter4\framework\system\Commands\Server\rewrite.php(43): require_once('E:\\Xampp\\htdocs...')
#10 {main}
CRITICAL - 2021-11-26 10:24:34 --> Attempt to read property "uang_pendaftaran" on array
#0 E:\Xampp\htdocs\sipontren\app\Views\pembayaran\index.php(37): CodeIgniter\Debug\Exceptions->errorHandler(2, 'Attempt to read...', 'E:\\Xampp\\htdocs...', 37)
#1 E:\Xampp\htdocs\sipontren\vendor\codeigniter4\framework\system\View\View.php(214): include('E:\\Xampp\\htdocs...')
#2 E:\Xampp\htdocs\sipontren\vendor\codeigniter4\framework\system\View\View.php(217): CodeIgniter\View\View->CodeIgniter\View\{closure}()
#3 E:\Xampp\htdocs\sipontren\vendor\codeigniter4\framework\system\Common.php(1097): CodeIgniter\View\View->render('pembayaran/inde...', Array, true)
#4 E:\Xampp\htdocs\sipontren\app\Controllers\Pembayaran.php(22): view('pembayaran/inde...', Array)
#5 E:\Xampp\htdocs\sipontren\vendor\codeigniter4\framework\system\CodeIgniter.php(824): App\Controllers\Pembayaran->index()
#6 E:\Xampp\htdocs\sipontren\vendor\codeigniter4\framework\system\CodeIgniter.php(410): CodeIgniter\CodeIgniter->runController(Object(App\Controllers\Pembayaran))
#7 E:\Xampp\htdocs\sipontren\vendor\codeigniter4\framework\system\CodeIgniter.php(318): CodeIgniter\CodeIgniter->handleRequest(NULL, Object(Config\Cache), false)
#8 E:\Xampp\htdocs\sipontren\public\index.php(37): CodeIgniter\CodeIgniter->run()
#9 E:\Xampp\htdocs\sipontren\vendor\codeigniter4\framework\system\Commands\Server\rewrite.php(43): require_once('E:\\Xampp\\htdocs...')
#10 {main}
CRITICAL - 2021-11-26 10:27:42 --> Undefined variable $rows
#0 E:\Xampp\htdocs\sipontren\app\Views\pembayaran\index.php(46): CodeIgniter\Debug\Exceptions->errorHandler(2, 'Undefined varia...', 'E:\\Xampp\\htdocs...', 46)
#1 E:\Xampp\htdocs\sipontren\vendor\codeigniter4\framework\system\View\View.php(214): include('E:\\Xampp\\htdocs...')
#2 E:\Xampp\htdocs\sipontren\vendor\codeigniter4\framework\system\View\View.php(217): CodeIgniter\View\View->CodeIgniter\View\{closure}()
#3 E:\Xampp\htdocs\sipontren\vendor\codeigniter4\framework\system\Common.php(1097): CodeIgniter\View\View->render('pembayaran/inde...', Array, true)
#4 E:\Xampp\htdocs\sipontren\app\Controllers\Pembayaran.php(22): view('pembayaran/inde...', Array)
#5 E:\Xampp\htdocs\sipontren\vendor\codeigniter4\framework\system\CodeIgniter.php(824): App\Controllers\Pembayaran->index()
#6 E:\Xampp\htdocs\sipontren\vendor\codeigniter4\framework\system\CodeIgniter.php(410): CodeIgniter\CodeIgniter->runController(Object(App\Controllers\Pembayaran))
#7 E:\Xampp\htdocs\sipontren\vendor\codeigniter4\framework\system\CodeIgniter.php(318): CodeIgniter\CodeIgniter->handleRequest(NULL, Object(Config\Cache), false)
#8 E:\Xampp\htdocs\sipontren\public\index.php(37): CodeIgniter\CodeIgniter->run()
#9 E:\Xampp\htdocs\sipontren\vendor\codeigniter4\framework\system\Commands\Server\rewrite.php(43): require_once('E:\\Xampp\\htdocs...')
#10 {main}
CRITICAL - 2021-11-26 11:04:28 --> Undefined variable $rows
#0 E:\Xampp\htdocs\sipontren\app\Views\pembayaran\index.php(46): CodeIgniter\Debug\Exceptions->errorHandler(2, 'Undefined varia...', 'E:\\Xampp\\htdocs...', 46)
#1 E:\Xampp\htdocs\sipontren\vendor\codeigniter4\framework\system\View\View.php(214): include('E:\\Xampp\\htdocs...')
#2 E:\Xampp\htdocs\sipontren\vendor\codeigniter4\framework\system\View\View.php(217): CodeIgniter\View\View->CodeIgniter\View\{closure}()
#3 E:\Xampp\htdocs\sipontren\vendor\codeigniter4\framework\system\Common.php(1097): CodeIgniter\View\View->render('pembayaran/inde...', Array, true)
#4 E:\Xampp\htdocs\sipontren\app\Controllers\Pembayaran.php(22): view('pembayaran/inde...', Array)
#5 E:\Xampp\htdocs\sipontren\vendor\codeigniter4\framework\system\CodeIgniter.php(824): App\Controllers\Pembayaran->index()
#6 E:\Xampp\htdocs\sipontren\vendor\codeigniter4\framework\system\CodeIgniter.php(410): CodeIgniter\CodeIgniter->runController(Object(App\Controllers\Pembayaran))
#7 E:\Xampp\htdocs\sipontren\vendor\codeigniter4\framework\system\CodeIgniter.php(318): CodeIgniter\CodeIgniter->handleRequest(NULL, Object(Config\Cache), false)
#8 E:\Xampp\htdocs\sipontren\public\index.php(37): CodeIgniter\CodeIgniter->run()
#9 E:\Xampp\htdocs\sipontren\vendor\codeigniter4\framework\system\Commands\Server\rewrite.php(43): require_once('E:\\Xampp\\htdocs...')
#10 {main}
CRITICAL - 2021-11-26 11:04:30 --> Undefined variable $rows
#0 E:\Xampp\htdocs\sipontren\app\Views\pembayaran\index.php(46): CodeIgniter\Debug\Exceptions->errorHandler(2, 'Undefined varia...', 'E:\\Xampp\\htdocs...', 46)
#1 E:\Xampp\htdocs\sipontren\vendor\codeigniter4\framework\system\View\View.php(214): include('E:\\Xampp\\htdocs...')
#2 E:\Xampp\htdocs\sipontren\vendor\codeigniter4\framework\system\View\View.php(217): CodeIgniter\View\View->CodeIgniter\View\{closure}()
#3 E:\Xampp\htdocs\sipontren\vendor\codeigniter4\framework\system\Common.php(1097): CodeIgniter\View\View->render('pembayaran/inde...', Array, true)
#4 E:\Xampp\htdocs\sipontren\app\Controllers\Pembayaran.php(22): view('pembayaran/inde...', Array)
#5 E:\Xampp\htdocs\sipontren\vendor\codeigniter4\framework\system\CodeIgniter.php(824): App\Controllers\Pembayaran->index()
#6 E:\Xampp\htdocs\sipontren\vendor\codeigniter4\framework\system\CodeIgniter.php(410): CodeIgniter\CodeIgniter->runController(Object(App\Controllers\Pembayaran))
#7 E:\Xampp\htdocs\sipontren\vendor\codeigniter4\framework\system\CodeIgniter.php(318): CodeIgniter\CodeIgniter->handleRequest(NULL, Object(Config\Cache), false)
#8 E:\Xampp\htdocs\sipontren\public\index.php(37): CodeIgniter\CodeIgniter->run()
#9 E:\Xampp\htdocs\sipontren\vendor\codeigniter4\framework\system\Commands\Server\rewrite.php(43): require_once('E:\\Xampp\\htdocs...')
#10 {main}
ERROR - 2021-11-26 21:27:48 --> Error connecting to the database: No connection could be made because the target machine actively refused it
CRITICAL - 2021-11-26 21:27:48 --> Unable to connect to the database.
Main connection [MySQLi]: No connection could be made because the target machine actively refused it
#0 E:\Xampp\htdocs\sipontren\vendor\codeigniter4\framework\system\Database\BaseConnection.php(577): CodeIgniter\Database\BaseConnection->initialize()
#1 E:\Xampp\htdocs\sipontren\vendor\codeigniter4\framework\system\Database\BaseBuilder.php(1576): CodeIgniter\Database\BaseConnection->query('SELECT *\nFROM `...', Array, false)
#2 E:\Xampp\htdocs\sipontren\app\Models\SantriModel.php(46): CodeIgniter\Database\BaseBuilder->getWhere(Array)
#3 E:\Xampp\htdocs\sipontren\app\Controllers\Login.php(239): App\Models\SantriModel->getLogin('10010001')
#4 E:\Xampp\htdocs\sipontren\vendor\codeigniter4\framework\system\CodeIgniter.php(824): App\Controllers\Login->loginsantri()
#5 E:\Xampp\htdocs\sipontren\vendor\codeigniter4\framework\system\CodeIgniter.php(410): CodeIgniter\CodeIgniter->runController(Object(App\Controllers\Login))
#6 E:\Xampp\htdocs\sipontren\vendor\codeigniter4\framework\system\CodeIgniter.php(318): CodeIgniter\CodeIgniter->handleRequest(NULL, Object(Config\Cache), false)
#7 E:\Xampp\htdocs\sipontren\public\index.php(37): CodeIgniter\CodeIgniter->run()
#8 E:\Xampp\htdocs\sipontren\vendor\codeigniter4\framework\system\Commands\Server\rewrite.php(43): require_once('E:\\Xampp\\htdocs...')
#9 {main}
ERROR - 2021-11-26 21:28:25 --> Unknown column 'santri.deleted_at' in 'where clause'
CRITICAL - 2021-11-26 21:28:25 --> Unknown column 'santri.deleted_at' in 'where clause'
#0 E:\Xampp\htdocs\sipontren\vendor\codeigniter4\framework\system\Database\MySQLi\Connection.php(292): mysqli->query('SELECT COUNT(*)...', 0)
#1 E:\Xampp\htdocs\sipontren\vendor\codeigniter4\framework\system\Database\BaseConnection.php(670): CodeIgniter\Database\MySQLi\Connection->execute('SELECT COUNT(*)...')
#2 E:\Xampp\htdocs\sipontren\vendor\codeigniter4\framework\system\Database\BaseConnection.php(598): CodeIgniter\Database\BaseConnection->simpleQuery('SELECT COUNT(*)...')
#3 E:\Xampp\htdocs\sipontren\vendor\codeigniter4\framework\system\Database\BaseBuilder.php(1527): CodeIgniter\Database\BaseConnection->query('SELECT COUNT(*)...', Array, false)
#4 E:\Xampp\htdocs\sipontren\vendor\codeigniter4\framework\system\Model.php(509): CodeIgniter\Database\BaseBuilder->countAllResults(true)
#5 E:\Xampp\htdocs\sipontren\app\Controllers\Dashboard.php(27): CodeIgniter\Model->countAllResults()
#6 E:\Xampp\htdocs\sipontren\vendor\codeigniter4\framework\system\CodeIgniter.php(824): App\Controllers\Dashboard->index()
#7 E:\Xampp\htdocs\sipontren\vendor\codeigniter4\framework\system\CodeIgniter.php(410): CodeIgniter\CodeIgniter->runController(Object(App\Controllers\Dashboard))
#8 E:\Xampp\htdocs\sipontren\vendor\codeigniter4\framework\system\CodeIgniter.php(318): CodeIgniter\CodeIgniter->handleRequest(NULL, Object(Config\Cache), false)
#9 E:\Xampp\htdocs\sipontren\public\index.php(37): CodeIgniter\CodeIgniter->run()
#10 E:\Xampp\htdocs\sipontren\vendor\codeigniter4\framework\system\Commands\Server\rewrite.php(43): require_once('E:\\Xampp\\htdocs...')
#11 {main}
ERROR - 2021-11-26 21:28:29 --> Unknown column 'santri.deleted_at' in 'where clause'
CRITICAL - 2021-11-26 21:28:29 --> Unknown column 'santri.deleted_at' in 'where clause'
#0 E:\Xampp\htdocs\sipontren\vendor\codeigniter4\framework\system\Database\MySQLi\Connection.php(292): mysqli->query('SELECT *\nFROM `...', 0)
#1 E:\Xampp\htdocs\sipontren\vendor\codeigniter4\framework\system\Database\BaseConnection.php(670): CodeIgniter\Database\MySQLi\Connection->execute('SELECT *\nFROM `...')
#2 E:\Xampp\htdocs\sipontren\vendor\codeigniter4\framework\system\Database\BaseConnection.php(598): CodeIgniter\Database\BaseConnection->simpleQuery('SELECT *\nFROM `...')
#3 E:\Xampp\htdocs\sipontren\vendor\codeigniter4\framework\system\Database\BaseBuilder.php(1443): CodeIgniter\Database\BaseConnection->query('SELECT *\nFROM `...', Array, false)
#4 E:\Xampp\htdocs\sipontren\vendor\codeigniter4\framework\system\Model.php(183): CodeIgniter\Database\BaseBuilder->get()
#5 E:\Xampp\htdocs\sipontren\vendor\codeigniter4\framework\system\BaseModel.php(584): CodeIgniter\Model->doFindAll(0, 0)
#6 E:\Xampp\htdocs\sipontren\app\Controllers\Dashboard.php(52): CodeIgniter\BaseModel->findAll()
#7 E:\Xampp\htdocs\sipontren\vendor\codeigniter4\framework\system\CodeIgniter.php(824): App\Controllers\Dashboard->santri()
#8 E:\Xampp\htdocs\sipontren\vendor\codeigniter4\framework\system\CodeIgniter.php(410): CodeIgniter\CodeIgniter->runController(Object(App\Controllers\Dashboard))
#9 E:\Xampp\htdocs\sipontren\vendor\codeigniter4\framework\system\CodeIgniter.php(318): CodeIgniter\CodeIgniter->handleRequest(NULL, Object(Config\Cache), false)
#10 E:\Xampp\htdocs\sipontren\public\index.php(37): CodeIgniter\CodeIgniter->run()
#11 E:\Xampp\htdocs\sipontren\vendor\codeigniter4\framework\system\Commands\Server\rewrite.php(43): require_once('E:\\Xampp\\htdocs...')
#12 {main}
ERROR - 2021-11-26 21:28:29 --> Unknown column 'santri.deleted_at' in 'where clause'
CRITICAL - 2021-11-26 21:28:29 --> Unknown column 'santri.deleted_at' in 'where clause'
#0 E:\Xampp\htdocs\sipontren\vendor\codeigniter4\framework\system\Database\MySQLi\Connection.php(292): mysqli->query('SELECT *\nFROM `...', 0)
#1 E:\Xampp\htdocs\sipontren\vendor\codeigniter4\framework\system\Database\BaseConnection.php(670): CodeIgniter\Database\MySQLi\Connection->execute('SELECT *\nFROM `...')
#2 E:\Xampp\htdocs\sipontren\vendor\codeigniter4\framework\system\Database\BaseConnection.php(598): CodeIgniter\Database\BaseConnection->simpleQuery('SELECT *\nFROM `...')
#3 E:\Xampp\htdocs\sipontren\vendor\codeigniter4\framework\system\Database\BaseBuilder.php(1443): CodeIgniter\Database\BaseConnection->query('SELECT *\nFROM `...', Array, false)
#4 E:\Xampp\htdocs\sipontren\vendor\codeigniter4\framework\system\Model.php(183): CodeIgniter\Database\BaseBuilder->get()
#5 E:\Xampp\htdocs\sipontren\vendor\codeigniter4\framework\system\BaseModel.php(584): CodeIgniter\Model->doFindAll(0, 0)
#6 E:\Xampp\htdocs\sipontren\app\Controllers\Dashboard.php(52): CodeIgniter\BaseModel->findAll()
#7 E:\Xampp\htdocs\sipontren\vendor\codeigniter4\framework\system\CodeIgniter.php(824): App\Controllers\Dashboard->santri()
#8 E:\Xampp\htdocs\sipontren\vendor\codeigniter4\framework\system\CodeIgniter.php(410): CodeIgniter\CodeIgniter->runController(Object(App\Controllers\Dashboard))
#9 E:\Xampp\htdocs\sipontren\vendor\codeigniter4\framework\system\CodeIgniter.php(318): CodeIgniter\CodeIgniter->handleRequest(NULL, Object(Config\Cache), false)
#10 E:\Xampp\htdocs\sipontren\public\index.php(37): CodeIgniter\CodeIgniter->run()
#11 E:\Xampp\htdocs\sipontren\vendor\codeigniter4\framework\system\Commands\Server\rewrite.php(43): require_once('E:\\Xampp\\htdocs...')
#12 {main}
ERROR - 2021-11-26 21:29:58 --> Unknown column 'santri.deleted_at' in 'where clause'
CRITICAL - 2021-11-26 21:29:58 --> Unknown column 'santri.deleted_at' in 'where clause'
#0 E:\Xampp\htdocs\sipontren\vendor\codeigniter4\framework\system\Database\MySQLi\Connection.php(292): mysqli->query('SELECT *\nFROM `...', 0)
#1 E:\Xampp\htdocs\sipontren\vendor\codeigniter4\framework\system\Database\BaseConnection.php(670): CodeIgniter\Database\MySQLi\Connection->execute('SELECT *\nFROM `...')
#2 E:\Xampp\htdocs\sipontren\vendor\codeigniter4\framework\system\Database\BaseConnection.php(598): CodeIgniter\Database\BaseConnection->simpleQuery('SELECT *\nFROM `...')
#3 E:\Xampp\htdocs\sipontren\vendor\codeigniter4\framework\system\Database\BaseBuilder.php(1443): CodeIgniter\Database\BaseConnection->query('SELECT *\nFROM `...', Array, false)
#4 E:\Xampp\htdocs\sipontren\vendor\codeigniter4\framework\system\Model.php(183): CodeIgniter\Database\BaseBuilder->get()
#5 E:\Xampp\htdocs\sipontren\vendor\codeigniter4\framework\system\BaseModel.php(584): CodeIgniter\Model->doFindAll(0, 0)
#6 E:\Xampp\htdocs\sipontren\app\Controllers\Dashboard.php(52): CodeIgniter\BaseModel->findAll()
#7 E:\Xampp\htdocs\sipontren\vendor\codeigniter4\framework\system\CodeIgniter.php(824): App\Controllers\Dashboard->santri()
#8 E:\Xampp\htdocs\sipontren\vendor\codeigniter4\framework\system\CodeIgniter.php(410): CodeIgniter\CodeIgniter->runController(Object(App\Controllers\Dashboard))
#9 E:\Xampp\htdocs\sipontren\vendor\codeigniter4\framework\system\CodeIgniter.php(318): CodeIgniter\CodeIgniter->handleRequest(NULL, Object(Config\Cache), false)
#10 E:\Xampp\htdocs\sipontren\public\index.php(37): CodeIgniter\CodeIgniter->run()
#11 E:\Xampp\htdocs\sipontren\vendor\codeigniter4\framework\system\Commands\Server\rewrite.php(43): require_once('E:\\Xampp\\htdocs...')
#12 {main}
ERROR - 2021-11-26 21:46:44 --> Unknown column 'santri.deleted_at' in 'where clause'
CRITICAL - 2021-11-26 21:46:44 --> Unknown column 'santri.deleted_at' in 'where clause'
#0 E:\Xampp\htdocs\sipontren\vendor\codeigniter4\framework\system\Database\MySQLi\Connection.php(292): mysqli->query('SELECT *\nFROM `...', 0)
#1 E:\Xampp\htdocs\sipontren\vendor\codeigniter4\framework\system\Database\BaseConnection.php(670): CodeIgniter\Database\MySQLi\Connection->execute('SELECT *\nFROM `...')
#2 E:\Xampp\htdocs\sipontren\vendor\codeigniter4\framework\system\Database\BaseConnection.php(598): CodeIgniter\Database\BaseConnection->simpleQuery('SELECT *\nFROM `...')
#3 E:\Xampp\htdocs\sipontren\vendor\codeigniter4\framework\system\Database\BaseBuilder.php(1443): CodeIgniter\Database\BaseConnection->query('SELECT *\nFROM `...', Array, false)
#4 E:\Xampp\htdocs\sipontren\vendor\codeigniter4\framework\system\Model.php(183): CodeIgniter\Database\BaseBuilder->get()
#5 E:\Xampp\htdocs\sipontren\vendor\codeigniter4\framework\system\BaseModel.php(584): CodeIgniter\Model->doFindAll(0, 0)
#6 E:\Xampp\htdocs\sipontren\app\Controllers\Dashboard.php(52): CodeIgniter\BaseModel->findAll()
#7 E:\Xampp\htdocs\sipontren\vendor\codeigniter4\framework\system\CodeIgniter.php(824): App\Controllers\Dashboard->santri()
#8 E:\Xampp\htdocs\sipontren\vendor\codeigniter4\framework\system\CodeIgniter.php(410): CodeIgniter\CodeIgniter->runController(Object(App\Controllers\Dashboard))
#9 E:\Xampp\htdocs\sipontren\vendor\codeigniter4\framework\system\CodeIgniter.php(318): CodeIgniter\CodeIgniter->handleRequest(NULL, Object(Config\Cache), false)
#10 E:\Xampp\htdocs\sipontren\public\index.php(37): CodeIgniter\CodeIgniter->run()
#11 E:\Xampp\htdocs\sipontren\vendor\codeigniter4\framework\system\Commands\Server\rewrite.php(43): require_once('E:\\Xampp\\htdocs...')
#12 {main}
ERROR - 2021-11-26 21:46:49 --> Unknown column 'santri.deleted_at' in 'where clause'
CRITICAL - 2021-11-26 21:46:49 --> Unknown column 'santri.deleted_at' in 'where clause'
#0 E:\Xampp\htdocs\sipontren\vendor\codeigniter4\framework\system\Database\MySQLi\Connection.php(292): mysqli->query('SELECT *\nFROM `...', 0)
#1 E:\Xampp\htdocs\sipontren\vendor\codeigniter4\framework\system\Database\BaseConnection.php(670): CodeIgniter\Database\MySQLi\Connection->execute('SELECT *\nFROM `...')
#2 E:\Xampp\htdocs\sipontren\vendor\codeigniter4\framework\system\Database\BaseConnection.php(598): CodeIgniter\Database\BaseConnection->simpleQuery('SELECT *\nFROM `...')
#3 E:\Xampp\htdocs\sipontren\vendor\codeigniter4\framework\system\Database\BaseBuilder.php(1443): CodeIgniter\Database\BaseConnection->query('SELECT *\nFROM `...', Array, false)
#4 E:\Xampp\htdocs\sipontren\vendor\codeigniter4\framework\system\Model.php(210): CodeIgniter\Database\BaseBuilder->get()
#5 E:\Xampp\htdocs\sipontren\vendor\codeigniter4\framework\system\BaseModel.php(622): CodeIgniter\Model->doFirst()
#6 E:\Xampp\htdocs\sipontren\app\Controllers\Santri.php(111): CodeIgniter\BaseModel->first()
#7 E:\Xampp\htdocs\sipontren\vendor\codeigniter4\framework\system\CodeIgniter.php(824): App\Controllers\Santri->detail('1')
#8 E:\Xampp\htdocs\sipontren\vendor\codeigniter4\framework\system\CodeIgniter.php(410): CodeIgniter\CodeIgniter->runController(Object(App\Controllers\Santri))
#9 E:\Xampp\htdocs\sipontren\vendor\codeigniter4\framework\system\CodeIgniter.php(318): CodeIgniter\CodeIgniter->handleRequest(NULL, Object(Config\Cache), false)
#10 E:\Xampp\htdocs\sipontren\public\index.php(37): CodeIgniter\CodeIgniter->run()
#11 E:\Xampp\htdocs\sipontren\vendor\codeigniter4\framework\system\Commands\Server\rewrite.php(43): require_once('E:\\Xampp\\htdocs...')
#12 {main}
