CRITICAL - 2022-01-24 17:19:01 --> Undefined variable $validation
#0 C:\Users\Lenovo\Desktop\sipontren\app\Views\santri\profil.php(85): CodeIgniter\Debug\Exceptions->errorHandler(2, 'Undefined varia...', 'C:\\Users\\Lenovo...', 85)
#1 C:\Users\Lenovo\Desktop\sipontren\vendor\codeigniter4\framework\system\View\View.php(214): include('C:\\Users\\Lenovo...')
#2 C:\Users\Lenovo\Desktop\sipontren\vendor\codeigniter4\framework\system\View\View.php(217): CodeIgniter\View\View->CodeIgniter\View\{closure}()
#3 C:\Users\Lenovo\Desktop\sipontren\vendor\codeigniter4\framework\system\Common.php(1097): CodeIgniter\View\View->render('santri/profil', Array, true)
#4 C:\Users\Lenovo\Desktop\sipontren\app\Controllers\Santri.php(46): view('santri/profil', Array)
#5 C:\Users\Lenovo\Desktop\sipontren\vendor\codeigniter4\framework\system\CodeIgniter.php(824): App\Controllers\Santri->profil()
#6 C:\Users\Lenovo\Desktop\sipontren\vendor\codeigniter4\framework\system\CodeIgniter.php(410): CodeIgniter\CodeIgniter->runController(Object(App\Controllers\Santri))
#7 C:\Users\Lenovo\Desktop\sipontren\vendor\codeigniter4\framework\system\CodeIgniter.php(318): CodeIgniter\CodeIgniter->handleRequest(NULL, Object(Config\Cache), false)
#8 C:\Users\Lenovo\Desktop\sipontren\public\index.php(37): CodeIgniter\CodeIgniter->run()
#9 C:\Users\Lenovo\Desktop\sipontren\vendor\codeigniter4\framework\system\Commands\Server\rewrite.php(43): require_once('C:\\Users\\Lenovo...')
#10 {main}
CRITICAL - 2022-01-24 17:19:43 --> Undefined variable $validation
#0 C:\Users\Lenovo\Desktop\sipontren\app\Views\santri\profil.php(85): CodeIgniter\Debug\Exceptions->errorHandler(2, 'Undefined varia...', 'C:\\Users\\Lenovo...', 85)
#1 C:\Users\Lenovo\Desktop\sipontren\vendor\codeigniter4\framework\system\View\View.php(214): include('C:\\Users\\Lenovo...')
#2 C:\Users\Lenovo\Desktop\sipontren\vendor\codeigniter4\framework\system\View\View.php(217): CodeIgniter\View\View->CodeIgniter\View\{closure}()
#3 C:\Users\Lenovo\Desktop\sipontren\vendor\codeigniter4\framework\system\Common.php(1097): CodeIgniter\View\View->render('santri/profil', Array, true)
#4 C:\Users\Lenovo\Desktop\sipontren\app\Controllers\Santri.php(46): view('santri/profil', Array)
#5 C:\Users\Lenovo\Desktop\sipontren\vendor\codeigniter4\framework\system\CodeIgniter.php(824): App\Controllers\Santri->profil()
#6 C:\Users\Lenovo\Desktop\sipontren\vendor\codeigniter4\framework\system\CodeIgniter.php(410): CodeIgniter\CodeIgniter->runController(Object(App\Controllers\Santri))
#7 C:\Users\Lenovo\Desktop\sipontren\vendor\codeigniter4\framework\system\CodeIgniter.php(318): CodeIgniter\CodeIgniter->handleRequest(NULL, Object(Config\Cache), false)
#8 C:\Users\Lenovo\Desktop\sipontren\public\index.php(37): CodeIgniter\CodeIgniter->run()
#9 C:\Users\Lenovo\Desktop\sipontren\vendor\codeigniter4\framework\system\Commands\Server\rewrite.php(43): require_once('C:\\Users\\Lenovo...')
#10 {main}
CRITICAL - 2022-01-24 17:19:55 --> Undefined variable $validation
#0 C:\Users\Lenovo\Desktop\sipontren\app\Views\santri\profil.php(85): CodeIgniter\Debug\Exceptions->errorHandler(2, 'Undefined varia...', 'C:\\Users\\Lenovo...', 85)
#1 C:\Users\Lenovo\Desktop\sipontren\vendor\codeigniter4\framework\system\View\View.php(214): include('C:\\Users\\Lenovo...')
#2 C:\Users\Lenovo\Desktop\sipontren\vendor\codeigniter4\framework\system\View\View.php(217): CodeIgniter\View\View->CodeIgniter\View\{closure}()
#3 C:\Users\Lenovo\Desktop\sipontren\vendor\codeigniter4\framework\system\Common.php(1097): CodeIgniter\View\View->render('santri/profil', Array, true)
#4 C:\Users\Lenovo\Desktop\sipontren\app\Controllers\Santri.php(46): view('santri/profil', Array)
#5 C:\Users\Lenovo\Desktop\sipontren\vendor\codeigniter4\framework\system\CodeIgniter.php(824): App\Controllers\Santri->profil()
#6 C:\Users\Lenovo\Desktop\sipontren\vendor\codeigniter4\framework\system\CodeIgniter.php(410): CodeIgniter\CodeIgniter->runController(Object(App\Controllers\Santri))
#7 C:\Users\Lenovo\Desktop\sipontren\vendor\codeigniter4\framework\system\CodeIgniter.php(318): CodeIgniter\CodeIgniter->handleRequest(NULL, Object(Config\Cache), false)
#8 C:\Users\Lenovo\Desktop\sipontren\public\index.php(37): CodeIgniter\CodeIgniter->run()
#9 C:\Users\Lenovo\Desktop\sipontren\vendor\codeigniter4\framework\system\Commands\Server\rewrite.php(43): require_once('C:\\Users\\Lenovo...')
#10 {main}
CRITICAL - 2022-01-24 17:20:01 --> Undefined variable $validation
#0 C:\Users\Lenovo\Desktop\sipontren\app\Views\santri\profil.php(85): CodeIgniter\Debug\Exceptions->errorHandler(2, 'Undefined varia...', 'C:\\Users\\Lenovo...', 85)
#1 C:\Users\Lenovo\Desktop\sipontren\vendor\codeigniter4\framework\system\View\View.php(214): include('C:\\Users\\Lenovo...')
#2 C:\Users\Lenovo\Desktop\sipontren\vendor\codeigniter4\framework\system\View\View.php(217): CodeIgniter\View\View->CodeIgniter\View\{closure}()
#3 C:\Users\Lenovo\Desktop\sipontren\vendor\codeigniter4\framework\system\Common.php(1097): CodeIgniter\View\View->render('santri/profil', Array, true)
#4 C:\Users\Lenovo\Desktop\sipontren\app\Controllers\Santri.php(46): view('santri/profil', Array)
#5 C:\Users\Lenovo\Desktop\sipontren\vendor\codeigniter4\framework\system\CodeIgniter.php(824): App\Controllers\Santri->profil()
#6 C:\Users\Lenovo\Desktop\sipontren\vendor\codeigniter4\framework\system\CodeIgniter.php(410): CodeIgniter\CodeIgniter->runController(Object(App\Controllers\Santri))
#7 C:\Users\Lenovo\Desktop\sipontren\vendor\codeigniter4\framework\system\CodeIgniter.php(318): CodeIgniter\CodeIgniter->handleRequest(NULL, Object(Config\Cache), false)
#8 C:\Users\Lenovo\Desktop\sipontren\public\index.php(37): CodeIgniter\CodeIgniter->run()
#9 C:\Users\Lenovo\Desktop\sipontren\vendor\codeigniter4\framework\system\Commands\Server\rewrite.php(43): require_once('C:\\Users\\Lenovo...')
#10 {main}
