ERROR - 2021-11-29 07:48:59 --> Unknown column 'santri.deleted_at' in 'where clause'
CRITICAL - 2021-11-29 07:48:59 --> Unknown column 'santri.deleted_at' in 'where clause'
#0 E:\Xampp\htdocs\sipontren\vendor\codeigniter4\framework\system\Database\MySQLi\Connection.php(292): mysqli->query('SELECT COUNT(*)...', 0)
#1 E:\Xampp\htdocs\sipontren\vendor\codeigniter4\framework\system\Database\BaseConnection.php(670): CodeIgniter\Database\MySQLi\Connection->execute('SELECT COUNT(*)...')
#2 E:\Xampp\htdocs\sipontren\vendor\codeigniter4\framework\system\Database\BaseConnection.php(598): CodeIgniter\Database\BaseConnection->simpleQuery('SELECT COUNT(*)...')
#3 E:\Xampp\htdocs\sipontren\vendor\codeigniter4\framework\system\Database\BaseBuilder.php(1527): CodeIgniter\Database\BaseConnection->query('SELECT COUNT(*)...', Array, false)
#4 E:\Xampp\htdocs\sipontren\vendor\codeigniter4\framework\system\Model.php(509): CodeIgniter\Database\BaseBuilder->countAllResults(true)
#5 E:\Xampp\htdocs\sipontren\app\Controllers\Dashboard.php(27): CodeIgniter\Model->countAllResults()
#6 E:\Xampp\htdocs\sipontren\vendor\codeigniter4\framework\system\CodeIgniter.php(824): App\Controllers\Dashboard->index()
#7 E:\Xampp\htdocs\sipontren\vendor\codeigniter4\framework\system\CodeIgniter.php(410): CodeIgniter\CodeIgniter->runController(Object(App\Controllers\Dashboard))
#8 E:\Xampp\htdocs\sipontren\vendor\codeigniter4\framework\system\CodeIgniter.php(318): CodeIgniter\CodeIgniter->handleRequest(NULL, Object(Config\Cache), false)
#9 E:\Xampp\htdocs\sipontren\public\index.php(37): CodeIgniter\CodeIgniter->run()
#10 E:\Xampp\htdocs\sipontren\vendor\codeigniter4\framework\system\Commands\Server\rewrite.php(43): require_once('E:\\Xampp\\htdocs...')
#11 {main}
ERROR - 2021-11-29 07:49:09 --> Unknown column 'santri.deleted_at' in 'where clause'
CRITICAL - 2021-11-29 07:49:09 --> Unknown column 'santri.deleted_at' in 'where clause'
#0 E:\Xampp\htdocs\sipontren\vendor\codeigniter4\framework\system\Database\MySQLi\Connection.php(292): mysqli->query('SELECT *\nFROM `...', 0)
#1 E:\Xampp\htdocs\sipontren\vendor\codeigniter4\framework\system\Database\BaseConnection.php(670): CodeIgniter\Database\MySQLi\Connection->execute('SELECT *\nFROM `...')
#2 E:\Xampp\htdocs\sipontren\vendor\codeigniter4\framework\system\Database\BaseConnection.php(598): CodeIgniter\Database\BaseConnection->simpleQuery('SELECT *\nFROM `...')
#3 E:\Xampp\htdocs\sipontren\vendor\codeigniter4\framework\system\Database\BaseBuilder.php(1443): CodeIgniter\Database\BaseConnection->query('SELECT *\nFROM `...', Array, false)
#4 E:\Xampp\htdocs\sipontren\vendor\codeigniter4\framework\system\Model.php(183): CodeIgniter\Database\BaseBuilder->get()
#5 E:\Xampp\htdocs\sipontren\vendor\codeigniter4\framework\system\BaseModel.php(584): CodeIgniter\Model->doFindAll(0, 0)
#6 E:\Xampp\htdocs\sipontren\app\Controllers\Dashboard.php(52): CodeIgniter\BaseModel->findAll()
#7 E:\Xampp\htdocs\sipontren\vendor\codeigniter4\framework\system\CodeIgniter.php(824): App\Controllers\Dashboard->santri()
#8 E:\Xampp\htdocs\sipontren\vendor\codeigniter4\framework\system\CodeIgniter.php(410): CodeIgniter\CodeIgniter->runController(Object(App\Controllers\Dashboard))
#9 E:\Xampp\htdocs\sipontren\vendor\codeigniter4\framework\system\CodeIgniter.php(318): CodeIgniter\CodeIgniter->handleRequest(NULL, Object(Config\Cache), false)
#10 E:\Xampp\htdocs\sipontren\public\index.php(37): CodeIgniter\CodeIgniter->run()
#11 E:\Xampp\htdocs\sipontren\vendor\codeigniter4\framework\system\Commands\Server\rewrite.php(43): require_once('E:\\Xampp\\htdocs...')
#12 {main}
ERROR - 2021-11-29 07:49:10 --> Unknown column 'santri.deleted_at' in 'where clause'
CRITICAL - 2021-11-29 07:49:10 --> Unknown column 'santri.deleted_at' in 'where clause'
#0 E:\Xampp\htdocs\sipontren\vendor\codeigniter4\framework\system\Database\MySQLi\Connection.php(292): mysqli->query('SELECT *\nFROM `...', 0)
#1 E:\Xampp\htdocs\sipontren\vendor\codeigniter4\framework\system\Database\BaseConnection.php(670): CodeIgniter\Database\MySQLi\Connection->execute('SELECT *\nFROM `...')
#2 E:\Xampp\htdocs\sipontren\vendor\codeigniter4\framework\system\Database\BaseConnection.php(598): CodeIgniter\Database\BaseConnection->simpleQuery('SELECT *\nFROM `...')
#3 E:\Xampp\htdocs\sipontren\vendor\codeigniter4\framework\system\Database\BaseBuilder.php(1443): CodeIgniter\Database\BaseConnection->query('SELECT *\nFROM `...', Array, false)
#4 E:\Xampp\htdocs\sipontren\vendor\codeigniter4\framework\system\Model.php(183): CodeIgniter\Database\BaseBuilder->get()
#5 E:\Xampp\htdocs\sipontren\vendor\codeigniter4\framework\system\BaseModel.php(584): CodeIgniter\Model->doFindAll(0, 0)
#6 E:\Xampp\htdocs\sipontren\app\Controllers\Dashboard.php(52): CodeIgniter\BaseModel->findAll()
#7 E:\Xampp\htdocs\sipontren\vendor\codeigniter4\framework\system\CodeIgniter.php(824): App\Controllers\Dashboard->santri()
#8 E:\Xampp\htdocs\sipontren\vendor\codeigniter4\framework\system\CodeIgniter.php(410): CodeIgniter\CodeIgniter->runController(Object(App\Controllers\Dashboard))
#9 E:\Xampp\htdocs\sipontren\vendor\codeigniter4\framework\system\CodeIgniter.php(318): CodeIgniter\CodeIgniter->handleRequest(NULL, Object(Config\Cache), false)
#10 E:\Xampp\htdocs\sipontren\public\index.php(37): CodeIgniter\CodeIgniter->run()
#11 E:\Xampp\htdocs\sipontren\vendor\codeigniter4\framework\system\Commands\Server\rewrite.php(43): require_once('E:\\Xampp\\htdocs...')
#12 {main}
ERROR - 2021-11-29 07:49:14 --> Unknown column 'santri.deleted_at' in 'where clause'
CRITICAL - 2021-11-29 07:49:14 --> Unknown column 'santri.deleted_at' in 'where clause'
#0 E:\Xampp\htdocs\sipontren\vendor\codeigniter4\framework\system\Database\MySQLi\Connection.php(292): mysqli->query('SELECT *\nFROM `...', 0)
#1 E:\Xampp\htdocs\sipontren\vendor\codeigniter4\framework\system\Database\BaseConnection.php(670): CodeIgniter\Database\MySQLi\Connection->execute('SELECT *\nFROM `...')
#2 E:\Xampp\htdocs\sipontren\vendor\codeigniter4\framework\system\Database\BaseConnection.php(598): CodeIgniter\Database\BaseConnection->simpleQuery('SELECT *\nFROM `...')
#3 E:\Xampp\htdocs\sipontren\vendor\codeigniter4\framework\system\Database\BaseBuilder.php(1443): CodeIgniter\Database\BaseConnection->query('SELECT *\nFROM `...', Array, false)
#4 E:\Xampp\htdocs\sipontren\vendor\codeigniter4\framework\system\Model.php(183): CodeIgniter\Database\BaseBuilder->get()
#5 E:\Xampp\htdocs\sipontren\vendor\codeigniter4\framework\system\BaseModel.php(584): CodeIgniter\Model->doFindAll(0, 0)
#6 E:\Xampp\htdocs\sipontren\app\Controllers\Dashboard.php(52): CodeIgniter\BaseModel->findAll()
#7 E:\Xampp\htdocs\sipontren\vendor\codeigniter4\framework\system\CodeIgniter.php(824): App\Controllers\Dashboard->santri()
#8 E:\Xampp\htdocs\sipontren\vendor\codeigniter4\framework\system\CodeIgniter.php(410): CodeIgniter\CodeIgniter->runController(Object(App\Controllers\Dashboard))
#9 E:\Xampp\htdocs\sipontren\vendor\codeigniter4\framework\system\CodeIgniter.php(318): CodeIgniter\CodeIgniter->handleRequest(NULL, Object(Config\Cache), false)
#10 E:\Xampp\htdocs\sipontren\public\index.php(37): CodeIgniter\CodeIgniter->run()
#11 E:\Xampp\htdocs\sipontren\vendor\codeigniter4\framework\system\Commands\Server\rewrite.php(43): require_once('E:\\Xampp\\htdocs...')
#12 {main}
CRITICAL - 2021-11-29 08:31:30 --> Undefined variable $keuangan
#0 E:\Xampp\htdocs\sipontren\app\Views\pembayaran\index.php(43): CodeIgniter\Debug\Exceptions->errorHandler(2, 'Undefined varia...', 'E:\\Xampp\\htdocs...', 43)
#1 E:\Xampp\htdocs\sipontren\vendor\codeigniter4\framework\system\View\View.php(214): include('E:\\Xampp\\htdocs...')
#2 E:\Xampp\htdocs\sipontren\vendor\codeigniter4\framework\system\View\View.php(217): CodeIgniter\View\View->CodeIgniter\View\{closure}()
#3 E:\Xampp\htdocs\sipontren\vendor\codeigniter4\framework\system\Common.php(1097): CodeIgniter\View\View->render('pembayaran/inde...', Array, true)
#4 E:\Xampp\htdocs\sipontren\app\Controllers\Pembayaran.php(22): view('pembayaran/inde...', Array)
#5 E:\Xampp\htdocs\sipontren\vendor\codeigniter4\framework\system\CodeIgniter.php(824): App\Controllers\Pembayaran->index()
#6 E:\Xampp\htdocs\sipontren\vendor\codeigniter4\framework\system\CodeIgniter.php(410): CodeIgniter\CodeIgniter->runController(Object(App\Controllers\Pembayaran))
#7 E:\Xampp\htdocs\sipontren\vendor\codeigniter4\framework\system\CodeIgniter.php(318): CodeIgniter\CodeIgniter->handleRequest(NULL, Object(Config\Cache), false)
#8 E:\Xampp\htdocs\sipontren\public\index.php(37): CodeIgniter\CodeIgniter->run()
#9 E:\Xampp\htdocs\sipontren\vendor\codeigniter4\framework\system\Commands\Server\rewrite.php(43): require_once('E:\\Xampp\\htdocs...')
#10 {main}
CRITICAL - 2021-11-29 08:31:35 --> Undefined array key 11
#0 E:\Xampp\htdocs\sipontren\app\Views\pembayaran\index.php(43): CodeIgniter\Debug\Exceptions->errorHandler(2, 'Undefined array...', 'E:\\Xampp\\htdocs...', 43)
#1 E:\Xampp\htdocs\sipontren\vendor\codeigniter4\framework\system\View\View.php(214): include('E:\\Xampp\\htdocs...')
#2 E:\Xampp\htdocs\sipontren\vendor\codeigniter4\framework\system\View\View.php(217): CodeIgniter\View\View->CodeIgniter\View\{closure}()
#3 E:\Xampp\htdocs\sipontren\vendor\codeigniter4\framework\system\Common.php(1097): CodeIgniter\View\View->render('pembayaran/inde...', Array, true)
#4 E:\Xampp\htdocs\sipontren\app\Controllers\Pembayaran.php(22): view('pembayaran/inde...', Array)
#5 E:\Xampp\htdocs\sipontren\vendor\codeigniter4\framework\system\CodeIgniter.php(824): App\Controllers\Pembayaran->index()
#6 E:\Xampp\htdocs\sipontren\vendor\codeigniter4\framework\system\CodeIgniter.php(410): CodeIgniter\CodeIgniter->runController(Object(App\Controllers\Pembayaran))
#7 E:\Xampp\htdocs\sipontren\vendor\codeigniter4\framework\system\CodeIgniter.php(318): CodeIgniter\CodeIgniter->handleRequest(NULL, Object(Config\Cache), false)
#8 E:\Xampp\htdocs\sipontren\public\index.php(37): CodeIgniter\CodeIgniter->run()
#9 E:\Xampp\htdocs\sipontren\vendor\codeigniter4\framework\system\Commands\Server\rewrite.php(43): require_once('E:\\Xampp\\htdocs...')
#10 {main}
CRITICAL - 2021-11-29 08:34:56 --> Object of class DateTime could not be converted to string
#0 E:\Xampp\htdocs\sipontren\vendor\codeigniter4\framework\system\View\View.php(214): include()
#1 E:\Xampp\htdocs\sipontren\vendor\codeigniter4\framework\system\View\View.php(217): CodeIgniter\View\View->CodeIgniter\View\{closure}()
#2 E:\Xampp\htdocs\sipontren\vendor\codeigniter4\framework\system\Common.php(1097): CodeIgniter\View\View->render('pembayaran/inde...', Array, true)
#3 E:\Xampp\htdocs\sipontren\app\Controllers\Pembayaran.php(22): view('pembayaran/inde...', Array)
#4 E:\Xampp\htdocs\sipontren\vendor\codeigniter4\framework\system\CodeIgniter.php(824): App\Controllers\Pembayaran->index()
#5 E:\Xampp\htdocs\sipontren\vendor\codeigniter4\framework\system\CodeIgniter.php(410): CodeIgniter\CodeIgniter->runController(Object(App\Controllers\Pembayaran))
#6 E:\Xampp\htdocs\sipontren\vendor\codeigniter4\framework\system\CodeIgniter.php(318): CodeIgniter\CodeIgniter->handleRequest(NULL, Object(Config\Cache), false)
#7 E:\Xampp\htdocs\sipontren\public\index.php(37): CodeIgniter\CodeIgniter->run()
#8 E:\Xampp\htdocs\sipontren\vendor\codeigniter4\framework\system\Commands\Server\rewrite.php(43): require_once('E:\\Xampp\\htdocs...')
#9 {main}
CRITICAL - 2021-11-29 08:35:10 --> syntax error, unexpected token "echo"
#0 E:\Xampp\htdocs\sipontren\vendor\codeigniter4\framework\system\View\View.php(217): CodeIgniter\View\View->CodeIgniter\View\{closure}()
#1 E:\Xampp\htdocs\sipontren\vendor\codeigniter4\framework\system\Common.php(1097): CodeIgniter\View\View->render('pembayaran/inde...', Array, true)
#2 E:\Xampp\htdocs\sipontren\app\Controllers\Pembayaran.php(22): view('pembayaran/inde...', Array)
#3 E:\Xampp\htdocs\sipontren\vendor\codeigniter4\framework\system\CodeIgniter.php(824): App\Controllers\Pembayaran->index()
#4 E:\Xampp\htdocs\sipontren\vendor\codeigniter4\framework\system\CodeIgniter.php(410): CodeIgniter\CodeIgniter->runController(Object(App\Controllers\Pembayaran))
#5 E:\Xampp\htdocs\sipontren\vendor\codeigniter4\framework\system\CodeIgniter.php(318): CodeIgniter\CodeIgniter->handleRequest(NULL, Object(Config\Cache), false)
#6 E:\Xampp\htdocs\sipontren\public\index.php(37): CodeIgniter\CodeIgniter->run()
#7 E:\Xampp\htdocs\sipontren\vendor\codeigniter4\framework\system\Commands\Server\rewrite.php(43): require_once('E:\\Xampp\\htdocs...')
#8 {main}
CRITICAL - 2021-11-29 12:29:31 --> Undefined property: App\Controllers\Pembayaran::$input
#0 E:\Xampp\htdocs\sipontren\app\Controllers\Pembayaran.php(18): CodeIgniter\Debug\Exceptions->errorHandler(2, 'Undefined prope...', 'E:\\Xampp\\htdocs...', 18)
#1 E:\Xampp\htdocs\sipontren\vendor\codeigniter4\framework\system\CodeIgniter.php(824): App\Controllers\Pembayaran->index()
#2 E:\Xampp\htdocs\sipontren\vendor\codeigniter4\framework\system\CodeIgniter.php(410): CodeIgniter\CodeIgniter->runController(Object(App\Controllers\Pembayaran))
#3 E:\Xampp\htdocs\sipontren\vendor\codeigniter4\framework\system\CodeIgniter.php(318): CodeIgniter\CodeIgniter->handleRequest(NULL, Object(Config\Cache), false)
#4 E:\Xampp\htdocs\sipontren\public\index.php(37): CodeIgniter\CodeIgniter->run()
#5 E:\Xampp\htdocs\sipontren\vendor\codeigniter4\framework\system\Commands\Server\rewrite.php(43): require_once('E:\\Xampp\\htdocs...')
#6 {main}
