ERROR - 2022-04-02 12:56:28 --> Error connecting to the database: No connection could be made because the target machine actively refused it
CRITICAL - 2022-04-02 12:56:28 --> Unable to connect to the database.
Main connection [MySQLi]: No connection could be made because the target machine actively refused it
#0 C:\Users\Lenovo\Desktop\sipontren\vendor\codeigniter4\framework\system\Database\BaseConnection.php(577): CodeIgniter\Database\BaseConnection->initialize()
#1 C:\Users\Lenovo\Desktop\sipontren\vendor\codeigniter4\framework\system\Database\BaseBuilder.php(1576): CodeIgniter\Database\BaseConnection->query('SELECT *\nFROM `...', Array, false)
#2 C:\Users\Lenovo\Desktop\sipontren\app\Models\AdminModel.php(15): CodeIgniter\Database\BaseBuilder->getWhere(Array)
#3 C:\Users\Lenovo\Desktop\sipontren\app\Controllers\Login.php(66): App\Models\AdminModel->getLogin('superadmin')
#4 C:\Users\Lenovo\Desktop\sipontren\vendor\codeigniter4\framework\system\CodeIgniter.php(824): App\Controllers\Login->loginAdmin()
#5 C:\Users\Lenovo\Desktop\sipontren\vendor\codeigniter4\framework\system\CodeIgniter.php(410): CodeIgniter\CodeIgniter->runController(Object(App\Controllers\Login))
#6 C:\Users\Lenovo\Desktop\sipontren\vendor\codeigniter4\framework\system\CodeIgniter.php(318): CodeIgniter\CodeIgniter->handleRequest(NULL, Object(Config\Cache), false)
#7 C:\Users\Lenovo\Desktop\sipontren\public\index.php(37): CodeIgniter\CodeIgniter->run()
#8 C:\Users\Lenovo\Desktop\sipontren\vendor\codeigniter4\framework\system\Commands\Server\rewrite.php(43): require_once('C:\\Users\\Lenovo...')
#9 {main}
CRITICAL - 2022-04-02 12:57:03 --> Undefined array key 0
#0 C:\Users\Lenovo\Desktop\sipontren\app\Controllers\Status_pembayaran.php(509): CodeIgniter\Debug\Exceptions->errorHandler(2, 'Undefined array...', 'C:\\Users\\Lenovo...', 509)
#1 C:\Users\Lenovo\Desktop\sipontren\vendor\codeigniter4\framework\system\CodeIgniter.php(824): App\Controllers\Status_pembayaran->bayar()
#2 C:\Users\Lenovo\Desktop\sipontren\vendor\codeigniter4\framework\system\CodeIgniter.php(410): CodeIgniter\CodeIgniter->runController(Object(App\Controllers\Status_pembayaran))
#3 C:\Users\Lenovo\Desktop\sipontren\vendor\codeigniter4\framework\system\CodeIgniter.php(318): CodeIgniter\CodeIgniter->handleRequest(NULL, Object(Config\Cache), false)
#4 C:\Users\Lenovo\Desktop\sipontren\public\index.php(37): CodeIgniter\CodeIgniter->run()
#5 C:\Users\Lenovo\Desktop\sipontren\vendor\codeigniter4\framework\system\Commands\Server\rewrite.php(43): require_once('C:\\Users\\Lenovo...')
#6 {main}
CRITICAL - 2022-04-02 12:57:36 --> Uninitialized string offset 0
#0 C:\Users\Lenovo\Desktop\sipontren\app\Controllers\Status_pembayaran.php(509): CodeIgniter\Debug\Exceptions->errorHandler(2, 'Uninitialized s...', 'C:\\Users\\Lenovo...', 509)
#1 C:\Users\Lenovo\Desktop\sipontren\vendor\codeigniter4\framework\system\CodeIgniter.php(824): App\Controllers\Status_pembayaran->bayar()
#2 C:\Users\Lenovo\Desktop\sipontren\vendor\codeigniter4\framework\system\CodeIgniter.php(410): CodeIgniter\CodeIgniter->runController(Object(App\Controllers\Status_pembayaran))
#3 C:\Users\Lenovo\Desktop\sipontren\vendor\codeigniter4\framework\system\CodeIgniter.php(318): CodeIgniter\CodeIgniter->handleRequest(NULL, Object(Config\Cache), false)
#4 C:\Users\Lenovo\Desktop\sipontren\public\index.php(37): CodeIgniter\CodeIgniter->run()
#5 C:\Users\Lenovo\Desktop\sipontren\vendor\codeigniter4\framework\system\Commands\Server\rewrite.php(43): require_once('C:\\Users\\Lenovo...')
#6 {main}
ERROR - 2022-04-02 12:59:40 --> Illegal parameter data types int and row for operation '='
CRITICAL - 2022-04-02 12:59:40 --> Illegal parameter data types int and row for operation '='
#0 C:\Users\Lenovo\Desktop\sipontren\vendor\codeigniter4\framework\system\Database\MySQLi\Connection.php(292): mysqli->query('SELECT *\nFROM `...', 0)
#1 C:\Users\Lenovo\Desktop\sipontren\vendor\codeigniter4\framework\system\Database\BaseConnection.php(670): CodeIgniter\Database\MySQLi\Connection->execute('SELECT *\nFROM `...')
#2 C:\Users\Lenovo\Desktop\sipontren\vendor\codeigniter4\framework\system\Database\BaseConnection.php(598): CodeIgniter\Database\BaseConnection->simpleQuery('SELECT *\nFROM `...')
#3 C:\Users\Lenovo\Desktop\sipontren\vendor\codeigniter4\framework\system\Database\BaseBuilder.php(1443): CodeIgniter\Database\BaseConnection->query('SELECT *\nFROM `...', Array, false)
#4 C:\Users\Lenovo\Desktop\sipontren\app\Models\KeuanganModel.php(1019): CodeIgniter\Database\BaseBuilder->get()
#5 C:\Users\Lenovo\Desktop\sipontren\app\Controllers\Status_pembayaran.php(512): App\Models\KeuanganModel->santri(Array)
#6 C:\Users\Lenovo\Desktop\sipontren\vendor\codeigniter4\framework\system\CodeIgniter.php(824): App\Controllers\Status_pembayaran->bayar()
#7 C:\Users\Lenovo\Desktop\sipontren\vendor\codeigniter4\framework\system\CodeIgniter.php(410): CodeIgniter\CodeIgniter->runController(Object(App\Controllers\Status_pembayaran))
#8 C:\Users\Lenovo\Desktop\sipontren\vendor\codeigniter4\framework\system\CodeIgniter.php(318): CodeIgniter\CodeIgniter->handleRequest(NULL, Object(Config\Cache), false)
#9 C:\Users\Lenovo\Desktop\sipontren\public\index.php(37): CodeIgniter\CodeIgniter->run()
#10 C:\Users\Lenovo\Desktop\sipontren\vendor\codeigniter4\framework\system\Commands\Server\rewrite.php(43): require_once('C:\\Users\\Lenovo...')
#11 {main}
ERROR - 2022-04-02 13:00:20 --> Illegal parameter data types int and row for operation '='
CRITICAL - 2022-04-02 13:00:20 --> Illegal parameter data types int and row for operation '='
#0 C:\Users\Lenovo\Desktop\sipontren\vendor\codeigniter4\framework\system\Database\MySQLi\Connection.php(292): mysqli->query('SELECT *\nFROM `...', 0)
#1 C:\Users\Lenovo\Desktop\sipontren\vendor\codeigniter4\framework\system\Database\BaseConnection.php(670): CodeIgniter\Database\MySQLi\Connection->execute('SELECT *\nFROM `...')
#2 C:\Users\Lenovo\Desktop\sipontren\vendor\codeigniter4\framework\system\Database\BaseConnection.php(598): CodeIgniter\Database\BaseConnection->simpleQuery('SELECT *\nFROM `...')
#3 C:\Users\Lenovo\Desktop\sipontren\vendor\codeigniter4\framework\system\Database\BaseBuilder.php(1443): CodeIgniter\Database\BaseConnection->query('SELECT *\nFROM `...', Array, false)
#4 C:\Users\Lenovo\Desktop\sipontren\app\Models\KeuanganModel.php(1019): CodeIgniter\Database\BaseBuilder->get()
#5 C:\Users\Lenovo\Desktop\sipontren\app\Controllers\Status_pembayaran.php(512): App\Models\KeuanganModel->santri(Array)
#6 C:\Users\Lenovo\Desktop\sipontren\vendor\codeigniter4\framework\system\CodeIgniter.php(824): App\Controllers\Status_pembayaran->bayar()
#7 C:\Users\Lenovo\Desktop\sipontren\vendor\codeigniter4\framework\system\CodeIgniter.php(410): CodeIgniter\CodeIgniter->runController(Object(App\Controllers\Status_pembayaran))
#8 C:\Users\Lenovo\Desktop\sipontren\vendor\codeigniter4\framework\system\CodeIgniter.php(318): CodeIgniter\CodeIgniter->handleRequest(NULL, Object(Config\Cache), false)
#9 C:\Users\Lenovo\Desktop\sipontren\public\index.php(37): CodeIgniter\CodeIgniter->run()
#10 C:\Users\Lenovo\Desktop\sipontren\vendor\codeigniter4\framework\system\Commands\Server\rewrite.php(43): require_once('C:\\Users\\Lenovo...')
#11 {main}
CRITICAL - 2022-04-02 13:01:11 --> Undefined array key "waktu"
#0 C:\Users\Lenovo\Desktop\sipontren\app\Controllers\Status_pembayaran.php(509): CodeIgniter\Debug\Exceptions->errorHandler(2, 'Undefined array...', 'C:\\Users\\Lenovo...', 509)
#1 C:\Users\Lenovo\Desktop\sipontren\vendor\codeigniter4\framework\system\CodeIgniter.php(824): App\Controllers\Status_pembayaran->bayar()
#2 C:\Users\Lenovo\Desktop\sipontren\vendor\codeigniter4\framework\system\CodeIgniter.php(410): CodeIgniter\CodeIgniter->runController(Object(App\Controllers\Status_pembayaran))
#3 C:\Users\Lenovo\Desktop\sipontren\vendor\codeigniter4\framework\system\CodeIgniter.php(318): CodeIgniter\CodeIgniter->handleRequest(NULL, Object(Config\Cache), false)
#4 C:\Users\Lenovo\Desktop\sipontren\public\index.php(37): CodeIgniter\CodeIgniter->run()
#5 C:\Users\Lenovo\Desktop\sipontren\vendor\codeigniter4\framework\system\Commands\Server\rewrite.php(43): require_once('C:\\Users\\Lenovo...')
#6 {main}
CRITICAL - 2022-04-02 13:01:27 --> strtotime(): Argument #1 ($datetime) must be of type string, array given
#0 C:\Users\Lenovo\Desktop\sipontren\app\Controllers\Status_pembayaran.php(509): strtotime(Array)
#1 C:\Users\Lenovo\Desktop\sipontren\vendor\codeigniter4\framework\system\CodeIgniter.php(824): App\Controllers\Status_pembayaran->bayar()
#2 C:\Users\Lenovo\Desktop\sipontren\vendor\codeigniter4\framework\system\CodeIgniter.php(410): CodeIgniter\CodeIgniter->runController(Object(App\Controllers\Status_pembayaran))
#3 C:\Users\Lenovo\Desktop\sipontren\vendor\codeigniter4\framework\system\CodeIgniter.php(318): CodeIgniter\CodeIgniter->handleRequest(NULL, Object(Config\Cache), false)
#4 C:\Users\Lenovo\Desktop\sipontren\public\index.php(37): CodeIgniter\CodeIgniter->run()
#5 C:\Users\Lenovo\Desktop\sipontren\vendor\codeigniter4\framework\system\Commands\Server\rewrite.php(43): require_once('C:\\Users\\Lenovo...')
#6 {main}
ERROR - 2022-04-02 13:02:09 --> Illegal parameter data types int and row for operation '='
CRITICAL - 2022-04-02 13:02:09 --> Illegal parameter data types int and row for operation '='
#0 C:\Users\Lenovo\Desktop\sipontren\vendor\codeigniter4\framework\system\Database\MySQLi\Connection.php(292): mysqli->query('SELECT *\nFROM `...', 0)
#1 C:\Users\Lenovo\Desktop\sipontren\vendor\codeigniter4\framework\system\Database\BaseConnection.php(670): CodeIgniter\Database\MySQLi\Connection->execute('SELECT *\nFROM `...')
#2 C:\Users\Lenovo\Desktop\sipontren\vendor\codeigniter4\framework\system\Database\BaseConnection.php(598): CodeIgniter\Database\BaseConnection->simpleQuery('SELECT *\nFROM `...')
#3 C:\Users\Lenovo\Desktop\sipontren\vendor\codeigniter4\framework\system\Database\BaseBuilder.php(1443): CodeIgniter\Database\BaseConnection->query('SELECT *\nFROM `...', Array, false)
#4 C:\Users\Lenovo\Desktop\sipontren\app\Models\KeuanganModel.php(1019): CodeIgniter\Database\BaseBuilder->get()
#5 C:\Users\Lenovo\Desktop\sipontren\app\Controllers\Status_pembayaran.php(512): App\Models\KeuanganModel->santri(Array)
#6 C:\Users\Lenovo\Desktop\sipontren\vendor\codeigniter4\framework\system\CodeIgniter.php(824): App\Controllers\Status_pembayaran->bayar()
#7 C:\Users\Lenovo\Desktop\sipontren\vendor\codeigniter4\framework\system\CodeIgniter.php(410): CodeIgniter\CodeIgniter->runController(Object(App\Controllers\Status_pembayaran))
#8 C:\Users\Lenovo\Desktop\sipontren\vendor\codeigniter4\framework\system\CodeIgniter.php(318): CodeIgniter\CodeIgniter->handleRequest(NULL, Object(Config\Cache), false)
#9 C:\Users\Lenovo\Desktop\sipontren\public\index.php(37): CodeIgniter\CodeIgniter->run()
#10 C:\Users\Lenovo\Desktop\sipontren\vendor\codeigniter4\framework\system\Commands\Server\rewrite.php(43): require_once('C:\\Users\\Lenovo...')
#11 {main}
ERROR - 2022-04-02 13:02:50 --> Illegal parameter data types int and row for operation '='
CRITICAL - 2022-04-02 13:02:50 --> Illegal parameter data types int and row for operation '='
#0 C:\Users\Lenovo\Desktop\sipontren\vendor\codeigniter4\framework\system\Database\MySQLi\Connection.php(292): mysqli->query('SELECT *\nFROM `...', 0)
#1 C:\Users\Lenovo\Desktop\sipontren\vendor\codeigniter4\framework\system\Database\BaseConnection.php(670): CodeIgniter\Database\MySQLi\Connection->execute('SELECT *\nFROM `...')
#2 C:\Users\Lenovo\Desktop\sipontren\vendor\codeigniter4\framework\system\Database\BaseConnection.php(598): CodeIgniter\Database\BaseConnection->simpleQuery('SELECT *\nFROM `...')
#3 C:\Users\Lenovo\Desktop\sipontren\vendor\codeigniter4\framework\system\Database\BaseBuilder.php(1443): CodeIgniter\Database\BaseConnection->query('SELECT *\nFROM `...', Array, false)
#4 C:\Users\Lenovo\Desktop\sipontren\app\Models\KeuanganModel.php(1019): CodeIgniter\Database\BaseBuilder->get()
#5 C:\Users\Lenovo\Desktop\sipontren\app\Controllers\Status_pembayaran.php(512): App\Models\KeuanganModel->santri(Array)
#6 C:\Users\Lenovo\Desktop\sipontren\vendor\codeigniter4\framework\system\CodeIgniter.php(824): App\Controllers\Status_pembayaran->bayar()
#7 C:\Users\Lenovo\Desktop\sipontren\vendor\codeigniter4\framework\system\CodeIgniter.php(410): CodeIgniter\CodeIgniter->runController(Object(App\Controllers\Status_pembayaran))
#8 C:\Users\Lenovo\Desktop\sipontren\vendor\codeigniter4\framework\system\CodeIgniter.php(318): CodeIgniter\CodeIgniter->handleRequest(NULL, Object(Config\Cache), false)
#9 C:\Users\Lenovo\Desktop\sipontren\public\index.php(37): CodeIgniter\CodeIgniter->run()
#10 C:\Users\Lenovo\Desktop\sipontren\vendor\codeigniter4\framework\system\Commands\Server\rewrite.php(43): require_once('C:\\Users\\Lenovo...')
#11 {main}
ERROR - 2022-04-02 13:03:37 --> Illegal parameter data types int and row for operation '='
CRITICAL - 2022-04-02 13:03:37 --> Illegal parameter data types int and row for operation '='
#0 C:\Users\Lenovo\Desktop\sipontren\vendor\codeigniter4\framework\system\Database\MySQLi\Connection.php(292): mysqli->query('SELECT *\nFROM `...', 0)
#1 C:\Users\Lenovo\Desktop\sipontren\vendor\codeigniter4\framework\system\Database\BaseConnection.php(670): CodeIgniter\Database\MySQLi\Connection->execute('SELECT *\nFROM `...')
#2 C:\Users\Lenovo\Desktop\sipontren\vendor\codeigniter4\framework\system\Database\BaseConnection.php(598): CodeIgniter\Database\BaseConnection->simpleQuery('SELECT *\nFROM `...')
#3 C:\Users\Lenovo\Desktop\sipontren\vendor\codeigniter4\framework\system\Database\BaseBuilder.php(1443): CodeIgniter\Database\BaseConnection->query('SELECT *\nFROM `...', Array, false)
#4 C:\Users\Lenovo\Desktop\sipontren\app\Models\KeuanganModel.php(1019): CodeIgniter\Database\BaseBuilder->get()
#5 C:\Users\Lenovo\Desktop\sipontren\app\Controllers\Status_pembayaran.php(512): App\Models\KeuanganModel->santri(Array)
#6 C:\Users\Lenovo\Desktop\sipontren\vendor\codeigniter4\framework\system\CodeIgniter.php(824): App\Controllers\Status_pembayaran->bayar()
#7 C:\Users\Lenovo\Desktop\sipontren\vendor\codeigniter4\framework\system\CodeIgniter.php(410): CodeIgniter\CodeIgniter->runController(Object(App\Controllers\Status_pembayaran))
#8 C:\Users\Lenovo\Desktop\sipontren\vendor\codeigniter4\framework\system\CodeIgniter.php(318): CodeIgniter\CodeIgniter->handleRequest(NULL, Object(Config\Cache), false)
#9 C:\Users\Lenovo\Desktop\sipontren\public\index.php(37): CodeIgniter\CodeIgniter->run()
#10 C:\Users\Lenovo\Desktop\sipontren\vendor\codeigniter4\framework\system\Commands\Server\rewrite.php(43): require_once('C:\\Users\\Lenovo...')
#11 {main}
ERROR - 2022-04-02 13:05:22 --> Illegal parameter data types int and row for operation '='
CRITICAL - 2022-04-02 13:05:22 --> Illegal parameter data types int and row for operation '='
#0 C:\Users\Lenovo\Desktop\sipontren\vendor\codeigniter4\framework\system\Database\MySQLi\Connection.php(292): mysqli->query('SELECT *\nFROM `...', 0)
#1 C:\Users\Lenovo\Desktop\sipontren\vendor\codeigniter4\framework\system\Database\BaseConnection.php(670): CodeIgniter\Database\MySQLi\Connection->execute('SELECT *\nFROM `...')
#2 C:\Users\Lenovo\Desktop\sipontren\vendor\codeigniter4\framework\system\Database\BaseConnection.php(598): CodeIgniter\Database\BaseConnection->simpleQuery('SELECT *\nFROM `...')
#3 C:\Users\Lenovo\Desktop\sipontren\vendor\codeigniter4\framework\system\Database\BaseBuilder.php(1443): CodeIgniter\Database\BaseConnection->query('SELECT *\nFROM `...', Array, false)
#4 C:\Users\Lenovo\Desktop\sipontren\app\Models\KeuanganModel.php(1019): CodeIgniter\Database\BaseBuilder->get()
#5 C:\Users\Lenovo\Desktop\sipontren\app\Controllers\Status_pembayaran.php(512): App\Models\KeuanganModel->santri(Array)
#6 C:\Users\Lenovo\Desktop\sipontren\vendor\codeigniter4\framework\system\CodeIgniter.php(824): App\Controllers\Status_pembayaran->bayar()
#7 C:\Users\Lenovo\Desktop\sipontren\vendor\codeigniter4\framework\system\CodeIgniter.php(410): CodeIgniter\CodeIgniter->runController(Object(App\Controllers\Status_pembayaran))
#8 C:\Users\Lenovo\Desktop\sipontren\vendor\codeigniter4\framework\system\CodeIgniter.php(318): CodeIgniter\CodeIgniter->handleRequest(NULL, Object(Config\Cache), false)
#9 C:\Users\Lenovo\Desktop\sipontren\public\index.php(37): CodeIgniter\CodeIgniter->run()
#10 C:\Users\Lenovo\Desktop\sipontren\vendor\codeigniter4\framework\system\Commands\Server\rewrite.php(43): require_once('C:\\Users\\Lenovo...')
#11 {main}
ERROR - 2022-04-02 13:06:13 --> Illegal parameter data types int and row for operation '='
CRITICAL - 2022-04-02 13:06:13 --> Illegal parameter data types int and row for operation '='
#0 C:\Users\Lenovo\Desktop\sipontren\vendor\codeigniter4\framework\system\Database\MySQLi\Connection.php(292): mysqli->query('SELECT *\nFROM `...', 0)
#1 C:\Users\Lenovo\Desktop\sipontren\vendor\codeigniter4\framework\system\Database\BaseConnection.php(670): CodeIgniter\Database\MySQLi\Connection->execute('SELECT *\nFROM `...')
#2 C:\Users\Lenovo\Desktop\sipontren\vendor\codeigniter4\framework\system\Database\BaseConnection.php(598): CodeIgniter\Database\BaseConnection->simpleQuery('SELECT *\nFROM `...')
#3 C:\Users\Lenovo\Desktop\sipontren\vendor\codeigniter4\framework\system\Database\BaseBuilder.php(1443): CodeIgniter\Database\BaseConnection->query('SELECT *\nFROM `...', Array, false)
#4 C:\Users\Lenovo\Desktop\sipontren\app\Models\KeuanganModel.php(1019): CodeIgniter\Database\BaseBuilder->get()
#5 C:\Users\Lenovo\Desktop\sipontren\app\Controllers\Status_pembayaran.php(512): App\Models\KeuanganModel->santri(Array)
#6 C:\Users\Lenovo\Desktop\sipontren\vendor\codeigniter4\framework\system\CodeIgniter.php(824): App\Controllers\Status_pembayaran->bayar()
#7 C:\Users\Lenovo\Desktop\sipontren\vendor\codeigniter4\framework\system\CodeIgniter.php(410): CodeIgniter\CodeIgniter->runController(Object(App\Controllers\Status_pembayaran))
#8 C:\Users\Lenovo\Desktop\sipontren\vendor\codeigniter4\framework\system\CodeIgniter.php(318): CodeIgniter\CodeIgniter->handleRequest(NULL, Object(Config\Cache), false)
#9 C:\Users\Lenovo\Desktop\sipontren\public\index.php(37): CodeIgniter\CodeIgniter->run()
#10 C:\Users\Lenovo\Desktop\sipontren\vendor\codeigniter4\framework\system\Commands\Server\rewrite.php(43): require_once('C:\\Users\\Lenovo...')
#11 {main}
ERROR - 2022-04-02 13:06:50 --> Illegal parameter data types int and row for operation '='
CRITICAL - 2022-04-02 13:06:50 --> Illegal parameter data types int and row for operation '='
#0 C:\Users\Lenovo\Desktop\sipontren\vendor\codeigniter4\framework\system\Database\MySQLi\Connection.php(292): mysqli->query('SELECT *\nFROM `...', 0)
#1 C:\Users\Lenovo\Desktop\sipontren\vendor\codeigniter4\framework\system\Database\BaseConnection.php(670): CodeIgniter\Database\MySQLi\Connection->execute('SELECT *\nFROM `...')
#2 C:\Users\Lenovo\Desktop\sipontren\vendor\codeigniter4\framework\system\Database\BaseConnection.php(598): CodeIgniter\Database\BaseConnection->simpleQuery('SELECT *\nFROM `...')
#3 C:\Users\Lenovo\Desktop\sipontren\vendor\codeigniter4\framework\system\Database\BaseBuilder.php(1443): CodeIgniter\Database\BaseConnection->query('SELECT *\nFROM `...', Array, false)
#4 C:\Users\Lenovo\Desktop\sipontren\app\Models\KeuanganModel.php(1019): CodeIgniter\Database\BaseBuilder->get()
#5 C:\Users\Lenovo\Desktop\sipontren\app\Controllers\Status_pembayaran.php(512): App\Models\KeuanganModel->santri(Array)
#6 C:\Users\Lenovo\Desktop\sipontren\vendor\codeigniter4\framework\system\CodeIgniter.php(824): App\Controllers\Status_pembayaran->bayar()
#7 C:\Users\Lenovo\Desktop\sipontren\vendor\codeigniter4\framework\system\CodeIgniter.php(410): CodeIgniter\CodeIgniter->runController(Object(App\Controllers\Status_pembayaran))
#8 C:\Users\Lenovo\Desktop\sipontren\vendor\codeigniter4\framework\system\CodeIgniter.php(318): CodeIgniter\CodeIgniter->handleRequest(NULL, Object(Config\Cache), false)
#9 C:\Users\Lenovo\Desktop\sipontren\public\index.php(37): CodeIgniter\CodeIgniter->run()
#10 C:\Users\Lenovo\Desktop\sipontren\vendor\codeigniter4\framework\system\Commands\Server\rewrite.php(43): require_once('C:\\Users\\Lenovo...')
#11 {main}
ERROR - 2022-04-02 13:26:26 --> Illegal parameter data types int and row for operation '='
CRITICAL - 2022-04-02 13:26:26 --> Illegal parameter data types int and row for operation '='
#0 C:\Users\Lenovo\Desktop\sipontren\vendor\codeigniter4\framework\system\Database\MySQLi\Connection.php(292): mysqli->query('SELECT *\nFROM `...', 0)
#1 C:\Users\Lenovo\Desktop\sipontren\vendor\codeigniter4\framework\system\Database\BaseConnection.php(670): CodeIgniter\Database\MySQLi\Connection->execute('SELECT *\nFROM `...')
#2 C:\Users\Lenovo\Desktop\sipontren\vendor\codeigniter4\framework\system\Database\BaseConnection.php(598): CodeIgniter\Database\BaseConnection->simpleQuery('SELECT *\nFROM `...')
#3 C:\Users\Lenovo\Desktop\sipontren\vendor\codeigniter4\framework\system\Database\BaseBuilder.php(1443): CodeIgniter\Database\BaseConnection->query('SELECT *\nFROM `...', Array, false)
#4 C:\Users\Lenovo\Desktop\sipontren\app\Models\KeuanganModel.php(1019): CodeIgniter\Database\BaseBuilder->get()
#5 C:\Users\Lenovo\Desktop\sipontren\app\Controllers\Status_pembayaran.php(512): App\Models\KeuanganModel->santri(Array)
#6 C:\Users\Lenovo\Desktop\sipontren\vendor\codeigniter4\framework\system\CodeIgniter.php(824): App\Controllers\Status_pembayaran->bayar()
#7 C:\Users\Lenovo\Desktop\sipontren\vendor\codeigniter4\framework\system\CodeIgniter.php(410): CodeIgniter\CodeIgniter->runController(Object(App\Controllers\Status_pembayaran))
#8 C:\Users\Lenovo\Desktop\sipontren\vendor\codeigniter4\framework\system\CodeIgniter.php(318): CodeIgniter\CodeIgniter->handleRequest(NULL, Object(Config\Cache), false)
#9 C:\Users\Lenovo\Desktop\sipontren\public\index.php(37): CodeIgniter\CodeIgniter->run()
#10 C:\Users\Lenovo\Desktop\sipontren\vendor\codeigniter4\framework\system\Commands\Server\rewrite.php(43): require_once('C:\\Users\\Lenovo...')
#11 {main}
ERROR - 2022-04-02 13:31:55 --> Illegal parameter data types int and row for operation '='
CRITICAL - 2022-04-02 13:31:55 --> Illegal parameter data types int and row for operation '='
#0 C:\Users\Lenovo\Desktop\sipontren\vendor\codeigniter4\framework\system\Database\MySQLi\Connection.php(292): mysqli->query('SELECT *\nFROM `...', 0)
#1 C:\Users\Lenovo\Desktop\sipontren\vendor\codeigniter4\framework\system\Database\BaseConnection.php(670): CodeIgniter\Database\MySQLi\Connection->execute('SELECT *\nFROM `...')
#2 C:\Users\Lenovo\Desktop\sipontren\vendor\codeigniter4\framework\system\Database\BaseConnection.php(598): CodeIgniter\Database\BaseConnection->simpleQuery('SELECT *\nFROM `...')
#3 C:\Users\Lenovo\Desktop\sipontren\vendor\codeigniter4\framework\system\Database\BaseBuilder.php(1443): CodeIgniter\Database\BaseConnection->query('SELECT *\nFROM `...', Array, false)
#4 C:\Users\Lenovo\Desktop\sipontren\app\Models\KeuanganModel.php(1019): CodeIgniter\Database\BaseBuilder->get()
#5 C:\Users\Lenovo\Desktop\sipontren\app\Controllers\Status_pembayaran.php(512): App\Models\KeuanganModel->santri(Array)
#6 C:\Users\Lenovo\Desktop\sipontren\vendor\codeigniter4\framework\system\CodeIgniter.php(824): App\Controllers\Status_pembayaran->bayar()
#7 C:\Users\Lenovo\Desktop\sipontren\vendor\codeigniter4\framework\system\CodeIgniter.php(410): CodeIgniter\CodeIgniter->runController(Object(App\Controllers\Status_pembayaran))
#8 C:\Users\Lenovo\Desktop\sipontren\vendor\codeigniter4\framework\system\CodeIgniter.php(318): CodeIgniter\CodeIgniter->handleRequest(NULL, Object(Config\Cache), false)
#9 C:\Users\Lenovo\Desktop\sipontren\public\index.php(37): CodeIgniter\CodeIgniter->run()
#10 C:\Users\Lenovo\Desktop\sipontren\vendor\codeigniter4\framework\system\Commands\Server\rewrite.php(43): require_once('C:\\Users\\Lenovo...')
#11 {main}
CRITICAL - 2022-04-02 13:32:23 --> count(): Argument #1 ($value) must be of type Countable|array, null given
#0 C:\Users\Lenovo\Desktop\sipontren\app\Controllers\Status_pembayaran.php(493): count(NULL)
#1 C:\Users\Lenovo\Desktop\sipontren\vendor\codeigniter4\framework\system\CodeIgniter.php(824): App\Controllers\Status_pembayaran->bayar()
#2 C:\Users\Lenovo\Desktop\sipontren\vendor\codeigniter4\framework\system\CodeIgniter.php(410): CodeIgniter\CodeIgniter->runController(Object(App\Controllers\Status_pembayaran))
#3 C:\Users\Lenovo\Desktop\sipontren\vendor\codeigniter4\framework\system\CodeIgniter.php(318): CodeIgniter\CodeIgniter->handleRequest(NULL, Object(Config\Cache), false)
#4 C:\Users\Lenovo\Desktop\sipontren\public\index.php(37): CodeIgniter\CodeIgniter->run()
#5 C:\Users\Lenovo\Desktop\sipontren\vendor\codeigniter4\framework\system\Commands\Server\rewrite.php(43): require_once('C:\\Users\\Lenovo...')
#6 {main}
ERROR - 2022-04-02 13:48:21 --> Illegal parameter data types int and row for operation '='
CRITICAL - 2022-04-02 13:48:21 --> Illegal parameter data types int and row for operation '='
#0 C:\Users\Lenovo\Desktop\sipontren\vendor\codeigniter4\framework\system\Database\MySQLi\Connection.php(292): mysqli->query('SELECT *\nFROM `...', 0)
#1 C:\Users\Lenovo\Desktop\sipontren\vendor\codeigniter4\framework\system\Database\BaseConnection.php(670): CodeIgniter\Database\MySQLi\Connection->execute('SELECT *\nFROM `...')
#2 C:\Users\Lenovo\Desktop\sipontren\vendor\codeigniter4\framework\system\Database\BaseConnection.php(598): CodeIgniter\Database\BaseConnection->simpleQuery('SELECT *\nFROM `...')
#3 C:\Users\Lenovo\Desktop\sipontren\vendor\codeigniter4\framework\system\Database\BaseBuilder.php(1443): CodeIgniter\Database\BaseConnection->query('SELECT *\nFROM `...', Array, false)
#4 C:\Users\Lenovo\Desktop\sipontren\app\Models\KeuanganModel.php(1019): CodeIgniter\Database\BaseBuilder->get()
#5 C:\Users\Lenovo\Desktop\sipontren\app\Controllers\Status_pembayaran.php(521): App\Models\KeuanganModel->santri(Array)
#6 C:\Users\Lenovo\Desktop\sipontren\vendor\codeigniter4\framework\system\CodeIgniter.php(824): App\Controllers\Status_pembayaran->bayar()
#7 C:\Users\Lenovo\Desktop\sipontren\vendor\codeigniter4\framework\system\CodeIgniter.php(410): CodeIgniter\CodeIgniter->runController(Object(App\Controllers\Status_pembayaran))
#8 C:\Users\Lenovo\Desktop\sipontren\vendor\codeigniter4\framework\system\CodeIgniter.php(318): CodeIgniter\CodeIgniter->handleRequest(NULL, Object(Config\Cache), false)
#9 C:\Users\Lenovo\Desktop\sipontren\public\index.php(37): CodeIgniter\CodeIgniter->run()
#10 C:\Users\Lenovo\Desktop\sipontren\vendor\codeigniter4\framework\system\Commands\Server\rewrite.php(43): require_once('C:\\Users\\Lenovo...')
#11 {main}
CRITICAL - 2022-04-02 13:53:47 --> count(): Argument #1 ($value) must be of type Countable|array, null given
#0 C:\Users\Lenovo\Desktop\sipontren\app\Controllers\Status_pembayaran.php(502): count(NULL)
#1 C:\Users\Lenovo\Desktop\sipontren\vendor\codeigniter4\framework\system\CodeIgniter.php(824): App\Controllers\Status_pembayaran->bayar()
#2 C:\Users\Lenovo\Desktop\sipontren\vendor\codeigniter4\framework\system\CodeIgniter.php(410): CodeIgniter\CodeIgniter->runController(Object(App\Controllers\Status_pembayaran))
#3 C:\Users\Lenovo\Desktop\sipontren\vendor\codeigniter4\framework\system\CodeIgniter.php(318): CodeIgniter\CodeIgniter->handleRequest(NULL, Object(Config\Cache), false)
#4 C:\Users\Lenovo\Desktop\sipontren\public\index.php(37): CodeIgniter\CodeIgniter->run()
#5 C:\Users\Lenovo\Desktop\sipontren\vendor\codeigniter4\framework\system\Commands\Server\rewrite.php(43): require_once('C:\\Users\\Lenovo...')
#6 {main}
CRITICAL - 2022-04-02 13:54:00 --> count(): Argument #1 ($value) must be of type Countable|array, string given
#0 C:\Users\Lenovo\Desktop\sipontren\app\Controllers\Status_pembayaran.php(502): count('')
#1 C:\Users\Lenovo\Desktop\sipontren\vendor\codeigniter4\framework\system\CodeIgniter.php(824): App\Controllers\Status_pembayaran->bayar()
#2 C:\Users\Lenovo\Desktop\sipontren\vendor\codeigniter4\framework\system\CodeIgniter.php(410): CodeIgniter\CodeIgniter->runController(Object(App\Controllers\Status_pembayaran))
#3 C:\Users\Lenovo\Desktop\sipontren\vendor\codeigniter4\framework\system\CodeIgniter.php(318): CodeIgniter\CodeIgniter->handleRequest(NULL, Object(Config\Cache), false)
#4 C:\Users\Lenovo\Desktop\sipontren\public\index.php(37): CodeIgniter\CodeIgniter->run()
#5 C:\Users\Lenovo\Desktop\sipontren\vendor\codeigniter4\framework\system\Commands\Server\rewrite.php(43): require_once('C:\\Users\\Lenovo...')
#6 {main}
CRITICAL - 2022-04-02 13:54:18 --> count(): Argument #1 ($value) must be of type Countable|array, null given
#0 C:\Users\Lenovo\Desktop\sipontren\app\Controllers\Status_pembayaran.php(502): count(NULL)
#1 C:\Users\Lenovo\Desktop\sipontren\vendor\codeigniter4\framework\system\CodeIgniter.php(824): App\Controllers\Status_pembayaran->bayar()
#2 C:\Users\Lenovo\Desktop\sipontren\vendor\codeigniter4\framework\system\CodeIgniter.php(410): CodeIgniter\CodeIgniter->runController(Object(App\Controllers\Status_pembayaran))
#3 C:\Users\Lenovo\Desktop\sipontren\vendor\codeigniter4\framework\system\CodeIgniter.php(318): CodeIgniter\CodeIgniter->handleRequest(NULL, Object(Config\Cache), false)
#4 C:\Users\Lenovo\Desktop\sipontren\public\index.php(37): CodeIgniter\CodeIgniter->run()
#5 C:\Users\Lenovo\Desktop\sipontren\vendor\codeigniter4\framework\system\Commands\Server\rewrite.php(43): require_once('C:\\Users\\Lenovo...')
#6 {main}
CRITICAL - 2022-04-02 13:54:50 --> count(): Argument #1 ($value) must be of type Countable|array, string given
#0 C:\Users\Lenovo\Desktop\sipontren\app\Controllers\Status_pembayaran.php(502): count('')
#1 C:\Users\Lenovo\Desktop\sipontren\vendor\codeigniter4\framework\system\CodeIgniter.php(824): App\Controllers\Status_pembayaran->bayar()
#2 C:\Users\Lenovo\Desktop\sipontren\vendor\codeigniter4\framework\system\CodeIgniter.php(410): CodeIgniter\CodeIgniter->runController(Object(App\Controllers\Status_pembayaran))
#3 C:\Users\Lenovo\Desktop\sipontren\vendor\codeigniter4\framework\system\CodeIgniter.php(318): CodeIgniter\CodeIgniter->handleRequest(NULL, Object(Config\Cache), false)
#4 C:\Users\Lenovo\Desktop\sipontren\public\index.php(37): CodeIgniter\CodeIgniter->run()
#5 C:\Users\Lenovo\Desktop\sipontren\vendor\codeigniter4\framework\system\Commands\Server\rewrite.php(43): require_once('C:\\Users\\Lenovo...')
#6 {main}
CRITICAL - 2022-04-02 14:01:10 --> count(): Argument #1 ($value) must be of type Countable|array, string given
#0 C:\Users\Lenovo\Desktop\sipontren\app\Controllers\Status_pembayaran.php(503): count('')
#1 C:\Users\Lenovo\Desktop\sipontren\vendor\codeigniter4\framework\system\CodeIgniter.php(824): App\Controllers\Status_pembayaran->bayar()
#2 C:\Users\Lenovo\Desktop\sipontren\vendor\codeigniter4\framework\system\CodeIgniter.php(410): CodeIgniter\CodeIgniter->runController(Object(App\Controllers\Status_pembayaran))
#3 C:\Users\Lenovo\Desktop\sipontren\vendor\codeigniter4\framework\system\CodeIgniter.php(318): CodeIgniter\CodeIgniter->handleRequest(NULL, Object(Config\Cache), false)
#4 C:\Users\Lenovo\Desktop\sipontren\public\index.php(37): CodeIgniter\CodeIgniter->run()
#5 C:\Users\Lenovo\Desktop\sipontren\vendor\codeigniter4\framework\system\Commands\Server\rewrite.php(43): require_once('C:\\Users\\Lenovo...')
#6 {main}
CRITICAL - 2022-04-02 14:01:44 --> count(): Argument #1 ($value) must be of type Countable|array, string given
#0 C:\Users\Lenovo\Desktop\sipontren\app\Controllers\Status_pembayaran.php(504): count('')
#1 C:\Users\Lenovo\Desktop\sipontren\vendor\codeigniter4\framework\system\CodeIgniter.php(824): App\Controllers\Status_pembayaran->bayar()
#2 C:\Users\Lenovo\Desktop\sipontren\vendor\codeigniter4\framework\system\CodeIgniter.php(410): CodeIgniter\CodeIgniter->runController(Object(App\Controllers\Status_pembayaran))
#3 C:\Users\Lenovo\Desktop\sipontren\vendor\codeigniter4\framework\system\CodeIgniter.php(318): CodeIgniter\CodeIgniter->handleRequest(NULL, Object(Config\Cache), false)
#4 C:\Users\Lenovo\Desktop\sipontren\public\index.php(37): CodeIgniter\CodeIgniter->run()
#5 C:\Users\Lenovo\Desktop\sipontren\vendor\codeigniter4\framework\system\Commands\Server\rewrite.php(43): require_once('C:\\Users\\Lenovo...')
#6 {main}
CRITICAL - 2022-04-02 14:02:00 --> foreach() argument must be of type array|object, string given
#0 C:\Users\Lenovo\Desktop\sipontren\app\Controllers\Status_pembayaran.php(513): CodeIgniter\Debug\Exceptions->errorHandler(2, 'foreach() argum...', 'C:\\Users\\Lenovo...', 513)
#1 C:\Users\Lenovo\Desktop\sipontren\vendor\codeigniter4\framework\system\CodeIgniter.php(824): App\Controllers\Status_pembayaran->bayar()
#2 C:\Users\Lenovo\Desktop\sipontren\vendor\codeigniter4\framework\system\CodeIgniter.php(410): CodeIgniter\CodeIgniter->runController(Object(App\Controllers\Status_pembayaran))
#3 C:\Users\Lenovo\Desktop\sipontren\vendor\codeigniter4\framework\system\CodeIgniter.php(318): CodeIgniter\CodeIgniter->handleRequest(NULL, Object(Config\Cache), false)
#4 C:\Users\Lenovo\Desktop\sipontren\public\index.php(37): CodeIgniter\CodeIgniter->run()
#5 C:\Users\Lenovo\Desktop\sipontren\vendor\codeigniter4\framework\system\Commands\Server\rewrite.php(43): require_once('C:\\Users\\Lenovo...')
#6 {main}
ERROR - 2022-04-02 14:18:46 --> Error connecting to the database: No connection could be made because the target machine actively refused it
CRITICAL - 2022-04-02 14:18:46 --> Unable to connect to the database.
Main connection [MySQLi]: No connection could be made because the target machine actively refused it
#0 C:\Users\Lenovo\Desktop\sipontren\vendor\codeigniter4\framework\system\Database\BaseConnection.php(577): CodeIgniter\Database\BaseConnection->initialize()
#1 C:\Users\Lenovo\Desktop\sipontren\vendor\codeigniter4\framework\system\Database\BaseBuilder.php(1443): CodeIgniter\Database\BaseConnection->query('SELECT *\nFROM `...', Array, false)
#2 C:\Users\Lenovo\Desktop\sipontren\vendor\codeigniter4\framework\system\Model.php(183): CodeIgniter\Database\BaseBuilder->get()
#3 C:\Users\Lenovo\Desktop\sipontren\vendor\codeigniter4\framework\system\BaseModel.php(584): CodeIgniter\Model->doFindAll(0, 0)
#4 C:\Users\Lenovo\Desktop\sipontren\app\Controllers\Alumni.php(22): CodeIgniter\BaseModel->findAll()
#5 C:\Users\Lenovo\Desktop\sipontren\vendor\codeigniter4\framework\system\CodeIgniter.php(824): App\Controllers\Alumni->index()
#6 C:\Users\Lenovo\Desktop\sipontren\vendor\codeigniter4\framework\system\CodeIgniter.php(410): CodeIgniter\CodeIgniter->runController(Object(App\Controllers\Alumni))
#7 C:\Users\Lenovo\Desktop\sipontren\vendor\codeigniter4\framework\system\CodeIgniter.php(318): CodeIgniter\CodeIgniter->handleRequest(NULL, Object(Config\Cache), false)
#8 C:\Users\Lenovo\Desktop\sipontren\public\index.php(37): CodeIgniter\CodeIgniter->run()
#9 C:\Users\Lenovo\Desktop\sipontren\vendor\codeigniter4\framework\system\Commands\Server\rewrite.php(43): require_once('C:\\Users\\Lenovo...')
#10 {main}
ERROR - 2022-04-02 14:19:30 --> Illegal parameter data types int and row for operation '='
CRITICAL - 2022-04-02 14:19:30 --> Illegal parameter data types int and row for operation '='
#0 C:\Users\Lenovo\Desktop\sipontren\vendor\codeigniter4\framework\system\Database\MySQLi\Connection.php(292): mysqli->query('SELECT *\nFROM `...', 0)
#1 C:\Users\Lenovo\Desktop\sipontren\vendor\codeigniter4\framework\system\Database\BaseConnection.php(670): CodeIgniter\Database\MySQLi\Connection->execute('SELECT *\nFROM `...')
#2 C:\Users\Lenovo\Desktop\sipontren\vendor\codeigniter4\framework\system\Database\BaseConnection.php(598): CodeIgniter\Database\BaseConnection->simpleQuery('SELECT *\nFROM `...')
#3 C:\Users\Lenovo\Desktop\sipontren\vendor\codeigniter4\framework\system\Database\BaseBuilder.php(1443): CodeIgniter\Database\BaseConnection->query('SELECT *\nFROM `...', Array, false)
#4 C:\Users\Lenovo\Desktop\sipontren\app\Models\KeuanganModel.php(1019): CodeIgniter\Database\BaseBuilder->get()
#5 C:\Users\Lenovo\Desktop\sipontren\app\Controllers\Status_pembayaran.php(515): App\Models\KeuanganModel->santri(Array)
#6 C:\Users\Lenovo\Desktop\sipontren\vendor\codeigniter4\framework\system\CodeIgniter.php(824): App\Controllers\Status_pembayaran->bayar()
#7 C:\Users\Lenovo\Desktop\sipontren\vendor\codeigniter4\framework\system\CodeIgniter.php(410): CodeIgniter\CodeIgniter->runController(Object(App\Controllers\Status_pembayaran))
#8 C:\Users\Lenovo\Desktop\sipontren\vendor\codeigniter4\framework\system\CodeIgniter.php(318): CodeIgniter\CodeIgniter->handleRequest(NULL, Object(Config\Cache), false)
#9 C:\Users\Lenovo\Desktop\sipontren\public\index.php(37): CodeIgniter\CodeIgniter->run()
#10 C:\Users\Lenovo\Desktop\sipontren\vendor\codeigniter4\framework\system\Commands\Server\rewrite.php(43): require_once('C:\\Users\\Lenovo...')
#11 {main}
CRITICAL - 2022-04-02 14:29:36 --> Undefined variable $jumlah_data
#0 C:\Users\Lenovo\Desktop\sipontren\app\Controllers\Status_pembayaran.php(534): CodeIgniter\Debug\Exceptions->errorHandler(2, 'Undefined varia...', 'C:\\Users\\Lenovo...', 534)
#1 C:\Users\Lenovo\Desktop\sipontren\vendor\codeigniter4\framework\system\CodeIgniter.php(824): App\Controllers\Status_pembayaran->bayar()
#2 C:\Users\Lenovo\Desktop\sipontren\vendor\codeigniter4\framework\system\CodeIgniter.php(410): CodeIgniter\CodeIgniter->runController(Object(App\Controllers\Status_pembayaran))
#3 C:\Users\Lenovo\Desktop\sipontren\vendor\codeigniter4\framework\system\CodeIgniter.php(318): CodeIgniter\CodeIgniter->handleRequest(NULL, Object(Config\Cache), false)
#4 C:\Users\Lenovo\Desktop\sipontren\public\index.php(37): CodeIgniter\CodeIgniter->run()
#5 C:\Users\Lenovo\Desktop\sipontren\vendor\codeigniter4\framework\system\Commands\Server\rewrite.php(43): require_once('C:\\Users\\Lenovo...')
#6 {main}
ERROR - 2022-04-02 19:04:53 --> Illegal parameter data types int and row for operation '='
CRITICAL - 2022-04-02 19:04:53 --> Illegal parameter data types int and row for operation '='
#0 C:\Users\Lenovo\Desktop\sipontren\vendor\codeigniter4\framework\system\Database\MySQLi\Connection.php(292): mysqli->query('SELECT *\nFROM `...', 0)
#1 C:\Users\Lenovo\Desktop\sipontren\vendor\codeigniter4\framework\system\Database\BaseConnection.php(670): CodeIgniter\Database\MySQLi\Connection->execute('SELECT *\nFROM `...')
#2 C:\Users\Lenovo\Desktop\sipontren\vendor\codeigniter4\framework\system\Database\BaseConnection.php(598): CodeIgniter\Database\BaseConnection->simpleQuery('SELECT *\nFROM `...')
#3 C:\Users\Lenovo\Desktop\sipontren\vendor\codeigniter4\framework\system\Database\BaseBuilder.php(1443): CodeIgniter\Database\BaseConnection->query('SELECT *\nFROM `...', Array, false)
#4 C:\Users\Lenovo\Desktop\sipontren\app\Models\KeuanganModel.php(1019): CodeIgniter\Database\BaseBuilder->get()
#5 C:\Users\Lenovo\Desktop\sipontren\app\Controllers\Status_pembayaran.php(525): App\Models\KeuanganModel->santri(Array)
#6 C:\Users\Lenovo\Desktop\sipontren\vendor\codeigniter4\framework\system\CodeIgniter.php(824): App\Controllers\Status_pembayaran->bayar()
#7 C:\Users\Lenovo\Desktop\sipontren\vendor\codeigniter4\framework\system\CodeIgniter.php(410): CodeIgniter\CodeIgniter->runController(Object(App\Controllers\Status_pembayaran))
#8 C:\Users\Lenovo\Desktop\sipontren\vendor\codeigniter4\framework\system\CodeIgniter.php(318): CodeIgniter\CodeIgniter->handleRequest(NULL, Object(Config\Cache), false)
#9 C:\Users\Lenovo\Desktop\sipontren\public\index.php(37): CodeIgniter\CodeIgniter->run()
#10 C:\Users\Lenovo\Desktop\sipontren\vendor\codeigniter4\framework\system\Commands\Server\rewrite.php(43): require_once('C:\\Users\\Lenovo...')
#11 {main}
CRITICAL - 2022-04-02 19:12:28 --> Undefined array key "ket_bayar"
#0 C:\Users\Lenovo\Desktop\sipontren\app\Controllers\Status_pembayaran.php(520): CodeIgniter\Debug\Exceptions->errorHandler(2, 'Undefined array...', 'C:\\Users\\Lenovo...', 520)
#1 C:\Users\Lenovo\Desktop\sipontren\vendor\codeigniter4\framework\system\CodeIgniter.php(824): App\Controllers\Status_pembayaran->bayar()
#2 C:\Users\Lenovo\Desktop\sipontren\vendor\codeigniter4\framework\system\CodeIgniter.php(410): CodeIgniter\CodeIgniter->runController(Object(App\Controllers\Status_pembayaran))
#3 C:\Users\Lenovo\Desktop\sipontren\vendor\codeigniter4\framework\system\CodeIgniter.php(318): CodeIgniter\CodeIgniter->handleRequest(NULL, Object(Config\Cache), false)
#4 C:\Users\Lenovo\Desktop\sipontren\public\index.php(37): CodeIgniter\CodeIgniter->run()
#5 C:\Users\Lenovo\Desktop\sipontren\vendor\codeigniter4\framework\system\Commands\Server\rewrite.php(43): require_once('C:\\Users\\Lenovo...')
#6 {main}
CRITICAL - 2022-04-02 19:14:13 --> Undefined array key "ket_bayar"
#0 C:\Users\Lenovo\Desktop\sipontren\app\Controllers\Status_pembayaran.php(520): CodeIgniter\Debug\Exceptions->errorHandler(2, 'Undefined array...', 'C:\\Users\\Lenovo...', 520)
#1 C:\Users\Lenovo\Desktop\sipontren\vendor\codeigniter4\framework\system\CodeIgniter.php(824): App\Controllers\Status_pembayaran->bayar()
#2 C:\Users\Lenovo\Desktop\sipontren\vendor\codeigniter4\framework\system\CodeIgniter.php(410): CodeIgniter\CodeIgniter->runController(Object(App\Controllers\Status_pembayaran))
#3 C:\Users\Lenovo\Desktop\sipontren\vendor\codeigniter4\framework\system\CodeIgniter.php(318): CodeIgniter\CodeIgniter->handleRequest(NULL, Object(Config\Cache), false)
#4 C:\Users\Lenovo\Desktop\sipontren\public\index.php(37): CodeIgniter\CodeIgniter->run()
#5 C:\Users\Lenovo\Desktop\sipontren\vendor\codeigniter4\framework\system\Commands\Server\rewrite.php(43): require_once('C:\\Users\\Lenovo...')
#6 {main}
CRITICAL - 2022-04-02 19:16:20 --> Undefined array key "ket_bayar"
#0 C:\Users\Lenovo\Desktop\sipontren\app\Controllers\Status_pembayaran.php(524): CodeIgniter\Debug\Exceptions->errorHandler(2, 'Undefined array...', 'C:\\Users\\Lenovo...', 524)
#1 C:\Users\Lenovo\Desktop\sipontren\vendor\codeigniter4\framework\system\CodeIgniter.php(824): App\Controllers\Status_pembayaran->bayar()
#2 C:\Users\Lenovo\Desktop\sipontren\vendor\codeigniter4\framework\system\CodeIgniter.php(410): CodeIgniter\CodeIgniter->runController(Object(App\Controllers\Status_pembayaran))
#3 C:\Users\Lenovo\Desktop\sipontren\vendor\codeigniter4\framework\system\CodeIgniter.php(318): CodeIgniter\CodeIgniter->handleRequest(NULL, Object(Config\Cache), false)
#4 C:\Users\Lenovo\Desktop\sipontren\public\index.php(37): CodeIgniter\CodeIgniter->run()
#5 C:\Users\Lenovo\Desktop\sipontren\vendor\codeigniter4\framework\system\Commands\Server\rewrite.php(43): require_once('C:\\Users\\Lenovo...')
#6 {main}
CRITICAL - 2022-04-02 19:17:24 --> Undefined array key "waktu"
#0 C:\Users\Lenovo\Desktop\sipontren\app\Controllers\Status_pembayaran.php(513): CodeIgniter\Debug\Exceptions->errorHandler(2, 'Undefined array...', 'C:\\Users\\Lenovo...', 513)
#1 C:\Users\Lenovo\Desktop\sipontren\vendor\codeigniter4\framework\system\CodeIgniter.php(824): App\Controllers\Status_pembayaran->bayar()
#2 C:\Users\Lenovo\Desktop\sipontren\vendor\codeigniter4\framework\system\CodeIgniter.php(410): CodeIgniter\CodeIgniter->runController(Object(App\Controllers\Status_pembayaran))
#3 C:\Users\Lenovo\Desktop\sipontren\vendor\codeigniter4\framework\system\CodeIgniter.php(318): CodeIgniter\CodeIgniter->handleRequest(NULL, Object(Config\Cache), false)
#4 C:\Users\Lenovo\Desktop\sipontren\public\index.php(37): CodeIgniter\CodeIgniter->run()
#5 C:\Users\Lenovo\Desktop\sipontren\vendor\codeigniter4\framework\system\Commands\Server\rewrite.php(43): require_once('C:\\Users\\Lenovo...')
#6 {main}
CRITICAL - 2022-04-02 19:17:53 --> Undefined array key "waktu_input"
#0 C:\Users\Lenovo\Desktop\sipontren\app\Controllers\Status_pembayaran.php(513): CodeIgniter\Debug\Exceptions->errorHandler(2, 'Undefined array...', 'C:\\Users\\Lenovo...', 513)
#1 C:\Users\Lenovo\Desktop\sipontren\vendor\codeigniter4\framework\system\CodeIgniter.php(824): App\Controllers\Status_pembayaran->bayar()
#2 C:\Users\Lenovo\Desktop\sipontren\vendor\codeigniter4\framework\system\CodeIgniter.php(410): CodeIgniter\CodeIgniter->runController(Object(App\Controllers\Status_pembayaran))
#3 C:\Users\Lenovo\Desktop\sipontren\vendor\codeigniter4\framework\system\CodeIgniter.php(318): CodeIgniter\CodeIgniter->handleRequest(NULL, Object(Config\Cache), false)
#4 C:\Users\Lenovo\Desktop\sipontren\public\index.php(37): CodeIgniter\CodeIgniter->run()
#5 C:\Users\Lenovo\Desktop\sipontren\vendor\codeigniter4\framework\system\Commands\Server\rewrite.php(43): require_once('C:\\Users\\Lenovo...')
#6 {main}
CRITICAL - 2022-04-02 19:18:17 --> Undefined array key "waktu_input"
#0 C:\Users\Lenovo\Desktop\sipontren\app\Controllers\Status_pembayaran.php(513): CodeIgniter\Debug\Exceptions->errorHandler(2, 'Undefined array...', 'C:\\Users\\Lenovo...', 513)
#1 C:\Users\Lenovo\Desktop\sipontren\vendor\codeigniter4\framework\system\CodeIgniter.php(824): App\Controllers\Status_pembayaran->bayar()
#2 C:\Users\Lenovo\Desktop\sipontren\vendor\codeigniter4\framework\system\CodeIgniter.php(410): CodeIgniter\CodeIgniter->runController(Object(App\Controllers\Status_pembayaran))
#3 C:\Users\Lenovo\Desktop\sipontren\vendor\codeigniter4\framework\system\CodeIgniter.php(318): CodeIgniter\CodeIgniter->handleRequest(NULL, Object(Config\Cache), false)
#4 C:\Users\Lenovo\Desktop\sipontren\public\index.php(37): CodeIgniter\CodeIgniter->run()
#5 C:\Users\Lenovo\Desktop\sipontren\vendor\codeigniter4\framework\system\Commands\Server\rewrite.php(43): require_once('C:\\Users\\Lenovo...')
#6 {main}
CRITICAL - 2022-04-02 20:11:50 --> Undefined array key "bulan"
#0 C:\Users\Lenovo\Desktop\sipontren\app\Controllers\Status_pembayaran.php(539): CodeIgniter\Debug\Exceptions->errorHandler(2, 'Undefined array...', 'C:\\Users\\Lenovo...', 539)
#1 C:\Users\Lenovo\Desktop\sipontren\vendor\codeigniter4\framework\system\CodeIgniter.php(824): App\Controllers\Status_pembayaran->bayar()
#2 C:\Users\Lenovo\Desktop\sipontren\vendor\codeigniter4\framework\system\CodeIgniter.php(410): CodeIgniter\CodeIgniter->runController(Object(App\Controllers\Status_pembayaran))
#3 C:\Users\Lenovo\Desktop\sipontren\vendor\codeigniter4\framework\system\CodeIgniter.php(318): CodeIgniter\CodeIgniter->handleRequest(NULL, Object(Config\Cache), false)
#4 C:\Users\Lenovo\Desktop\sipontren\public\index.php(37): CodeIgniter\CodeIgniter->run()
#5 C:\Users\Lenovo\Desktop\sipontren\vendor\codeigniter4\framework\system\Commands\Server\rewrite.php(43): require_once('C:\\Users\\Lenovo...')
#6 {main}
CRITICAL - 2022-04-02 20:12:38 --> Undefined array key "bulan"
#0 C:\Users\Lenovo\Desktop\sipontren\app\Controllers\Status_pembayaran.php(545): CodeIgniter\Debug\Exceptions->errorHandler(2, 'Undefined array...', 'C:\\Users\\Lenovo...', 545)
#1 C:\Users\Lenovo\Desktop\sipontren\vendor\codeigniter4\framework\system\CodeIgniter.php(824): App\Controllers\Status_pembayaran->bayar()
#2 C:\Users\Lenovo\Desktop\sipontren\vendor\codeigniter4\framework\system\CodeIgniter.php(410): CodeIgniter\CodeIgniter->runController(Object(App\Controllers\Status_pembayaran))
#3 C:\Users\Lenovo\Desktop\sipontren\vendor\codeigniter4\framework\system\CodeIgniter.php(318): CodeIgniter\CodeIgniter->handleRequest(NULL, Object(Config\Cache), false)
#4 C:\Users\Lenovo\Desktop\sipontren\public\index.php(37): CodeIgniter\CodeIgniter->run()
#5 C:\Users\Lenovo\Desktop\sipontren\vendor\codeigniter4\framework\system\Commands\Server\rewrite.php(43): require_once('C:\\Users\\Lenovo...')
#6 {main}
CRITICAL - 2022-04-02 20:16:23 --> CodeIgniter\BaseModel::doProtectFields(): Argument #1 ($data) must be of type array, string given, called in C:\Users\Lenovo\Desktop\sipontren\vendor\codeigniter4\framework\system\BaseModel.php on line 799
#0 C:\Users\Lenovo\Desktop\sipontren\vendor\codeigniter4\framework\system\BaseModel.php(799): CodeIgniter\BaseModel->doProtectFields('275000')
#1 C:\Users\Lenovo\Desktop\sipontren\app\Controllers\Status_pembayaran.php(548): CodeIgniter\BaseModel->insertBatch(Array)
#2 C:\Users\Lenovo\Desktop\sipontren\vendor\codeigniter4\framework\system\CodeIgniter.php(824): App\Controllers\Status_pembayaran->bayar()
#3 C:\Users\Lenovo\Desktop\sipontren\vendor\codeigniter4\framework\system\CodeIgniter.php(410): CodeIgniter\CodeIgniter->runController(Object(App\Controllers\Status_pembayaran))
#4 C:\Users\Lenovo\Desktop\sipontren\vendor\codeigniter4\framework\system\CodeIgniter.php(318): CodeIgniter\CodeIgniter->handleRequest(NULL, Object(Config\Cache), false)
#5 C:\Users\Lenovo\Desktop\sipontren\public\index.php(37): CodeIgniter\CodeIgniter->run()
#6 C:\Users\Lenovo\Desktop\sipontren\vendor\codeigniter4\framework\system\Commands\Server\rewrite.php(43): require_once('C:\\Users\\Lenovo...')
#7 {main}
CRITICAL - 2022-04-02 20:32:55 --> Trying to access array offset on value of type null
#0 C:\Users\Lenovo\Desktop\sipontren\app\Controllers\Status_pembayaran.php(542): CodeIgniter\Debug\Exceptions->errorHandler(2, 'Trying to acces...', 'C:\\Users\\Lenovo...', 542)
#1 C:\Users\Lenovo\Desktop\sipontren\vendor\codeigniter4\framework\system\CodeIgniter.php(824): App\Controllers\Status_pembayaran->bayar()
#2 C:\Users\Lenovo\Desktop\sipontren\vendor\codeigniter4\framework\system\CodeIgniter.php(410): CodeIgniter\CodeIgniter->runController(Object(App\Controllers\Status_pembayaran))
#3 C:\Users\Lenovo\Desktop\sipontren\vendor\codeigniter4\framework\system\CodeIgniter.php(318): CodeIgniter\CodeIgniter->handleRequest(NULL, Object(Config\Cache), false)
#4 C:\Users\Lenovo\Desktop\sipontren\public\index.php(37): CodeIgniter\CodeIgniter->run()
#5 C:\Users\Lenovo\Desktop\sipontren\vendor\codeigniter4\framework\system\Commands\Server\rewrite.php(43): require_once('C:\\Users\\Lenovo...')
#6 {main}
